#
# There is insufficient memory for the Java Runtime Environment to continue.
# Native memory allocation (malloc) failed to allocate 32744 bytes for ChunkPool::allocate
# Possible reasons:
#   The system is out of physical RAM or swap space
#   The process is running with CompressedOops enabled, and the Java Heap may be blocking the growth of the native heap
# Possible solutions:
#   Reduce memory load on the system
#   Increase physical memory or swap space
#   Check if swap backing store is full
#   Decrease Java heap size (-Xmx/-Xms)
#   Decrease number of Java threads
#   Decrease Java thread stack sizes (-Xss)
#   Set larger code cache with -XX:ReservedCodeCacheSize=
#   JVM is running with Unscaled Compressed Oops mode in which the Java heap is
#     placed in the first 4GB address space. The Java Heap base address is the
#     maximum limit for the native heap growth. Please use -XX:HeapBaseMinAddress
#     to set the Java Heap base and to place the Java Heap above 4GB virtual address.
# This output file may be truncated or incomplete.
#
#  Out of Memory Error (arena.cpp:81), pid=9456, tid=10872
#
# JRE version: OpenJDK Runtime Environment Microsoft-8035250 (11.0.20+8) (build 11.0.20+8-LTS)
# Java VM: OpenJDK 64-Bit Server VM Microsoft-8035250 (11.0.20+8-LTS, mixed mode, tiered, compressed oops, g1 gc, windows-amd64)
# No core dump will be written. Minidumps are not enabled by default on client versions of Windows
#

---------------  S U M M A R Y ------------

Command Line: -Dfile.encoding=utf8 c:\Users\ACER\.vscode\extensions\vscjava.vscode-gradle-3.13.0\lib\gradle-language-server.jar

Host: AMD Ryzen 5 5500U with Radeon Graphics         , 12 cores, 7G,  Windows 11 , 64 bit Build 22621 (10.0.22621.2428)
Time: Sat Oct 14 20:23:12 2023 SE Asia Standard Time elapsed time: 2.090978 seconds (0d 0h 0m 2s)

---------------  T H R E A D  ---------------

Current thread (0x000001beec920000):  JavaThread "C1 CompilerThread0" daemon [_thread_in_native, id=10872, stack(0x0000000fc1200000,0x0000000fc1300000)]


Current CompileTask:
C1:   2091  674  s!   3       jdk.internal.loader.URLClassPath::getLoader (194 bytes)

Stack: [0x0000000fc1200000,0x0000000fc1300000]
Native frames: (J=compiled Java code, j=interpreted, Vv=VM code, C=native code)
V  [jvm.dll+0x62e9da]
V  [jvm.dll+0x7bc4e9]
V  [jvm.dll+0x7bdbd8]
V  [jvm.dll+0x7be2b3]
V  [jvm.dll+0x2505a8]
V  [jvm.dll+0xc289b]
V  [jvm.dll+0xc2bfc]
V  [jvm.dll+0x139301]
V  [jvm.dll+0x137189]
V  [jvm.dll+0x13557c]
V  [jvm.dll+0x13dfeb]
V  [jvm.dll+0x13d56d]
V  [jvm.dll+0x134e69]
V  [jvm.dll+0x1371a9]
V  [jvm.dll+0x13557c]
V  [jvm.dll+0x13dfeb]
V  [jvm.dll+0x13d56d]
V  [jvm.dll+0x134e69]
V  [jvm.dll+0x1371a9]
V  [jvm.dll+0x135674]
V  [jvm.dll+0x12f33b]
V  [jvm.dll+0x13f2fa]
V  [jvm.dll+0x12a639]
V  [jvm.dll+0x12a9a0]
V  [jvm.dll+0x12ac5f]
V  [jvm.dll+0x129f04]
V  [jvm.dll+0x12be17]
V  [jvm.dll+0x2181ec]
V  [jvm.dll+0x21642b]
V  [jvm.dll+0x77efc0]
V  [jvm.dll+0x777db4]
V  [jvm.dll+0x62d845]
C  [ucrtbase.dll+0x29363]
C  [KERNEL32.DLL+0x1257d]
C  [ntdll.dll+0x5aa78]


---------------  P R O C E S S  ---------------

Threads class SMR info:
_java_thread_list=0x000001beeca9faa0, length=10, elements={
0x000001becd16e800, 0x000001beec091000, 0x000001beec09a000, 0x000001beec0ae800,
0x000001beec916800, 0x000001beec918800, 0x000001beec919800, 0x000001beec920000,
0x000001beec929000, 0x000001beeca9f000
}

Java Threads: ( => current thread )
  0x000001becd16e800 JavaThread "main" [_thread_in_vm, id=15048, stack(0x0000000fc0500000,0x0000000fc0600000)]
  0x000001beec091000 JavaThread "Reference Handler" daemon [_thread_blocked, id=18392, stack(0x0000000fc0c00000,0x0000000fc0d00000)]
  0x000001beec09a000 JavaThread "Finalizer" daemon [_thread_blocked, id=5220, stack(0x0000000fc0d00000,0x0000000fc0e00000)]
  0x000001beec0ae800 JavaThread "Signal Dispatcher" daemon [_thread_blocked, id=15260, stack(0x0000000fc0e00000,0x0000000fc0f00000)]
  0x000001beec916800 JavaThread "Attach Listener" daemon [_thread_blocked, id=12688, stack(0x0000000fc0f00000,0x0000000fc1000000)]
  0x000001beec918800 JavaThread "Service Thread" daemon [_thread_blocked, id=12204, stack(0x0000000fc1000000,0x0000000fc1100000)]
  0x000001beec919800 JavaThread "C2 CompilerThread0" daemon [_thread_in_native, id=19272, stack(0x0000000fc1100000,0x0000000fc1200000)]
=>0x000001beec920000 JavaThread "C1 CompilerThread0" daemon [_thread_in_native, id=10872, stack(0x0000000fc1200000,0x0000000fc1300000)]
  0x000001beec929000 JavaThread "Sweeper thread" daemon [_thread_blocked, id=14836, stack(0x0000000fc1300000,0x0000000fc1400000)]
  0x000001beeca9f000 JavaThread "Common-Cleaner" daemon [_thread_blocked, id=22400, stack(0x0000000fc1500000,0x0000000fc1600000)]

Other Threads:
  0x000001beec08e800 VMThread "VM Thread" [stack: 0x0000000fc0b00000,0x0000000fc0c00000] [id=10472]
  0x000001beeca99000 WatcherThread [stack: 0x0000000fc1400000,0x0000000fc1500000] [id=20772]
  0x000001becd187000 GCTaskThread "GC Thread#0" [stack: 0x0000000fc0600000,0x0000000fc0700000] [id=12524]
  0x000001becd1b6000 ConcurrentGCThread "G1 Main Marker" [stack: 0x0000000fc0700000,0x0000000fc0800000] [id=12004]
  0x000001becd1b8000 ConcurrentGCThread "G1 Conc#0" [stack: 0x0000000fc0800000,0x0000000fc0900000] [id=20532]
  0x000001beebef8800 ConcurrentGCThread "G1 Refine#0" [stack: 0x0000000fc0900000,0x0000000fc0a00000] [id=4056]
  0x000001beebef9800 ConcurrentGCThread "G1 Young RemSet Sampling" [stack: 0x0000000fc0a00000,0x0000000fc0b00000] [id=15160]

Threads with active compile tasks:
C2 CompilerThread0     2128  578       4       java.nio.file.FileTreeIterator::fetchNextIfNeeded (65 bytes)
C1 CompilerThread0     2128  674  s!   3       jdk.internal.loader.URLClassPath::getLoader (194 bytes)

VM state:not at safepoint (normal execution)

VM Mutex/Monitor currently owned by a thread: None

Heap address: 0x000000008a800000, size: 1880 MB, Compressed Oops mode: 32-bit
Narrow klass base: 0x0000000000000000, Narrow klass shift: 3
Compressed class space size: 1073741824 Address: 0x0000000100000000

Heap:
 garbage-first heap   total 120832K, used 14336K [0x000000008a800000, 0x0000000100000000)
  region size 1024K, 14 young (14336K), 0 survivors (0K)
 Metaspace       used 10479K, capacity 10610K, committed 10752K, reserved 1060864K
  class space    used 943K, capacity 999K, committed 1024K, reserved 1048576K
Heap Regions: E=young(eden), S=young(survivor), O=old, HS=humongous(starts), HC=humongous(continues), CS=collection set, F=free, A=archive, TAMS=top-at-mark-start (previous, next)
|   0|0x000000008a800000, 0x000000008a900000, 0x000000008a900000|100%|HS|  |TAMS 0x000000008a800000, 0x000000008a800000| Complete 
|   1|0x000000008a900000, 0x000000008a900000, 0x000000008aa00000|  0%| F|  |TAMS 0x000000008a900000, 0x000000008a900000| Untracked 
|   2|0x000000008aa00000, 0x000000008aa00000, 0x000000008ab00000|  0%| F|  |TAMS 0x000000008aa00000, 0x000000008aa00000| Untracked 
|   3|0x000000008ab00000, 0x000000008ab00000, 0x000000008ac00000|  0%| F|  |TAMS 0x000000008ab00000, 0x000000008ab00000| Untracked 
|   4|0x000000008ac00000, 0x000000008ac00000, 0x000000008ad00000|  0%| F|  |TAMS 0x000000008ac00000, 0x000000008ac00000| Untracked 
|   5|0x000000008ad00000, 0x000000008ad00000, 0x000000008ae00000|  0%| F|  |TAMS 0x000000008ad00000, 0x000000008ad00000| Untracked 
|   6|0x000000008ae00000, 0x000000008ae00000, 0x000000008af00000|  0%| F|  |TAMS 0x000000008ae00000, 0x000000008ae00000| Untracked 
|   7|0x000000008af00000, 0x000000008af00000, 0x000000008b000000|  0%| F|  |TAMS 0x000000008af00000, 0x000000008af00000| Untracked 
|   8|0x000000008b000000, 0x000000008b000000, 0x000000008b100000|  0%| F|  |TAMS 0x000000008b000000, 0x000000008b000000| Untracked 
|   9|0x000000008b100000, 0x000000008b100000, 0x000000008b200000|  0%| F|  |TAMS 0x000000008b100000, 0x000000008b100000| Untracked 
|  10|0x000000008b200000, 0x000000008b200000, 0x000000008b300000|  0%| F|  |TAMS 0x000000008b200000, 0x000000008b200000| Untracked 
|  11|0x000000008b300000, 0x000000008b300000, 0x000000008b400000|  0%| F|  |TAMS 0x000000008b300000, 0x000000008b300000| Untracked 
|  12|0x000000008b400000, 0x000000008b400000, 0x000000008b500000|  0%| F|  |TAMS 0x000000008b400000, 0x000000008b400000| Untracked 
|  13|0x000000008b500000, 0x000000008b500000, 0x000000008b600000|  0%| F|  |TAMS 0x000000008b500000, 0x000000008b500000| Untracked 
|  14|0x000000008b600000, 0x000000008b600000, 0x000000008b700000|  0%| F|  |TAMS 0x000000008b600000, 0x000000008b600000| Untracked 
|  15|0x000000008b700000, 0x000000008b700000, 0x000000008b800000|  0%| F|  |TAMS 0x000000008b700000, 0x000000008b700000| Untracked 
|  16|0x000000008b800000, 0x000000008b800000, 0x000000008b900000|  0%| F|  |TAMS 0x000000008b800000, 0x000000008b800000| Untracked 
|  17|0x000000008b900000, 0x000000008b900000, 0x000000008ba00000|  0%| F|  |TAMS 0x000000008b900000, 0x000000008b900000| Untracked 
|  18|0x000000008ba00000, 0x000000008ba00000, 0x000000008bb00000|  0%| F|  |TAMS 0x000000008ba00000, 0x000000008ba00000| Untracked 
|  19|0x000000008bb00000, 0x000000008bb00000, 0x000000008bc00000|  0%| F|  |TAMS 0x000000008bb00000, 0x000000008bb00000| Untracked 
|  20|0x000000008bc00000, 0x000000008bc00000, 0x000000008bd00000|  0%| F|  |TAMS 0x000000008bc00000, 0x000000008bc00000| Untracked 
|  21|0x000000008bd00000, 0x000000008bd00000, 0x000000008be00000|  0%| F|  |TAMS 0x000000008bd00000, 0x000000008bd00000| Untracked 
|  22|0x000000008be00000, 0x000000008be00000, 0x000000008bf00000|  0%| F|  |TAMS 0x000000008be00000, 0x000000008be00000| Untracked 
|  23|0x000000008bf00000, 0x000000008bf00000, 0x000000008c000000|  0%| F|  |TAMS 0x000000008bf00000, 0x000000008bf00000| Untracked 
|  24|0x000000008c000000, 0x000000008c000000, 0x000000008c100000|  0%| F|  |TAMS 0x000000008c000000, 0x000000008c000000| Untracked 
|  25|0x000000008c100000, 0x000000008c100000, 0x000000008c200000|  0%| F|  |TAMS 0x000000008c100000, 0x000000008c100000| Untracked 
|  26|0x000000008c200000, 0x000000008c200000, 0x000000008c300000|  0%| F|  |TAMS 0x000000008c200000, 0x000000008c200000| Untracked 
|  27|0x000000008c300000, 0x000000008c300000, 0x000000008c400000|  0%| F|  |TAMS 0x000000008c300000, 0x000000008c300000| Untracked 
|  28|0x000000008c400000, 0x000000008c400000, 0x000000008c500000|  0%| F|  |TAMS 0x000000008c400000, 0x000000008c400000| Untracked 
|  29|0x000000008c500000, 0x000000008c500000, 0x000000008c600000|  0%| F|  |TAMS 0x000000008c500000, 0x000000008c500000| Untracked 
|  30|0x000000008c600000, 0x000000008c600000, 0x000000008c700000|  0%| F|  |TAMS 0x000000008c600000, 0x000000008c600000| Untracked 
|  31|0x000000008c700000, 0x000000008c700000, 0x000000008c800000|  0%| F|  |TAMS 0x000000008c700000, 0x000000008c700000| Untracked 
|  32|0x000000008c800000, 0x000000008c800000, 0x000000008c900000|  0%| F|  |TAMS 0x000000008c800000, 0x000000008c800000| Untracked 
|  33|0x000000008c900000, 0x000000008c900000, 0x000000008ca00000|  0%| F|  |TAMS 0x000000008c900000, 0x000000008c900000| Untracked 
|  34|0x000000008ca00000, 0x000000008ca00000, 0x000000008cb00000|  0%| F|  |TAMS 0x000000008ca00000, 0x000000008ca00000| Untracked 
|  35|0x000000008cb00000, 0x000000008cb00000, 0x000000008cc00000|  0%| F|  |TAMS 0x000000008cb00000, 0x000000008cb00000| Untracked 
|  36|0x000000008cc00000, 0x000000008cc00000, 0x000000008cd00000|  0%| F|  |TAMS 0x000000008cc00000, 0x000000008cc00000| Untracked 
|  37|0x000000008cd00000, 0x000000008cd00000, 0x000000008ce00000|  0%| F|  |TAMS 0x000000008cd00000, 0x000000008cd00000| Untracked 
|  38|0x000000008ce00000, 0x000000008ce00000, 0x000000008cf00000|  0%| F|  |TAMS 0x000000008ce00000, 0x000000008ce00000| Untracked 
|  39|0x000000008cf00000, 0x000000008cf00000, 0x000000008d000000|  0%| F|  |TAMS 0x000000008cf00000, 0x000000008cf00000| Untracked 
|  40|0x000000008d000000, 0x000000008d000000, 0x000000008d100000|  0%| F|  |TAMS 0x000000008d000000, 0x000000008d000000| Untracked 
|  41|0x000000008d100000, 0x000000008d100000, 0x000000008d200000|  0%| F|  |TAMS 0x000000008d100000, 0x000000008d100000| Untracked 
|  42|0x000000008d200000, 0x000000008d200000, 0x000000008d300000|  0%| F|  |TAMS 0x000000008d200000, 0x000000008d200000| Untracked 
|  43|0x000000008d300000, 0x000000008d300000, 0x000000008d400000|  0%| F|  |TAMS 0x000000008d300000, 0x000000008d300000| Untracked 
|  44|0x000000008d400000, 0x000000008d400000, 0x000000008d500000|  0%| F|  |TAMS 0x000000008d400000, 0x000000008d400000| Untracked 
|  45|0x000000008d500000, 0x000000008d500000, 0x000000008d600000|  0%| F|  |TAMS 0x000000008d500000, 0x000000008d500000| Untracked 
|  46|0x000000008d600000, 0x000000008d600000, 0x000000008d700000|  0%| F|  |TAMS 0x000000008d600000, 0x000000008d600000| Untracked 
|  47|0x000000008d700000, 0x000000008d700000, 0x000000008d800000|  0%| F|  |TAMS 0x000000008d700000, 0x000000008d700000| Untracked 
|  48|0x000000008d800000, 0x000000008d800000, 0x000000008d900000|  0%| F|  |TAMS 0x000000008d800000, 0x000000008d800000| Untracked 
|  49|0x000000008d900000, 0x000000008d900000, 0x000000008da00000|  0%| F|  |TAMS 0x000000008d900000, 0x000000008d900000| Untracked 
|  50|0x000000008da00000, 0x000000008da00000, 0x000000008db00000|  0%| F|  |TAMS 0x000000008da00000, 0x000000008da00000| Untracked 
|  51|0x000000008db00000, 0x000000008db00000, 0x000000008dc00000|  0%| F|  |TAMS 0x000000008db00000, 0x000000008db00000| Untracked 
|  52|0x000000008dc00000, 0x000000008dc00000, 0x000000008dd00000|  0%| F|  |TAMS 0x000000008dc00000, 0x000000008dc00000| Untracked 
|  53|0x000000008dd00000, 0x000000008dd00000, 0x000000008de00000|  0%| F|  |TAMS 0x000000008dd00000, 0x000000008dd00000| Untracked 
|  54|0x000000008de00000, 0x000000008de00000, 0x000000008df00000|  0%| F|  |TAMS 0x000000008de00000, 0x000000008de00000| Untracked 
|  55|0x000000008df00000, 0x000000008df00000, 0x000000008e000000|  0%| F|  |TAMS 0x000000008df00000, 0x000000008df00000| Untracked 
|  56|0x000000008e000000, 0x000000008e000000, 0x000000008e100000|  0%| F|  |TAMS 0x000000008e000000, 0x000000008e000000| Untracked 
|  57|0x000000008e100000, 0x000000008e100000, 0x000000008e200000|  0%| F|  |TAMS 0x000000008e100000, 0x000000008e100000| Untracked 
|  58|0x000000008e200000, 0x000000008e200000, 0x000000008e300000|  0%| F|  |TAMS 0x000000008e200000, 0x000000008e200000| Untracked 
|  59|0x000000008e300000, 0x000000008e300000, 0x000000008e400000|  0%| F|  |TAMS 0x000000008e300000, 0x000000008e300000| Untracked 
|  60|0x000000008e400000, 0x000000008e400000, 0x000000008e500000|  0%| F|  |TAMS 0x000000008e400000, 0x000000008e400000| Untracked 
|  61|0x000000008e500000, 0x000000008e500000, 0x000000008e600000|  0%| F|  |TAMS 0x000000008e500000, 0x000000008e500000| Untracked 
|  62|0x000000008e600000, 0x000000008e600000, 0x000000008e700000|  0%| F|  |TAMS 0x000000008e600000, 0x000000008e600000| Untracked 
|  63|0x000000008e700000, 0x000000008e700000, 0x000000008e800000|  0%| F|  |TAMS 0x000000008e700000, 0x000000008e700000| Untracked 
|  64|0x000000008e800000, 0x000000008e800000, 0x000000008e900000|  0%| F|  |TAMS 0x000000008e800000, 0x000000008e800000| Untracked 
|  65|0x000000008e900000, 0x000000008e900000, 0x000000008ea00000|  0%| F|  |TAMS 0x000000008e900000, 0x000000008e900000| Untracked 
|  66|0x000000008ea00000, 0x000000008ea00000, 0x000000008eb00000|  0%| F|  |TAMS 0x000000008ea00000, 0x000000008ea00000| Untracked 
|  67|0x000000008eb00000, 0x000000008eb00000, 0x000000008ec00000|  0%| F|  |TAMS 0x000000008eb00000, 0x000000008eb00000| Untracked 
|  68|0x000000008ec00000, 0x000000008ec00000, 0x000000008ed00000|  0%| F|  |TAMS 0x000000008ec00000, 0x000000008ec00000| Untracked 
|  69|0x000000008ed00000, 0x000000008ed00000, 0x000000008ee00000|  0%| F|  |TAMS 0x000000008ed00000, 0x000000008ed00000| Untracked 
|  70|0x000000008ee00000, 0x000000008ee00000, 0x000000008ef00000|  0%| F|  |TAMS 0x000000008ee00000, 0x000000008ee00000| Untracked 
|  71|0x000000008ef00000, 0x000000008ef00000, 0x000000008f000000|  0%| F|  |TAMS 0x000000008ef00000, 0x000000008ef00000| Untracked 
|  72|0x000000008f000000, 0x000000008f000000, 0x000000008f100000|  0%| F|  |TAMS 0x000000008f000000, 0x000000008f000000| Untracked 
|  73|0x000000008f100000, 0x000000008f100000, 0x000000008f200000|  0%| F|  |TAMS 0x000000008f100000, 0x000000008f100000| Untracked 
|  74|0x000000008f200000, 0x000000008f200000, 0x000000008f300000|  0%| F|  |TAMS 0x000000008f200000, 0x000000008f200000| Untracked 
|  75|0x000000008f300000, 0x000000008f300000, 0x000000008f400000|  0%| F|  |TAMS 0x000000008f300000, 0x000000008f300000| Untracked 
|  76|0x000000008f400000, 0x000000008f400000, 0x000000008f500000|  0%| F|  |TAMS 0x000000008f400000, 0x000000008f400000| Untracked 
|  77|0x000000008f500000, 0x000000008f500000, 0x000000008f600000|  0%| F|  |TAMS 0x000000008f500000, 0x000000008f500000| Untracked 
|  78|0x000000008f600000, 0x000000008f600000, 0x000000008f700000|  0%| F|  |TAMS 0x000000008f600000, 0x000000008f600000| Untracked 
|  79|0x000000008f700000, 0x000000008f700000, 0x000000008f800000|  0%| F|  |TAMS 0x000000008f700000, 0x000000008f700000| Untracked 
|  80|0x000000008f800000, 0x000000008f800000, 0x000000008f900000|  0%| F|  |TAMS 0x000000008f800000, 0x000000008f800000| Untracked 
|  81|0x000000008f900000, 0x000000008f900000, 0x000000008fa00000|  0%| F|  |TAMS 0x000000008f900000, 0x000000008f900000| Untracked 
|  82|0x000000008fa00000, 0x000000008fa00000, 0x000000008fb00000|  0%| F|  |TAMS 0x000000008fa00000, 0x000000008fa00000| Untracked 
|  83|0x000000008fb00000, 0x000000008fb00000, 0x000000008fc00000|  0%| F|  |TAMS 0x000000008fb00000, 0x000000008fb00000| Untracked 
|  84|0x000000008fc00000, 0x000000008fc00000, 0x000000008fd00000|  0%| F|  |TAMS 0x000000008fc00000, 0x000000008fc00000| Untracked 
|  85|0x000000008fd00000, 0x000000008fd00000, 0x000000008fe00000|  0%| F|  |TAMS 0x000000008fd00000, 0x000000008fd00000| Untracked 
|  86|0x000000008fe00000, 0x000000008fe00000, 0x000000008ff00000|  0%| F|  |TAMS 0x000000008fe00000, 0x000000008fe00000| Untracked 
|  87|0x000000008ff00000, 0x000000008ff00000, 0x0000000090000000|  0%| F|  |TAMS 0x000000008ff00000, 0x000000008ff00000| Untracked 
|  88|0x0000000090000000, 0x0000000090000000, 0x0000000090100000|  0%| F|  |TAMS 0x0000000090000000, 0x0000000090000000| Untracked 
|  89|0x0000000090100000, 0x0000000090100000, 0x0000000090200000|  0%| F|  |TAMS 0x0000000090100000, 0x0000000090100000| Untracked 
|  90|0x0000000090200000, 0x0000000090200000, 0x0000000090300000|  0%| F|  |TAMS 0x0000000090200000, 0x0000000090200000| Untracked 
|  91|0x0000000090300000, 0x0000000090300000, 0x0000000090400000|  0%| F|  |TAMS 0x0000000090300000, 0x0000000090300000| Untracked 
|  92|0x0000000090400000, 0x0000000090400000, 0x0000000090500000|  0%| F|  |TAMS 0x0000000090400000, 0x0000000090400000| Untracked 
|  93|0x0000000090500000, 0x0000000090500000, 0x0000000090600000|  0%| F|  |TAMS 0x0000000090500000, 0x0000000090500000| Untracked 
|  94|0x0000000090600000, 0x0000000090600000, 0x0000000090700000|  0%| F|  |TAMS 0x0000000090600000, 0x0000000090600000| Untracked 
|  95|0x0000000090700000, 0x0000000090700000, 0x0000000090800000|  0%| F|  |TAMS 0x0000000090700000, 0x0000000090700000| Untracked 
|  96|0x0000000090800000, 0x0000000090800000, 0x0000000090900000|  0%| F|  |TAMS 0x0000000090800000, 0x0000000090800000| Untracked 
|  97|0x0000000090900000, 0x0000000090900000, 0x0000000090a00000|  0%| F|  |TAMS 0x0000000090900000, 0x0000000090900000| Untracked 
|  98|0x0000000090a00000, 0x0000000090a00000, 0x0000000090b00000|  0%| F|  |TAMS 0x0000000090a00000, 0x0000000090a00000| Untracked 
|  99|0x0000000090b00000, 0x0000000090b00000, 0x0000000090c00000|  0%| F|  |TAMS 0x0000000090b00000, 0x0000000090b00000| Untracked 
| 100|0x0000000090c00000, 0x0000000090c00000, 0x0000000090d00000|  0%| F|  |TAMS 0x0000000090c00000, 0x0000000090c00000| Untracked 
| 101|0x0000000090d00000, 0x0000000090d00000, 0x0000000090e00000|  0%| F|  |TAMS 0x0000000090d00000, 0x0000000090d00000| Untracked 
| 102|0x0000000090e00000, 0x0000000090e00000, 0x0000000090f00000|  0%| F|  |TAMS 0x0000000090e00000, 0x0000000090e00000| Untracked 
| 103|0x0000000090f00000, 0x0000000090f00000, 0x0000000091000000|  0%| F|  |TAMS 0x0000000090f00000, 0x0000000090f00000| Untracked 
| 104|0x0000000091000000, 0x00000000910f6548, 0x0000000091100000| 96%| E|  |TAMS 0x0000000091000000, 0x0000000091000000| Complete 
| 105|0x0000000091100000, 0x0000000091200000, 0x0000000091200000|100%| E|CS|TAMS 0x0000000091100000, 0x0000000091100000| Complete 
| 106|0x0000000091200000, 0x0000000091300000, 0x0000000091300000|100%| E|CS|TAMS 0x0000000091200000, 0x0000000091200000| Complete 
| 107|0x0000000091300000, 0x0000000091400000, 0x0000000091400000|100%| E|CS|TAMS 0x0000000091300000, 0x0000000091300000| Complete 
| 108|0x0000000091400000, 0x0000000091500000, 0x0000000091500000|100%| E|CS|TAMS 0x0000000091400000, 0x0000000091400000| Complete 
| 109|0x0000000091500000, 0x0000000091600000, 0x0000000091600000|100%| E|CS|TAMS 0x0000000091500000, 0x0000000091500000| Complete 
| 110|0x0000000091600000, 0x0000000091700000, 0x0000000091700000|100%| E|CS|TAMS 0x0000000091600000, 0x0000000091600000| Complete 
| 111|0x0000000091700000, 0x0000000091800000, 0x0000000091800000|100%| E|CS|TAMS 0x0000000091700000, 0x0000000091700000| Complete 
| 112|0x0000000091800000, 0x0000000091900000, 0x0000000091900000|100%| E|CS|TAMS 0x0000000091800000, 0x0000000091800000| Complete 
| 113|0x0000000091900000, 0x0000000091a00000, 0x0000000091a00000|100%| E|CS|TAMS 0x0000000091900000, 0x0000000091900000| Complete 
| 114|0x0000000091a00000, 0x0000000091b00000, 0x0000000091b00000|100%| E|CS|TAMS 0x0000000091a00000, 0x0000000091a00000| Complete 
| 115|0x0000000091b00000, 0x0000000091c00000, 0x0000000091c00000|100%| E|CS|TAMS 0x0000000091b00000, 0x0000000091b00000| Complete 
| 116|0x0000000091c00000, 0x0000000091d00000, 0x0000000091d00000|100%| E|CS|TAMS 0x0000000091c00000, 0x0000000091c00000| Complete 
| 117|0x0000000091d00000, 0x0000000091e00000, 0x0000000091e00000|100%| E|CS|TAMS 0x0000000091d00000, 0x0000000091d00000| Complete 

Card table byte_map: [0x000001bee51e0000,0x000001bee5590000] _byte_map_base: 0x000001bee4d8c000

Marking Bits (Prev, Next): (CMBitMap*) 0x000001becd1ada98, (CMBitMap*) 0x000001becd1adad0
 Prev Bits: [0x000001bee5940000, 0x000001bee76a0000)
 Next Bits: [0x000001bee76a0000, 0x000001bee9400000)

Polling page: 0x000001becb0a0000

Metaspace:

Usage:
  Non-class:      9.45 MB capacity,     9.35 MB ( 99%) used,    91.56 KB ( <1%) free+waste,     8.63 KB ( <1%) overhead. 
      Class:    999.00 KB capacity,   948.57 KB ( 95%) used,    47.30 KB (  5%) free+waste,     3.13 KB ( <1%) overhead. 
       Both:     10.42 MB capacity,    10.28 MB ( 99%) used,   138.87 KB (  1%) free+waste,    11.75 KB ( <1%) overhead. 

Virtual space:
  Non-class space:       12.00 MB reserved,       9.50 MB ( 79%) committed 
      Class space:        1.00 GB reserved,       1.00 MB ( <1%) committed 
             Both:        1.01 GB reserved,      10.50 MB (  1%) committed 

Chunk freelists:
   Non-Class:  53.00 KB
       Class:  25.00 KB
        Both:  78.00 KB

MaxMetaspaceSize: 17179869184.00 GB
CompressedClassSpaceSize: 1.00 GB
Initial GC threshold: 20.80 MB
Current GC threshold: 20.80 MB
CDS: off

CodeHeap 'non-profiled nmethods': size=120000Kb used=172Kb max_used=172Kb free=119827Kb
 bounds [0x000001bedd3b0000, 0x000001bedd620000, 0x000001bee48e0000]
CodeHeap 'profiled nmethods': size=120000Kb used=1148Kb max_used=1148Kb free=118851Kb
 bounds [0x000001bed5e80000, 0x000001bed60f0000, 0x000001bedd3b0000]
CodeHeap 'non-nmethods': size=5760Kb used=1120Kb max_used=1133Kb free=4639Kb
 bounds [0x000001bed58e0000, 0x000001bed5b50000, 0x000001bed5e80000]
 total_blobs=1027 nmethods=658 adapters=282
 compilation: enabled
              stopped_count=0, restarted_count=0
 full_count=0

Compilation events (20 events):
Event: 2.078 Thread 0x000001beec920000 nmethod 654 0x000001bedd3da390 code [0x000001bedd3da540, 0x000001bedd3da5f8]
Event: 2.078 Thread 0x000001beec920000  663       1       java.nio.Buffer::position (5 bytes)
Event: 2.078 Thread 0x000001beec920000 nmethod 663 0x000001bedd3da690 code [0x000001bedd3da840, 0x000001bedd3da8f8]
Event: 2.078 Thread 0x000001beec920000  643   !   3       java.io.File::toPath (54 bytes)
Event: 2.079 Thread 0x000001beec920000 nmethod 643 0x000001bed5f9b110 code [0x000001bed5f9b320, 0x000001bed5f9ba68]
Event: 2.079 Thread 0x000001beec920000  664       1       java.lang.reflect.Method::getName (5 bytes)
Event: 2.079 Thread 0x000001beec920000 nmethod 664 0x000001bedd3da990 code [0x000001bedd3dab40, 0x000001bedd3dabf8]
Event: 2.084 Thread 0x000001beec920000  666       3       java.lang.StringCoding::encodeUTF8 (132 bytes)
Event: 2.085 Thread 0x000001beec920000 nmethod 666 0x000001bed5f9bc90 code [0x000001bed5f9bee0, 0x000001bed5f9c7f8]
Event: 2.086 Thread 0x000001beec920000  669       3       java.util.jar.JarFile::getEntry0 (24 bytes)
Event: 2.086 Thread 0x000001beec920000 nmethod 669 0x000001bed5f9cb10 code [0x000001bed5f9cd00, 0x000001bed5f9d1e8]
Event: 2.086 Thread 0x000001beec920000  668       3       java.util.LinkedHashMap::get (33 bytes)
Event: 2.086 Thread 0x000001beec920000 nmethod 668 0x000001bed5f9d390 code [0x000001bed5f9d580, 0x000001bed5f9d9a8]
Event: 2.086 Thread 0x000001beec920000  672   !   3       jdk.internal.loader.URLClassPath$JarLoader::ensureOpen (36 bytes)
Event: 2.087 Thread 0x000001beec920000 nmethod 672 0x000001bed5f9db10 code [0x000001bed5f9dd00, 0x000001bed5f9e118]
Event: 2.087 Thread 0x000001beec920000  673       3       java.util.jar.JarFile::getEntry (22 bytes)
Event: 2.087 Thread 0x000001beec920000 nmethod 673 0x000001bed5f9e290 code [0x000001bed5f9e4c0, 0x000001bed5f9ebe8]
Event: 2.087 Thread 0x000001beec920000  670       3       java.util.zip.ZipFile$1::getEntry (10 bytes)
Event: 2.087 Thread 0x000001beec920000 nmethod 670 0x000001bed5f9ee90 code [0x000001bed5f9f060, 0x000001bed5f9f288]
Event: 2.087 Thread 0x000001beec920000  674  s!   3       jdk.internal.loader.URLClassPath::getLoader (194 bytes)

GC Heap History (0 events):
No events

Deoptimization events (16 events):
Event: 0.204 Thread 0x000001becd16e800 Uncommon trap: trap_request=0xffffff4d fr.pc=0x000001bedd3b41a0 relative=0x0000000000000180
Event: 0.204 Thread 0x000001becd16e800 Uncommon trap: reason=unstable_if action=reinterpret pc=0x000001bedd3b41a0 method=java.lang.String.hashCode()I @ 14 c2
Event: 0.204 Thread 0x000001becd16e800 DEOPT PACKING pc=0x000001bedd3b41a0 sp=0x0000000fc05fde90
Event: 0.204 Thread 0x000001becd16e800 DEOPT UNPACKING pc=0x000001bed592a1af sp=0x0000000fc05fde28 mode 2
Event: 0.303 Thread 0x000001becd16e800 DEOPT PACKING pc=0x000001bed5eb4b55 sp=0x0000000fc05fc280
Event: 0.303 Thread 0x000001becd16e800 DEOPT UNPACKING pc=0x000001bed592a95e sp=0x0000000fc05fb6e0 mode 0
Event: 0.615 Thread 0x000001becd16e800 DEOPT PACKING pc=0x000001bed5edf624 sp=0x0000000fc05fc3f0
Event: 0.615 Thread 0x000001becd16e800 DEOPT UNPACKING pc=0x000001bed592a95e sp=0x0000000fc05fb888 mode 0
Event: 0.894 Thread 0x000001becd16e800 DEOPT PACKING pc=0x000001bed5f35be8 sp=0x0000000fc05feb20
Event: 0.894 Thread 0x000001becd16e800 DEOPT UNPACKING pc=0x000001bed592a95e sp=0x0000000fc05fe028 mode 0
Event: 1.770 Thread 0x000001becd16e800 DEOPT PACKING pc=0x000001bed5f364db sp=0x0000000fc05fe810
Event: 1.770 Thread 0x000001becd16e800 DEOPT UNPACKING pc=0x000001bed592a95e sp=0x0000000fc05fdc88 mode 0
Event: 2.076 Thread 0x000001becd16e800 Uncommon trap: trap_request=0xffffff4d fr.pc=0x000001bedd3d3e84 relative=0x00000000000001c4
Event: 2.076 Thread 0x000001becd16e800 Uncommon trap: reason=unstable_if action=reinterpret pc=0x000001bedd3d3e84 method=java.io.WinNTFileSystem.normalize(Ljava/lang/String;)Ljava/lang/String; @ 104 c2
Event: 2.076 Thread 0x000001becd16e800 DEOPT PACKING pc=0x000001bedd3d3e84 sp=0x0000000fc05fed10
Event: 2.076 Thread 0x000001becd16e800 DEOPT UNPACKING pc=0x000001bed592a1af sp=0x0000000fc05fec88 mode 2

Classes redefined (0 events):
No events

Internal exceptions (1 events):
Event: 0.685 Thread 0x000001becd16e800 Exception <a 'java/lang/NoSuchMethodError'{0x00000000917c9c58}: 'void java.lang.invoke.DirectMethodHandle$Holder.invokeVirtual(java.lang.Object, java.lang.Object)'> (0x00000000917c9c58) thrown at [s\src\hotspot\share\interpreter\linkResolver.cpp, line 773]

Events (20 events):
Event: 2.084 loading class java/lang/AssertionError
Event: 2.084 loading class java/lang/AssertionError done
Event: 2.084 loading class com/google/gson/JsonSyntaxException
Event: 2.084 loading class com/google/gson/JsonSyntaxException done
Event: 2.085 loading class com/google/gson/JsonParseException
Event: 2.085 loading class com/google/gson/JsonParseException done
Event: 2.085 loading class com/google/gson/stream/JsonReader
Event: 2.085 loading class com/google/gson/stream/JsonReader done
Event: 2.086 loading class com/google/gson/internal/bind/JsonTreeReader
Event: 2.086 loading class com/google/gson/internal/bind/JsonTreeReader done
Event: 2.087 loading class com/google/gson/TypeAdapter
Event: 2.087 loading class com/google/gson/TypeAdapter done
Event: 2.087 loading class com/google/gson/Gson$FutureTypeAdapter
Event: 2.087 loading class com/google/gson/Gson$FutureTypeAdapter done
Event: 2.088 loading class com/google/gson/Gson$3
Event: 2.088 loading class com/google/gson/Gson$3 done
Event: 2.088 loading class com/google/gson/Gson$1
Event: 2.088 loading class com/google/gson/Gson$1 done
Event: 2.088 loading class com/google/gson/Gson$2
Event: 2.088 loading class com/google/gson/Gson$2 done


Dynamic libraries:
0x00007ff78cd50000 - 0x00007ff78cd5d000 	C:\Program Files\Microsoft\jdk-11.0.20.8-hotspot\bin\java.exe
0x00007ffa6cf30000 - 0x00007ffa6d147000 	C:\WINDOWS\SYSTEM32\ntdll.dll
0x00007ffa6c110000 - 0x00007ffa6c1d4000 	C:\WINDOWS\System32\KERNEL32.DLL
0x00007ffa6a8e0000 - 0x00007ffa6ac86000 	C:\WINDOWS\System32\KERNELBASE.dll
0x00007ffa6a4b0000 - 0x00007ffa6a5c1000 	C:\WINDOWS\System32\ucrtbase.dll
0x00007ffa5f150000 - 0x00007ffa5f167000 	C:\Program Files\Microsoft\jdk-11.0.20.8-hotspot\bin\jli.dll
0x00007ffa5ee40000 - 0x00007ffa5ee55000 	C:\Program Files\Microsoft\jdk-11.0.20.8-hotspot\bin\VCRUNTIME140.dll
0x00007ffa6b260000 - 0x00007ffa6b40d000 	C:\WINDOWS\System32\USER32.dll
0x00007ffa6a370000 - 0x00007ffa6a396000 	C:\WINDOWS\System32\win32u.dll
0x00007ffa4ef40000 - 0x00007ffa4f1d3000 	C:\WINDOWS\WinSxS\amd64_microsoft.windows.common-controls_6595b64144ccf1df_6.0.22621.2361_none_2712ced57382f843\COMCTL32.dll
0x00007ffa6b490000 - 0x00007ffa6b4b9000 	C:\WINDOWS\System32\GDI32.dll
0x00007ffa6c060000 - 0x00007ffa6c107000 	C:\WINDOWS\System32\msvcrt.dll
0x00007ffa6a7c0000 - 0x00007ffa6a8d8000 	C:\WINDOWS\System32\gdi32full.dll
0x00007ffa6a410000 - 0x00007ffa6a4aa000 	C:\WINDOWS\System32\msvcp_win.dll
0x00007ffa6afa0000 - 0x00007ffa6afd1000 	C:\WINDOWS\System32\IMM32.DLL
0x00007ffa51470000 - 0x00007ffa5150b000 	C:\Program Files\Microsoft\jdk-11.0.20.8-hotspot\bin\msvcp140.dll
0x00007ff9e8430000 - 0x00007ff9e8fc6000 	C:\Program Files\Microsoft\jdk-11.0.20.8-hotspot\bin\server\jvm.dll
0x00007ffa6b5e0000 - 0x00007ffa6b690000 	C:\WINDOWS\System32\ADVAPI32.dll
0x00007ffa6ada0000 - 0x00007ffa6ae46000 	C:\WINDOWS\System32\sechost.dll
0x00007ffa6b4c0000 - 0x00007ffa6b5d7000 	C:\WINDOWS\System32\RPCRT4.dll
0x00007ffa6cc60000 - 0x00007ffa6cc68000 	C:\WINDOWS\System32\PSAPI.DLL
0x00007ffa64470000 - 0x00007ffa644a4000 	C:\WINDOWS\SYSTEM32\WINMM.dll
0x00007ffa54910000 - 0x00007ffa54919000 	C:\WINDOWS\SYSTEM32\WSOCK32.dll
0x00007ffa636b0000 - 0x00007ffa636ba000 	C:\WINDOWS\SYSTEM32\VERSION.dll
0x00007ffa6cd70000 - 0x00007ffa6cde1000 	C:\WINDOWS\System32\WS2_32.dll
0x00007ffa69290000 - 0x00007ffa692a8000 	C:\WINDOWS\SYSTEM32\kernel.appcore.dll
0x00007ffa63d20000 - 0x00007ffa63d30000 	C:\Program Files\Microsoft\jdk-11.0.20.8-hotspot\bin\verify.dll
0x00007ffa67cd0000 - 0x00007ffa67efe000 	C:\WINDOWS\SYSTEM32\DBGHELP.DLL
0x00007ffa6bcd0000 - 0x00007ffa6c05a000 	C:\WINDOWS\System32\combase.dll
0x00007ffa6cc90000 - 0x00007ffa6cd67000 	C:\WINDOWS\System32\OLEAUT32.dll
0x00007ffa61180000 - 0x00007ffa611b2000 	C:\WINDOWS\SYSTEM32\dbgcore.DLL
0x00007ffa6a5d0000 - 0x00007ffa6a64a000 	C:\WINDOWS\System32\bcryptPrimitives.dll
0x00007ffa5ecf0000 - 0x00007ffa5ed18000 	C:\Program Files\Microsoft\jdk-11.0.20.8-hotspot\bin\java.dll
0x00007ffa60720000 - 0x00007ffa6072a000 	C:\Program Files\Microsoft\jdk-11.0.20.8-hotspot\bin\jimage.dll
0x00007ffa5ee20000 - 0x00007ffa5ee38000 	C:\Program Files\Microsoft\jdk-11.0.20.8-hotspot\bin\zip.dll
0x00007ffa6c3b0000 - 0x00007ffa6cc08000 	C:\WINDOWS\System32\SHELL32.dll
0x00007ffa68210000 - 0x00007ffa68b02000 	C:\WINDOWS\SYSTEM32\windows.storage.dll
0x00007ffa680d0000 - 0x00007ffa6820e000 	C:\WINDOWS\SYSTEM32\wintypes.dll
0x00007ffa6afe0000 - 0x00007ffa6b0d3000 	C:\WINDOWS\System32\SHCORE.dll
0x00007ffa6b0e0000 - 0x00007ffa6b13e000 	C:\WINDOWS\System32\shlwapi.dll
0x00007ffa6a1e0000 - 0x00007ffa6a206000 	C:\WINDOWS\SYSTEM32\profapi.dll
0x00007ffa5ecd0000 - 0x00007ffa5ece9000 	C:\Program Files\Microsoft\jdk-11.0.20.8-hotspot\bin\net.dll
0x00007ffa66020000 - 0x00007ffa66157000 	C:\WINDOWS\SYSTEM32\WINHTTP.dll
0x00007ffa69770000 - 0x00007ffa697d9000 	C:\WINDOWS\system32\mswsock.dll
0x00007ffa563a0000 - 0x00007ffa563b3000 	C:\Program Files\Microsoft\jdk-11.0.20.8-hotspot\bin\nio.dll

dbghelp: loaded successfully - version: 4.0.5 - missing functions: none
symbol engine: initialized successfully - sym options: 0x614 - pdb path: .;C:\Program Files\Microsoft\jdk-11.0.20.8-hotspot\bin;C:\WINDOWS\SYSTEM32;C:\WINDOWS\WinSxS\amd64_microsoft.windows.common-controls_6595b64144ccf1df_6.0.22621.2361_none_2712ced57382f843;C:\Program Files\Microsoft\jdk-11.0.20.8-hotspot\bin\server

VM Arguments:
jvm_args: -Dfile.encoding=utf8 
java_command: c:\Users\ACER\.vscode\extensions\vscjava.vscode-gradle-3.13.0\lib\gradle-language-server.jar
java_class_path (initial): c:\Users\ACER\.vscode\extensions\vscjava.vscode-gradle-3.13.0\lib\gradle-language-server.jar
Launcher Type: SUN_STANDARD

[Global flags]
     intx CICompilerCount                          = 4                                         {product} {ergonomic}
     uint ConcGCThreads                            = 3                                         {product} {ergonomic}
     uint G1ConcRefinementThreads                  = 10                                        {product} {ergonomic}
   size_t G1HeapRegionSize                         = 1048576                                   {product} {ergonomic}
    uintx GCDrainStackTargetSize                   = 64                                        {product} {ergonomic}
   size_t InitialHeapSize                          = 123731968                                 {product} {ergonomic}
   size_t MarkStackSize                            = 4194304                                   {product} {ergonomic}
   size_t MaxHeapSize                              = 1971322880                                {product} {ergonomic}
   size_t MaxNewSize                               = 1182793728                                {product} {ergonomic}
   size_t MinHeapDeltaBytes                        = 1048576                                   {product} {ergonomic}
    uintx NonNMethodCodeHeapSize                   = 5836300                                {pd product} {ergonomic}
    uintx NonProfiledCodeHeapSize                  = 122910970                              {pd product} {ergonomic}
    uintx ProfiledCodeHeapSize                     = 122910970                              {pd product} {ergonomic}
    uintx ReservedCodeCacheSize                    = 251658240                              {pd product} {ergonomic}
     bool SegmentedCodeCache                       = true                                      {product} {ergonomic}
     bool UseCompressedClassPointers               = true                                 {lp64_product} {ergonomic}
     bool UseCompressedOops                        = true                                 {lp64_product} {ergonomic}
     bool UseG1GC                                  = true                                      {product} {ergonomic}
     bool UseLargePagesIndividualAllocation        = false                                  {pd product} {ergonomic}

Logging:
Log output configuration:
 #0: stdout all=warning uptime,level,tags
 #1: stderr all=off uptime,level,tags

Environment Variables:
JAVA_HOME=C:\Program Files\Microsoft\jdk-11.0.20.8-hotspot\
PATH=C:\Program Files\Microsoft\jdk-11.0.20.8-hotspot\bin;C:\Users\ACER\AppData\Local\Programs\Python\Python311\Scripts\;C:\Users\ACER\AppData\Local\Programs\Python\Python311\;C:\Program Files\Common Files\Oracle\Java\javapath;C:\Program Files (x86)\Common Files\Oracle\Java\javapath;C:\Program Files (x86)\VMware\VMware Workstation\bin\;C:\ProgramData\Oracle\Java\javapath;C:\Windows\system32;C:\Windows;C:\Windows\System32\Wbem;C:\Windows\System32\WindowsPowerShell\v1.0\;C:\Windows\System32\OpenSSH\;C:\Program Files\NVIDIA Corporation\NVIDIA NvDLISR;C:\WINDOWS\system32;C:\WINDOWS;C:\WINDOWS\System32\Wbem;C:\WINDOWS\System32\WindowsPowerShell\v1.0\;C:\WINDOWS\System32\OpenSSH\;C:\Program Files\dotnet\;C:\Program Files\Microsoft SQL Server\130\Tools\Binn\;C:\Program Files\Microsoft SQL Server\Client SDK\ODBC\170\Tools\Binn\;C:\Program Files\Microsoft SQL Server\150\Tools\Binn\;C:\Program Files\Git\cmd;C:\WINDOWS\system32;C:\WINDOWS;C:\WINDOWS\System32\Wbem;C:\WINDOWS\System32\WindowsPowerShell\v1.0\;C:\WINDOWS\System32\OpenSSH\;D:\wamp64\bin\php\php8.1.0;C:\ProgramData\ComposerSetup\bin;C:\cmder;D:\wamp64\bin\php\php8.2.0;C:\apache-maven-3.6.0\bin;C:\Gradle\gradle-8.2.1\bin;C:\ProgramData\chocolatey\bin;C:\Program Files\nodejs\;C:\Users\ACER\AppData\Local\Microsoft\WindowsApps;C:\Users\ACER\.dotnet\tools;C:\Users\ACER\AppData\Local\Programs\Microsoft VS Code\bin;C:\Users\ACER\AppData\Local\Android\Sdk\platform-tools;C:\Users\ACER\AppData\Roaming\Composer\vendor\bin;D:\wamp64\bin\php\php8.0.13;C:\Program Files\JetBrains\PhpStorm 2022.3.3\bin;;C:\Users\ACER\Downloads\cmder\bin;C:\Users\ACER\AppData\Roaming\npm
USERNAME=ACER
OS=Windows_NT
PROCESSOR_IDENTIFIER=AMD64 Family 23 Model 104 Stepping 1, AuthenticAMD
TMP=C:\Users\ACER\AppData\Local\Temp
TEMP=C:\Users\ACER\AppData\Local\Temp



---------------  S Y S T E M  ---------------

OS: Windows 11 , 64 bit Build 22621 (10.0.22621.2428)
OS uptime: 0 days 19:05 hours

CPU:total 12 (initial active 12) (12 cores per cpu, 2 threads per core) family 23 model 104 stepping 1 microcode 0x0, cmov, cx8, fxsr, mmx, sse, sse2, sse3, ssse3, sse4.1, sse4.2, popcnt, avx, avx2, aes, clmul, mmxext, 3dnowpref, lzcnt, sse4a, ht, tsc, tscinvbit, tscinv, bmi1, bmi2, adx, sha, fma

Memory: 4k page, system-wide physical 7514M (357M free)
TotalPageFile size 19802M (AvailPageFile size 1M)
current process WorkingSet (physical memory assigned to process): 80M, peak: 80M
current process commit charge ("private bytes"): 230M, peak: 230M

vm_info: OpenJDK 64-Bit Server VM (11.0.20+8-LTS) for windows-amd64 JRE (11.0.20+8-LTS), built on Jul  7 2023 17:05:21 by "MicrosoftCorporation" with MS VC++ 15.9 (VS2017)

END.
