#
# There is insufficient memory for the Java Runtime Environment to continue.
# Native memory allocation (malloc) failed to allocate 1864912 bytes for Chunk::new
# Possible reasons:
#   The system is out of physical RAM or swap space
#   The process is running with CompressedOops enabled, and the Java Heap may be blocking the growth of the native heap
# Possible solutions:
#   Reduce memory load on the system
#   Increase physical memory or swap space
#   Check if swap backing store is full
#   Decrease Java heap size (-Xmx/-Xms)
#   Decrease number of Java threads
#   Decrease Java thread stack sizes (-Xss)
#   Set larger code cache with -XX:ReservedCodeCacheSize=
#   JVM is running with Unscaled Compressed Oops mode in which the Java heap is
#     placed in the first 4GB address space. The Java Heap base address is the
#     maximum limit for the native heap growth. Please use -XX:HeapBaseMinAddress
#     to set the Java Heap base and to place the Java Heap above 4GB virtual address.
# This output file may be truncated or incomplete.
#
#  Out of Memory Error (arena.cpp:189), pid=14528, tid=15536
#
# JRE version: Java(TM) SE Runtime Environment (17.0.7+8) (build 17.0.7+8-LTS-224)
# Java VM: Java HotSpot(TM) 64-Bit Server VM (17.0.7+8-LTS-224, mixed mode, sharing, tiered, compressed oops, compressed class ptrs, g1 gc, windows-amd64)
# No core dump will be written. Minidumps are not enabled by default on client versions of Windows
#

---------------  S U M M A R Y ------------

Command Line: -Dcom.sun.management.jmxremote -Dcom.sun.management.jmxremote.port=59706 -Dcom.sun.management.jmxremote.authenticate=false -Dcom.sun.management.jmxremote.ssl=false -Dspring.jmx.enabled=true -Djava.rmi.server.hostname=localhost -Dspring.application.admin.enabled=true -Dspring.boot.project.name=demo -XX:+ShowCodeDetailsInExceptionMessages com.chatapp.ChatApplication

Host: AMD Ryzen 5 5500U with Radeon Graphics         , 12 cores, 7G,  Windows 11 , 64 bit Build 22621 (10.0.22621.2215)
Time: Thu Oct 12 11:29:41 2023 SE Asia Standard Time elapsed time: 5.870781 seconds (0d 0h 0m 5s)

---------------  T H R E A D  ---------------

Current thread (0x00000217f1dd4e40):  JavaThread "C2 CompilerThread1" daemon [_thread_in_native, id=15536, stack(0x0000007c59d00000,0x0000007c59e00000)]


Current CompileTask:
C2:   5870 4569   !   4       org.springframework.core.annotation.AnnotationsScanner::processClassHierarchy (234 bytes)

Stack: [0x0000007c59d00000,0x0000007c59e00000]
Native frames: (J=compiled Java code, j=interpreted, Vv=VM code, C=native code)
V  [jvm.dll+0x676a4a]
V  [jvm.dll+0x7d74f4]
V  [jvm.dll+0x7d8c9e]
V  [jvm.dll+0x7d9303]
V  [jvm.dll+0x2452c5]
V  [jvm.dll+0xaaa2b]
V  [jvm.dll+0xaafcc]
V  [jvm.dll+0x36141e]
V  [jvm.dll+0x32bba1]
V  [jvm.dll+0x32b03a]
V  [jvm.dll+0x217acf]
V  [jvm.dll+0x216f01]
V  [jvm.dll+0x1a35e0]
V  [jvm.dll+0x226a6e]
V  [jvm.dll+0x224e15]
V  [jvm.dll+0x78d05c]
V  [jvm.dll+0x78759a]
V  [jvm.dll+0x675875]
C  [ucrtbase.dll+0x29363]
C  [KERNEL32.DLL+0x1257d]
C  [ntdll.dll+0x5aa68]


---------------  P R O C E S S  ---------------

Threads class SMR info:
_java_thread_list=0x00000217f6b8e410, length=20, elements={
0x00000217d3185070, 0x00000217f1147e70, 0x00000217f1148ae0, 0x00000217f115e4a0,
0x00000217f115ed60, 0x00000217f115f710, 0x00000217f11600c0, 0x00000217f1163270,
0x00000217f1163d10, 0x00000217f1166710, 0x00000217f1132f40, 0x00000217f1d760a0,
0x00000217f1dd4e40, 0x00000217f2694920, 0x00000217f1ef32a0, 0x00000217f26b3730,
0x00000217f341a1e0, 0x00000217f341b520, 0x00000217f49605e0, 0x00000217f341b9f0
}

Java Threads: ( => current thread )
  0x00000217d3185070 JavaThread "main" [_thread_blocked, id=9232, stack(0x0000007c58b00000,0x0000007c58c00000)]
  0x00000217f1147e70 JavaThread "Reference Handler" daemon [_thread_blocked, id=22008, stack(0x0000007c59200000,0x0000007c59300000)]
  0x00000217f1148ae0 JavaThread "Finalizer" daemon [_thread_blocked, id=4688, stack(0x0000007c59300000,0x0000007c59400000)]
  0x00000217f115e4a0 JavaThread "Signal Dispatcher" daemon [_thread_blocked, id=18796, stack(0x0000007c59400000,0x0000007c59500000)]
  0x00000217f115ed60 JavaThread "Attach Listener" daemon [_thread_blocked, id=21940, stack(0x0000007c59500000,0x0000007c59600000)]
  0x00000217f115f710 JavaThread "Service Thread" daemon [_thread_blocked, id=19148, stack(0x0000007c59600000,0x0000007c59700000)]
  0x00000217f11600c0 JavaThread "Monitor Deflation Thread" daemon [_thread_blocked, id=11316, stack(0x0000007c59700000,0x0000007c59800000)]
  0x00000217f1163270 JavaThread "C2 CompilerThread0" daemon [_thread_in_native, id=17092, stack(0x0000007c59800000,0x0000007c59900000)]
  0x00000217f1163d10 JavaThread "C1 CompilerThread0" daemon [_thread_blocked, id=14708, stack(0x0000007c59900000,0x0000007c59a00000)]
  0x00000217f1166710 JavaThread "Sweeper thread" daemon [_thread_blocked, id=14588, stack(0x0000007c59a00000,0x0000007c59b00000)]
  0x00000217f1132f40 JavaThread "Common-Cleaner" daemon [_thread_blocked, id=7564, stack(0x0000007c59b00000,0x0000007c59c00000)]
  0x00000217f1d760a0 JavaThread "Notification Thread" daemon [_thread_blocked, id=888, stack(0x0000007c59c00000,0x0000007c59d00000)]
=>0x00000217f1dd4e40 JavaThread "C2 CompilerThread1" daemon [_thread_in_native, id=15536, stack(0x0000007c59d00000,0x0000007c59e00000)]
  0x00000217f2694920 JavaThread "RMI TCP Accept-0" daemon [_thread_in_native, id=20256, stack(0x0000007c59e00000,0x0000007c59f00000)]
  0x00000217f1ef32a0 JavaThread "RMI TCP Accept-59706" daemon [_thread_in_native, id=10728, stack(0x0000007c59f00000,0x0000007c5a000000)]
  0x00000217f26b3730 JavaThread "RMI TCP Accept-0" daemon [_thread_in_native, id=6836, stack(0x0000007c5a000000,0x0000007c5a100000)]
  0x00000217f341a1e0 JavaThread "Thread-0" [_thread_blocked, id=13540, stack(0x0000007c5aa00000,0x0000007c5ab00000)]
  0x00000217f341b520 JavaThread "restartedMain" [_thread_in_vm, id=6108, stack(0x0000007c5ab00000,0x0000007c5ac00000)]
  0x00000217f49605e0 JavaThread "C2 CompilerThread2" daemon [_thread_in_native, id=6980, stack(0x0000007c5ae00000,0x0000007c5af00000)]
  0x00000217f341b9f0 JavaThread "mysql-cj-abandoned-connection-cleanup" daemon [_thread_blocked, id=21976, stack(0x0000007c5ad00000,0x0000007c5ae00000)]

Other Threads:
  0x00000217f1144380 VMThread "VM Thread" [stack: 0x0000007c59100000,0x0000007c59200000] [id=7032]
  0x00000217d3201ae0 WatcherThread [stack: 0x0000007c5a100000,0x0000007c5a200000] [id=7840]
  0x00000217d31e3530 GCTaskThread "GC Thread#0" [stack: 0x0000007c58c00000,0x0000007c58d00000] [id=12908]
  0x00000217f30fa700 GCTaskThread "GC Thread#1" [stack: 0x0000007c5a200000,0x0000007c5a300000] [id=20204]
  0x00000217f311be70 GCTaskThread "GC Thread#2" [stack: 0x0000007c5a300000,0x0000007c5a400000] [id=21048]
  0x00000217f3036560 GCTaskThread "GC Thread#3" [stack: 0x0000007c5a400000,0x0000007c5a500000] [id=21368]
  0x00000217f2d0d2f0 GCTaskThread "GC Thread#4" [stack: 0x0000007c5a500000,0x0000007c5a600000] [id=1748]
  0x00000217f3073c00 GCTaskThread "GC Thread#5" [stack: 0x0000007c5a600000,0x0000007c5a700000] [id=16376]
  0x00000217f2b7f670 GCTaskThread "GC Thread#6" [stack: 0x0000007c5a700000,0x0000007c5a800000] [id=21456]
  0x00000217f2dc7a50 GCTaskThread "GC Thread#7" [stack: 0x0000007c5a800000,0x0000007c5a900000] [id=20372]
  0x00000217f313de40 GCTaskThread "GC Thread#8" [stack: 0x0000007c5ac00000,0x0000007c5ad00000] [id=17380]
  0x00000217f36c9050 GCTaskThread "GC Thread#9" [stack: 0x0000007c5af00000,0x0000007c5b000000] [id=9688]
  0x00000217d31f2f70 ConcurrentGCThread "G1 Main Marker" [stack: 0x0000007c58d00000,0x0000007c58e00000] [id=15040]
  0x00000217d31f4120 ConcurrentGCThread "G1 Conc#0" [stack: 0x0000007c58e00000,0x0000007c58f00000] [id=3204]
  0x00000217f52a1170 ConcurrentGCThread "G1 Conc#1" [stack: 0x0000007c5b000000,0x0000007c5b100000] [id=14680]
  0x00000217f52a2190 ConcurrentGCThread "G1 Conc#2" [stack: 0x0000007c5b100000,0x0000007c5b200000] [id=4416]
  0x00000217d322e990 ConcurrentGCThread "G1 Refine#0" [stack: 0x0000007c58f00000,0x0000007c59000000] [id=7272]
  0x00000217f2d83b10 ConcurrentGCThread "G1 Refine#1" [stack: 0x0000007c5a900000,0x0000007c5aa00000] [id=9992]
  0x00000217f0ff8d00 ConcurrentGCThread "G1 Service" [stack: 0x0000007c59000000,0x0000007c59100000] [id=17456]

Threads with active compile tasks:
C2 CompilerThread0     5904 4565       4       org.springframework.core.annotation.TypeMappedAnnotations$MergedAnnotationFinder::doWithAnnotations (10 bytes)
C2 CompilerThread1     5904 4569   !   4       org.springframework.core.annotation.AnnotationsScanner::processClassHierarchy (234 bytes)
C2 CompilerThread2     5904 4566       4       org.springframework.core.annotation.TypeMappedAnnotations$MergedAnnotationFinder::doWithAnnotations (75 bytes)

VM state: not at safepoint (normal execution)

VM Mutex/Monitor currently owned by a thread: None

Heap address: 0x000000008a800000, size: 1880 MB, Compressed Oops mode: 32-bit

CDS archive(s) mapped at: [0x0000000800000000-0x0000000800bd0000-0x0000000800bd0000), size 12386304, SharedBaseAddress: 0x0000000800000000, ArchiveRelocationMode: 0.
Compressed class space mapped at: 0x0000000800c00000-0x0000000840c00000, reserved size: 1073741824
Narrow klass base: 0x0000000800000000, Narrow klass shift: 0, Narrow klass range: 0x100000000

GC Precious Log:
 CPUs: 12 total, 12 available
 Memory: 7514M
 Large Page Support: Disabled
 NUMA Support: Disabled
 Compressed Oops: Enabled (32-bit)
 Heap Region Size: 1M
 Heap Min Capacity: 8M
 Heap Initial Capacity: 118M
 Heap Max Capacity: 1880M
 Pre-touch: Disabled
 Parallel Workers: 10
 Concurrent Workers: 3
 Concurrent Refinement Workers: 10
 Periodic GC: Disabled

Heap:
 garbage-first heap   total 61440K, used 28715K [0x000000008a800000, 0x0000000100000000)
  region size 1024K, 6 young (6144K), 2 survivors (2048K)
 Metaspace       used 35372K, committed 35904K, reserved 1081344K
  class space    used 4535K, committed 4800K, reserved 1048576K

Heap Regions: E=young(eden), S=young(survivor), O=old, HS=humongous(starts), HC=humongous(continues), CS=collection set, F=free, OA=open archive, CA=closed archive, TAMS=top-at-mark-start (previous, next)
|   0|0x000000008a800000, 0x000000008a900000, 0x000000008a900000|100%|HS|  |TAMS 0x000000008a900000, 0x000000008a800000| Complete 
|   1|0x000000008a900000, 0x000000008aa00000, 0x000000008aa00000|100%|HS|  |TAMS 0x000000008aa00000, 0x000000008a900000| Complete 
|   2|0x000000008aa00000, 0x000000008ab00000, 0x000000008ab00000|100%| O|  |TAMS 0x000000008ab00000, 0x000000008aa00000| Untracked 
|   3|0x000000008ab00000, 0x000000008ac00000, 0x000000008ac00000|100%| O|  |TAMS 0x000000008ac00000, 0x000000008ab00000| Untracked 
|   4|0x000000008ac00000, 0x000000008ad00000, 0x000000008ad00000|100%| O|  |TAMS 0x000000008ad00000, 0x000000008ac00000| Untracked 
|   5|0x000000008ad00000, 0x000000008ae00000, 0x000000008ae00000|100%| O|  |TAMS 0x000000008ae00000, 0x000000008ad00000| Untracked 
|   6|0x000000008ae00000, 0x000000008af00000, 0x000000008af00000|100%| O|  |TAMS 0x000000008af00000, 0x000000008ae00000| Untracked 
|   7|0x000000008af00000, 0x000000008b000000, 0x000000008b000000|100%| O|  |TAMS 0x000000008b000000, 0x000000008af00000| Untracked 
|   8|0x000000008b000000, 0x000000008b100000, 0x000000008b100000|100%| O|  |TAMS 0x000000008b100000, 0x000000008b000000| Untracked 
|   9|0x000000008b100000, 0x000000008b200000, 0x000000008b200000|100%| O|  |TAMS 0x000000008b200000, 0x000000008b100000| Untracked 
|  10|0x000000008b200000, 0x000000008b300000, 0x000000008b300000|100%| O|  |TAMS 0x000000008b300000, 0x000000008b200000| Untracked 
|  11|0x000000008b300000, 0x000000008b38dc00, 0x000000008b400000| 55%| O|  |TAMS 0x000000008b38dc00, 0x000000008b300000| Untracked 
|  12|0x000000008b400000, 0x000000008b500000, 0x000000008b500000|100%| O|  |TAMS 0x000000008b400000, 0x000000008b400000| Untracked 
|  13|0x000000008b500000, 0x000000008b600000, 0x000000008b600000|100%| O|  |TAMS 0x000000008b500000, 0x000000008b500000| Untracked 
|  14|0x000000008b600000, 0x000000008b700000, 0x000000008b700000|100%| O|  |TAMS 0x000000008b600000, 0x000000008b600000| Untracked 
|  15|0x000000008b700000, 0x000000008b800000, 0x000000008b800000|100%| O|  |TAMS 0x000000008b700000, 0x000000008b700000| Untracked 
|  16|0x000000008b800000, 0x000000008b900000, 0x000000008b900000|100%| O|  |TAMS 0x000000008b800000, 0x000000008b800000| Untracked 
|  17|0x000000008b900000, 0x000000008ba00000, 0x000000008ba00000|100%| O|  |TAMS 0x000000008b900000, 0x000000008b900000| Untracked 
|  18|0x000000008ba00000, 0x000000008bb00000, 0x000000008bb00000|100%| O|  |TAMS 0x000000008ba00000, 0x000000008ba00000| Untracked 
|  19|0x000000008bb00000, 0x000000008bc00000, 0x000000008bc00000|100%| O|  |TAMS 0x000000008bb00000, 0x000000008bb00000| Untracked 
|  20|0x000000008bc00000, 0x000000008bd00000, 0x000000008bd00000|100%| O|  |TAMS 0x000000008bc00000, 0x000000008bc00000| Untracked 
|  21|0x000000008bd00000, 0x000000008be00000, 0x000000008be00000|100%| O|  |TAMS 0x000000008bd00000, 0x000000008bd00000| Untracked 
|  22|0x000000008be00000, 0x000000008bf00000, 0x000000008bf00000|100%| O|  |TAMS 0x000000008be00000, 0x000000008be00000| Untracked 
|  23|0x000000008bf00000, 0x000000008bfbfc00, 0x000000008c000000| 74%| O|  |TAMS 0x000000008bf00000, 0x000000008bf00000| Untracked 
|  24|0x000000008c000000, 0x000000008c000000, 0x000000008c100000|  0%| F|  |TAMS 0x000000008c000000, 0x000000008c000000| Untracked 
|  25|0x000000008c100000, 0x000000008c100000, 0x000000008c200000|  0%| F|  |TAMS 0x000000008c100000, 0x000000008c100000| Untracked 
|  26|0x000000008c200000, 0x000000008c200000, 0x000000008c300000|  0%| F|  |TAMS 0x000000008c200000, 0x000000008c200000| Untracked 
|  27|0x000000008c300000, 0x000000008c300000, 0x000000008c400000|  0%| F|  |TAMS 0x000000008c300000, 0x000000008c300000| Untracked 
|  28|0x000000008c400000, 0x000000008c400000, 0x000000008c500000|  0%| F|  |TAMS 0x000000008c400000, 0x000000008c400000| Untracked 
|  29|0x000000008c500000, 0x000000008c500000, 0x000000008c600000|  0%| F|  |TAMS 0x000000008c500000, 0x000000008c500000| Untracked 
|  30|0x000000008c600000, 0x000000008c600000, 0x000000008c700000|  0%| F|  |TAMS 0x000000008c600000, 0x000000008c600000| Untracked 
|  31|0x000000008c700000, 0x000000008c700000, 0x000000008c800000|  0%| F|  |TAMS 0x000000008c700000, 0x000000008c700000| Untracked 
|  32|0x000000008c800000, 0x000000008c8bd568, 0x000000008c900000| 73%| S|CS|TAMS 0x000000008c800000, 0x000000008c800000| Complete 
|  33|0x000000008c900000, 0x000000008c900000, 0x000000008ca00000|  0%| F|  |TAMS 0x000000008c900000, 0x000000008c900000| Untracked 
|  34|0x000000008ca00000, 0x000000008ca00000, 0x000000008cb00000|  0%| F|  |TAMS 0x000000008ca00000, 0x000000008ca00000| Untracked 
|  35|0x000000008cb00000, 0x000000008cb00000, 0x000000008cc00000|  0%| F|  |TAMS 0x000000008cb00000, 0x000000008cb00000| Untracked 
|  36|0x000000008cc00000, 0x000000008cc00000, 0x000000008cd00000|  0%| F|  |TAMS 0x000000008cc00000, 0x000000008cc00000| Untracked 
|  37|0x000000008cd00000, 0x000000008ce00000, 0x000000008ce00000|100%| S|CS|TAMS 0x000000008cd00000, 0x000000008cd00000| Complete 
|  38|0x000000008ce00000, 0x000000008ce00000, 0x000000008cf00000|  0%| F|  |TAMS 0x000000008ce00000, 0x000000008ce00000| Untracked 
|  39|0x000000008cf00000, 0x000000008cf00000, 0x000000008d000000|  0%| F|  |TAMS 0x000000008cf00000, 0x000000008cf00000| Untracked 
|  40|0x000000008d000000, 0x000000008d000000, 0x000000008d100000|  0%| F|  |TAMS 0x000000008d000000, 0x000000008d000000| Untracked 
|  41|0x000000008d100000, 0x000000008d100000, 0x000000008d200000|  0%| F|  |TAMS 0x000000008d100000, 0x000000008d100000| Untracked 
|  42|0x000000008d200000, 0x000000008d200000, 0x000000008d300000|  0%| F|  |TAMS 0x000000008d200000, 0x000000008d200000| Untracked 
|  43|0x000000008d300000, 0x000000008d300000, 0x000000008d400000|  0%| F|  |TAMS 0x000000008d300000, 0x000000008d300000| Untracked 
|  44|0x000000008d400000, 0x000000008d400000, 0x000000008d500000|  0%| F|  |TAMS 0x000000008d400000, 0x000000008d400000| Untracked 
|  45|0x000000008d500000, 0x000000008d500000, 0x000000008d600000|  0%| F|  |TAMS 0x000000008d500000, 0x000000008d500000| Untracked 
|  46|0x000000008d600000, 0x000000008d600000, 0x000000008d700000|  0%| F|  |TAMS 0x000000008d600000, 0x000000008d600000| Untracked 
|  47|0x000000008d700000, 0x000000008d700000, 0x000000008d800000|  0%| F|  |TAMS 0x000000008d700000, 0x000000008d700000| Untracked 
|  48|0x000000008d800000, 0x000000008d800000, 0x000000008d900000|  0%| F|  |TAMS 0x000000008d800000, 0x000000008d800000| Untracked 
|  49|0x000000008d900000, 0x000000008d900000, 0x000000008da00000|  0%| F|  |TAMS 0x000000008d900000, 0x000000008d900000| Untracked 
|  50|0x000000008da00000, 0x000000008da00000, 0x000000008db00000|  0%| F|  |TAMS 0x000000008da00000, 0x000000008da00000| Untracked 
|  51|0x000000008db00000, 0x000000008db00000, 0x000000008dc00000|  0%| F|  |TAMS 0x000000008db00000, 0x000000008db00000| Untracked 
|  52|0x000000008dc00000, 0x000000008dc00000, 0x000000008dd00000|  0%| F|  |TAMS 0x000000008dc00000, 0x000000008dc00000| Untracked 
|  53|0x000000008dd00000, 0x000000008dd00000, 0x000000008de00000|  0%| F|  |TAMS 0x000000008dd00000, 0x000000008dd00000| Untracked 
|  90|0x0000000090200000, 0x0000000090200000, 0x0000000090300000|  0%| F|  |TAMS 0x0000000090200000, 0x0000000090200000| Untracked 
|  91|0x0000000090300000, 0x0000000090300000, 0x0000000090400000|  0%| F|  |TAMS 0x0000000090300000, 0x0000000090300000| Untracked 
|  92|0x0000000090400000, 0x0000000090474908, 0x0000000090500000| 45%| E|  |TAMS 0x0000000090400000, 0x0000000090400000| Complete 
|  93|0x0000000090500000, 0x0000000090600000, 0x0000000090600000|100%| E|CS|TAMS 0x0000000090500000, 0x0000000090500000| Complete 
|  94|0x0000000090600000, 0x0000000090700000, 0x0000000090700000|100%| E|CS|TAMS 0x0000000090600000, 0x0000000090600000| Complete 
| 117|0x0000000091d00000, 0x0000000091e00000, 0x0000000091e00000|100%| E|CS|TAMS 0x0000000091d00000, 0x0000000091d00000| Complete 

Card table byte_map: [0x00000217ea2e0000,0x00000217ea690000] _byte_map_base: 0x00000217e9e8c000

Marking Bits (Prev, Next): (CMBitMap*) 0x00000217d31e3b80, (CMBitMap*) 0x00000217d31e3b40
 Prev Bits: [0x00000217ec7a0000, 0x00000217ee500000)
 Next Bits: [0x00000217eaa40000, 0x00000217ec7a0000)

Polling page: 0x00000217d10f0000

Metaspace:

Usage:
  Non-class:     30.12 MB used.
      Class:      4.43 MB used.
       Both:     34.55 MB used.

Virtual space:
  Non-class space:       32.00 MB reserved,      30.38 MB ( 95%) committed,  4 nodes.
      Class space:        1.00 GB reserved,       4.69 MB ( <1%) committed,  1 nodes.
             Both:        1.03 GB reserved,      35.06 MB (  3%) committed. 

Chunk freelists:
   Non-Class:  1.53 MB
       Class:  3.36 MB
        Both:  4.89 MB

MaxMetaspaceSize: unlimited
CompressedClassSpaceSize: 1.00 GB
Initial GC threshold: 21.00 MB
Current GC threshold: 35.12 MB
CDS: on
MetaspaceReclaimPolicy: balanced
 - commit_granule_bytes: 65536.
 - commit_granule_words: 8192.
 - virtual_space_node_default_size: 1048576.
 - enlarge_chunks_in_place: 1.
 - new_chunks_are_fully_committed: 0.
 - uncommit_free_chunks: 1.
 - use_allocation_guard: 0.
 - handle_deallocations: 1.


Internal statistics:

num_allocs_failed_limit: 3.
num_arena_births: 556.
num_arena_deaths: 0.
num_vsnodes_births: 5.
num_vsnodes_deaths: 0.
num_space_committed: 561.
num_space_uncommitted: 0.
num_chunks_returned_to_freelist: 3.
num_chunks_taken_from_freelist: 1740.
num_chunk_merges: 3.
num_chunk_splits: 1205.
num_chunks_enlarged: 879.
num_purges: 0.
num_inconsistent_stats: 0.

CodeHeap 'non-profiled nmethods': size=120000Kb used=2247Kb max_used=2863Kb free=117752Kb
 bounds [0x00000217e24b0000, 0x00000217e2780000, 0x00000217e99e0000]
CodeHeap 'profiled nmethods': size=120000Kb used=8136Kb max_used=9885Kb free=111863Kb
 bounds [0x00000217da9e0000, 0x00000217db390000, 0x00000217e1f10000]
CodeHeap 'non-nmethods': size=5760Kb used=1233Kb max_used=1291Kb free=4526Kb
 bounds [0x00000217e1f10000, 0x00000217e2180000, 0x00000217e24b0000]
 total_blobs=4491 nmethods=3952 adapters=450
 compilation: enabled
              stopped_count=0, restarted_count=0
 full_count=0

Compilation events (20 events):
Event: 5.831 Thread 0x00000217f1163d10 4652       3       java.nio.charset.CharsetDecoder::<init> (100 bytes)
Event: 5.831 Thread 0x00000217f1163d10 nmethod 4652 0x00000217dac03410 code [0x00000217dac03620, 0x00000217dac03cd8]
Event: 5.832 Thread 0x00000217f1163d10 4653       3       java.nio.charset.CharsetDecoder::replaceWith (68 bytes)
Event: 5.832 Thread 0x00000217f1163d10 nmethod 4653 0x00000217dade9010 code [0x00000217dade9220, 0x00000217dade9878]
Event: 5.832 Thread 0x00000217f1163d10 4654       3       java.util.stream.SortedOps$RefSortingSink::accept (10 bytes)
Event: 5.832 Thread 0x00000217f1163d10 nmethod 4654 0x00000217daae4910 code [0x00000217daae4ae0, 0x00000217daae5008]
Event: 5.835 Thread 0x00000217f1163d10 4655       3       sun.nio.fs.WindowsPath$WindowsPathWithAttributes::compareTo (9 bytes)
Event: 5.835 Thread 0x00000217f1163d10 nmethod 4655 0x00000217dabe9590 code [0x00000217dabe9740, 0x00000217dabe9988]
Event: 5.835 Thread 0x00000217f1163d10 4656       3       java.util.stream.SortedOps$RefSortingSink$$Lambda$363/0x0000000800e44bb8::accept (11 bytes)
Event: 5.835 Thread 0x00000217f1163d10 nmethod 4656 0x00000217dac42f90 code [0x00000217dac43140, 0x00000217dac43308]
Event: 5.835 Thread 0x00000217f1163d10 4657       3       org.springframework.core.io.support.PathMatchingResourcePatternResolver$$Lambda$360/0x0000000800e1e288::apply (12 bytes)
Event: 5.836 Thread 0x00000217f1163d10 nmethod 4657 0x00000217daa67c90 code [0x00000217daa67e80, 0x00000217daa68598]
Event: 5.836 Thread 0x00000217f1163d10 4658       3       org.springframework.core.io.FileSystemResource::<init> (34 bytes)
Event: 5.836 Thread 0x00000217f1163d10 nmethod 4658 0x00000217dab1ab90 code [0x00000217dab1ad80, 0x00000217dab1b2b8]
Event: 5.836 Thread 0x00000217f1163d10 4659       3       org.springframework.core.io.support.PathMatchingResourcePatternResolver$$Lambda$361/0x0000000800e1e4c0::accept (14 bytes)
Event: 5.836 Thread 0x00000217f1163d10 nmethod 4659 0x00000217dadfe610 code [0x00000217dadfe7c0, 0x00000217dadfea88]
Event: 5.836 Thread 0x00000217f1163d10 4660       3       org.springframework.core.io.FileSystemResource::equals (37 bytes)
Event: 5.837 Thread 0x00000217f1163d10 nmethod 4660 0x00000217dace7710 code [0x00000217dace78c0, 0x00000217dace7cc8]
Event: 5.837 Thread 0x00000217f1163d10 4661       3       java.net.URI$Parser::scan (41 bytes)
Event: 5.838 Thread 0x00000217f1163d10 nmethod 4661 0x00000217dad84810 code [0x00000217dad84a60, 0x00000217dad85378]

GC Heap History (18 events):
Event: 0.825 GC heap before
{Heap before GC invocations=0 (full 0):
 garbage-first heap   total 120832K, used 24576K [0x000000008a800000, 0x0000000100000000)
  region size 1024K, 23 young (23552K), 0 survivors (0K)
 Metaspace       used 6764K, committed 6912K, reserved 1056768K
  class space    used 743K, committed 832K, reserved 1048576K
}
Event: 0.834 GC heap after
{Heap after GC invocations=1 (full 0):
 garbage-first heap   total 120832K, used 11424K [0x000000008a800000, 0x0000000100000000)
  region size 1024K, 3 young (3072K), 3 survivors (3072K)
 Metaspace       used 6764K, committed 6912K, reserved 1056768K
  class space    used 743K, committed 832K, reserved 1048576K
}
Event: 1.225 GC heap before
{Heap before GC invocations=1 (full 0):
 garbage-first heap   total 120832K, used 28832K [0x000000008a800000, 0x0000000100000000)
  region size 1024K, 21 young (21504K), 3 survivors (3072K)
 Metaspace       used 9591K, committed 9856K, reserved 1064960K
  class space    used 1113K, committed 1216K, reserved 1048576K
}
Event: 1.228 GC heap after
{Heap after GC invocations=2 (full 0):
 garbage-first heap   total 120832K, used 12851K [0x000000008a800000, 0x0000000100000000)
  region size 1024K, 1 young (1024K), 1 survivors (1024K)
 Metaspace       used 9591K, committed 9856K, reserved 1064960K
  class space    used 1113K, committed 1216K, reserved 1048576K
}
Event: 2.199 GC heap before
{Heap before GC invocations=2 (full 0):
 garbage-first heap   total 120832K, used 56883K [0x000000008a800000, 0x0000000100000000)
  region size 1024K, 44 young (45056K), 1 survivors (1024K)
 Metaspace       used 17504K, committed 17792K, reserved 1064960K
  class space    used 2265K, committed 2368K, reserved 1048576K
}
Event: 2.204 GC heap after
{Heap after GC invocations=3 (full 0):
 garbage-first heap   total 120832K, used 15257K [0x000000008a800000, 0x0000000100000000)
  region size 1024K, 4 young (4096K), 4 survivors (4096K)
 Metaspace       used 17504K, committed 17792K, reserved 1064960K
  class space    used 2265K, committed 2368K, reserved 1048576K
}
Event: 2.642 GC heap before
{Heap before GC invocations=3 (full 0):
 garbage-first heap   total 120832K, used 36761K [0x000000008a800000, 0x0000000100000000)
  region size 1024K, 27 young (27648K), 4 survivors (4096K)
 Metaspace       used 21244K, committed 21504K, reserved 1073152K
  class space    used 2681K, committed 2816K, reserved 1048576K
}
Event: 2.646 GC heap after
{Heap after GC invocations=4 (full 0):
 garbage-first heap   total 120832K, used 16855K [0x000000008a800000, 0x0000000100000000)
  region size 1024K, 5 young (5120K), 5 survivors (5120K)
 Metaspace       used 21244K, committed 21504K, reserved 1073152K
  class space    used 2681K, committed 2816K, reserved 1048576K
}
Event: 3.487 GC heap before
{Heap before GC invocations=5 (full 0):
 garbage-first heap   total 61440K, used 47575K [0x000000008a800000, 0x0000000100000000)
  region size 1024K, 36 young (36864K), 5 survivors (5120K)
 Metaspace       used 23703K, committed 24000K, reserved 1073152K
  class space    used 3004K, committed 3136K, reserved 1048576K
}
Event: 3.494 GC heap after
{Heap after GC invocations=6 (full 0):
 garbage-first heap   total 61440K, used 18860K [0x000000008a800000, 0x0000000100000000)
  region size 1024K, 7 young (7168K), 7 survivors (7168K)
 Metaspace       used 23703K, committed 24000K, reserved 1073152K
  class space    used 3004K, committed 3136K, reserved 1048576K
}
Event: 4.147 GC heap before
{Heap before GC invocations=6 (full 0):
 garbage-first heap   total 61440K, used 40364K [0x000000008a800000, 0x0000000100000000)
  region size 1024K, 29 young (29696K), 7 survivors (7168K)
 Metaspace       used 26217K, committed 26496K, reserved 1073152K
  class space    used 3337K, committed 3456K, reserved 1048576K
}
Event: 4.156 GC heap after
{Heap after GC invocations=7 (full 0):
 garbage-first heap   total 61440K, used 20324K [0x000000008a800000, 0x0000000100000000)
  region size 1024K, 4 young (4096K), 4 survivors (4096K)
 Metaspace       used 26217K, committed 26496K, reserved 1073152K
  class space    used 3337K, committed 3456K, reserved 1048576K
}
Event: 4.856 GC heap before
{Heap before GC invocations=7 (full 0):
 garbage-first heap   total 61440K, used 43876K [0x000000008a800000, 0x0000000100000000)
  region size 1024K, 27 young (27648K), 4 survivors (4096K)
 Metaspace       used 28706K, committed 29056K, reserved 1081344K
  class space    used 3675K, committed 3840K, reserved 1048576K
}
Event: 4.860 GC heap after
{Heap after GC invocations=8 (full 0):
 garbage-first heap   total 61440K, used 21654K [0x000000008a800000, 0x0000000100000000)
  region size 1024K, 3 young (3072K), 3 survivors (3072K)
 Metaspace       used 28706K, committed 29056K, reserved 1081344K
  class space    used 3675K, committed 3840K, reserved 1048576K
}
Event: 5.400 GC heap before
{Heap before GC invocations=8 (full 0):
 garbage-first heap   total 61440K, used 44182K [0x000000008a800000, 0x0000000100000000)
  region size 1024K, 26 young (26624K), 3 survivors (3072K)
 Metaspace       used 32374K, committed 32832K, reserved 1081344K
  class space    used 4195K, committed 4416K, reserved 1048576K
}
Event: 5.405 GC heap after
{Heap after GC invocations=9 (full 0):
 garbage-first heap   total 61440K, used 24021K [0x000000008a800000, 0x0000000100000000)
  region size 1024K, 4 young (4096K), 4 survivors (4096K)
 Metaspace       used 32374K, committed 32832K, reserved 1081344K
  class space    used 4195K, committed 4416K, reserved 1048576K
}
Event: 5.817 GC heap before
{Heap before GC invocations=9 (full 0):
 garbage-first heap   total 61440K, used 46549K [0x000000008a800000, 0x0000000100000000)
  region size 1024K, 26 young (26624K), 4 survivors (4096K)
 Metaspace       used 34834K, committed 35328K, reserved 1081344K
  class space    used 4477K, committed 4736K, reserved 1048576K
}
Event: 5.822 GC heap after
{Heap after GC invocations=10 (full 0):
 garbage-first heap   total 61440K, used 25643K [0x000000008a800000, 0x0000000100000000)
  region size 1024K, 2 young (2048K), 2 survivors (2048K)
 Metaspace       used 34834K, committed 35328K, reserved 1081344K
  class space    used 4477K, committed 4736K, reserved 1048576K
}

Deoptimization events (20 events):
Event: 5.743 Thread 0x00000217f341b9f0 Uncommon trap: reason=unstable_if action=reinterpret pc=0x00000217e264df88 method=java.io.WinNTFileSystem.resolve(Ljava/lang/String;Ljava/lang/String;)Ljava/lang/String; @ 19 c2
Event: 5.743 Thread 0x00000217f341b9f0 DEOPT PACKING pc=0x00000217e264df88 sp=0x0000007c5adff0c0
Event: 5.743 Thread 0x00000217f341b9f0 DEOPT UNPACKING pc=0x00000217e1f623a3 sp=0x0000007c5adfef90 mode 2
Event: 5.776 Thread 0x00000217f341b520 Uncommon trap: trap_request=0xffffffde fr.pc=0x00000217e2569850 relative=0x0000000000000110
Event: 5.776 Thread 0x00000217f341b520 Uncommon trap: reason=class_check action=maybe_recompile pc=0x00000217e2569850 method=org.springframework.boot.context.properties.source.ConfigurationPropertyName$Elements.charAt(II)C @ 43 c2
Event: 5.776 Thread 0x00000217f341b520 DEOPT PACKING pc=0x00000217e2569850 sp=0x0000007c5abf8410
Event: 5.776 Thread 0x00000217f341b520 DEOPT UNPACKING pc=0x00000217e1f623a3 sp=0x0000007c5abf8388 mode 2
Event: 5.778 Thread 0x00000217f341b520 Uncommon trap: trap_request=0xffffff45 fr.pc=0x00000217e25781b8 relative=0x00000000000002f8
Event: 5.778 Thread 0x00000217f341b520 Uncommon trap: reason=unstable_if action=reinterpret pc=0x00000217e25781b8 method=org.springframework.boot.context.properties.source.ConfigurationPropertyName.getElement(ILorg/springframework/boot/context/properties/source/ConfigurationPropertyName$Form;)
Event: 5.778 Thread 0x00000217f341b520 DEOPT PACKING pc=0x00000217e25781b8 sp=0x0000007c5abf8010
Event: 5.778 Thread 0x00000217f341b520 DEOPT UNPACKING pc=0x00000217e1f623a3 sp=0x0000007c5abf7fe0 mode 2
Event: 5.825 Thread 0x00000217f341b520 Uncommon trap: trap_request=0xfffffff4 fr.pc=0x00000217e26c0264 relative=0x0000000000000724
Event: 5.825 Thread 0x00000217f341b520 Uncommon trap: reason=null_check action=make_not_entrant pc=0x00000217e26c0264 method=org.springframework.beans.factory.support.DefaultListableBeanFactory.getBeanDefinition(Ljava/lang/String;)Lorg/springframework/beans/factory/config/BeanDefinition; @ 10 
Event: 5.825 Thread 0x00000217f341b520 DEOPT PACKING pc=0x00000217e26c0264 sp=0x0000007c5abf8c00
Event: 5.825 Thread 0x00000217f341b520 DEOPT UNPACKING pc=0x00000217e1f623a3 sp=0x0000007c5abf8b38 mode 2
Event: 5.837 Thread 0x00000217f341b520 Uncommon trap: trap_request=0xffffff45 fr.pc=0x00000217e25275fc relative=0x00000000000001dc
Event: 5.837 Thread 0x00000217f341b520 Uncommon trap: reason=unstable_if action=reinterpret pc=0x00000217e25275fc method=java.net.URI$Parser.scan(IILjava/lang/String;)I @ 26 c2
Event: 5.837 Thread 0x00000217f341b520 DEOPT PACKING pc=0x00000217e25275fc sp=0x0000007c5abf8880
Event: 5.837 Thread 0x00000217f341b520 DEOPT UNPACKING pc=0x00000217e1f623a3 sp=0x0000007c5abf8810 mode 2
Event: 5.867 Thread 0x00000217f341b520 Uncommon trap: trap_request=0xffffff45 fr.pc=0x00000217e2643cec relative=0x00000000000010cc

Classes unloaded (0 events):
No events

Classes redefined (0 events):
No events

Internal exceptions (20 events):
Event: 4.904 Thread 0x00000217f341b520 Implicit null exception at 0x00000217e270494c to 0x00000217e2704b08
Event: 5.077 Thread 0x00000217f341b520 Exception <a 'java/lang/NoSuchMethodError'{0x000000008db9e0f0}: 'void java.lang.invoke.DirectMethodHandle$Holder.invokeStatic(java.lang.Object, java.lang.Object, int)'> (0x000000008db9e0f0) 
thrown [s\open\src\hotspot\share\interpreter\linkResolver.cpp, line 759]
Event: 5.118 Thread 0x00000217f341b520 Exception <a 'java/lang/NoSuchMethodError'{0x000000008d9a8990}: 'void java.lang.invoke.DirectMethodHandle$Holder.invokeInterface(java.lang.Object, java.lang.Object, int)'> (0x000000008d9a8990) 
thrown [s\open\src\hotspot\share\interpreter\linkResolver.cpp, line 759]
Event: 5.122 Thread 0x00000217f341b520 Exception <a 'java/lang/IncompatibleClassChangeError'{0x000000008d9f86e8}: Found class java.lang.Object, but interface was expected> (0x000000008d9f86e8) 
thrown [s\open\src\hotspot\share\interpreter\linkResolver.cpp, line 826]
Event: 5.124 Thread 0x00000217f341b520 Exception <a 'java/lang/NoSuchMethodError'{0x000000008d811648}: 'void java.lang.invoke.DirectMethodHandle$Holder.invokeStatic(java.lang.Object, int, java.lang.Object)'> (0x000000008d811648) 
thrown [s\open\src\hotspot\share\interpreter\linkResolver.cpp, line 759]
Event: 5.130 Thread 0x00000217f341b520 Exception <a 'java/lang/NoSuchMethodError'{0x000000008d84ef20}: 'void java.lang.invoke.DirectMethodHandle$Holder.invokeVirtual(java.lang.Object, java.lang.Object, int)'> (0x000000008d84ef20) 
thrown [s\open\src\hotspot\share\interpreter\linkResolver.cpp, line 759]
Event: 5.131 Thread 0x00000217f341b520 Exception <a 'java/lang/NoSuchMethodError'{0x000000008d855168}: 'void java.lang.invoke.DirectMethodHandle$Holder.invokeStatic(java.lang.Object, java.lang.Object, java.lang.Object, int, java.lang.Object)'> (0x000000008d855168) 
thrown [s\open\src\hotspot\share\interpreter\linkResolver.cpp, line 759]
Event: 5.132 Thread 0x00000217f341b520 Exception <a 'java/lang/NoSuchMethodError'{0x000000008d85c8c8}: 'java.lang.Object java.lang.invoke.DirectMethodHandle$Holder.newInvokeSpecial(java.lang.Object, java.lang.Object, java.lang.Object, int)'> (0x000000008d85c8c8) 
thrown [s\open\src\hotspot\share\interpreter\linkResolver.cpp, line 759]
Event: 5.133 Thread 0x00000217f341b520 Exception <a 'java/lang/NoSuchMethodError'{0x000000008d860bb0}: 'java.lang.Object java.lang.invoke.DirectMethodHandle$Holder.invokeSpecial(java.lang.Object, java.lang.Object, java.lang.Object, java.lang.Object, int)'> (0x000000008d860bb0) 
thrown [s\open\src\hotspot\share\interpreter\linkResolver.cpp, line 759]
Event: 5.133 Thread 0x00000217f341b520 Exception <a 'java/lang/NoSuchMethodError'{0x000000008d864778}: 'java.lang.Object java.lang.invoke.Invokers$Holder.linkToTargetMethod(java.lang.Object, java.lang.Object, int, java.lang.Object)'> (0x000000008d864778) 
thrown [s\open\src\hotspot\share\interpreter\linkResolver.cpp, line 759]
Event: 5.487 Thread 0x00000217f341b520 Exception <a 'sun/nio/fs/WindowsException'{0x000000009029da30}> (0x000000009029da30) 
thrown [s\open\src\hotspot\share\prims\jni.cpp, line 516]
Event: 5.488 Thread 0x00000217f341b520 Exception <a 'sun/nio/fs/WindowsException'{0x00000000902a33b8}> (0x00000000902a33b8) 
thrown [s\open\src\hotspot\share\prims\jni.cpp, line 516]
Event: 5.489 Thread 0x00000217f341b520 Exception <a 'sun/nio/fs/WindowsException'{0x00000000902a3a90}> (0x00000000902a3a90) 
thrown [s\open\src\hotspot\share\prims\jni.cpp, line 516]
Event: 5.529 Thread 0x00000217f341b520 Exception <a 'java/lang/NoSuchMethodError'{0x000000008ddc1aa0}: 'java.lang.Object java.lang.invoke.DirectMethodHandle$Holder.invokeSpecial(java.lang.Object, java.lang.Object, long, java.lang.Object, java.lang.Object, java.lang.Object, java.lang.Object, java.lang.Object, java.lang.Object)'> (0x000000008ddc1aa0) 
thrown [s\open\src\hotspot\share\interpreter\linkResolver.cpp, line 759]
Event: 5.529 Thread 0x00000217f341b520 Exception <a 'java/lang/NoSuchMethodError'{0x000000008ddc65c8}: 'java.lang.Object java.lang.invoke.DelegatingMethodHandle$Holder.reinvoke_L(java.lang.Object, long, java.lang.Object, java.lang.Object, java.lang.Object, java.lang.Object, java.lang.Object, java.lang.Object)'> (0x000000008ddc65c8) 
thrown [s\open\src\hotspot\share\interpreter\linkResolver.cpp, line 759]
Event: 5.605 Thread 0x00000217f341b520 Exception <a 'java/io/FileNotFoundException'{0x000000008da4cf58}> (0x000000008da4cf58) 
thrown [s\open\src\hotspot\share\prims\jni.cpp, line 516]
Event: 5.605 Thread 0x00000217f341b520 Exception <a 'java/io/FileNotFoundException'{0x000000008da4e510}> (0x000000008da4e510) 
thrown [s\open\src\hotspot\share\prims\jni.cpp, line 516]
Event: 5.606 Thread 0x00000217f341b520 Exception <a 'java/io/FileNotFoundException'{0x000000008da4fb00}> (0x000000008da4fb00) 
thrown [s\open\src\hotspot\share\prims\jni.cpp, line 516]
Event: 5.638 Thread 0x00000217f341b520 Exception <a 'java/lang/NoSuchMethodError'{0x000000008d85b118}: 'int java.lang.invoke.DirectMethodHandle$Holder.invokeInterface(java.lang.Object, java.lang.Object, java.lang.Object, java.lang.Object)'> (0x000000008d85b118) 
thrown [s\open\src\hotspot\share\interpreter\linkResolver.cpp, line 759]
Event: 5.825 Thread 0x00000217f341b520 Implicit null exception at 0x00000217e26bfd97 to 0x00000217e26c0254

VM Operations (20 events):
Event: 5.400 Executing VM operation: G1CollectForAllocation
Event: 5.405 Executing VM operation: G1CollectForAllocation done
Event: 5.432 Executing VM operation: HandshakeAllThreads
Event: 5.432 Executing VM operation: HandshakeAllThreads done
Event: 5.461 Executing VM operation: HandshakeAllThreads
Event: 5.461 Executing VM operation: HandshakeAllThreads done
Event: 5.552 Executing VM operation: HandshakeAllThreads
Event: 5.552 Executing VM operation: HandshakeAllThreads done
Event: 5.574 Executing VM operation: HandshakeAllThreads
Event: 5.574 Executing VM operation: HandshakeAllThreads done
Event: 5.592 Executing VM operation: HandshakeAllThreads
Event: 5.592 Executing VM operation: HandshakeAllThreads done
Event: 5.604 Executing VM operation: HandshakeAllThreads
Event: 5.604 Executing VM operation: HandshakeAllThreads done
Event: 5.657 Executing VM operation: ICBufferFull
Event: 5.657 Executing VM operation: ICBufferFull done
Event: 5.742 Executing VM operation: HandshakeAllThreads
Event: 5.742 Executing VM operation: HandshakeAllThreads done
Event: 5.817 Executing VM operation: G1CollectForAllocation
Event: 5.822 Executing VM operation: G1CollectForAllocation done

Events (20 events):
Event: 5.609 Thread 0x00000217f1166710 flushing nmethod 0x00000217db331590
Event: 5.610 Thread 0x00000217f1166710 flushing nmethod 0x00000217db342510
Event: 5.610 Thread 0x00000217f1166710 flushing nmethod 0x00000217db345490
Event: 5.610 Thread 0x00000217f1166710 flushing nmethod 0x00000217db36a290
Event: 5.610 Thread 0x00000217f1166710 flushing nmethod 0x00000217db36d410
Event: 5.661 loading class java/util/UUID$Holder
Event: 5.661 loading class java/util/UUID$Holder done
Event: 5.713 loading class java/lang/SafeVarargs
Event: 5.713 loading class java/lang/SafeVarargs done
Event: 5.741 loading class java/util/concurrent/Executors$FinalizableDelegatedExecutorService
Event: 5.741 loading class java/util/concurrent/Executors$DelegatedExecutorService
Event: 5.741 loading class java/util/concurrent/Executors$DelegatedExecutorService done
Event: 5.741 loading class java/util/concurrent/Executors$FinalizableDelegatedExecutorService done
Event: 5.742 loading class java/util/concurrent/ThreadPoolExecutor$Worker
Event: 5.742 loading class java/util/concurrent/ThreadPoolExecutor$Worker done
Event: 5.742 Thread 0x00000217f341b9f0 Thread added: 0x00000217f341b9f0
Event: 5.810 loading class javax/naming/Referenceable
Event: 5.810 loading class javax/naming/Referenceable done
Event: 5.862 loading class java/lang/instrument/ClassFileTransformer
Event: 5.862 loading class java/lang/instrument/ClassFileTransformer done


Dynamic libraries:
0x00007ff692fd0000 - 0x00007ff692fe0000 	C:\Program Files\Java\jdk-17\bin\java.exe
0x00007fff533b0000 - 0x00007fff535c4000 	C:\WINDOWS\SYSTEM32\ntdll.dll
0x00007fff52ae0000 - 0x00007fff52ba4000 	C:\WINDOWS\System32\KERNEL32.DLL
0x00007fff50760000 - 0x00007fff50b04000 	C:\WINDOWS\System32\KERNELBASE.dll
0x00007fff50e30000 - 0x00007fff50f41000 	C:\WINDOWS\System32\ucrtbase.dll
0x00007fff27d40000 - 0x00007fff27d59000 	C:\Program Files\Java\jdk-17\bin\jli.dll
0x00007fff38190000 - 0x00007fff381ab000 	C:\Program Files\Java\jdk-17\bin\VCRUNTIME140.dll
0x00007fff52f70000 - 0x00007fff53020000 	C:\WINDOWS\System32\ADVAPI32.dll
0x00007fff53290000 - 0x00007fff53337000 	C:\WINDOWS\System32\msvcrt.dll
0x00007fff516c0000 - 0x00007fff51766000 	C:\WINDOWS\System32\sechost.dll
0x00007fff529c0000 - 0x00007fff52ad7000 	C:\WINDOWS\System32\RPCRT4.dll
0x00007fff52290000 - 0x00007fff5243e000 	C:\WINDOWS\System32\USER32.dll
0x00007fff3ffd0000 - 0x00007fff40263000 	C:\WINDOWS\WinSxS\amd64_microsoft.windows.common-controls_6595b64144ccf1df_6.0.22621.2215_none_270d72677387dfc3\COMCTL32.dll
0x00007fff50cd0000 - 0x00007fff50cf6000 	C:\WINDOWS\System32\win32u.dll
0x00007fff52bb0000 - 0x00007fff52bd9000 	C:\WINDOWS\System32\GDI32.dll
0x00007fff50bb0000 - 0x00007fff50cc8000 	C:\WINDOWS\System32\gdi32full.dll
0x00007fff50b10000 - 0x00007fff50baa000 	C:\WINDOWS\System32\msvcp_win.dll
0x00007fff4dd40000 - 0x00007fff4dd4a000 	C:\WINDOWS\SYSTEM32\VERSION.dll
0x00007fff51140000 - 0x00007fff51171000 	C:\WINDOWS\System32\IMM32.DLL
0x00007fff3dd80000 - 0x00007fff3dd8c000 	C:\Program Files\Java\jdk-17\bin\vcruntime140_1.dll
0x00007fff13530000 - 0x00007fff135be000 	C:\Program Files\Java\jdk-17\bin\msvcp140.dll
0x00007ffedb4f0000 - 0x00007ffedc0cd000 	C:\Program Files\Java\jdk-17\bin\server\jvm.dll
0x00007fff53360000 - 0x00007fff53368000 	C:\WINDOWS\System32\PSAPI.DLL
0x00007fff487b0000 - 0x00007fff487e4000 	C:\WINDOWS\SYSTEM32\WINMM.dll
0x00007fff29580000 - 0x00007fff29589000 	C:\WINDOWS\SYSTEM32\WSOCK32.dll
0x00007fff51260000 - 0x00007fff512d1000 	C:\WINDOWS\System32\WS2_32.dll
0x00007fff4f760000 - 0x00007fff4f778000 	C:\WINDOWS\SYSTEM32\kernel.appcore.dll
0x00007fff3d620000 - 0x00007fff3d62a000 	C:\Program Files\Java\jdk-17\bin\jimage.dll
0x00007fff4a480000 - 0x00007fff4a6ae000 	C:\WINDOWS\SYSTEM32\DBGHELP.DLL
0x00007fff52be0000 - 0x00007fff52f6a000 	C:\WINDOWS\System32\combase.dll
0x00007fff51180000 - 0x00007fff51257000 	C:\WINDOWS\System32\OLEAUT32.dll
0x00007fff30d30000 - 0x00007fff30d62000 	C:\WINDOWS\SYSTEM32\dbgcore.DLL
0x00007fff50f50000 - 0x00007fff50fca000 	C:\WINDOWS\System32\bcryptPrimitives.dll
0x00007fff272b0000 - 0x00007fff272d5000 	C:\Program Files\Java\jdk-17\bin\java.dll
0x00007fff12f90000 - 0x00007fff13067000 	C:\Program Files\Java\jdk-17\bin\jsvml.dll
0x00007fff51a60000 - 0x00007fff52283000 	C:\WINDOWS\System32\SHELL32.dll
0x00007fff4e6f0000 - 0x00007fff4efda000 	C:\WINDOWS\SYSTEM32\windows.storage.dll
0x00007fff4e5b0000 - 0x00007fff4e6ee000 	C:\WINDOWS\SYSTEM32\wintypes.dll
0x00007fff528c0000 - 0x00007fff529b3000 	C:\WINDOWS\System32\SHCORE.dll
0x00007fff51660000 - 0x00007fff516be000 	C:\WINDOWS\System32\shlwapi.dll
0x00007fff50690000 - 0x00007fff506b6000 	C:\WINDOWS\SYSTEM32\profapi.dll
0x00007fff266f0000 - 0x00007fff26709000 	C:\Program Files\Java\jdk-17\bin\net.dll
0x00007fff49460000 - 0x00007fff49597000 	C:\WINDOWS\SYSTEM32\WINHTTP.dll
0x00007fff4fc30000 - 0x00007fff4fc99000 	C:\WINDOWS\system32\mswsock.dll
0x00007fff25060000 - 0x00007fff25076000 	C:\Program Files\Java\jdk-17\bin\nio.dll
0x00007fff267c0000 - 0x00007fff267d8000 	C:\Program Files\Java\jdk-17\bin\zip.dll
0x00007fff3c260000 - 0x00007fff3c26a000 	C:\Program Files\Java\jdk-17\bin\management.dll
0x00007fff3bc10000 - 0x00007fff3bc1b000 	C:\Program Files\Java\jdk-17\bin\management_ext.dll
0x00007fff4ae80000 - 0x00007fff4ae97000 	C:\WINDOWS\system32\napinsp.dll
0x00007fff49f70000 - 0x00007fff49f8b000 	C:\WINDOWS\system32\pnrpnsp.dll
0x00007fff4f2b0000 - 0x00007fff4f3a2000 	C:\WINDOWS\SYSTEM32\DNSAPI.dll
0x00007fff4f240000 - 0x00007fff4f26d000 	C:\WINDOWS\SYSTEM32\IPHLPAPI.DLL
0x00007fff515e0000 - 0x00007fff515e9000 	C:\WINDOWS\System32\NSI.dll
0x00007fff3f110000 - 0x00007fff3f121000 	C:\WINDOWS\System32\winrnr.dll
0x00007fff30f30000 - 0x00007fff30f45000 	C:\WINDOWS\system32\wshbth.dll
0x00007fff3f0e0000 - 0x00007fff3f101000 	C:\WINDOWS\system32\nlansp_c.dll
0x00007fff49ad0000 - 0x00007fff49ada000 	C:\Windows\System32\rasadhlp.dll
0x00007fff48700000 - 0x00007fff48784000 	C:\WINDOWS\System32\fwpuclnt.dll
0x00007fff4fe90000 - 0x00007fff4feab000 	C:\WINDOWS\SYSTEM32\CRYPTSP.dll
0x00007fff4f720000 - 0x00007fff4f755000 	C:\WINDOWS\system32\rsaenh.dll
0x00007fff4fd20000 - 0x00007fff4fd4c000 	C:\WINDOWS\SYSTEM32\USERENV.dll
0x00007fff50020000 - 0x00007fff50048000 	C:\WINDOWS\SYSTEM32\bcrypt.dll
0x00007fff4fe80000 - 0x00007fff4fe8c000 	C:\WINDOWS\SYSTEM32\CRYPTBASE.dll
0x00007fff49ae0000 - 0x00007fff49af9000 	C:\WINDOWS\SYSTEM32\dhcpcsvc6.DLL
0x00007fff49440000 - 0x00007fff4945f000 	C:\WINDOWS\SYSTEM32\dhcpcsvc.DLL
0x00007fff3c2a0000 - 0x00007fff3c2b0000 	C:\Program Files\Java\jdk-17\bin\verify.dll
0x00007fff3ad80000 - 0x00007fff3ad8d000 	C:\Program Files\Java\jdk-17\bin\sunmscapi.dll
0x00007fff50fd0000 - 0x00007fff51136000 	C:\WINDOWS\System32\CRYPT32.dll
0x00007fff4fff0000 - 0x00007fff5001e000 	C:\WINDOWS\SYSTEM32\ncrypt.dll
0x00007fff4ffb0000 - 0x00007fff4ffe7000 	C:\WINDOWS\SYSTEM32\NTASN1.dll

dbghelp: loaded successfully - version: 4.0.5 - missing functions: none
symbol engine: initialized successfully - sym options: 0x614 - pdb path: .;C:\Program Files\Java\jdk-17\bin;C:\WINDOWS\SYSTEM32;C:\WINDOWS\WinSxS\amd64_microsoft.windows.common-controls_6595b64144ccf1df_6.0.22621.2215_none_270d72677387dfc3;C:\Program Files\Java\jdk-17\bin\server

VM Arguments:
jvm_args: -Dcom.sun.management.jmxremote -Dcom.sun.management.jmxremote.port=59706 -Dcom.sun.management.jmxremote.authenticate=false -Dcom.sun.management.jmxremote.ssl=false -Dspring.jmx.enabled=true -Djava.rmi.server.hostname=localhost -Dspring.application.admin.enabled=true -Dspring.boot.project.name=demo -XX:+ShowCodeDetailsInExceptionMessages 
java_command: com.chatapp.ChatApplication
java_class_path (initial): C:\Users\ACER\OneDrive\Máy tính\backend-tdc-networking.git\bin\main;C:\Users\ACER\OneDrive\Máy tính\backend-tdc-networking.git\bin\test;C:\Users\ACER\OneDrive\Máy tính\backend-tdc-networking.git\bin\default;C:\Users\ACER\.gradle\caches\modules-2\files-2.1\org.projectlombok\lombok\1.18.28\a2ff5da8bcd8b1b26f36b806ced63213362c6dcc\lombok-1.18.28.jar;C:\Users\ACER\.gradle\caches\modules-2\files-2.1\org.springframework.boot\spring-boot-starter-data-jpa\3.1.3\f0a12154dd3ecee15f6b0ad9cc8025cb600cbbfc\spring-boot-starter-data-jpa-3.1.3.jar;C:\Users\ACER\.gradle\caches\modules-2\files-2.1\org.springframework.boot\spring-boot-starter-security\3.1.3\b447ab41a6b07c983276cee15b7bbe589b9ce752\spring-boot-starter-security-3.1.3.jar;C:\Users\ACER\.gradle\caches\modules-2\files-2.1\org.springframework.boot\spring-boot-starter-validation\3.1.3\fdf58f7fb49600f02dec49549bc629d2ae9c6de0\spring-boot-starter-validation-3.1.3.jar;C:\Users\ACER\.gradle\caches\modules-2\files-2.1\org.springframework.boot\spring-boot-starter-websocket\3.1.3\85741de46961afd30b9825efd9a5ebac7aa2efb4\spring-boot-starter-websocket-3.1.3.jar;C:\Users\ACER\.gradle\caches\modules-2\files-2.1\org.springframework.boot\spring-boot-starter-web\3.1.3\d4326db157b4cf73647ae69b588de0dc65cb702\spring-boot-starter-web-3.1.3.jar;C:\Users\ACER\.gradle\caches\modules-2\files-2.1\io.jsonwebtoken\jjwt\0.9.1\54d2abfc3e63a28824d35bf600d6a5d627da681a\jjwt-0.9.1.jar;C:\Users\ACER\.gradle\caches\modules-2\files-2.1\org.modelmapper\modelmapper\3.1.1\6636e94590e9d98e5e7db7e4fafcc15e9390e18d\modelmapper-3.1.1.jar;C:\Users\ACER\.gradle\caches\modules-2\files-2.1\commons-io\commons-io\2.13.0\8bb2bc9b4df17e2411533a0708a69f983bf5e83b\commons-io-2.13.0.jar;C:\Users\ACER\.gradle\caches\modules-2\files-2.1\javax.xml.bind\jaxb-api\2.3.1\8531ad5ac454cc2deb9d4d32c40c4d7451939b5d\jaxb-api-2.3.1.jar;C:\Users\ACER\.gradle\caches\modules-2\files-2.1\com.google.firebase\firebase-admin\9.2.0\92f5b2f4da778efcd82c9421a0eccae70b
Launcher Type: SUN_STANDARD

[Global flags]
     intx CICompilerCount                          = 4                                         {product} {ergonomic}
     uint ConcGCThreads                            = 3                                         {product} {ergonomic}
     uint G1ConcRefinementThreads                  = 10                                        {product} {ergonomic}
   size_t G1HeapRegionSize                         = 1048576                                   {product} {ergonomic}
    uintx GCDrainStackTargetSize                   = 64                                        {product} {ergonomic}
   size_t InitialHeapSize                          = 123731968                                 {product} {ergonomic}
     bool ManagementServer                         = true                                      {product} {command line}
   size_t MarkStackSize                            = 4194304                                   {product} {ergonomic}
   size_t MaxHeapSize                              = 1971322880                                {product} {ergonomic}
   size_t MaxNewSize                               = 1182793728                                {product} {ergonomic}
   size_t MinHeapDeltaBytes                        = 1048576                                   {product} {ergonomic}
   size_t MinHeapSize                              = 8388608                                   {product} {ergonomic}
    uintx NonNMethodCodeHeapSize                   = 5839372                                {pd product} {ergonomic}
    uintx NonProfiledCodeHeapSize                  = 122909434                              {pd product} {ergonomic}
    uintx ProfiledCodeHeapSize                     = 122909434                              {pd product} {ergonomic}
    uintx ReservedCodeCacheSize                    = 251658240                              {pd product} {ergonomic}
     bool SegmentedCodeCache                       = true                                      {product} {ergonomic}
     bool ShowCodeDetailsInExceptionMessages       = true                                   {manageable} {command line}
   size_t SoftMaxHeapSize                          = 1971322880                             {manageable} {ergonomic}
     bool UseCompressedClassPointers               = true                           {product lp64_product} {ergonomic}
     bool UseCompressedOops                        = true                           {product lp64_product} {ergonomic}
     bool UseG1GC                                  = true                                      {product} {ergonomic}
     bool UseLargePagesIndividualAllocation        = false                                  {pd product} {ergonomic}

Logging:
Log output configuration:
 #0: stdout all=warning uptime,level,tags
 #1: stderr all=off uptime,level,tags

Environment Variables:
JAVA_HOME=C:\Program Files\Microsoft\jdk-11.0.20.8-hotspot\
PATH=C:\Users\ACER\bin;C:\Program Files\Git\mingw64\bin;C:\Program Files\Git\usr\local\bin;C:\Program Files\Git\usr\bin;C:\Program Files\Git\usr\bin;C:\Program Files\Git\mingw64\bin;C:\Program Files\Git\usr\bin;C:\Users\ACER\bin;C:\Program Files\Microsoft\jdk-11.0.20.8-hotspot\bin;C:\Users\ACER\AppData\Local\Programs\Python\Python311\Scripts;C:\Users\ACER\AppData\Local\Programs\Python\Python311;C:\Program Files\Common Files\Oracle\Java\javapath;C:\Program Files (x86)\Common Files\Oracle\Java\javapath;C:\Program Files (x86)\VMware\VMware Workstation\bin;C:\ProgramData\Oracle\Java\javapath;C:\Windows\system32;C:\Windows;C:\Windows\System32\Wbem;C:\Windows\System32\WindowsPowerShell\v1.0;C:\Windows\System32\OpenSSH;C:\Program Files\NVIDIA Corporation\NVIDIA NvDLISR;C:\WINDOWS\system32;C:\WINDOWS;C:\WINDOWS\System32\Wbem;C:\WINDOWS\System32\WindowsPowerShell\v1.0;C:\WINDOWS\System32\OpenSSH;C:\Program Files\dotnet;C:\Program Files\Microsoft SQL Server\130\Tools\Binn;C:\Program Files\Microsoft SQL Server\Client SDK\ODBC\170\Tools\Binn;C:\Program Files\Microsoft SQL Server\150\Tools\Binn;C:\Program Files\Git\cmd;C:\WINDOWS\system32;C:\WINDOWS;C:\WINDOWS\System32\Wbem;C:\WINDOWS\System32\WindowsPowerShell\v1.0;C:\WINDOWS\System32\OpenSSH;D:\wamp64\bin\php\php8.1.0;C:\ProgramData\ComposerSetup\bin;C:\cmder;D:\wamp64\bin\php\php8.2.0;C:\apache-maven-3.6.0\bin;C:\Gradle\gradle-8.2.1\bin;C:\ProgramData\chocolatey\bin;C:\Program Files\nodejs;C:\Users\ACER\AppData\Local\Microsoft\WindowsApps;C:\Users\ACER\.dotnet\tools;C:\Users\ACER\AppData\Local\Programs\Microsoft VS Code\bin;C:\Users\ACER\AppData\Local\Android\Sdk\platform-tools;C:\Users\ACER\AppData\Roaming\Composer\vendor\bin;D:\wamp64\bin\php\php8.0.13;C:\Program Files\JetBrains\PhpStorm 2022.3.3\bin;C:\Users\ACER\Downloads\cmder\bin;C:\Users\ACER\AppData\Roaming\npm;C:\Program Files\Git\usr\bin\vendor_perl;C:\Program Files\Git\usr\bin\core_perl
USERNAME=ACER
SHELL=C:\Program Files\Git\usr\bin\bash.exe
DISPLAY=needs-to-be-defined
LANG=en_US.UTF-8
OS=Windows_NT
PROCESSOR_IDENTIFIER=AMD64 Family 23 Model 104 Stepping 1, AuthenticAMD



---------------  S Y S T E M  ---------------

OS:
 Windows 11 , 64 bit Build 22621 (10.0.22621.2215)
OS uptime: 2 days 0:05 hours

CPU: total 12 (initial active 12) (12 cores per cpu, 2 threads per core) family 23 model 104 stepping 1 microcode 0x0, cx8, cmov, fxsr, ht, mmx, 3dnowpref, sse, sse2, sse3, ssse3, sse4a, sse4.1, sse4.2, popcnt, lzcnt, tsc, tscinvbit, avx, avx2, aes, clmul, bmi1, bmi2, adx, sha, fma, vzeroupper, clflush, clflushopt

Memory: 4k page, system-wide physical 7514M (505M free)
TotalPageFile size 19802M (AvailPageFile size 6M)
current process WorkingSet (physical memory assigned to process): 217M, peak: 220M
current process commit charge ("private bytes"): 264M, peak: 269M

vm_info: Java HotSpot(TM) 64-Bit Server VM (17.0.7+8-LTS-224) for windows-amd64 JRE (17.0.7+8-LTS-224), built on Feb 28 2023 23:03:02 by "mach5one" with MS VC++ 17.1 (VS2022)

END.
