#
# There is insufficient memory for the Java Runtime Environment to continue.
# Native memory allocation (malloc) failed to allocate 168176 bytes for Chunk::new
# Possible reasons:
#   The system is out of physical RAM or swap space
#   The process is running with CompressedOops enabled, and the Java Heap may be blocking the growth of the native heap
# Possible solutions:
#   Reduce memory load on the system
#   Increase physical memory or swap space
#   Check if swap backing store is full
#   Decrease Java heap size (-Xmx/-Xms)
#   Decrease number of Java threads
#   Decrease Java thread stack sizes (-Xss)
#   Set larger code cache with -XX:ReservedCodeCacheSize=
#   JVM is running with Unscaled Compressed Oops mode in which the Java heap is
#     placed in the first 4GB address space. The Java Heap base address is the
#     maximum limit for the native heap growth. Please use -XX:HeapBaseMinAddress
#     to set the Java Heap base and to place the Java Heap above 4GB virtual address.
# This output file may be truncated or incomplete.
#
#  Out of Memory Error (arena.cpp:189), pid=19960, tid=18180
#
# JRE version: OpenJDK Runtime Environment Temurin-17.0.8.1+1 (17.0.8.1+1) (build 17.0.8.1+1)
# Java VM: OpenJDK 64-Bit Server VM Temurin-17.0.8.1+1 (17.0.8.1+1, mixed mode, tiered, compressed oops, compressed class ptrs, parallel gc, windows-amd64)
# No core dump will be written. Minidumps are not enabled by default on client versions of Windows
#

---------------  S U M M A R Y ------------

Command Line: --add-modules=ALL-SYSTEM --add-opens=java.base/java.util=ALL-UNNAMED --add-opens=java.base/java.lang=ALL-UNNAMED --add-opens=java.base/sun.nio.fs=ALL-UNNAMED -Declipse.application=org.eclipse.jdt.ls.core.id1 -Dosgi.bundles.defaultStartLevel=4 -Declipse.product=org.eclipse.jdt.ls.core.product -Djava.import.generatesMetadataFilesAtProjectRoot=false -DDetectVMInstallationsJob.disabled=true -Dfile.encoding=utf8 -XX:+UseParallelGC -XX:GCTimeRatio=4 -XX:AdaptiveSizePolicyWeight=90 -Dsun.zip.disableMemoryMapping=true -Xmx1G -Xms100m -Xlog:disable -javaagent:c:\Users\ACER\.vscode\extensions\redhat.java-1.23.0-win32-x64\lombok\lombok-1.18.30.jar c:\Users\ACER\.vscode\extensions\redhat.java-1.23.0-win32-x64\server\plugins\org.eclipse.equinox.launcher_1.6.500.v20230717-2134.jar -configuration c:\Users\ACER\AppData\Roaming\Code\User\globalStorage\redhat.java\1.23.0\config_ss_win -data c:\Users\ACER\AppData\Roaming\Code\User\workspaceStorage\fc8769e14906d27e59db6c9fcb0649d3\redhat.java\ss_ws

Host: AMD Ryzen 5 5500U with Radeon Graphics         , 12 cores, 7G,  Windows 11 , 64 bit Build 22621 (10.0.22621.2428)
Time: Sat Oct 14 20:23:33 2023 SE Asia Standard Time elapsed time: 0.604359 seconds (0d 0h 0m 0s)

---------------  T H R E A D  ---------------

Current thread (0x000002329b6081a0):  JavaThread "C2 CompilerThread0" daemon [_thread_in_native, id=18180, stack(0x0000007b7f600000,0x0000007b7f700000)]


Current CompileTask:
C2:    604  392 %     4       lombok.launch.PackageShader::apply @ 76 (252 bytes)

Stack: [0x0000007b7f600000,0x0000007b7f700000]
Native frames: (J=compiled Java code, j=interpreted, Vv=VM code, C=native code)
V  [jvm.dll+0x678b0a]
V  [jvm.dll+0x835e84]
V  [jvm.dll+0x83762e]
V  [jvm.dll+0x837c93]
V  [jvm.dll+0x24746f]
V  [jvm.dll+0xac20c]
V  [jvm.dll+0xac7dc]
V  [jvm.dll+0x365c52]
V  [jvm.dll+0x3301a1]
V  [jvm.dll+0x32f64a]
V  [jvm.dll+0x219bf1]
V  [jvm.dll+0x219011]
V  [jvm.dll+0x1a534d]
V  [jvm.dll+0x228d8a]
V  [jvm.dll+0x226dcc]
V  [jvm.dll+0x7ec09b]
V  [jvm.dll+0x7e64ca]
V  [jvm.dll+0x677955]
C  [ucrtbase.dll+0x29363]
C  [KERNEL32.DLL+0x1257d]
C  [ntdll.dll+0x5aa78]


---------------  P R O C E S S  ---------------

Threads class SMR info:
_java_thread_list=0x000002329b8e0c90, length=12, elements={
0x00000232824aadc0, 0x000002329631bda0, 0x000002329631d1d0, 0x000002329b601f30,
0x000002329b602bc0, 0x000002329b603950, 0x000002329b605590, 0x000002329b6081a0,
0x000002329b60a310, 0x000002329b6187e0, 0x000002328250e4c0, 0x000002329b8e6320
}

Java Threads: ( => current thread )
  0x00000232824aadc0 JavaThread "main" [_thread_in_Java, id=2276, stack(0x0000007b7ed00000,0x0000007b7ee00000)]
  0x000002329631bda0 JavaThread "Reference Handler" daemon [_thread_blocked, id=10820, stack(0x0000007b7f000000,0x0000007b7f100000)]
  0x000002329631d1d0 JavaThread "Finalizer" daemon [_thread_blocked, id=17232, stack(0x0000007b7f100000,0x0000007b7f200000)]
  0x000002329b601f30 JavaThread "Signal Dispatcher" daemon [_thread_blocked, id=11692, stack(0x0000007b7f200000,0x0000007b7f300000)]
  0x000002329b602bc0 JavaThread "Attach Listener" daemon [_thread_blocked, id=5300, stack(0x0000007b7f300000,0x0000007b7f400000)]
  0x000002329b603950 JavaThread "Service Thread" daemon [_thread_blocked, id=7656, stack(0x0000007b7f400000,0x0000007b7f500000)]
  0x000002329b605590 JavaThread "Monitor Deflation Thread" daemon [_thread_blocked, id=23344, stack(0x0000007b7f500000,0x0000007b7f600000)]
=>0x000002329b6081a0 JavaThread "C2 CompilerThread0" daemon [_thread_in_native, id=18180, stack(0x0000007b7f600000,0x0000007b7f700000)]
  0x000002329b60a310 JavaThread "C1 CompilerThread0" daemon [_thread_blocked, id=10436, stack(0x0000007b7f700000,0x0000007b7f800000)]
  0x000002329b6187e0 JavaThread "Sweeper thread" daemon [_thread_blocked, id=14768, stack(0x0000007b7f800000,0x0000007b7f900000)]
  0x000002328250e4c0 JavaThread "Common-Cleaner" daemon [_thread_blocked, id=21372, stack(0x0000007b7f900000,0x0000007b7fa00000)]
  0x000002329b8e6320 JavaThread "Notification Thread" daemon [_thread_blocked, id=4228, stack(0x0000007b7fa00000,0x0000007b7fb00000)]

Other Threads:
  0x000002328255e7b0 VMThread "VM Thread" [stack: 0x0000007b7ef00000,0x0000007b7f000000] [id=9908]
  0x000002329cc2c150 WatcherThread [stack: 0x0000007b7fb00000,0x0000007b7fc00000] [id=11540]
  0x00000232824c11c0 GCTaskThread "GC Thread#0" [stack: 0x0000007b7ee00000,0x0000007b7ef00000] [id=13972]

Threads with active compile tasks:
C2 CompilerThread0      630  392 %     4       lombok.launch.PackageShader::apply @ 76 (252 bytes)

VM state: not at safepoint (normal execution)

VM Mutex/Monitor currently owned by a thread: None

Heap address: 0x00000000c0000000, size: 1024 MB, Compressed Oops mode: 32-bit

CDS archive(s) not mapped
Compressed class space mapped at: 0x0000000100000000-0x0000000140000000, reserved size: 1073741824
Narrow klass base: 0x0000000000000000, Narrow klass shift: 3, Narrow klass range: 0x140000000

GC Precious Log:
 CPUs: 12 total, 12 available
 Memory: 7514M
 Large Page Support: Disabled
 NUMA Support: Disabled
 Compressed Oops: Enabled (32-bit)
 Alignments: Space 512K, Generation 512K, Heap 2M
 Heap Min Capacity: 100M
 Heap Initial Capacity: 100M
 Heap Max Capacity: 1G
 Pre-touch: Disabled
 Parallel Workers: 10

Heap:
 PSYoungGen      total 29696K, used 8739K [0x00000000eab00000, 0x00000000ecc00000, 0x0000000100000000)
  eden space 25600K, 34% used [0x00000000eab00000,0x00000000eb388de0,0x00000000ec400000)
  from space 4096K, 0% used [0x00000000ec800000,0x00000000ec800000,0x00000000ecc00000)
  to   space 4096K, 0% used [0x00000000ec400000,0x00000000ec400000,0x00000000ec800000)
 ParOldGen       total 68608K, used 0K [0x00000000c0000000, 0x00000000c4300000, 0x00000000eab00000)
  object space 68608K, 0% used [0x00000000c0000000,0x00000000c0000000,0x00000000c4300000)
 Metaspace       used 6490K, committed 6656K, reserved 1114112K
  class space    used 632K, committed 704K, reserved 1048576K

Card table byte_map: [0x0000023281e70000,0x0000023282080000] _byte_map_base: 0x0000023281870000

Marking Bits: (ParMarkBitMap*) 0x00007ff9c2f283a0
 Begin Bits: [0x0000023294120000, 0x0000023295120000)
 End Bits:   [0x0000023295120000, 0x0000023296120000)

Polling page: 0x0000023281c60000

Metaspace:

Usage:
  Non-class:      5.72 MB used.
      Class:    632.38 KB used.
       Both:      6.34 MB used.

Virtual space:
  Non-class space:       64.00 MB reserved,       5.81 MB (  9%) committed,  1 nodes.
      Class space:        1.00 GB reserved,     704.00 KB ( <1%) committed,  1 nodes.
             Both:        1.06 GB reserved,       6.50 MB ( <1%) committed. 

Chunk freelists:
   Non-Class:  10.23 MB
       Class:  15.21 MB
        Both:  25.45 MB

MaxMetaspaceSize: unlimited
CompressedClassSpaceSize: 1.00 GB
Initial GC threshold: 21.00 MB
Current GC threshold: 21.00 MB
CDS: off
MetaspaceReclaimPolicy: balanced
 - commit_granule_bytes: 65536.
 - commit_granule_words: 8192.
 - virtual_space_node_default_size: 8388608.
 - enlarge_chunks_in_place: 1.
 - new_chunks_are_fully_committed: 0.
 - uncommit_free_chunks: 1.
 - use_allocation_guard: 0.
 - handle_deallocations: 1.


Internal statistics:

num_allocs_failed_limit: 0.
num_arena_births: 10.
num_arena_deaths: 0.
num_vsnodes_births: 2.
num_vsnodes_deaths: 0.
num_space_committed: 104.
num_space_uncommitted: 0.
num_chunks_returned_to_freelist: 0.
num_chunks_taken_from_freelist: 35.
num_chunk_merges: 0.
num_chunk_splits: 22.
num_chunks_enlarged: 21.
num_inconsistent_stats: 0.

CodeHeap 'non-profiled nmethods': size=120000Kb used=118Kb max_used=118Kb free=119881Kb
 bounds [0x000002328cbf0000, 0x000002328ce60000, 0x0000023294120000]
CodeHeap 'profiled nmethods': size=120000Kb used=590Kb max_used=590Kb free=119410Kb
 bounds [0x0000023285120000, 0x0000023285390000, 0x000002328c650000]
CodeHeap 'non-nmethods': size=5760Kb used=1101Kb max_used=1111Kb free=4658Kb
 bounds [0x000002328c650000, 0x000002328c8c0000, 0x000002328cbf0000]
 total_blobs=803 nmethods=423 adapters=295
 compilation: enabled
              stopped_count=0, restarted_count=0
 full_count=0

Compilation events (20 events):
Event: 0.593 Thread 0x000002329b60a310 nmethod 400 0x00000232851a6b10 code [0x00000232851a6cc0, 0x00000232851a6e98]
Event: 0.596 Thread 0x000002329b60a310  402       3       java.lang.StringBuilder::length (5 bytes)
Event: 0.596 Thread 0x000002329b60a310 nmethod 402 0x00000232851a6f90 code [0x00000232851a7120, 0x00000232851a7238]
Event: 0.596 Thread 0x000002329b60a310  403       3       java.util.ArrayList::grow (60 bytes)
Event: 0.597 Thread 0x000002329b60a310 nmethod 403 0x00000232851a7310 code [0x00000232851a7500, 0x00000232851a7ad8]
Event: 0.597 Thread 0x000002329b60a310  404       1       java.util.Collections$1::hasNext (5 bytes)
Event: 0.597 Thread 0x000002329b60a310 nmethod 404 0x000002328cc0d110 code [0x000002328cc0d2a0, 0x000002328cc0d378]
Event: 0.597 Thread 0x000002329b60a310  405       3       java.util.ArrayList::<init> (12 bytes)
Event: 0.597 Thread 0x000002329b60a310 nmethod 405 0x00000232851a7d10 code [0x00000232851a7ec0, 0x00000232851a8118]
Event: 0.597 Thread 0x000002329b60a310  406       3       java.lang.String::indexOf (64 bytes)
Event: 0.598 Thread 0x000002329b60a310 nmethod 406 0x00000232851a8210 code [0x00000232851a8420, 0x00000232851a88e8]
Event: 0.598 Thread 0x000002329b60a310  408       3       java.util.Collections$UnmodifiableCollection::<init> (22 bytes)
Event: 0.598 Thread 0x000002329b60a310 nmethod 408 0x00000232851a8a90 code [0x00000232851a8c40, 0x00000232851a8ec8]
Event: 0.598 Thread 0x000002329b60a310  407       3       java.lang.StringLatin1::indexOf (25 bytes)
Event: 0.598 Thread 0x000002329b60a310 nmethod 407 0x00000232851a9010 code [0x00000232851a91c0, 0x00000232851a93c8]
Event: 0.598 Thread 0x000002329b60a310  409       3       java.util.ArrayList::iterator (9 bytes)
Event: 0.598 Thread 0x000002329b60a310 nmethod 409 0x00000232851a9490 code [0x00000232851a9640, 0x00000232851a9898]
Event: 0.598 Thread 0x000002329b60a310  410       3       java.util.ArrayList$Itr::<init> (26 bytes)
Event: 0.598 Thread 0x000002329b60a310 nmethod 410 0x00000232851a9990 code [0x00000232851a9b20, 0x00000232851a9cb8]
Event: 0.599 Thread 0x000002329b60a310  411   !   3       java.lang.String::replace (258 bytes)

GC Heap History (0 events):
No events

Dll operation events (8 events):
Event: 0.031 Loaded shared library c:\Users\ACER\.vscode\extensions\redhat.java-1.23.0-win32-x64\jre\17.0.8.1-win32-x86_64\bin\java.dll
Event: 0.241 Loaded shared library c:\Users\ACER\.vscode\extensions\redhat.java-1.23.0-win32-x64\jre\17.0.8.1-win32-x86_64\bin\zip.dll
Event: 0.248 Loaded shared library C:\Users\ACER\.vscode\extensions\redhat.java-1.23.0-win32-x64\jre\17.0.8.1-win32-x86_64\bin\instrument.dll
Event: 0.272 Loaded shared library C:\Users\ACER\.vscode\extensions\redhat.java-1.23.0-win32-x64\jre\17.0.8.1-win32-x86_64\bin\net.dll
Event: 0.277 Loaded shared library C:\Users\ACER\.vscode\extensions\redhat.java-1.23.0-win32-x64\jre\17.0.8.1-win32-x86_64\bin\nio.dll
Event: 0.294 Loaded shared library C:\Users\ACER\.vscode\extensions\redhat.java-1.23.0-win32-x64\jre\17.0.8.1-win32-x86_64\bin\zip.dll
Event: 0.320 Loaded shared library C:\Users\ACER\.vscode\extensions\redhat.java-1.23.0-win32-x64\jre\17.0.8.1-win32-x86_64\bin\jimage.dll
Event: 0.420 Loaded shared library c:\Users\ACER\.vscode\extensions\redhat.java-1.23.0-win32-x64\jre\17.0.8.1-win32-x86_64\bin\verify.dll

Deoptimization events (4 events):
Event: 0.553 Thread 0x00000232824aadc0 DEOPT PACKING pc=0x0000023285168fa2 sp=0x0000007b7edfcbe0
Event: 0.553 Thread 0x00000232824aadc0 DEOPT UNPACKING pc=0x000002328c6a6e43 sp=0x0000007b7edfc040 mode 0
Event: 0.595 Thread 0x00000232824aadc0 DEOPT PACKING pc=0x0000023285150880 sp=0x0000007b7edf79c0
Event: 0.595 Thread 0x00000232824aadc0 DEOPT UNPACKING pc=0x000002328c6a6e43 sp=0x0000007b7edf6e80 mode 0

Classes unloaded (0 events):
No events

Classes redefined (0 events):
No events

Internal exceptions (2 events):
Event: 0.207 Thread 0x00000232824aadc0 Exception <a 'java/lang/NoSuchMethodError'{0x00000000eacb27b0}: 'void java.lang.invoke.DirectMethodHandle$Holder.invokeStatic(java.lang.Object, java.lang.Object, java.lang.Object)'> (0x00000000eacb27b0) 
thrown [s\src\hotspot\share\interpreter\linkResolver.cpp, line 759]
Event: 0.474 Thread 0x00000232824aadc0 Exception <a 'java/lang/reflect/InvocationTargetException'{0x00000000eafe1b18}> (0x00000000eafe1b18) 
thrown [s\src\hotspot\share\runtime\reflection.cpp, line 1121]

VM Operations (4 events):
Event: 0.215 Executing VM operation: HandshakeAllThreads
Event: 0.215 Executing VM operation: HandshakeAllThreads done
Event: 0.338 Executing VM operation: HandshakeAllThreads
Event: 0.338 Executing VM operation: HandshakeAllThreads done

Events (20 events):
Event: 0.510 loading class java/util/regex/Pattern$Ques
Event: 0.510 loading class java/util/regex/Pattern$Ques done
Event: 0.510 loading class java/util/regex/Pattern$Loop
Event: 0.510 loading class java/util/regex/Pattern$Loop done
Event: 0.510 loading class java/util/regex/Pattern$Prolog
Event: 0.510 loading class java/util/regex/Pattern$Prolog done
Event: 0.510 loading class java/util/regex/Pattern$Dollar
Event: 0.510 loading class java/util/regex/Pattern$Dollar done
Event: 0.510 loading class java/util/regex/Pattern$GroupCurly
Event: 0.510 loading class java/util/regex/Pattern$GroupCurly done
Event: 0.549 loading class java/util/Collections$SingletonSet
Event: 0.550 loading class java/util/Collections$SingletonSet done
Event: 0.550 loading class java/util/Collections$1
Event: 0.550 loading class java/util/Collections$1 done
Event: 0.598 Thread 0x000002329b8e6320 Thread added: 0x000002329b8e6320
Event: 0.598 loading class jdk/internal/vm/PostVMInitHook
Event: 0.599 loading class jdk/internal/vm/PostVMInitHook done
Event: 0.599 loading class sun/launcher/LauncherHelper
Event: 0.600 loading class sun/launcher/LauncherHelper done
Event: 0.601 loading class sun/nio/cs/SingleByte$Decoder


Dynamic libraries:
0x00007ff75daa0000 - 0x00007ff75daae000 	c:\Users\ACER\.vscode\extensions\redhat.java-1.23.0-win32-x64\jre\17.0.8.1-win32-x86_64\bin\java.exe
0x00007ffa6cf30000 - 0x00007ffa6d147000 	C:\WINDOWS\SYSTEM32\ntdll.dll
0x00007ffa6c110000 - 0x00007ffa6c1d4000 	C:\WINDOWS\System32\KERNEL32.DLL
0x00007ffa6a8e0000 - 0x00007ffa6ac86000 	C:\WINDOWS\System32\KERNELBASE.dll
0x00007ffa6a4b0000 - 0x00007ffa6a5c1000 	C:\WINDOWS\System32\ucrtbase.dll
0x00007ffa25110000 - 0x00007ffa25129000 	c:\Users\ACER\.vscode\extensions\redhat.java-1.23.0-win32-x64\jre\17.0.8.1-win32-x86_64\bin\VCRUNTIME140.dll
0x00007ffa2d720000 - 0x00007ffa2d737000 	c:\Users\ACER\.vscode\extensions\redhat.java-1.23.0-win32-x64\jre\17.0.8.1-win32-x86_64\bin\jli.dll
0x00007ffa6b260000 - 0x00007ffa6b40d000 	C:\WINDOWS\System32\USER32.dll
0x00007ffa6a370000 - 0x00007ffa6a396000 	C:\WINDOWS\System32\win32u.dll
0x00007ffa4ef40000 - 0x00007ffa4f1d3000 	C:\WINDOWS\WinSxS\amd64_microsoft.windows.common-controls_6595b64144ccf1df_6.0.22621.2361_none_2712ced57382f843\COMCTL32.dll
0x00007ffa6c060000 - 0x00007ffa6c107000 	C:\WINDOWS\System32\msvcrt.dll
0x00007ffa6b490000 - 0x00007ffa6b4b9000 	C:\WINDOWS\System32\GDI32.dll
0x00007ffa6a7c0000 - 0x00007ffa6a8d8000 	C:\WINDOWS\System32\gdi32full.dll
0x00007ffa6a410000 - 0x00007ffa6a4aa000 	C:\WINDOWS\System32\msvcp_win.dll
0x00007ffa6afa0000 - 0x00007ffa6afd1000 	C:\WINDOWS\System32\IMM32.DLL
0x00007ffa5ee30000 - 0x00007ffa5ee3c000 	c:\Users\ACER\.vscode\extensions\redhat.java-1.23.0-win32-x64\jre\17.0.8.1-win32-x86_64\bin\vcruntime140_1.dll
0x00007ff9c2ff0000 - 0x00007ff9c3081000 	c:\Users\ACER\.vscode\extensions\redhat.java-1.23.0-win32-x64\jre\17.0.8.1-win32-x86_64\bin\msvcp140.dll
0x00007ff9c23a0000 - 0x00007ff9c2fec000 	c:\Users\ACER\.vscode\extensions\redhat.java-1.23.0-win32-x64\jre\17.0.8.1-win32-x86_64\bin\server\jvm.dll
0x00007ffa6b5e0000 - 0x00007ffa6b690000 	C:\WINDOWS\System32\ADVAPI32.dll
0x00007ffa6ada0000 - 0x00007ffa6ae46000 	C:\WINDOWS\System32\sechost.dll
0x00007ffa6b4c0000 - 0x00007ffa6b5d7000 	C:\WINDOWS\System32\RPCRT4.dll
0x00007ffa6a0d0000 - 0x00007ffa6a11d000 	C:\WINDOWS\SYSTEM32\POWRPROF.dll
0x00007ffa54910000 - 0x00007ffa54919000 	C:\WINDOWS\SYSTEM32\WSOCK32.dll
0x00007ffa6cd70000 - 0x00007ffa6cde1000 	C:\WINDOWS\System32\WS2_32.dll
0x00007ffa64470000 - 0x00007ffa644a4000 	C:\WINDOWS\SYSTEM32\WINMM.dll
0x00007ffa636b0000 - 0x00007ffa636ba000 	C:\WINDOWS\SYSTEM32\VERSION.dll
0x00007ffa69fb0000 - 0x00007ffa69fc3000 	C:\WINDOWS\SYSTEM32\UMPDC.dll
0x00007ffa69290000 - 0x00007ffa692a8000 	C:\WINDOWS\SYSTEM32\kernel.appcore.dll
0x00007ffa45c50000 - 0x00007ffa45c5a000 	c:\Users\ACER\.vscode\extensions\redhat.java-1.23.0-win32-x64\jre\17.0.8.1-win32-x86_64\bin\jimage.dll
0x00007ffa67cd0000 - 0x00007ffa67efe000 	C:\WINDOWS\SYSTEM32\DBGHELP.DLL
0x00007ffa6bcd0000 - 0x00007ffa6c05a000 	C:\WINDOWS\System32\combase.dll
0x00007ffa6cc90000 - 0x00007ffa6cd67000 	C:\WINDOWS\System32\OLEAUT32.dll
0x00007ffa61180000 - 0x00007ffa611b2000 	C:\WINDOWS\SYSTEM32\dbgcore.DLL
0x00007ffa6a5d0000 - 0x00007ffa6a64a000 	C:\WINDOWS\System32\bcryptPrimitives.dll
0x00007ffa45920000 - 0x00007ffa4592e000 	c:\Users\ACER\.vscode\extensions\redhat.java-1.23.0-win32-x64\jre\17.0.8.1-win32-x86_64\bin\instrument.dll
0x00007ffa217f0000 - 0x00007ffa21815000 	c:\Users\ACER\.vscode\extensions\redhat.java-1.23.0-win32-x64\jre\17.0.8.1-win32-x86_64\bin\java.dll
0x00007ffa250f0000 - 0x00007ffa25108000 	c:\Users\ACER\.vscode\extensions\redhat.java-1.23.0-win32-x64\jre\17.0.8.1-win32-x86_64\bin\zip.dll
0x00007ffa6c3b0000 - 0x00007ffa6cc08000 	C:\WINDOWS\System32\SHELL32.dll
0x00007ffa68210000 - 0x00007ffa68b02000 	C:\WINDOWS\SYSTEM32\windows.storage.dll
0x00007ffa680d0000 - 0x00007ffa6820e000 	C:\WINDOWS\SYSTEM32\wintypes.dll
0x00007ffa6afe0000 - 0x00007ffa6b0d3000 	C:\WINDOWS\System32\SHCORE.dll
0x00007ffa6b0e0000 - 0x00007ffa6b13e000 	C:\WINDOWS\System32\shlwapi.dll
0x00007ffa6a1e0000 - 0x00007ffa6a206000 	C:\WINDOWS\SYSTEM32\profapi.dll
0x00007ffa23dc0000 - 0x00007ffa23dd9000 	C:\Users\ACER\.vscode\extensions\redhat.java-1.23.0-win32-x64\jre\17.0.8.1-win32-x86_64\bin\net.dll
0x00007ffa66020000 - 0x00007ffa66157000 	C:\WINDOWS\SYSTEM32\WINHTTP.dll
0x00007ffa69770000 - 0x00007ffa697d9000 	C:\WINDOWS\system32\mswsock.dll
0x00007ffa20ed0000 - 0x00007ffa20ee5000 	C:\Users\ACER\.vscode\extensions\redhat.java-1.23.0-win32-x64\jre\17.0.8.1-win32-x86_64\bin\nio.dll
0x00007ffa44f90000 - 0x00007ffa44fa0000 	c:\Users\ACER\.vscode\extensions\redhat.java-1.23.0-win32-x64\jre\17.0.8.1-win32-x86_64\bin\verify.dll

dbghelp: loaded successfully - version: 4.0.5 - missing functions: none
symbol engine: initialized successfully - sym options: 0x614 - pdb path: .;c:\Users\ACER\.vscode\extensions\redhat.java-1.23.0-win32-x64\jre\17.0.8.1-win32-x86_64\bin;C:\WINDOWS\SYSTEM32;C:\WINDOWS\WinSxS\amd64_microsoft.windows.common-controls_6595b64144ccf1df_6.0.22621.2361_none_2712ced57382f843;c:\Users\ACER\.vscode\extensions\redhat.java-1.23.0-win32-x64\jre\17.0.8.1-win32-x86_64\bin\server

VM Arguments:
jvm_args: --add-modules=ALL-SYSTEM --add-opens=java.base/java.util=ALL-UNNAMED --add-opens=java.base/java.lang=ALL-UNNAMED --add-opens=java.base/sun.nio.fs=ALL-UNNAMED -Declipse.application=org.eclipse.jdt.ls.core.id1 -Dosgi.bundles.defaultStartLevel=4 -Declipse.product=org.eclipse.jdt.ls.core.product -Djava.import.generatesMetadataFilesAtProjectRoot=false -DDetectVMInstallationsJob.disabled=true -Dfile.encoding=utf8 -XX:+UseParallelGC -XX:GCTimeRatio=4 -XX:AdaptiveSizePolicyWeight=90 -Dsun.zip.disableMemoryMapping=true -Xmx1G -Xms100m -Xlog:disable -javaagent:c:\Users\ACER\.vscode\extensions\redhat.java-1.23.0-win32-x64\lombok\lombok-1.18.30.jar 
java_command: c:\Users\ACER\.vscode\extensions\redhat.java-1.23.0-win32-x64\server\plugins\org.eclipse.equinox.launcher_1.6.500.v20230717-2134.jar -configuration c:\Users\ACER\AppData\Roaming\Code\User\globalStorage\redhat.java\1.23.0\config_ss_win -data c:\Users\ACER\AppData\Roaming\Code\User\workspaceStorage\fc8769e14906d27e59db6c9fcb0649d3\redhat.java\ss_ws
java_class_path (initial): c:\Users\ACER\.vscode\extensions\redhat.java-1.23.0-win32-x64\server\plugins\org.eclipse.equinox.launcher_1.6.500.v20230717-2134.jar
Launcher Type: SUN_STANDARD

[Global flags]
    uintx AdaptiveSizePolicyWeight                 = 90                                        {product} {command line}
     intx CICompilerCount                          = 4                                         {product} {ergonomic}
    uintx GCTimeRatio                              = 4                                         {product} {command line}
   size_t InitialHeapSize                          = 104857600                                 {product} {command line}
   size_t MaxHeapSize                              = 1073741824                                {product} {command line}
   size_t MaxNewSize                               = 357564416                                 {product} {ergonomic}
   size_t MinHeapDeltaBytes                        = 524288                                    {product} {ergonomic}
   size_t MinHeapSize                              = 104857600                                 {product} {command line}
   size_t NewSize                                  = 34603008                                  {product} {ergonomic}
    uintx NonNMethodCodeHeapSize                   = 5839372                                {pd product} {ergonomic}
    uintx NonProfiledCodeHeapSize                  = 122909434                              {pd product} {ergonomic}
   size_t OldSize                                  = 70254592                                  {product} {ergonomic}
    uintx ProfiledCodeHeapSize                     = 122909434                              {pd product} {ergonomic}
    uintx ReservedCodeCacheSize                    = 251658240                              {pd product} {ergonomic}
     bool SegmentedCodeCache                       = true                                      {product} {ergonomic}
   size_t SoftMaxHeapSize                          = 1073741824                             {manageable} {ergonomic}
     bool UseCompressedClassPointers               = true                           {product lp64_product} {ergonomic}
     bool UseCompressedOops                        = true                           {product lp64_product} {ergonomic}
     bool UseLargePagesIndividualAllocation        = false                                  {pd product} {ergonomic}
     bool UseParallelGC                            = true                                      {product} {command line}

Logging:
Log output configuration:
 #0: stdout all=off uptime,level,tags
 #1: stderr all=off uptime,level,tags

Environment Variables:
JAVA_HOME=C:\Program Files\Microsoft\jdk-11.0.20.8-hotspot\
PATH=C:\Program Files\Microsoft\jdk-11.0.20.8-hotspot\bin;C:\Users\ACER\AppData\Local\Programs\Python\Python311\Scripts\;C:\Users\ACER\AppData\Local\Programs\Python\Python311\;C:\Program Files\Common Files\Oracle\Java\javapath;C:\Program Files (x86)\Common Files\Oracle\Java\javapath;C:\Program Files (x86)\VMware\VMware Workstation\bin\;C:\ProgramData\Oracle\Java\javapath;C:\Windows\system32;C:\Windows;C:\Windows\System32\Wbem;C:\Windows\System32\WindowsPowerShell\v1.0\;C:\Windows\System32\OpenSSH\;C:\Program Files\NVIDIA Corporation\NVIDIA NvDLISR;C:\WINDOWS\system32;C:\WINDOWS;C:\WINDOWS\System32\Wbem;C:\WINDOWS\System32\WindowsPowerShell\v1.0\;C:\WINDOWS\System32\OpenSSH\;C:\Program Files\dotnet\;C:\Program Files\Microsoft SQL Server\130\Tools\Binn\;C:\Program Files\Microsoft SQL Server\Client SDK\ODBC\170\Tools\Binn\;C:\Program Files\Microsoft SQL Server\150\Tools\Binn\;C:\Program Files\Git\cmd;C:\WINDOWS\system32;C:\WINDOWS;C:\WINDOWS\System32\Wbem;C:\WINDOWS\System32\WindowsPowerShell\v1.0\;C:\WINDOWS\System32\OpenSSH\;D:\wamp64\bin\php\php8.1.0;C:\ProgramData\ComposerSetup\bin;C:\cmder;D:\wamp64\bin\php\php8.2.0;C:\apache-maven-3.6.0\bin;C:\Gradle\gradle-8.2.1\bin;C:\ProgramData\chocolatey\bin;C:\Program Files\nodejs\;C:\Users\ACER\AppData\Local\Microsoft\WindowsApps;C:\Users\ACER\.dotnet\tools;C:\Users\ACER\AppData\Local\Programs\Microsoft VS Code\bin;C:\Users\ACER\AppData\Local\Android\Sdk\platform-tools;C:\Users\ACER\AppData\Roaming\Composer\vendor\bin;D:\wamp64\bin\php\php8.0.13;C:\Program Files\JetBrains\PhpStorm 2022.3.3\bin;;C:\Users\ACER\Downloads\cmder\bin;C:\Users\ACER\AppData\Roaming\npm
USERNAME=ACER
OS=Windows_NT
PROCESSOR_IDENTIFIER=AMD64 Family 23 Model 104 Stepping 1, AuthenticAMD
TMP=C:\Users\ACER\AppData\Local\Temp
TEMP=C:\Users\ACER\AppData\Local\Temp



---------------  S Y S T E M  ---------------

OS:
 Windows 11 , 64 bit Build 22621 (10.0.22621.2428)
OS uptime: 0 days 19:05 hours

CPU: total 12 (initial active 12) (12 cores per cpu, 2 threads per core) family 23 model 104 stepping 1 microcode 0x0, cx8, cmov, fxsr, ht, mmx, 3dnowpref, sse, sse2, sse3, ssse3, sse4a, sse4.1, sse4.2, popcnt, lzcnt, tsc, tscinvbit, avx, avx2, aes, clmul, bmi1, bmi2, adx, sha, fma, vzeroupper, clflush, clflushopt
Processor Information for all 12 processors :
  Max Mhz: 2100, Current Mhz: 2100, Mhz Limit: 2100

Memory: 4k page, system-wide physical 7514M (446M free)
TotalPageFile size 19802M (AvailPageFile size 127M)
current process WorkingSet (physical memory assigned to process): 42M, peak: 42M
current process commit charge ("private bytes"): 194M, peak: 194M

vm_info: OpenJDK 64-Bit Server VM (17.0.8.1+1) for windows-amd64 JRE (17.0.8.1+1), built on Aug 23 2023 15:29:17 by "admin" with MS VC++ 16.7 (VS2019)

END.
