#
# There is insufficient memory for the Java Runtime Environment to continue.
# Native memory allocation (malloc) failed to allocate 1048576 bytes for AllocateHeap
# Possible reasons:
#   The system is out of physical RAM or swap space
#   The process is running with CompressedOops enabled, and the Java Heap may be blocking the growth of the native heap
# Possible solutions:
#   Reduce memory load on the system
#   Increase physical memory or swap space
#   Check if swap backing store is full
#   Decrease Java heap size (-Xmx/-Xms)
#   Decrease number of Java threads
#   Decrease Java thread stack sizes (-Xss)
#   Set larger code cache with -XX:ReservedCodeCacheSize=
#   JVM is running with Unscaled Compressed Oops mode in which the Java heap is
#     placed in the first 4GB address space. The Java Heap base address is the
#     maximum limit for the native heap growth. Please use -XX:HeapBaseMinAddress
#     to set the Java Heap base and to place the Java Heap above 4GB virtual address.
# This output file may be truncated or incomplete.
#
#  Out of Memory Error (allocation.cpp:44), pid=6488, tid=18864
#
# JRE version: OpenJDK Runtime Environment Temurin-17.0.8.1+1 (17.0.8.1+1) (build 17.0.8.1+1)
# Java VM: OpenJDK 64-Bit Server VM Temurin-17.0.8.1+1 (17.0.8.1+1, mixed mode, emulated-client, tiered, compressed oops, compressed class ptrs, g1 gc, windows-amd64)
# No core dump will be written. Minidumps are not enabled by default on client versions of Windows
#

---------------  S U M M A R Y ------------

Command Line: -XX:+HeapDumpOnOutOfMemoryError -Xmx1024m -Dsts.lsp.client=vscode -Dsts.log.file=/dev/null -XX:TieredStopAtLevel=1 -Xlog:jni+resolve=off -Dspring.config.location=file:c:\Users\ACER\.vscode\extensions\vmware.vscode-spring-boot-1.50.0\language-server\BOOT-INF\classes\application.properties org.springframework.ide.vscode.boot.app.BootLanguageServerBootApp

Host: AMD Ryzen 5 5500U with Radeon Graphics         , 12 cores, 7G,  Windows 11 , 64 bit Build 22621 (10.0.22621.2428)
Time: Tue Nov 14 10:10:41 2023 SE Asia Standard Time elapsed time: 41514.838750 seconds (0d 11h 31m 54s)

---------------  T H R E A D  ---------------

Current thread (0x0000025331e60b90):  VMThread "VM Thread" [stack: 0x000000a78ae00000,0x000000a78af00000] [id=18864]

Stack: [0x000000a78ae00000,0x000000a78af00000]
Native frames: (J=compiled Java code, j=interpreted, Vv=VM code, C=native code)
V  [jvm.dll+0x678b0a]
V  [jvm.dll+0x835e84]
V  [jvm.dll+0x83762e]
V  [jvm.dll+0x837c93]
V  [jvm.dll+0x24746f]
V  [jvm.dll+0xa697b]
V  [jvm.dll+0x2f7eb3]
V  [jvm.dll+0x2f3b80]
V  [jvm.dll+0x2dc1c7]
V  [jvm.dll+0x31f227]
V  [jvm.dll+0x83c15b]
V  [jvm.dll+0x83ce94]
V  [jvm.dll+0x83d3ac]
V  [jvm.dll+0x83d784]
V  [jvm.dll+0x83d850]
V  [jvm.dll+0x7e64ca]
V  [jvm.dll+0x677955]
C  [ucrtbase.dll+0x29363]
C  [KERNEL32.DLL+0x1257d]
C  [ntdll.dll+0x5aa78]

VM_Operation (0x000000a78c9fed90): G1CollectFull, mode: safepoint, requested by thread 0x00000253378183e0


---------------  P R O C E S S  ---------------

Threads class SMR info:
_java_thread_list=0x0000025338f3bcf0, length=31, elements={
0x0000025331e81250, 0x0000025331e65700, 0x0000025331e8e530, 0x0000025336009480,
0x00000253360221f0, 0x0000025336022ac0, 0x00000253360253a0, 0x00000253360286d0,
0x000002533622f680, 0x000002533626e010, 0x00000253377a2020, 0x00000253378183e0,
0x0000025337843d70, 0x0000025326c04f80, 0x0000025337601840, 0x0000025337978980,
0x000002533770aa20, 0x000002533770af30, 0x000002533770b440, 0x00000253379e1180,
0x00000253379df320, 0x00000253379dcfb0, 0x00000253379db150, 0x00000253379dd4c0,
0x00000253379dd9d0, 0x00000253379de3f0, 0x00000253379e0c70, 0x00000253379db660,
0x00000253379dbb70, 0x00000253379de900, 0x00000253379df830
}

Java Threads: ( => current thread )
  0x0000025331e81250 JavaThread "Reference Handler" daemon [_thread_blocked, id=10796, stack(0x000000a78af00000,0x000000a78b000000)]
  0x0000025331e65700 JavaThread "Finalizer" daemon [_thread_blocked, id=15080, stack(0x000000a78b000000,0x000000a78b100000)]
  0x0000025331e8e530 JavaThread "Signal Dispatcher" daemon [_thread_blocked, id=10192, stack(0x000000a78b100000,0x000000a78b200000)]
  0x0000025336009480 JavaThread "Attach Listener" daemon [_thread_blocked, id=9896, stack(0x000000a78b200000,0x000000a78b300000)]
  0x00000253360221f0 JavaThread "Service Thread" daemon [_thread_blocked, id=2836, stack(0x000000a78b300000,0x000000a78b400000)]
  0x0000025336022ac0 JavaThread "Monitor Deflation Thread" daemon [_thread_blocked, id=16632, stack(0x000000a78b400000,0x000000a78b500000)]
  0x00000253360253a0 JavaThread "C1 CompilerThread0" daemon [_thread_blocked, id=11188, stack(0x000000a78b500000,0x000000a78b600000)]
  0x00000253360286d0 JavaThread "Sweeper thread" daemon [_thread_blocked, id=11660, stack(0x000000a78b600000,0x000000a78b700000)]
  0x000002533622f680 JavaThread "Notification Thread" daemon [_thread_blocked, id=15088, stack(0x000000a78b800000,0x000000a78b900000)]
  0x000002533626e010 JavaThread "Common-Cleaner" daemon [_thread_blocked, id=9504, stack(0x000000a78ba00000,0x000000a78bb00000)]
  0x00000253377a2020 JavaThread "boundedElastic-evictor-1" daemon [_thread_blocked, id=20328, stack(0x000000a78c200000,0x000000a78c300000)]
  0x00000253378183e0 JavaThread "pool-11-thread-1" [_thread_blocked, id=1980, stack(0x000000a78c900000,0x000000a78ca00000)]
  0x0000025337843d70 JavaThread "LanguageServerApp-lifecycle" [_thread_blocked, id=18196, stack(0x000000a78ca00000,0x000000a78cb00000)]
  0x0000025326c04f80 JavaThread "DestroyJavaVM" [_thread_blocked, id=18716, stack(0x000000a78a800000,0x000000a78a900000)]
  0x0000025337601840 JavaThread "pool-12-thread-1" [_thread_in_native, id=15228, stack(0x000000a78cb00000,0x000000a78cc00000)]
  0x0000025337978980 JavaThread "Simple-Language-Server main thread" daemon [_thread_blocked, id=15460, stack(0x000000a78cc00000,0x000000a78cd00000)]
  0x000002533770aa20 JavaThread "pool-7-thread-1" [_thread_blocked, id=16144, stack(0x000000a78d000000,0x000000a78d100000)]
  0x000002533770af30 JavaThread "parallel-1" daemon [_thread_blocked, id=1028, stack(0x000000a78d100000,0x000000a78d200000)]
  0x000002533770b440 JavaThread "pool-5-thread-1" [_thread_blocked, id=19436, stack(0x000000a78d200000,0x000000a78d300000)]
  0x00000253379e1180 JavaThread "parallel-2" daemon [_thread_blocked, id=1616, stack(0x000000a78d300000,0x000000a78d400000)]
  0x00000253379df320 JavaThread "parallel-3" daemon [_thread_blocked, id=19708, stack(0x000000a78d400000,0x000000a78d500000)]
  0x00000253379dcfb0 JavaThread "parallel-4" daemon [_thread_blocked, id=3780, stack(0x000000a78d800000,0x000000a78d900000)]
  0x00000253379db150 JavaThread "parallel-5" daemon [_thread_blocked, id=7816, stack(0x000000a78d900000,0x000000a78da00000)]
  0x00000253379dd4c0 JavaThread "Reconciler-1" daemon [_thread_blocked, id=6888, stack(0x000000a78da00000,0x000000a78db00000)]
  0x00000253379dd9d0 JavaThread "parallel-6" daemon [_thread_blocked, id=19572, stack(0x000000a78c300000,0x000000a78c400000)]
  0x00000253379de3f0 JavaThread "parallel-7" daemon [_thread_blocked, id=13712, stack(0x000000a78db00000,0x000000a78dc00000)]
  0x00000253379e0c70 JavaThread "parallel-8" daemon [_thread_blocked, id=9276, stack(0x000000a78e500000,0x000000a78e600000)]
  0x00000253379db660 JavaThread "parallel-9" daemon [_thread_blocked, id=5860, stack(0x000000a78e600000,0x000000a78e700000)]
  0x00000253379dbb70 JavaThread "parallel-10" daemon [_thread_blocked, id=8744, stack(0x000000a78e800000,0x000000a78e900000)]
  0x00000253379de900 JavaThread "parallel-11" daemon [_thread_blocked, id=8472, stack(0x000000a78a500000,0x000000a78a600000)]
  0x00000253379df830 JavaThread "parallel-12" daemon [_thread_blocked, id=20472, stack(0x000000a78a600000,0x000000a78a700000)]

Other Threads:
=>0x0000025331e60b90 VMThread "VM Thread" [stack: 0x000000a78ae00000,0x000000a78af00000] [id=18864]
  0x0000025336251e60 WatcherThread [stack: 0x000000a78b900000,0x000000a78ba00000] [id=5728]
  0x0000025326c435f0 GCTaskThread "GC Thread#0" [stack: 0x000000a78a900000,0x000000a78aa00000] [id=6472]
  0x0000025336e49f90 GCTaskThread "GC Thread#1" [stack: 0x000000a78bc00000,0x000000a78bd00000] [id=12632]
  0x0000025336ec34f0 GCTaskThread "GC Thread#2" [stack: 0x000000a78bd00000,0x000000a78be00000] [id=6852]
  0x0000025336ec37b0 GCTaskThread "GC Thread#3" [stack: 0x000000a78be00000,0x000000a78bf00000] [id=5196]
  0x0000025336f42c60 GCTaskThread "GC Thread#4" [stack: 0x000000a78bf00000,0x000000a78c000000] [id=18168]
  0x00000253370f1970 GCTaskThread "GC Thread#5" [stack: 0x000000a78c000000,0x000000a78c100000] [id=7716]
  0x00000253370f1c30 GCTaskThread "GC Thread#6" [stack: 0x000000a78c100000,0x000000a78c200000] [id=13788]
  0x000002533727f300 GCTaskThread "GC Thread#7" [stack: 0x000000a78c400000,0x000000a78c500000] [id=12884]
  0x0000025337185080 GCTaskThread "GC Thread#8" [stack: 0x000000a78c500000,0x000000a78c600000] [id=20000]
  0x0000025337370b20 GCTaskThread "GC Thread#9" [stack: 0x000000a78c600000,0x000000a78c700000] [id=9532]
  0x0000025326c6a450 ConcurrentGCThread "G1 Main Marker" [stack: 0x000000a78aa00000,0x000000a78ab00000] [id=16612]
  0x0000025326c6bb20 ConcurrentGCThread "G1 Conc#0" [stack: 0x000000a78ab00000,0x000000a78ac00000] [id=16680]
  0x0000025337173db0 ConcurrentGCThread "G1 Conc#1" [stack: 0x000000a78c700000,0x000000a78c800000] [id=7396]
  0x0000025337324840 ConcurrentGCThread "G1 Conc#2" [stack: 0x000000a78c800000,0x000000a78c900000] [id=10356]
  0x0000025331ccc510 ConcurrentGCThread "G1 Refine#0" [stack: 0x000000a78ac00000,0x000000a78ad00000] [id=17232]
  0x0000025338354d00 ConcurrentGCThread "G1 Refine#1" [stack: 0x000000a78cd00000,0x000000a78ce00000] [id=19244]
  0x000002533766d510 ConcurrentGCThread "G1 Refine#2" [stack: 0x000000a78ce00000,0x000000a78cf00000] [id=18244]
  0x0000025331cccd50 ConcurrentGCThread "G1 Service" [stack: 0x000000a78ad00000,0x000000a78ae00000] [id=11560]

Threads with active compile tasks:

VM state: at safepoint (normal execution)

VM Mutex/Monitor currently owned by a thread:  ([mutex/lock_event])
[0x00000253248ee370] Threads_lock - owner thread: 0x0000025331e60b90
[0x00000253249ac170] Heap_lock - owner thread: 0x00000253378183e0

Heap address: 0x00000000c0000000, size: 1024 MB, Compressed Oops mode: 32-bit

CDS archive(s) not mapped
Compressed class space mapped at: 0x0000000100000000-0x0000000140000000, reserved size: 1073741824
Narrow klass base: 0x0000000000000000, Narrow klass shift: 3, Narrow klass range: 0x140000000

GC Precious Log:
 CPUs: 12 total, 12 available
 Memory: 7514M
 Large Page Support: Disabled
 NUMA Support: Disabled
 Compressed Oops: Enabled (32-bit)
 Heap Region Size: 1M
 Heap Min Capacity: 8M
 Heap Initial Capacity: 118M
 Heap Max Capacity: 1G
 Pre-touch: Disabled
 Parallel Workers: 10
 Concurrent Workers: 3
 Concurrent Refinement Workers: 10
 Periodic GC: Disabled

Heap:
 garbage-first heap   total 122880K, used 37006K [0x00000000c0000000, 0x0000000100000000)
  region size 1024K, 1 young (1024K), 0 survivors (0K)
 Metaspace       used 60495K, committed 60864K, reserved 1114112K
  class space    used 7581K, committed 7744K, reserved 1048576K

Heap Regions: E=young(eden), S=young(survivor), O=old, HS=humongous(starts), HC=humongous(continues), CS=collection set, F=free, OA=open archive, CA=closed archive, TAMS=top-at-mark-start (previous, next)
|   0|0x00000000c0000000, 0x00000000c0100000, 0x00000000c0100000|100%| O|  |TAMS 0x00000000c0100000, 0x00000000c0000000| Untracked 
|   1|0x00000000c0100000, 0x00000000c0200000, 0x00000000c0200000|100%| O|  |TAMS 0x00000000c0200000, 0x00000000c0100000| Untracked 
|   2|0x00000000c0200000, 0x00000000c0300000, 0x00000000c0300000|100%| O|  |TAMS 0x00000000c0300000, 0x00000000c0200000| Untracked 
|   3|0x00000000c0300000, 0x00000000c0400000, 0x00000000c0400000|100%| O|  |TAMS 0x00000000c0400000, 0x00000000c0300000| Untracked 
|   4|0x00000000c0400000, 0x00000000c04ffff0, 0x00000000c0500000| 99%| O|  |TAMS 0x00000000c04ffff0, 0x00000000c0400000| Untracked 
|   5|0x00000000c0500000, 0x00000000c05ffda8, 0x00000000c0600000| 99%| O|  |TAMS 0x00000000c05ffda8, 0x00000000c0500000| Untracked 
|   6|0x00000000c0600000, 0x00000000c06f3dc0, 0x00000000c0700000| 95%| O|  |TAMS 0x00000000c06f3dc0, 0x00000000c0600000| Untracked 
|   7|0x00000000c0700000, 0x00000000c0800000, 0x00000000c0800000|100%| O|  |TAMS 0x00000000c0800000, 0x00000000c0700000| Untracked 
|   8|0x00000000c0800000, 0x00000000c08ffca8, 0x00000000c0900000| 99%| O|  |TAMS 0x00000000c08ffca8, 0x00000000c0800000| Untracked 
|   9|0x00000000c0900000, 0x00000000c09fffe0, 0x00000000c0a00000| 99%| O|  |TAMS 0x00000000c09fffe0, 0x00000000c0900000| Untracked 
|  10|0x00000000c0a00000, 0x00000000c0afff90, 0x00000000c0b00000| 99%| O|  |TAMS 0x00000000c0afff90, 0x00000000c0a00000| Untracked 
|  11|0x00000000c0b00000, 0x00000000c0bffff0, 0x00000000c0c00000| 99%| O|  |TAMS 0x00000000c0bffff0, 0x00000000c0b00000| Untracked 
|  12|0x00000000c0c00000, 0x00000000c0cfd550, 0x00000000c0d00000| 98%| O|  |TAMS 0x00000000c0cfd550, 0x00000000c0c00000| Untracked 
|  13|0x00000000c0d00000, 0x00000000c0e00000, 0x00000000c0e00000|100%| O|  |TAMS 0x00000000c0e00000, 0x00000000c0d00000| Untracked 
|  14|0x00000000c0e00000, 0x00000000c0efff98, 0x00000000c0f00000| 99%| O|  |TAMS 0x00000000c0efff98, 0x00000000c0e00000| Untracked 
|  15|0x00000000c0f00000, 0x00000000c0ffe538, 0x00000000c1000000| 99%| O|  |TAMS 0x00000000c0ffe538, 0x00000000c0f00000| Untracked 
|  16|0x00000000c1000000, 0x00000000c10f7538, 0x00000000c1100000| 96%| O|  |TAMS 0x00000000c10f7538, 0x00000000c1000000| Untracked 
|  17|0x00000000c1100000, 0x00000000c11ffd78, 0x00000000c1200000| 99%| O|  |TAMS 0x00000000c11ffd78, 0x00000000c1100000| Untracked 
|  18|0x00000000c1200000, 0x00000000c12fffb8, 0x00000000c1300000| 99%| O|  |TAMS 0x00000000c12fffb8, 0x00000000c1200000| Untracked 
|  19|0x00000000c1300000, 0x00000000c1400000, 0x00000000c1400000|100%| O|  |TAMS 0x00000000c1400000, 0x00000000c1300000| Untracked 
|  20|0x00000000c1400000, 0x00000000c14ffff0, 0x00000000c1500000| 99%| O|  |TAMS 0x00000000c14ffff0, 0x00000000c1400000| Untracked 
|  21|0x00000000c1500000, 0x00000000c15ffff0, 0x00000000c1600000| 99%| O|  |TAMS 0x00000000c15ffff0, 0x00000000c1500000| Untracked 
|  22|0x00000000c1600000, 0x00000000c1700000, 0x00000000c1700000|100%| O|  |TAMS 0x00000000c1700000, 0x00000000c1600000| Untracked 
|  23|0x00000000c1700000, 0x00000000c1800000, 0x00000000c1800000|100%| O|  |TAMS 0x00000000c1800000, 0x00000000c1700000| Untracked 
|  24|0x00000000c1800000, 0x00000000c18fc8a0, 0x00000000c1900000| 98%| O|  |TAMS 0x00000000c18fc8a0, 0x00000000c1800000| Untracked 
|  25|0x00000000c1900000, 0x00000000c19fb060, 0x00000000c1a00000| 98%| O|  |TAMS 0x00000000c19fb060, 0x00000000c1900000| Untracked 
|  26|0x00000000c1a00000, 0x00000000c1affff0, 0x00000000c1b00000| 99%| O|  |TAMS 0x00000000c1affff0, 0x00000000c1a00000| Untracked 
|  27|0x00000000c1b00000, 0x00000000c1c00000, 0x00000000c1c00000|100%|HS|  |TAMS 0x00000000c1c00000, 0x00000000c1b00000| Untracked 
|  28|0x00000000c1c00000, 0x00000000c1cffff8, 0x00000000c1d00000| 99%| O|  |TAMS 0x00000000c1cffff8, 0x00000000c1c00000| Untracked 
|  29|0x00000000c1d00000, 0x00000000c1e00000, 0x00000000c1e00000|100%|HS|  |TAMS 0x00000000c1e00000, 0x00000000c1d00000| Untracked 
|  30|0x00000000c1e00000, 0x00000000c1e45cb8, 0x00000000c1f00000| 27%| O|  |TAMS 0x00000000c1e00000, 0x00000000c1e00000| Untracked 
|  31|0x00000000c1f00000, 0x00000000c1f00000, 0x00000000c2000000|  0%| F|  |TAMS 0x00000000c1f00000, 0x00000000c1f00000| Untracked 
|  32|0x00000000c2000000, 0x00000000c2000000, 0x00000000c2100000|  0%| F|  |TAMS 0x00000000c2000000, 0x00000000c2000000| Untracked 
|  33|0x00000000c2100000, 0x00000000c2100000, 0x00000000c2200000|  0%| F|  |TAMS 0x00000000c2100000, 0x00000000c2100000| Untracked 
|  34|0x00000000c2200000, 0x00000000c2200000, 0x00000000c2300000|  0%| F|  |TAMS 0x00000000c2200000, 0x00000000c2200000| Untracked 
|  35|0x00000000c2300000, 0x00000000c2300000, 0x00000000c2400000|  0%| F|  |TAMS 0x00000000c2300000, 0x00000000c2300000| Untracked 
|  36|0x00000000c2400000, 0x00000000c2400000, 0x00000000c2500000|  0%| F|  |TAMS 0x00000000c2400000, 0x00000000c2400000| Untracked 
|  37|0x00000000c2500000, 0x00000000c2500000, 0x00000000c2600000|  0%| F|  |TAMS 0x00000000c2500000, 0x00000000c2500000| Untracked 
|  38|0x00000000c2600000, 0x00000000c2600000, 0x00000000c2700000|  0%| F|  |TAMS 0x00000000c2600000, 0x00000000c2600000| Untracked 
|  39|0x00000000c2700000, 0x00000000c2700000, 0x00000000c2800000|  0%| F|  |TAMS 0x00000000c2700000, 0x00000000c2700000| Untracked 
|  40|0x00000000c2800000, 0x00000000c2800000, 0x00000000c2900000|  0%| F|  |TAMS 0x00000000c2800000, 0x00000000c2800000| Untracked 
|  41|0x00000000c2900000, 0x00000000c2900000, 0x00000000c2a00000|  0%| F|  |TAMS 0x00000000c2900000, 0x00000000c2900000| Untracked 
|  42|0x00000000c2a00000, 0x00000000c2a00000, 0x00000000c2b00000|  0%| F|  |TAMS 0x00000000c2a00000, 0x00000000c2a00000| Untracked 
|  43|0x00000000c2b00000, 0x00000000c2b00000, 0x00000000c2c00000|  0%| F|  |TAMS 0x00000000c2b00000, 0x00000000c2b00000| Untracked 
|  44|0x00000000c2c00000, 0x00000000c2c00068, 0x00000000c2d00000|  0%| O|  |TAMS 0x00000000c2c00000, 0x00000000c2c00000| Untracked 
|  45|0x00000000c2d00000, 0x00000000c2d00000, 0x00000000c2e00000|  0%| F|  |TAMS 0x00000000c2d00000, 0x00000000c2d00000| Untracked 
|  46|0x00000000c2e00000, 0x00000000c2e00000, 0x00000000c2f00000|  0%| F|  |TAMS 0x00000000c2e00000, 0x00000000c2e00000| Untracked 
|  47|0x00000000c2f00000, 0x00000000c2f00000, 0x00000000c3000000|  0%| F|  |TAMS 0x00000000c2f00000, 0x00000000c2f00000| Untracked 
|  48|0x00000000c3000000, 0x00000000c3000000, 0x00000000c3100000|  0%| F|  |TAMS 0x00000000c3000000, 0x00000000c3000000| Untracked 
|  49|0x00000000c3100000, 0x00000000c3100000, 0x00000000c3200000|  0%| F|  |TAMS 0x00000000c3100000, 0x00000000c3100000| Untracked 
|  50|0x00000000c3200000, 0x00000000c3200000, 0x00000000c3300000|  0%| F|  |TAMS 0x00000000c3200000, 0x00000000c3200000| Untracked 
|  51|0x00000000c3300000, 0x00000000c3300000, 0x00000000c3400000|  0%| F|  |TAMS 0x00000000c3300000, 0x00000000c3300000| Untracked 
|  52|0x00000000c3400000, 0x00000000c3400000, 0x00000000c3500000|  0%| F|  |TAMS 0x00000000c3400000, 0x00000000c3400000| Untracked 
|  53|0x00000000c3500000, 0x00000000c3500000, 0x00000000c3600000|  0%| F|  |TAMS 0x00000000c3500000, 0x00000000c3500000| Untracked 
|  54|0x00000000c3600000, 0x00000000c3600000, 0x00000000c3700000|  0%| F|  |TAMS 0x00000000c3600000, 0x00000000c3600000| Untracked 
|  55|0x00000000c3700000, 0x00000000c37fffd8, 0x00000000c3800000| 99%| O|  |TAMS 0x00000000c37fffd8, 0x00000000c3700000| Untracked 
|  56|0x00000000c3800000, 0x00000000c3800000, 0x00000000c3900000|  0%| F|  |TAMS 0x00000000c3800000, 0x00000000c3800000| Untracked 
|  57|0x00000000c3900000, 0x00000000c3900000, 0x00000000c3a00000|  0%| F|  |TAMS 0x00000000c3900000, 0x00000000c3900000| Untracked 
|  58|0x00000000c3a00000, 0x00000000c3a00000, 0x00000000c3b00000|  0%| F|  |TAMS 0x00000000c3a00000, 0x00000000c3a00000| Untracked 
|  59|0x00000000c3b00000, 0x00000000c3b00000, 0x00000000c3c00000|  0%| F|  |TAMS 0x00000000c3b00000, 0x00000000c3b00000| Untracked 
|  60|0x00000000c3c00000, 0x00000000c3c00000, 0x00000000c3d00000|  0%| F|  |TAMS 0x00000000c3c00000, 0x00000000c3c00000| Untracked 
|  61|0x00000000c3d00000, 0x00000000c3d00000, 0x00000000c3e00000|  0%| F|  |TAMS 0x00000000c3d00000, 0x00000000c3d00000| Untracked 
|  62|0x00000000c3e00000, 0x00000000c3e00000, 0x00000000c3f00000|  0%| F|  |TAMS 0x00000000c3e00000, 0x00000000c3e00000| Untracked 
|  63|0x00000000c3f00000, 0x00000000c3f00000, 0x00000000c4000000|  0%| F|  |TAMS 0x00000000c3f00000, 0x00000000c3f00000| Untracked 
|  64|0x00000000c4000000, 0x00000000c4000000, 0x00000000c4100000|  0%| F|  |TAMS 0x00000000c4000000, 0x00000000c4000000| Untracked 
|  65|0x00000000c4100000, 0x00000000c4100000, 0x00000000c4200000|  0%| F|  |TAMS 0x00000000c4100000, 0x00000000c4100000| Untracked 
|  66|0x00000000c4200000, 0x00000000c4200000, 0x00000000c4300000|  0%| F|  |TAMS 0x00000000c4200000, 0x00000000c4200000| Untracked 
|  67|0x00000000c4300000, 0x00000000c4300000, 0x00000000c4400000|  0%| F|  |TAMS 0x00000000c4300000, 0x00000000c4300000| Untracked 
|  68|0x00000000c4400000, 0x00000000c4400000, 0x00000000c4500000|  0%| F|  |TAMS 0x00000000c4400000, 0x00000000c4400000| Untracked 
|  69|0x00000000c4500000, 0x00000000c4500000, 0x00000000c4600000|  0%| F|  |TAMS 0x00000000c4500000, 0x00000000c4500000| Untracked 
|  70|0x00000000c4600000, 0x00000000c4600000, 0x00000000c4700000|  0%| F|  |TAMS 0x00000000c4600000, 0x00000000c4600000| Untracked 
|  71|0x00000000c4700000, 0x00000000c4700000, 0x00000000c4800000|  0%| F|  |TAMS 0x00000000c4700000, 0x00000000c4700000| Untracked 
|  72|0x00000000c4800000, 0x00000000c4800000, 0x00000000c4900000|  0%| F|  |TAMS 0x00000000c4800000, 0x00000000c4800000| Untracked 
|  73|0x00000000c4900000, 0x00000000c4900000, 0x00000000c4a00000|  0%| F|  |TAMS 0x00000000c4900000, 0x00000000c4900000| Untracked 
|  74|0x00000000c4a00000, 0x00000000c4a00000, 0x00000000c4b00000|  0%| F|  |TAMS 0x00000000c4a00000, 0x00000000c4a00000| Untracked 
|  75|0x00000000c4b00000, 0x00000000c4b00000, 0x00000000c4c00000|  0%| F|  |TAMS 0x00000000c4b00000, 0x00000000c4b00000| Untracked 
|  76|0x00000000c4c00000, 0x00000000c4c00000, 0x00000000c4d00000|  0%| F|  |TAMS 0x00000000c4c00000, 0x00000000c4c00000| Untracked 
|  77|0x00000000c4d00000, 0x00000000c4d00000, 0x00000000c4e00000|  0%| F|  |TAMS 0x00000000c4d00000, 0x00000000c4d00000| Untracked 
|  78|0x00000000c4e00000, 0x00000000c4e00000, 0x00000000c4f00000|  0%| F|  |TAMS 0x00000000c4e00000, 0x00000000c4e00000| Untracked 
|  79|0x00000000c4f00000, 0x00000000c4f00000, 0x00000000c5000000|  0%| F|  |TAMS 0x00000000c4f00000, 0x00000000c4f00000| Untracked 
|  80|0x00000000c5000000, 0x00000000c5000000, 0x00000000c5100000|  0%| F|  |TAMS 0x00000000c5000000, 0x00000000c5000000| Untracked 
|  81|0x00000000c5100000, 0x00000000c5100000, 0x00000000c5200000|  0%| F|  |TAMS 0x00000000c5100000, 0x00000000c5100000| Untracked 
|  82|0x00000000c5200000, 0x00000000c5200000, 0x00000000c5300000|  0%| F|  |TAMS 0x00000000c5200000, 0x00000000c5200000| Untracked 
|  83|0x00000000c5300000, 0x00000000c5300000, 0x00000000c5400000|  0%| F|  |TAMS 0x00000000c5300000, 0x00000000c5300000| Untracked 
|  84|0x00000000c5400000, 0x00000000c5400000, 0x00000000c5500000|  0%| F|  |TAMS 0x00000000c5400000, 0x00000000c5400000| Untracked 
|  85|0x00000000c5500000, 0x00000000c5500000, 0x00000000c5600000|  0%| F|  |TAMS 0x00000000c5500000, 0x00000000c5500000| Untracked 
|  86|0x00000000c5600000, 0x00000000c5600000, 0x00000000c5700000|  0%| F|  |TAMS 0x00000000c5600000, 0x00000000c5600000| Untracked 
|  87|0x00000000c5700000, 0x00000000c5700000, 0x00000000c5800000|  0%| F|  |TAMS 0x00000000c5700000, 0x00000000c5700000| Untracked 
|  88|0x00000000c5800000, 0x00000000c5800000, 0x00000000c5900000|  0%| F|  |TAMS 0x00000000c5800000, 0x00000000c5800000| Untracked 
|  89|0x00000000c5900000, 0x00000000c5900000, 0x00000000c5a00000|  0%| F|  |TAMS 0x00000000c5900000, 0x00000000c5900000| Untracked 
|  90|0x00000000c5a00000, 0x00000000c5a00000, 0x00000000c5b00000|  0%| F|  |TAMS 0x00000000c5a00000, 0x00000000c5a00000| Untracked 
|  91|0x00000000c5b00000, 0x00000000c5b00000, 0x00000000c5c00000|  0%| F|  |TAMS 0x00000000c5b00000, 0x00000000c5b00000| Untracked 
|  92|0x00000000c5c00000, 0x00000000c5c00000, 0x00000000c5d00000|  0%| F|  |TAMS 0x00000000c5c00000, 0x00000000c5c00000| Untracked 
|  93|0x00000000c5d00000, 0x00000000c5d00000, 0x00000000c5e00000|  0%| F|  |TAMS 0x00000000c5d00000, 0x00000000c5d00000| Untracked 
|  94|0x00000000c5e00000, 0x00000000c5e00000, 0x00000000c5f00000|  0%| F|  |TAMS 0x00000000c5e00000, 0x00000000c5e00000| Untracked 
|  95|0x00000000c5f00000, 0x00000000c5f00000, 0x00000000c6000000|  0%| F|  |TAMS 0x00000000c5f00000, 0x00000000c5f00000| Untracked 
|  96|0x00000000c6000000, 0x00000000c6000000, 0x00000000c6100000|  0%| F|  |TAMS 0x00000000c6000000, 0x00000000c6000000| Untracked 
|  97|0x00000000c6100000, 0x00000000c6100000, 0x00000000c6200000|  0%| F|  |TAMS 0x00000000c6100000, 0x00000000c6100000| Untracked 
|  98|0x00000000c6200000, 0x00000000c6200000, 0x00000000c6300000|  0%| F|  |TAMS 0x00000000c6200000, 0x00000000c6200000| Untracked 
|  99|0x00000000c6300000, 0x00000000c6300000, 0x00000000c6400000|  0%| F|  |TAMS 0x00000000c6300000, 0x00000000c6300000| Untracked 
| 100|0x00000000c6400000, 0x00000000c6400000, 0x00000000c6500000|  0%| F|  |TAMS 0x00000000c6400000, 0x00000000c6400000| Untracked 
| 101|0x00000000c6500000, 0x00000000c6500000, 0x00000000c6600000|  0%| F|  |TAMS 0x00000000c6500000, 0x00000000c6500000| Untracked 
| 102|0x00000000c6600000, 0x00000000c6600000, 0x00000000c6700000|  0%| F|  |TAMS 0x00000000c6600000, 0x00000000c6600000| Untracked 
| 103|0x00000000c6700000, 0x00000000c6700000, 0x00000000c6800000|  0%| F|  |TAMS 0x00000000c6700000, 0x00000000c6700000| Untracked 
| 104|0x00000000c6800000, 0x00000000c6800000, 0x00000000c6900000|  0%| F|  |TAMS 0x00000000c6800000, 0x00000000c6800000| Untracked 
| 105|0x00000000c6900000, 0x00000000c6900000, 0x00000000c6a00000|  0%| F|  |TAMS 0x00000000c6900000, 0x00000000c6900000| Untracked 
| 106|0x00000000c6a00000, 0x00000000c6a00000, 0x00000000c6b00000|  0%| F|  |TAMS 0x00000000c6a00000, 0x00000000c6a00000| Untracked 
| 107|0x00000000c6b00000, 0x00000000c6c00000, 0x00000000c6c00000|100%| O|  |TAMS 0x00000000c6c00000, 0x00000000c6b00000| Untracked 
| 108|0x00000000c6c00000, 0x00000000c6d00000, 0x00000000c6d00000|100%| O|  |TAMS 0x00000000c6d00000, 0x00000000c6c00000| Untracked 
| 109|0x00000000c6d00000, 0x00000000c6d00000, 0x00000000c6e00000|  0%| F|  |TAMS 0x00000000c6d00000, 0x00000000c6d00000| Untracked 
| 110|0x00000000c6e00000, 0x00000000c6f00000, 0x00000000c6f00000|100%| O|  |TAMS 0x00000000c6f00000, 0x00000000c6e00000| Untracked 
| 111|0x00000000c6f00000, 0x00000000c7000000, 0x00000000c7000000|100%| O|  |TAMS 0x00000000c7000000, 0x00000000c6f00000| Untracked 
| 112|0x00000000c7000000, 0x00000000c7100000, 0x00000000c7100000|100%| O|  |TAMS 0x00000000c7100000, 0x00000000c7000000| Untracked 
| 113|0x00000000c7100000, 0x00000000c7100000, 0x00000000c7200000|  0%| F|  |TAMS 0x00000000c7100000, 0x00000000c7100000| Untracked 
| 114|0x00000000c7200000, 0x00000000c7200000, 0x00000000c7300000|  0%| F|  |TAMS 0x00000000c7200000, 0x00000000c7200000| Untracked 
| 115|0x00000000c7300000, 0x00000000c7300000, 0x00000000c7400000|  0%| F|  |TAMS 0x00000000c7300000, 0x00000000c7300000| Untracked 
| 116|0x00000000c7400000, 0x00000000c7400000, 0x00000000c7500000|  0%| F|  |TAMS 0x00000000c7400000, 0x00000000c7400000| Untracked 
| 225|0x00000000ce100000, 0x00000000ce100000, 0x00000000ce200000|  0%| F|  |TAMS 0x00000000ce100000, 0x00000000ce100000| Untracked 
| 226|0x00000000ce200000, 0x00000000ce200000, 0x00000000ce300000|  0%| F|  |TAMS 0x00000000ce200000, 0x00000000ce200000| Untracked 
| 227|0x00000000ce300000, 0x00000000ce30d030, 0x00000000ce400000|  5%| E|  |TAMS 0x00000000ce300000, 0x00000000ce300000| Complete 

Card table byte_map: [0x000002532cda0000,0x000002532cfa0000] _byte_map_base: 0x000002532c7a0000

Marking Bits (Prev, Next): (CMBitMap*) 0x0000025326c43b20, (CMBitMap*) 0x0000025326c43b60
 Prev Bits: [0x000002532d1a0000, 0x000002532e1a0000)
 Next Bits: [0x000002532e1a0000, 0x000002532f1a0000)

Polling page: 0x00000253263b0000

Metaspace:

Usage:
  Non-class:     51.67 MB used.
      Class:      7.40 MB used.
       Both:     59.08 MB used.

Virtual space:
  Non-class space:       64.00 MB reserved,      51.88 MB ( 81%) committed,  1 nodes.
      Class space:        1.00 GB reserved,       7.56 MB ( <1%) committed,  1 nodes.
             Both:        1.06 GB reserved,      59.44 MB (  5%) committed. 

Chunk freelists:
   Non-Class:  12.15 MB
       Class:  8.39 MB
        Both:  20.54 MB

MaxMetaspaceSize: unlimited
CompressedClassSpaceSize: 1.00 GB
Initial GC threshold: 21.00 MB
Current GC threshold: 99.06 MB
CDS: off
MetaspaceReclaimPolicy: balanced
 - commit_granule_bytes: 65536.
 - commit_granule_words: 8192.
 - virtual_space_node_default_size: 8388608.
 - enlarge_chunks_in_place: 1.
 - new_chunks_are_fully_committed: 0.
 - uncommit_free_chunks: 1.
 - use_allocation_guard: 0.
 - handle_deallocations: 1.


Internal statistics:

num_allocs_failed_limit: 6.
num_arena_births: 994.
num_arena_deaths: 480.
num_vsnodes_births: 2.
num_vsnodes_deaths: 0.
num_space_committed: 957.
num_space_uncommitted: 6.
num_chunks_returned_to_freelist: 617.
num_chunks_taken_from_freelist: 3163.
num_chunk_merges: 202.
num_chunk_splits: 1983.
num_chunks_enlarged: 1394.
num_inconsistent_stats: 0.

CodeCache: size=49152Kb used=24495Kb max_used=25493Kb free=24656Kb
 bounds [0x0000025329870000, 0x000002532b1b0000, 0x000002532c870000]
 total_blobs=13181 nmethods=12501 adapters=604
 compilation: enabled
              stopped_count=0, restarted_count=0
 full_count=0

Compilation events (20 events):
Event: 8814.256 Thread 0x00000253360253a0 12742       1       java.lang.ProcessHandleImpl::getInternal (13 bytes)
Event: 8814.256 Thread 0x00000253360253a0 nmethod 12742 0x000002532af76410 code [0x000002532af765a0, 0x000002532af76708]
Event: 8814.256 Thread 0x00000253360253a0 12743       1       java.lang.ProcessImpl$2::<init> (20 bytes)
Event: 8814.256 Thread 0x00000253360253a0 nmethod 12743 0x000002532af76090 code [0x000002532af76220, 0x000002532af76398]
Event: 8814.256 Thread 0x00000253360253a0 12744       1       java.lang.ProcessImpl$2::run (5 bytes)
Event: 8814.256 Thread 0x00000253360253a0 nmethod 12744 0x000002532af75d90 code [0x000002532af75f20, 0x000002532af76008]
Event: 8814.353 Thread 0x00000253360253a0 12745   !   1       java.io.FilterOutputStream::close (183 bytes)
Event: 8814.387 Thread 0x00000253360253a0 nmethod 12745 0x000002532af74c10 code [0x000002532af74e20, 0x000002532af752f8]
Event: 8814.387 Thread 0x00000253360253a0 12747       1       java.lang.ProcessImpl$$Lambda$1072/0x00000001006e68f0::run (8 bytes)
Event: 8814.387 Thread 0x00000253360253a0 nmethod 12747 0x000002532af74910 code [0x000002532af74aa0, 0x000002532af74b88]
Event: 8814.387 Thread 0x00000253360253a0 12748       1       java.lang.ProcessImpl::lambda$new$0 (6 bytes)
Event: 8814.387 Thread 0x00000253360253a0 nmethod 12748 0x000002532af74610 code [0x000002532af747a0, 0x000002532af74868]
Event: 10112.321 Thread 0x00000253360253a0 12750       1       java.lang.ProcessImpl$2::run (242 bytes)
Event: 10112.322 Thread 0x00000253360253a0 nmethod 12750 0x000002532af72b90 code [0x000002532af72e40, 0x000002532af73bd8]
Event: 10112.322 Thread 0x00000253360253a0 12751       1       java.io.BufferedOutputStream::<init> (9 bytes)
Event: 10112.322 Thread 0x00000253360253a0 nmethod 12751 0x000002532af72610 code [0x000002532af727a0, 0x000002532af72a78]
Event: 10112.322 Thread 0x00000253360253a0 12752       1       java.lang.ProcessImpl::waitFor (136 bytes)
Event: 10112.322 Thread 0x00000253360253a0 nmethod 12752 0x000002532af71d90 code [0x000002532af71fa0, 0x000002532af723b8]
Event: 38214.051 Thread 0x00000253360253a0 12754   !   1       java.lang.ThreadGroup::remove (94 bytes)
Event: 38214.052 Thread 0x00000253360253a0 nmethod 12754 0x000002532af71690 code [0x000002532af71840, 0x000002532af71ba8]

GC Heap History (20 events):
Event: 41403.189 GC heap before
{Heap before GC invocations=4703 (full 3170):
 garbage-first heap   total 122880K, used 37006K [0x00000000c0000000, 0x0000000100000000)
  region size 1024K, 1 young (1024K), 0 survivors (0K)
 Metaspace       used 60495K, committed 60864K, reserved 1114112K
  class space    used 7581K, committed 7744K, reserved 1048576K
}
Event: 41403.229 GC heap after
{Heap after GC invocations=4704 (full 3171):
 garbage-first heap   total 122880K, used 37006K [0x00000000c0000000, 0x0000000100000000)
  region size 1024K, 0 young (0K), 0 survivors (0K)
 Metaspace       used 60495K, committed 60864K, reserved 1114112K
  class space    used 7581K, committed 7744K, reserved 1048576K
}
Event: 41413.347 GC heap before
{Heap before GC invocations=4704 (full 3171):
 garbage-first heap   total 122880K, used 37006K [0x00000000c0000000, 0x0000000100000000)
  region size 1024K, 1 young (1024K), 0 survivors (0K)
 Metaspace       used 60495K, committed 60864K, reserved 1114112K
  class space    used 7581K, committed 7744K, reserved 1048576K
}
Event: 41413.394 GC heap after
{Heap after GC invocations=4705 (full 3172):
 garbage-first heap   total 122880K, used 37006K [0x00000000c0000000, 0x0000000100000000)
  region size 1024K, 0 young (0K), 0 survivors (0K)
 Metaspace       used 60495K, committed 60864K, reserved 1114112K
  class space    used 7581K, committed 7744K, reserved 1048576K
}
Event: 41423.523 GC heap before
{Heap before GC invocations=4705 (full 3172):
 garbage-first heap   total 122880K, used 37006K [0x00000000c0000000, 0x0000000100000000)
  region size 1024K, 1 young (1024K), 0 survivors (0K)
 Metaspace       used 60495K, committed 60864K, reserved 1114112K
  class space    used 7581K, committed 7744K, reserved 1048576K
}
Event: 41423.571 GC heap after
{Heap after GC invocations=4706 (full 3173):
 garbage-first heap   total 122880K, used 37006K [0x00000000c0000000, 0x0000000100000000)
  region size 1024K, 0 young (0K), 0 survivors (0K)
 Metaspace       used 60495K, committed 60864K, reserved 1114112K
  class space    used 7581K, committed 7744K, reserved 1048576K
}
Event: 41433.702 GC heap before
{Heap before GC invocations=4706 (full 3173):
 garbage-first heap   total 122880K, used 37006K [0x00000000c0000000, 0x0000000100000000)
  region size 1024K, 1 young (1024K), 0 survivors (0K)
 Metaspace       used 60495K, committed 60864K, reserved 1114112K
  class space    used 7581K, committed 7744K, reserved 1048576K
}
Event: 41433.748 GC heap after
{Heap after GC invocations=4707 (full 3174):
 garbage-first heap   total 122880K, used 37006K [0x00000000c0000000, 0x0000000100000000)
  region size 1024K, 0 young (0K), 0 survivors (0K)
 Metaspace       used 60495K, committed 60864K, reserved 1114112K
  class space    used 7581K, committed 7744K, reserved 1048576K
}
Event: 41443.873 GC heap before
{Heap before GC invocations=4707 (full 3174):
 garbage-first heap   total 122880K, used 37006K [0x00000000c0000000, 0x0000000100000000)
  region size 1024K, 1 young (1024K), 0 survivors (0K)
 Metaspace       used 60495K, committed 60864K, reserved 1114112K
  class space    used 7581K, committed 7744K, reserved 1048576K
}
Event: 41443.911 GC heap after
{Heap after GC invocations=4708 (full 3175):
 garbage-first heap   total 122880K, used 37006K [0x00000000c0000000, 0x0000000100000000)
  region size 1024K, 0 young (0K), 0 survivors (0K)
 Metaspace       used 60495K, committed 60864K, reserved 1114112K
  class space    used 7581K, committed 7744K, reserved 1048576K
}
Event: 41454.050 GC heap before
{Heap before GC invocations=4708 (full 3175):
 garbage-first heap   total 122880K, used 37006K [0x00000000c0000000, 0x0000000100000000)
  region size 1024K, 1 young (1024K), 0 survivors (0K)
 Metaspace       used 60495K, committed 60864K, reserved 1114112K
  class space    used 7581K, committed 7744K, reserved 1048576K
}
Event: 41454.097 GC heap after
{Heap after GC invocations=4709 (full 3176):
 garbage-first heap   total 122880K, used 37006K [0x00000000c0000000, 0x0000000100000000)
  region size 1024K, 0 young (0K), 0 survivors (0K)
 Metaspace       used 60495K, committed 60864K, reserved 1114112K
  class space    used 7581K, committed 7744K, reserved 1048576K
}
Event: 41464.226 GC heap before
{Heap before GC invocations=4709 (full 3176):
 garbage-first heap   total 122880K, used 37006K [0x00000000c0000000, 0x0000000100000000)
  region size 1024K, 1 young (1024K), 0 survivors (0K)
 Metaspace       used 60495K, committed 60864K, reserved 1114112K
  class space    used 7581K, committed 7744K, reserved 1048576K
}
Event: 41464.264 GC heap after
{Heap after GC invocations=4710 (full 3177):
 garbage-first heap   total 122880K, used 37006K [0x00000000c0000000, 0x0000000100000000)
  region size 1024K, 0 young (0K), 0 survivors (0K)
 Metaspace       used 60495K, committed 60864K, reserved 1114112K
  class space    used 7581K, committed 7744K, reserved 1048576K
}
Event: 41474.397 GC heap before
{Heap before GC invocations=4710 (full 3177):
 garbage-first heap   total 122880K, used 37006K [0x00000000c0000000, 0x0000000100000000)
  region size 1024K, 1 young (1024K), 0 survivors (0K)
 Metaspace       used 60495K, committed 60864K, reserved 1114112K
  class space    used 7581K, committed 7744K, reserved 1048576K
}
Event: 41474.440 GC heap after
{Heap after GC invocations=4711 (full 3178):
 garbage-first heap   total 122880K, used 37006K [0x00000000c0000000, 0x0000000100000000)
  region size 1024K, 0 young (0K), 0 survivors (0K)
 Metaspace       used 60495K, committed 60864K, reserved 1114112K
  class space    used 7581K, committed 7744K, reserved 1048576K
}
Event: 41484.569 GC heap before
{Heap before GC invocations=4711 (full 3178):
 garbage-first heap   total 122880K, used 37006K [0x00000000c0000000, 0x0000000100000000)
  region size 1024K, 1 young (1024K), 0 survivors (0K)
 Metaspace       used 60495K, committed 60864K, reserved 1114112K
  class space    used 7581K, committed 7744K, reserved 1048576K
}
Event: 41484.609 GC heap after
{Heap after GC invocations=4712 (full 3179):
 garbage-first heap   total 122880K, used 37006K [0x00000000c0000000, 0x0000000100000000)
  region size 1024K, 0 young (0K), 0 survivors (0K)
 Metaspace       used 60495K, committed 60864K, reserved 1114112K
  class space    used 7581K, committed 7744K, reserved 1048576K
}
Event: 41494.728 GC heap before
{Heap before GC invocations=4712 (full 3179):
 garbage-first heap   total 122880K, used 37006K [0x00000000c0000000, 0x0000000100000000)
  region size 1024K, 1 young (1024K), 0 survivors (0K)
 Metaspace       used 60495K, committed 60864K, reserved 1114112K
  class space    used 7581K, committed 7744K, reserved 1048576K
}
Event: 41494.773 GC heap after
{Heap after GC invocations=4713 (full 3180):
 garbage-first heap   total 122880K, used 37006K [0x00000000c0000000, 0x0000000100000000)
  region size 1024K, 0 young (0K), 0 survivors (0K)
 Metaspace       used 60495K, committed 60864K, reserved 1114112K
  class space    used 7581K, committed 7744K, reserved 1048576K
}

Dll operation events (9 events):
Event: 0.008 Loaded shared library c:\Users\ACER\.vscode\extensions\redhat.java-1.24.0-win32-x64\jre\17.0.8.1-win32-x86_64\bin\java.dll
Event: 0.220 Loaded shared library C:\Users\ACER\.vscode\extensions\redhat.java-1.24.0-win32-x64\jre\17.0.8.1-win32-x86_64\bin\net.dll
Event: 0.222 Loaded shared library C:\Users\ACER\.vscode\extensions\redhat.java-1.24.0-win32-x64\jre\17.0.8.1-win32-x86_64\bin\nio.dll
Event: 0.505 Loaded shared library C:\Users\ACER\.vscode\extensions\redhat.java-1.24.0-win32-x64\jre\17.0.8.1-win32-x86_64\bin\zip.dll
Event: 7.942 Loaded shared library C:\Users\ACER\.vscode\extensions\redhat.java-1.24.0-win32-x64\jre\17.0.8.1-win32-x86_64\bin\jimage.dll
Event: 11.872 Loaded shared library c:\Users\ACER\.vscode\extensions\redhat.java-1.24.0-win32-x64\jre\17.0.8.1-win32-x86_64\bin\verify.dll
Event: 12.907 Loaded shared library C:\Users\ACER\.vscode\extensions\redhat.java-1.24.0-win32-x64\jre\17.0.8.1-win32-x86_64\bin\management.dll
Event: 12.908 Loaded shared library C:\Users\ACER\.vscode\extensions\redhat.java-1.24.0-win32-x64\jre\17.0.8.1-win32-x86_64\bin\management_ext.dll
Event: 14.084 Loaded shared library C:\Users\ACER\.vscode\extensions\redhat.java-1.24.0-win32-x64\jre\17.0.8.1-win32-x86_64\bin\sunmscapi.dll

Deoptimization events (20 events):
Event: 1315.311 Thread 0x000002533770b440 DEOPT PACKING pc=0x0000025329a9fa78 sp=0x000000a78d2fc470
Event: 1315.311 Thread 0x000002533770b440 DEOPT UNPACKING pc=0x00000253298c7143 sp=0x000000a78d2fb928 mode 3
Event: 1315.311 Thread 0x000002533770b440 DEOPT PACKING pc=0x0000025329a9dd84 sp=0x000000a78d2fc380
Event: 1315.311 Thread 0x000002533770b440 DEOPT UNPACKING pc=0x00000253298c7143 sp=0x000000a78d2fb860 mode 3
Event: 1315.441 Thread 0x000002533770b440 DEOPT PACKING pc=0x0000025329d565d2 sp=0x000000a78d2fe130
Event: 1315.441 Thread 0x000002533770b440 DEOPT UNPACKING pc=0x00000253298c7143 sp=0x000000a78d2fd638 mode 3
Event: 1315.665 Thread 0x00000253379dc590 DEOPT PACKING pc=0x000002532ac61951 sp=0x000000a78d6fdf40
Event: 1315.665 Thread 0x00000253379dc590 DEOPT UNPACKING pc=0x00000253298c7143 sp=0x000000a78d6fd430 mode 3
Event: 1769.918 Thread 0x0000025338556cc0 DEOPT PACKING pc=0x000002532a8683ea sp=0x000000a78b7fe010
Event: 1769.918 Thread 0x0000025338556cc0 DEOPT UNPACKING pc=0x00000253298c7143 sp=0x000000a78b7fd558 mode 3
Event: 2095.447 Thread 0x0000025338f29a90 DEOPT PACKING pc=0x000002532a5e6199 sp=0x000000a78b7fd6b0
Event: 2095.447 Thread 0x0000025338f29a90 DEOPT UNPACKING pc=0x00000253298c7143 sp=0x000000a78b7fcc40 mode 3
Event: 2242.318 Thread 0x000002533770b440 DEOPT PACKING pc=0x000002532ae8d08a sp=0x000000a78d2fd5b0
Event: 2242.318 Thread 0x000002533770b440 DEOPT UNPACKING pc=0x00000253298c7143 sp=0x000000a78d2fca20 mode 3
Event: 3249.235 Thread 0x0000025338ecc7c0 DEOPT PACKING pc=0x000002532aed83fd sp=0x000000a78bbfdd50
Event: 3249.235 Thread 0x0000025338ecc7c0 DEOPT UNPACKING pc=0x00000253298c7143 sp=0x000000a78bbfd3d8 mode 3
Event: 4169.180 Thread 0x0000025338ecae70 DEOPT PACKING pc=0x000002532af272c4 sp=0x000000a78d5fe590
Event: 4169.180 Thread 0x0000025338ecae70 DEOPT UNPACKING pc=0x00000253298c7143 sp=0x000000a78d5fdab8 mode 3
Event: 5758.737 Thread 0x000002533770b440 DEOPT PACKING pc=0x000002532af0bd0f sp=0x000000a78d2fd930
Event: 5758.737 Thread 0x000002533770b440 DEOPT UNPACKING pc=0x00000253298c7143 sp=0x000000a78d2fce38 mode 3

Classes unloaded (20 events):
Event: 6551.200 Thread 0x0000025331e60b90 Unloading class 0x0000000100790800 'jdk/internal/reflect/GeneratedConstructorAccessor102'
Event: 6786.228 Thread 0x0000025331e60b90 Unloading class 0x0000000100798800 'jdk/internal/reflect/GeneratedConstructorAccessor108'
Event: 6786.229 Thread 0x0000025331e60b90 Unloading class 0x0000000100798400 'jdk/internal/reflect/GeneratedMethodAccessor61'
Event: 6786.229 Thread 0x0000025331e60b90 Unloading class 0x0000000100798000 'jdk/internal/reflect/GeneratedConstructorAccessor107'
Event: 6786.229 Thread 0x0000025331e60b90 Unloading class 0x0000000100790800 'jdk/internal/reflect/GeneratedConstructorAccessor106'
Event: 7017.080 Thread 0x0000025331e60b90 Unloading class 0x0000000100798800 'jdk/internal/reflect/GeneratedConstructorAccessor111'
Event: 7017.080 Thread 0x0000025331e60b90 Unloading class 0x0000000100798400 'jdk/internal/reflect/GeneratedMethodAccessor62'
Event: 7017.080 Thread 0x0000025331e60b90 Unloading class 0x0000000100798000 'jdk/internal/reflect/GeneratedConstructorAccessor110'
Event: 7017.080 Thread 0x0000025331e60b90 Unloading class 0x0000000100790800 'jdk/internal/reflect/GeneratedConstructorAccessor109'
Event: 7575.555 Thread 0x0000025331e60b90 Unloading class 0x0000000100798800 'jdk/internal/reflect/GeneratedConstructorAccessor114'
Event: 7575.555 Thread 0x0000025331e60b90 Unloading class 0x0000000100798400 'jdk/internal/reflect/GeneratedMethodAccessor63'
Event: 7575.555 Thread 0x0000025331e60b90 Unloading class 0x0000000100798000 'jdk/internal/reflect/GeneratedConstructorAccessor113'
Event: 7575.555 Thread 0x0000025331e60b90 Unloading class 0x0000000100790800 'jdk/internal/reflect/GeneratedConstructorAccessor112'
Event: 7575.555 Thread 0x0000025331e60b90 Unloading class 0x0000000100790400 'jdk/internal/reflect/GeneratedMethodAccessor60'
Event: 7575.555 Thread 0x0000025331e60b90 Unloading class 0x0000000100790000 'jdk/internal/reflect/GeneratedConstructorAccessor104'
Event: 7575.555 Thread 0x0000025331e60b90 Unloading class 0x0000000100791c00 'jdk/internal/reflect/GeneratedMethodAccessor59'
Event: 7575.555 Thread 0x0000025331e60b90 Unloading class 0x0000000100791800 'jdk/internal/reflect/GeneratedConstructorAccessor103'
Event: 7575.555 Thread 0x0000025331e60b90 Unloading class 0x0000000100792400 'jdk/internal/reflect/GeneratedMethodAccessor58'
Event: 7575.555 Thread 0x0000025331e60b90 Unloading class 0x0000000100792000 'jdk/internal/reflect/GeneratedMethodAccessor57'
Event: 7575.555 Thread 0x0000025331e60b90 Unloading class 0x0000000100791400 'jdk/internal/reflect/GeneratedMethodAccessor56'

Classes redefined (0 events):
No events

Internal exceptions (20 events):
Event: 38154.534 Thread 0x00000253379dd4c0 Exception <a 'sun/nio/fs/WindowsException'{0x00000000c7b9b098}> (0x00000000c7b9b098) 
thrown [s\src\hotspot\share\prims\jni.cpp, line 516]
Event: 38154.534 Thread 0x00000253379dd4c0 Exception <a 'sun/nio/fs/WindowsException'{0x00000000c7b9b468}> (0x00000000c7b9b468) 
thrown [s\src\hotspot\share\prims\jni.cpp, line 516]
Event: 38154.535 Thread 0x00000253379dd4c0 Exception <a 'sun/nio/fs/WindowsException'{0x00000000c7b9c3e8}> (0x00000000c7b9c3e8) 
thrown [s\src\hotspot\share\prims\jni.cpp, line 516]
Event: 38154.535 Thread 0x00000253379dd4c0 Exception <a 'sun/nio/fs/WindowsException'{0x00000000c7b9c7f8}> (0x00000000c7b9c7f8) 
thrown [s\src\hotspot\share\prims\jni.cpp, line 516]
Event: 38154.535 Thread 0x00000253379dd4c0 Exception <a 'sun/nio/fs/WindowsException'{0x00000000c7b9d560}> (0x00000000c7b9d560) 
thrown [s\src\hotspot\share\prims\jni.cpp, line 516]
Event: 38154.535 Thread 0x00000253379dd4c0 Exception <a 'sun/nio/fs/WindowsException'{0x00000000c7b9dce0}> (0x00000000c7b9dce0) 
thrown [s\src\hotspot\share\prims\jni.cpp, line 516]
Event: 38154.535 Thread 0x00000253379dd4c0 Exception <a 'sun/nio/fs/WindowsException'{0x00000000c7b9e0b0}> (0x00000000c7b9e0b0) 
thrown [s\src\hotspot\share\prims\jni.cpp, line 516]
Event: 38154.535 Thread 0x00000253379dd4c0 Exception <a 'sun/nio/fs/WindowsException'{0x00000000c7b9f030}> (0x00000000c7b9f030) 
thrown [s\src\hotspot\share\prims\jni.cpp, line 516]
Event: 38154.535 Thread 0x00000253379dd4c0 Exception <a 'sun/nio/fs/WindowsException'{0x00000000c7b9f440}> (0x00000000c7b9f440) 
thrown [s\src\hotspot\share\prims\jni.cpp, line 516]
Event: 38154.627 Thread 0x00000253379dd4c0 Exception <a 'sun/nio/fs/WindowsException'{0x00000000c6f05138}> (0x00000000c6f05138) 
thrown [s\src\hotspot\share\prims\jni.cpp, line 516]
Event: 38154.628 Thread 0x00000253379dd4c0 Exception <a 'sun/nio/fs/WindowsException'{0x00000000c6f058d8}> (0x00000000c6f058d8) 
thrown [s\src\hotspot\share\prims\jni.cpp, line 516]
Event: 38154.628 Thread 0x00000253379dd4c0 Exception <a 'sun/nio/fs/WindowsException'{0x00000000c6f05cb8}> (0x00000000c6f05cb8) 
thrown [s\src\hotspot\share\prims\jni.cpp, line 516]
Event: 38154.628 Thread 0x00000253379dd4c0 Exception <a 'sun/nio/fs/WindowsException'{0x00000000c6f06c48}> (0x00000000c6f06c48) 
thrown [s\src\hotspot\share\prims\jni.cpp, line 516]
Event: 38154.628 Thread 0x00000253379dd4c0 Exception <a 'sun/nio/fs/WindowsException'{0x00000000c6f07068}> (0x00000000c6f07068) 
thrown [s\src\hotspot\share\prims\jni.cpp, line 516]
Event: 38154.628 Thread 0x00000253379dd4c0 Exception <a 'sun/nio/fs/WindowsException'{0x00000000c6f07dd0}> (0x00000000c6f07dd0) 
thrown [s\src\hotspot\share\prims\jni.cpp, line 516]
Event: 38154.628 Thread 0x00000253379dd4c0 Exception <a 'sun/nio/fs/WindowsException'{0x00000000c6f08550}> (0x00000000c6f08550) 
thrown [s\src\hotspot\share\prims\jni.cpp, line 516]
Event: 38154.628 Thread 0x00000253379dd4c0 Exception <a 'sun/nio/fs/WindowsException'{0x00000000c6f08920}> (0x00000000c6f08920) 
thrown [s\src\hotspot\share\prims\jni.cpp, line 516]
Event: 38154.628 Thread 0x00000253379dd4c0 Exception <a 'sun/nio/fs/WindowsException'{0x00000000c6f098a0}> (0x00000000c6f098a0) 
thrown [s\src\hotspot\share\prims\jni.cpp, line 516]
Event: 38154.628 Thread 0x00000253379dd4c0 Exception <a 'sun/nio/fs/WindowsException'{0x00000000c6f09cb0}> (0x00000000c6f09cb0) 
thrown [s\src\hotspot\share\prims\jni.cpp, line 516]
Event: 41504.789 Thread 0x00000253378183e0 Exception <a 'java/io/IOException'{0x00000000ce300630}: CreateProcess error=1450, Insufficient system resources exist to complete the requested service> (0x00000000ce300630) 
thrown [s\src\hotspot\share\prims\jni.cpp, line 535]

VM Operations (20 events):
Event: 41403.229 Executing VM operation: G1CollectFull done
Event: 41413.347 Executing VM operation: G1CollectFull
Event: 41413.394 Executing VM operation: G1CollectFull done
Event: 41423.523 Executing VM operation: G1CollectFull
Event: 41423.571 Executing VM operation: G1CollectFull done
Event: 41433.702 Executing VM operation: G1CollectFull
Event: 41433.749 Executing VM operation: G1CollectFull done
Event: 41443.873 Executing VM operation: G1CollectFull
Event: 41443.911 Executing VM operation: G1CollectFull done
Event: 41454.050 Executing VM operation: G1CollectFull
Event: 41454.097 Executing VM operation: G1CollectFull done
Event: 41464.226 Executing VM operation: G1CollectFull
Event: 41464.265 Executing VM operation: G1CollectFull done
Event: 41474.397 Executing VM operation: G1CollectFull
Event: 41474.440 Executing VM operation: G1CollectFull done
Event: 41484.569 Executing VM operation: G1CollectFull
Event: 41484.610 Executing VM operation: G1CollectFull done
Event: 41494.728 Executing VM operation: G1CollectFull
Event: 41494.773 Executing VM operation: G1CollectFull done
Event: 41514.833 Executing VM operation: G1CollectFull

Events (20 events):
Event: 7701.366 Thread 0x0000025338f89da0 Thread exited: 0x0000025338f89da0
Event: 7705.202 Thread 0x00000253379dfd40 Thread exited: 0x00000253379dfd40
Event: 7792.903 Thread 0x0000025338e0a9b0 Thread added: 0x0000025338e0a9b0
Event: 7793.152 Thread 0x0000025338e09f90 Thread added: 0x0000025338e09f90
Event: 8083.315 Thread 0x0000025338e09f90 Thread exited: 0x0000025338e09f90
Event: 8087.128 Thread 0x0000025338e0a9b0 Thread exited: 0x0000025338e0a9b0
Event: 37911.342 Thread 0x0000025338eefa90 Thread added: 0x0000025338eefa90
Event: 37911.344 Thread 0x0000025338dde060 Thread added: 0x0000025338dde060
Event: 37974.381 Thread 0x0000025338dde060 Thread exited: 0x0000025338dde060
Event: 37974.381 Thread 0x0000025338eefa90 Thread exited: 0x0000025338eefa90
Event: 38147.866 Thread 0x0000025338f29070 Thread added: 0x0000025338f29070
Event: 38147.866 Thread 0x00000253379dc590 Thread added: 0x00000253379dc590
Event: 38154.046 Thread 0x0000025338f29fa0 Thread added: 0x0000025338f29fa0
Event: 38214.051 Thread 0x0000025338f29fa0 Thread exited: 0x0000025338f29fa0
Event: 38234.704 Thread 0x0000025338f29070 Thread exited: 0x0000025338f29070
Event: 38274.313 Thread 0x00000253379dc590 Thread exited: 0x00000253379dc590
Event: 40069.349 Thread 0x00000253379e1690 Thread added: 0x00000253379e1690
Event: 40069.357 Thread 0x0000025338eef580 Thread added: 0x0000025338eef580
Event: 40129.384 Thread 0x00000253379e1690 Thread exited: 0x00000253379e1690
Event: 40129.385 Thread 0x0000025338eef580 Thread exited: 0x0000025338eef580


Dynamic libraries:
0x00007ff6273d0000 - 0x00007ff6273de000 	c:\Users\ACER\.vscode\extensions\redhat.java-1.24.0-win32-x64\jre\17.0.8.1-win32-x86_64\bin\java.exe
0x00007ffcfdcb0000 - 0x00007ffcfdec7000 	C:\WINDOWS\SYSTEM32\ntdll.dll
0x00007ffcfc8b0000 - 0x00007ffcfc974000 	C:\WINDOWS\System32\KERNEL32.DLL
0x00007ffcfb660000 - 0x00007ffcfba06000 	C:\WINDOWS\System32\KERNELBASE.dll
0x00007ffcfb4c0000 - 0x00007ffcfb5d1000 	C:\WINDOWS\System32\ucrtbase.dll
0x00007ffcdc7e0000 - 0x00007ffcdc7f9000 	c:\Users\ACER\.vscode\extensions\redhat.java-1.24.0-win32-x64\jre\17.0.8.1-win32-x86_64\bin\VCRUNTIME140.dll
0x00007ffcdc990000 - 0x00007ffcdc9a7000 	c:\Users\ACER\.vscode\extensions\redhat.java-1.24.0-win32-x64\jre\17.0.8.1-win32-x86_64\bin\jli.dll
0x00007ffcfd990000 - 0x00007ffcfdb3d000 	C:\WINDOWS\System32\USER32.dll
0x00007ffceb180000 - 0x00007ffceb413000 	C:\WINDOWS\WinSxS\amd64_microsoft.windows.common-controls_6595b64144ccf1df_6.0.22621.2361_none_2712ced57382f843\COMCTL32.dll
0x00007ffcfb420000 - 0x00007ffcfb446000 	C:\WINDOWS\System32\win32u.dll
0x00007ffcfba10000 - 0x00007ffcfbab7000 	C:\WINDOWS\System32\msvcrt.dll
0x00007ffcfca90000 - 0x00007ffcfcab9000 	C:\WINDOWS\System32\GDI32.dll
0x00007ffcfb300000 - 0x00007ffcfb418000 	C:\WINDOWS\System32\gdi32full.dll
0x00007ffcfb030000 - 0x00007ffcfb0ca000 	C:\WINDOWS\System32\msvcp_win.dll
0x00007ffcfcc40000 - 0x00007ffcfcc71000 	C:\WINDOWS\System32\IMM32.DLL
0x00007ffcf5220000 - 0x00007ffcf522c000 	c:\Users\ACER\.vscode\extensions\redhat.java-1.24.0-win32-x64\jre\17.0.8.1-win32-x86_64\bin\vcruntime140_1.dll
0x00007ffcc1190000 - 0x00007ffcc1221000 	c:\Users\ACER\.vscode\extensions\redhat.java-1.24.0-win32-x64\jre\17.0.8.1-win32-x86_64\bin\msvcp140.dll
0x00007ffc98bb0000 - 0x00007ffc997fc000 	c:\Users\ACER\.vscode\extensions\redhat.java-1.24.0-win32-x64\jre\17.0.8.1-win32-x86_64\bin\server\jvm.dll
0x00007ffcfd4e0000 - 0x00007ffcfd590000 	C:\WINDOWS\System32\ADVAPI32.dll
0x00007ffcfc4c0000 - 0x00007ffcfc566000 	C:\WINDOWS\System32\sechost.dll
0x00007ffcfdb40000 - 0x00007ffcfdc57000 	C:\WINDOWS\System32\RPCRT4.dll
0x00007ffcfae50000 - 0x00007ffcfae9d000 	C:\WINDOWS\SYSTEM32\POWRPROF.dll
0x00007ffcf3680000 - 0x00007ffcf36b4000 	C:\WINDOWS\SYSTEM32\WINMM.dll
0x00007ffcd8e70000 - 0x00007ffcd8e79000 	C:\WINDOWS\SYSTEM32\WSOCK32.dll
0x00007ffcf1ab0000 - 0x00007ffcf1aba000 	C:\WINDOWS\SYSTEM32\VERSION.dll
0x00007ffcfc570000 - 0x00007ffcfc5e1000 	C:\WINDOWS\System32\WS2_32.dll
0x00007ffcfad30000 - 0x00007ffcfad43000 	C:\WINDOWS\SYSTEM32\UMPDC.dll
0x00007ffcfa010000 - 0x00007ffcfa028000 	C:\WINDOWS\SYSTEM32\kernel.appcore.dll
0x00007ffce81d0000 - 0x00007ffce81da000 	c:\Users\ACER\.vscode\extensions\redhat.java-1.24.0-win32-x64\jre\17.0.8.1-win32-x86_64\bin\jimage.dll
0x00007ffcf8470000 - 0x00007ffcf869e000 	C:\WINDOWS\SYSTEM32\DBGHELP.DLL
0x00007ffcfc130000 - 0x00007ffcfc4ba000 	C:\WINDOWS\System32\combase.dll
0x00007ffcfcad0000 - 0x00007ffcfcba7000 	C:\WINDOWS\System32\OLEAUT32.dll
0x00007ffcd8e30000 - 0x00007ffcd8e62000 	C:\WINDOWS\SYSTEM32\dbgcore.DLL
0x00007ffcfb5e0000 - 0x00007ffcfb65a000 	C:\WINDOWS\System32\bcryptPrimitives.dll
0x00007ffcd8a60000 - 0x00007ffcd8a85000 	c:\Users\ACER\.vscode\extensions\redhat.java-1.24.0-win32-x64\jre\17.0.8.1-win32-x86_64\bin\java.dll
0x00007ffcd8a40000 - 0x00007ffcd8a58000 	c:\Users\ACER\.vscode\extensions\redhat.java-1.24.0-win32-x64\jre\17.0.8.1-win32-x86_64\bin\zip.dll
0x00007ffcfcc80000 - 0x00007ffcfd4d8000 	C:\WINDOWS\System32\SHELL32.dll
0x00007ffcf8f90000 - 0x00007ffcf9882000 	C:\WINDOWS\SYSTEM32\windows.storage.dll
0x00007ffcf8e50000 - 0x00007ffcf8f8e000 	C:\WINDOWS\SYSTEM32\wintypes.dll
0x00007ffcfbac0000 - 0x00007ffcfbbb3000 	C:\WINDOWS\System32\SHCORE.dll
0x00007ffcfc0d0000 - 0x00007ffcfc12e000 	C:\WINDOWS\System32\shlwapi.dll
0x00007ffcfaf60000 - 0x00007ffcfaf86000 	C:\WINDOWS\SYSTEM32\profapi.dll
0x00007ffcd2440000 - 0x00007ffcd2459000 	C:\Users\ACER\.vscode\extensions\redhat.java-1.24.0-win32-x64\jre\17.0.8.1-win32-x86_64\bin\net.dll
0x00007ffcf4240000 - 0x00007ffcf4377000 	C:\WINDOWS\SYSTEM32\WINHTTP.dll
0x00007ffcfa4f0000 - 0x00007ffcfa559000 	C:\WINDOWS\system32\mswsock.dll
0x00007ffcd14e0000 - 0x00007ffcd14f5000 	C:\Users\ACER\.vscode\extensions\redhat.java-1.24.0-win32-x64\jre\17.0.8.1-win32-x86_64\bin\nio.dll
0x00007ffcfa740000 - 0x00007ffcfa75b000 	C:\WINDOWS\SYSTEM32\CRYPTSP.dll
0x00007ffcf9fd0000 - 0x00007ffcfa005000 	C:\WINDOWS\system32\rsaenh.dll
0x00007ffcfa5e0000 - 0x00007ffcfa60c000 	C:\WINDOWS\SYSTEM32\USERENV.dll
0x00007ffcfa8e0000 - 0x00007ffcfa908000 	C:\WINDOWS\SYSTEM32\bcrypt.dll
0x00007ffcfa760000 - 0x00007ffcfa76c000 	C:\WINDOWS\SYSTEM32\CRYPTBASE.dll
0x00007ffcf9b30000 - 0x00007ffcf9b5d000 	C:\WINDOWS\SYSTEM32\IPHLPAPI.DLL
0x00007ffcfc800000 - 0x00007ffcfc809000 	C:\WINDOWS\System32\NSI.dll
0x00007ffcf44d0000 - 0x00007ffcf44e9000 	C:\WINDOWS\SYSTEM32\dhcpcsvc6.DLL
0x00007ffcf44b0000 - 0x00007ffcf44cf000 	C:\WINDOWS\SYSTEM32\dhcpcsvc.DLL
0x00007ffcf9b60000 - 0x00007ffcf9c59000 	C:\WINDOWS\SYSTEM32\DNSAPI.dll
0x00007ffcdee20000 - 0x00007ffcdee30000 	c:\Users\ACER\.vscode\extensions\redhat.java-1.24.0-win32-x64\jre\17.0.8.1-win32-x86_64\bin\verify.dll
0x00007ffcf77b0000 - 0x00007ffcf77b9000 	C:\Users\ACER\.vscode\extensions\redhat.java-1.24.0-win32-x64\jre\17.0.8.1-win32-x86_64\bin\management.dll
0x00007ffcf5590000 - 0x00007ffcf559b000 	C:\Users\ACER\.vscode\extensions\redhat.java-1.24.0-win32-x64\jre\17.0.8.1-win32-x86_64\bin\management_ext.dll
0x00007ffcfdc60000 - 0x00007ffcfdc68000 	C:\WINDOWS\System32\PSAPI.DLL
0x00007ffcf5580000 - 0x00007ffcf558e000 	C:\Users\ACER\.vscode\extensions\redhat.java-1.24.0-win32-x64\jre\17.0.8.1-win32-x86_64\bin\sunmscapi.dll
0x00007ffcfb190000 - 0x00007ffcfb2f6000 	C:\WINDOWS\System32\CRYPT32.dll
0x00007ffcfa8b0000 - 0x00007ffcfa8dd000 	C:\WINDOWS\SYSTEM32\ncrypt.dll
0x00007ffcfa870000 - 0x00007ffcfa8a7000 	C:\WINDOWS\SYSTEM32\NTASN1.dll
0x00007ffcf44a0000 - 0x00007ffcf44aa000 	C:\Windows\System32\rasadhlp.dll
0x00007ffcf3570000 - 0x00007ffcf35f4000 	C:\WINDOWS\System32\fwpuclnt.dll

dbghelp: loaded successfully - version: 4.0.5 - missing functions: none
symbol engine: initialized successfully - sym options: 0x614 - pdb path: .;c:\Users\ACER\.vscode\extensions\redhat.java-1.24.0-win32-x64\jre\17.0.8.1-win32-x86_64\bin;C:\WINDOWS\SYSTEM32;C:\WINDOWS\WinSxS\amd64_microsoft.windows.common-controls_6595b64144ccf1df_6.0.22621.2361_none_2712ced57382f843;c:\Users\ACER\.vscode\extensions\redhat.java-1.24.0-win32-x64\jre\17.0.8.1-win32-x86_64\bin\server

VM Arguments:
jvm_args: -XX:+HeapDumpOnOutOfMemoryError -Xmx1024m -Dsts.lsp.client=vscode -Dsts.log.file=/dev/null -XX:TieredStopAtLevel=1 -Xlog:jni+resolve=off -Dspring.config.location=file:c:\Users\ACER\.vscode\extensions\vmware.vscode-spring-boot-1.50.0\language-server\BOOT-INF\classes\application.properties 
java_command: org.springframework.ide.vscode.boot.app.BootLanguageServerBootApp
java_class_path (initial): c:\Users\ACER\.vscode\extensions\vmware.vscode-spring-boot-1.50.0\language-server\BOOT-INF\classes;c:\Users\ACER\.vscode\extensions\vmware.vscode-spring-boot-1.50.0\language-server\BOOT-INF\lib\annotations-24.0.1.jar;c:\Users\ACER\.vscode\extensions\vmware.vscode-spring-boot-1.50.0\language-server\BOOT-INF\lib\antlr-runtime-3.5.3.jar;c:\Users\ACER\.vscode\extensions\vmware.vscode-spring-boot-1.50.0\language-server\BOOT-INF\lib\antlr4-4.11.1.jar;c:\Users\ACER\.vscode\extensions\vmware.vscode-spring-boot-1.50.0\language-server\BOOT-INF\lib\antlr4-runtime-4.11.1.jar;c:\Users\ACER\.vscode\extensions\vmware.vscode-spring-boot-1.50.0\language-server\BOOT-INF\lib\archunit-1.1.0.jar;c:\Users\ACER\.vscode\extensions\vmware.vscode-spring-boot-1.50.0\language-server\BOOT-INF\lib\asm-9.5.jar;c:\Users\ACER\.vscode\extensions\vmware.vscode-spring-boot-1.50.0\language-server\BOOT-INF\lib\asm-analysis-9.5.jar;c:\Users\ACER\.vscode\extensions\vmware.vscode-spring-boot-1.50.0\language-server\BOOT-INF\lib\asm-tree-9.5.jar;c:\Users\ACER\.vscode\extensions\vmware.vscode-spring-boot-1.50.0\language-server\BOOT-INF\lib\asm-util-9.5.jar;c:\Users\ACER\.vscode\extensions\vmware.vscode-spring-boot-1.50.0\language-server\BOOT-INF\lib\bosh-language-server-1.50.0-SNAPSHOT.jar;c:\Users\ACER\.vscode\extensions\vmware.vscode-spring-boot-1.50.0\language-server\BOOT-INF\lib\caffeine-3.1.8.jar;c:\Users\ACER\.vscode\extensions\vmware.vscode-spring-boot-1.50.0\language-server\BOOT-INF\lib\checker-qual-3.12.0.jar;c:\Users\ACER\.vscode\extensions\vmware.vscode-spring-boot-1.50.0\language-server\BOOT-INF\lib\classgraph-4.8.149.jar;c:\Users\ACER\.vscode\extensions\vmware.vscode-spring-boot-1.50.0\language-server\BOOT-INF\lib\commons-codec-1.15.jar;c:\Users\ACER\.vscode\extensions\vmware.vscode-spring-boot-1.50.0\language-server\BOOT-INF\lib\commons-compress-1.24.0.jar;c:\Users\ACER\.vscode\extensions\vmware.vscode-spring-boot-1.50.0\language-server\BOOT-INF\lib\commons-io-2.4.ja
Launcher Type: SUN_STANDARD

[Global flags]
     intx CICompilerCount                          = 4                                         {product} {ergonomic}
     uint ConcGCThreads                            = 3                                         {product} {ergonomic}
     uint G1ConcRefinementThreads                  = 10                                        {product} {ergonomic}
   size_t G1HeapRegionSize                         = 1048576                                   {product} {ergonomic}
    uintx GCDrainStackTargetSize                   = 64                                        {product} {ergonomic}
     bool HeapDumpOnOutOfMemoryError               = true                                   {manageable} {command line}
   size_t InitialHeapSize                          = 123731968                                 {product} {ergonomic}
   size_t MarkStackSize                            = 4194304                                   {product} {ergonomic}
   size_t MaxHeapSize                              = 1073741824                                {product} {command line}
   size_t MaxNewSize                               = 643825664                                 {product} {ergonomic}
   size_t MinHeapDeltaBytes                        = 1048576                                   {product} {ergonomic}
   size_t MinHeapSize                              = 8388608                                   {product} {ergonomic}
    uintx NonProfiledCodeHeapSize                  = 0                                      {pd product} {ergonomic}
     bool ProfileInterpreter                       = false                                  {pd product} {command line}
    uintx ProfiledCodeHeapSize                     = 0                                      {pd product} {ergonomic}
   size_t SoftMaxHeapSize                          = 1073741824                             {manageable} {ergonomic}
     intx TieredStopAtLevel                        = 1                                         {product} {command line}
     bool UseCompressedClassPointers               = true                           {product lp64_product} {ergonomic}
     bool UseCompressedOops                        = true                           {product lp64_product} {ergonomic}
     bool UseG1GC                                  = true                                      {product} {ergonomic}
     bool UseLargePagesIndividualAllocation        = false                                  {pd product} {ergonomic}

Logging:
Log output configuration:
 #0: stdout all=warning,jni+resolve=off uptime,level,tags
 #1: stderr all=off uptime,level,tags

Environment Variables:
JAVA_HOME=C:\Program Files\Java\jdk-17
PATH=C:\Users\ACER\AppData\Local\Programs\Python\Python311\Scripts\;C:\Users\ACER\AppData\Local\Programs\Python\Python311\;C:\Program Files (x86)\VMware\VMware Workstation\bin\;C:\Windows\system32;C:\Windows;C:\Windows\System32\Wbem;C:\Windows\System32\WindowsPowerShell\v1.0\;C:\Windows\System32\OpenSSH\;C:\Program Files\NVIDIA Corporation\NVIDIA NvDLISR;C:\WINDOWS\system32;C:\WINDOWS;C:\WINDOWS\System32\Wbem;C:\WINDOWS\System32\WindowsPowerShell\v1.0\;C:\WINDOWS\System32\OpenSSH\;C:\Program Files\dotnet\;C:\Program Files\Microsoft SQL Server\130\Tools\Binn\;C:\Program Files\Microsoft SQL Server\Client SDK\ODBC\170\Tools\Binn\;C:\Program Files\Microsoft SQL Server\150\Tools\Binn\;C:\Program Files\Git\cmd;C:\WINDOWS\system32;C:\WINDOWS;C:\WINDOWS\System32\Wbem;C:\WINDOWS\System32\WindowsPowerShell\v1.0\;C:\WINDOWS\System32\OpenSSH\;D:\wamp64\bin\php\php8.1.0;C:\ProgramData\ComposerSetup\bin;C:\cmder;D:\wamp64\bin\php\php8.2.0;C:\apache-maven-3.6.0\bin;C:\Gradle\gradle-8.2.1\bin;C:\ProgramData\chocolatey\bin;C:\Program Files\nodejs\;C:\Users\ACER\AppData\Local\Android\Sdk\platform-tools;C:\Users\ACER\AppData\Local\Android\Sdk\emulator;C:\Program Files\Java\jdk-17\bin;C:\Program Files\Cloudflare\Cloudflare WARP\;C:\Users\ACER\AppData\Local\Microsoft\WindowsApps;C:\Users\ACER\.dotnet\tools;C:\Users\ACER\AppData\Local\Programs\Microsoft VS Code\bin;C:\Users\ACER\AppData\Local\Android\Sdk\platform-tools;C:\Users\ACER\AppData\Roaming\Composer\vendor\bin;D:\wamp64\bin\php\php8.0.13;C:\Program Files\JetBrains\PhpStorm 2022.3.3\bin;;C:\Users\ACER\Downloads\cmder\bin;C:\Users\ACER\AppData\Roaming\npm;C:\Users\ACER\AppData\Local\Android\Sdk\emulator;C:\Program Files\Java\jdk-17\bin;
USERNAME=ACER
OS=Windows_NT
PROCESSOR_IDENTIFIER=AMD64 Family 23 Model 104 Stepping 1, AuthenticAMD
TMP=C:\Users\ACER\AppData\Local\Temp
TEMP=C:\Users\ACER\AppData\Local\Temp



---------------  S Y S T E M  ---------------

OS:
 Windows 11 , 64 bit Build 22621 (10.0.22621.2428)
OS uptime: 0 days 18:01 hours

CPU: total 12 (initial active 12) (12 cores per cpu, 2 threads per core) family 23 model 104 stepping 1 microcode 0x0, cx8, cmov, fxsr, ht, mmx, 3dnowpref, sse, sse2, sse3, ssse3, sse4a, sse4.1, sse4.2, popcnt, lzcnt, tsc, tscinvbit, avx, avx2, aes, clmul, bmi1, bmi2, adx, sha, fma, vzeroupper, clflush, clflushopt
Processor Information for all 12 processors :
  Max Mhz: 2100, Current Mhz: 2100, Mhz Limit: 2100

Memory: 4k page, system-wide physical 7514M (451M free)
TotalPageFile size 19802M (AvailPageFile size 7M)
current process WorkingSet (physical memory assigned to process): 86M, peak: 542M
current process commit charge ("private bytes"): 317M, peak: 752M

vm_info: OpenJDK 64-Bit Server VM (17.0.8.1+1) for windows-amd64 JRE (17.0.8.1+1), built on Aug 23 2023 15:29:17 by "admin" with MS VC++ 16.7 (VS2019)

END.
