#
# There is insufficient memory for the Java Runtime Environment to continue.
# Native memory allocation (mmap) failed to map 65536 bytes for Failed to commit metaspace.
# Possible reasons:
#   The system is out of physical RAM or swap space
#   The process is running with CompressedOops enabled, and the Java Heap may be blocking the growth of the native heap
# Possible solutions:
#   Reduce memory load on the system
#   Increase physical memory or swap space
#   Check if swap backing store is full
#   Decrease Java heap size (-Xmx/-Xms)
#   Decrease number of Java threads
#   Decrease Java thread stack sizes (-Xss)
#   Set larger code cache with -XX:ReservedCodeCacheSize=
#   JVM is running with Unscaled Compressed Oops mode in which the Java heap is
#     placed in the first 4GB address space. The Java Heap base address is the
#     maximum limit for the native heap growth. Please use -XX:HeapBaseMinAddress
#     to set the Java Heap base and to place the Java Heap above 4GB virtual address.
# This output file may be truncated or incomplete.
#
#  Out of Memory Error (virtualSpaceNode.cpp:110), pid=10428, tid=13256
#
# JRE version: OpenJDK Runtime Environment Temurin-17.0.8.1+1 (17.0.8.1+1) (build 17.0.8.1+1)
# Java VM: OpenJDK 64-Bit Server VM Temurin-17.0.8.1+1 (17.0.8.1+1, mixed mode, tiered, compressed oops, compressed class ptrs, parallel gc, windows-amd64)
# No core dump will be written. Minidumps are not enabled by default on client versions of Windows
#

---------------  S U M M A R Y ------------

Command Line: --add-modules=ALL-SYSTEM --add-opens=java.base/java.util=ALL-UNNAMED --add-opens=java.base/java.lang=ALL-UNNAMED --add-opens=java.base/sun.nio.fs=ALL-UNNAMED -Declipse.application=org.eclipse.jdt.ls.core.id1 -Dosgi.bundles.defaultStartLevel=4 -Declipse.product=org.eclipse.jdt.ls.core.product -Djava.import.generatesMetadataFilesAtProjectRoot=false -Dfile.encoding=utf8 -XX:+UseParallelGC -XX:GCTimeRatio=4 -XX:AdaptiveSizePolicyWeight=90 -Dsun.zip.disableMemoryMapping=true -Xmx1G -Xms100m -Xlog:disable -javaagent:c:\Users\ACER\.vscode\extensions\redhat.java-1.22.1-win32-x64\lombok\lombok-1.18.28.jar c:\Users\ACER\.vscode\extensions\redhat.java-1.22.1-win32-x64\server\plugins\org.eclipse.equinox.launcher_1.6.500.v20230717-2134.jar -configuration c:\Users\ACER\AppData\Roaming\Code\User\globalStorage\redhat.java\1.22.1\config_ss_win -data c:\Users\ACER\AppData\Roaming\Code\User\workspaceStorage\fc8769e14906d27e59db6c9fcb0649d3\redhat.java\ss_ws

Host: AMD Ryzen 5 5500U with Radeon Graphics         , 12 cores, 7G,  Windows 11 , 64 bit Build 22621 (10.0.22621.2215)
Time: Fri Sep 29 08:31:31 2023 SE Asia Standard Time elapsed time: 0.306592 seconds (0d 0h 0m 0s)

---------------  T H R E A D  ---------------

Current thread (0x0000021d9ab19510):  JavaThread "main" [_thread_in_vm, id=13256, stack(0x0000003a19e00000,0x0000003a19f00000)]

Stack: [0x0000003a19e00000,0x0000003a19f00000]
Native frames: (J=compiled Java code, j=interpreted, Vv=VM code, C=native code)
V  [jvm.dll+0x678b0a]
V  [jvm.dll+0x835e84]
V  [jvm.dll+0x83762e]
V  [jvm.dll+0x837c93]
V  [jvm.dll+0x24746f]
V  [jvm.dll+0x831f1b]
V  [jvm.dll+0x61d3c6]
V  [jvm.dll+0x61d42a]
V  [jvm.dll+0x61fc5a]
V  [jvm.dll+0x61dd66]
V  [jvm.dll+0x627c47]
V  [jvm.dll+0x1eb90b]
V  [jvm.dll+0x1ebe45]
V  [jvm.dll+0x1ec87f]
V  [jvm.dll+0x1e1d21]
V  [jvm.dll+0x53fba0]
V  [jvm.dll+0x1f2607]
V  [jvm.dll+0x7b06ab]
V  [jvm.dll+0x7b1a52]
V  [jvm.dll+0x7b1d88]
V  [jvm.dll+0x23f76e]
V  [jvm.dll+0x3818fe]
C  0x0000021da4cdae1b

Java frames: (J=compiled Java code, j=interpreted, Vv=VM code)
j  java.util.zip.ZipFile.<init>(Ljava/io/File;ILjava/nio/charset/Charset;)V+112 java.base@17.0.8.1
j  java.util.zip.ZipFile.<init>(Ljava/io/File;I)V+6 java.base@17.0.8.1
j  java.util.jar.JarFile.<init>(Ljava/io/File;ZILjava/lang/Runtime$Version;)V+3 java.base@17.0.8.1
j  jdk.internal.loader.URLClassPath$JarLoader.getJarFile(Ljava/net/URL;)Ljava/util/jar/JarFile;+56 java.base@17.0.8.1
j  jdk.internal.loader.URLClassPath$JarLoader$1.run()Ljava/lang/Void;+55 java.base@17.0.8.1
j  jdk.internal.loader.URLClassPath$JarLoader$1.run()Ljava/lang/Object;+1 java.base@17.0.8.1
j  java.security.AccessController.executePrivileged(Ljava/security/PrivilegedExceptionAction;Ljava/security/AccessControlContext;Ljava/lang/Class;)Ljava/lang/Object;+29 java.base@17.0.8.1
j  java.security.AccessController.doPrivileged(Ljava/security/PrivilegedExceptionAction;Ljava/security/AccessControlContext;)Ljava/lang/Object;+13 java.base@17.0.8.1
j  jdk.internal.loader.URLClassPath$JarLoader.ensureOpen()V+19 java.base@17.0.8.1
j  jdk.internal.loader.URLClassPath$JarLoader.<init>(Ljava/net/URL;Ljava/net/URLStreamHandler;Ljava/util/HashMap;Ljava/security/AccessControlContext;)V+63 java.base@17.0.8.1
j  jdk.internal.loader.URLClassPath$3.run()Ljdk/internal/loader/URLClassPath$Loader;+168 java.base@17.0.8.1
j  jdk.internal.loader.URLClassPath$3.run()Ljava/lang/Object;+1 java.base@17.0.8.1
j  java.security.AccessController.executePrivileged(Ljava/security/PrivilegedExceptionAction;Ljava/security/AccessControlContext;Ljava/lang/Class;)Ljava/lang/Object;+29 java.base@17.0.8.1
j  java.security.AccessController.doPrivileged(Ljava/security/PrivilegedExceptionAction;Ljava/security/AccessControlContext;)Ljava/lang/Object;+13 java.base@17.0.8.1
j  jdk.internal.loader.URLClassPath.getLoader(Ljava/net/URL;)Ljdk/internal/loader/URLClassPath$Loader;+13 java.base@17.0.8.1
j  jdk.internal.loader.URLClassPath.getLoader(I)Ljdk/internal/loader/URLClassPath$Loader;+81 java.base@17.0.8.1
j  jdk.internal.loader.URLClassPath.getResource(Ljava/lang/String;Z)Ljdk/internal/loader/Resource;+42 java.base@17.0.8.1
j  jdk.internal.loader.BuiltinClassLoader.findClassOnClassPathOrNull(Ljava/lang/String;)Ljava/lang/Class;+26 java.base@17.0.8.1
j  jdk.internal.loader.BuiltinClassLoader.loadClassOrNull(Ljava/lang/String;Z)Ljava/lang/Class;+111 java.base@17.0.8.1
j  jdk.internal.loader.BuiltinClassLoader.loadClass(Ljava/lang/String;Z)Ljava/lang/Class;+3 java.base@17.0.8.1
j  jdk.internal.loader.ClassLoaders$AppClassLoader.loadClass(Ljava/lang/String;Z)Ljava/lang/Class;+36 java.base@17.0.8.1
j  java.lang.ClassLoader.loadClass(Ljava/lang/String;)Ljava/lang/Class;+3 java.base@17.0.8.1
j  sun.instrument.InstrumentationImpl.loadClassAndStartAgent(Ljava/lang/String;Ljava/lang/String;Ljava/lang/String;)V+8 java.instrument@17.0.8.1
j  sun.instrument.InstrumentationImpl.loadClassAndCallPremain(Ljava/lang/String;Ljava/lang/String;)V+6 java.instrument@17.0.8.1
v  ~StubRoutines::call_stub

---------------  P R O C E S S  ---------------

Threads class SMR info:
_java_thread_list=0x0000021db3e0c280, length=12, elements={
0x0000021d9ab19510, 0x0000021dae989570, 0x0000021db3c54c70, 0x0000021dae98e110,
0x0000021db3c7c140, 0x0000021db3c7cfc0, 0x0000021db3c7ecf0, 0x0000021db3c82fb0,
0x0000021db3c85180, 0x0000021db3c87240, 0x0000021d9ab7bbe0, 0x0000021db3e16060
}

Java Threads: ( => current thread )
=>0x0000021d9ab19510 JavaThread "main" [_thread_in_vm, id=13256, stack(0x0000003a19e00000,0x0000003a19f00000)]
  0x0000021dae989570 JavaThread "Reference Handler" daemon [_thread_blocked, id=14512, stack(0x0000003a1a100000,0x0000003a1a200000)]
  0x0000021db3c54c70 JavaThread "Finalizer" daemon [_thread_blocked, id=8392, stack(0x0000003a1a200000,0x0000003a1a300000)]
  0x0000021dae98e110 JavaThread "Signal Dispatcher" daemon [_thread_blocked, id=13324, stack(0x0000003a1a300000,0x0000003a1a400000)]
  0x0000021db3c7c140 JavaThread "Attach Listener" daemon [_thread_blocked, id=14984, stack(0x0000003a1a400000,0x0000003a1a500000)]
  0x0000021db3c7cfc0 JavaThread "Service Thread" daemon [_thread_blocked, id=2708, stack(0x0000003a1a500000,0x0000003a1a600000)]
  0x0000021db3c7ecf0 JavaThread "Monitor Deflation Thread" daemon [_thread_blocked, id=3884, stack(0x0000003a1a600000,0x0000003a1a700000)]
  0x0000021db3c82fb0 JavaThread "C2 CompilerThread0" daemon [_thread_blocked, id=3876, stack(0x0000003a1a700000,0x0000003a1a800000)]
  0x0000021db3c85180 JavaThread "C1 CompilerThread0" daemon [_thread_blocked, id=18104, stack(0x0000003a1a800000,0x0000003a1a900000)]
  0x0000021db3c87240 JavaThread "Sweeper thread" daemon [_thread_blocked, id=14628, stack(0x0000003a1a900000,0x0000003a1aa00000)]
  0x0000021d9ab7bbe0 JavaThread "Common-Cleaner" daemon [_thread_blocked, id=11944, stack(0x0000003a1aa00000,0x0000003a1ab00000)]
  0x0000021db3e16060 JavaThread "C2 CompilerThread1" daemon [_thread_blocked, id=10340, stack(0x0000003a1ab00000,0x0000003a1ac00000)]

Other Threads:
  0x0000021d9abcdc50 VMThread "VM Thread" [stack: 0x0000003a1a000000,0x0000003a1a100000] [id=19092]
  0x0000021d9ab2ec70 GCTaskThread "GC Thread#0" [stack: 0x0000003a19f00000,0x0000003a1a000000] [id=21332]

Threads with active compile tasks:

VM state: not at safepoint (normal execution)

VM Mutex/Monitor currently owned by a thread:  ([mutex/lock_event])
[0x0000021d9ab13f60] Metaspace_lock - owner thread: 0x0000021d9ab19510

Heap address: 0x00000000c0000000, size: 1024 MB, Compressed Oops mode: 32-bit

CDS archive(s) not mapped
Compressed class space mapped at: 0x0000000100000000-0x0000000140000000, reserved size: 1073741824
Narrow klass base: 0x0000000000000000, Narrow klass shift: 3, Narrow klass range: 0x140000000

GC Precious Log:
 CPUs: 12 total, 12 available
 Memory: 7514M
 Large Page Support: Disabled
 NUMA Support: Disabled
 Compressed Oops: Enabled (32-bit)
 Alignments: Space 512K, Generation 512K, Heap 2M
 Heap Min Capacity: 100M
 Heap Initial Capacity: 100M
 Heap Max Capacity: 1G
 Pre-touch: Disabled
 Parallel Workers: 10

Heap:
 PSYoungGen      total 29696K, used 2560K [0x00000000eab00000, 0x00000000ecc00000, 0x0000000100000000)
  eden space 25600K, 10% used [0x00000000eab00000,0x00000000ead801e0,0x00000000ec400000)
  from space 4096K, 0% used [0x00000000ec800000,0x00000000ec800000,0x00000000ecc00000)
  to   space 4096K, 0% used [0x00000000ec400000,0x00000000ec400000,0x00000000ec800000)
 ParOldGen       total 68608K, used 0K [0x00000000c0000000, 0x00000000c4300000, 0x00000000eab00000)
  object space 68608K, 0% used [0x00000000c0000000,0x00000000c0000000,0x00000000c4300000)
 Metaspace       used 4656K, committed 4800K, reserved 1114112K
  class space    used 430K, committed 512K, reserved 1048576K

Card table byte_map: [0x0000021d9a4b0000,0x0000021d9a6c0000] _byte_map_base: 0x0000021d99eb0000

Marking Bits: (ParMarkBitMap*) 0x00007ff8848183a0
 Begin Bits: [0x0000021dac790000, 0x0000021dad790000)
 End Bits:   [0x0000021dad790000, 0x0000021dae790000)

Polling page: 0x0000021d98a70000

Metaspace:

Usage:
  Non-class:      4.13 MB used.
      Class:    430.20 KB used.
       Both:      4.55 MB used.

Virtual space:
  Non-class space:       64.00 MB reserved,       4.19 MB (  7%) committed,  1 nodes.
      Class space:        1.00 GB reserved,     512.00 KB ( <1%) committed,  1 nodes.
             Both:        1.06 GB reserved,       4.69 MB ( <1%) committed. 

Chunk freelists:
   Non-Class:  11.00 MB
       Class:  15.56 MB
        Both:  26.56 MB

MaxMetaspaceSize: unlimited
CompressedClassSpaceSize: 1.00 GB
Initial GC threshold: 21.00 MB
Current GC threshold: 21.00 MB
CDS: off
MetaspaceReclaimPolicy: balanced
 - commit_granule_bytes: 65536.
 - commit_granule_words: 8192.
 - virtual_space_node_default_size: 8388608.
 - enlarge_chunks_in_place: 1.
 - new_chunks_are_fully_committed: 0.
 - uncommit_free_chunks: 1.
 - use_allocation_guard: 0.
 - handle_deallocations: 1.


Internal statistics:

num_allocs_failed_limit: 0.
num_arena_births: 6.
num_arena_deaths: 0.
num_vsnodes_births: 2.
num_vsnodes_deaths: 0.
num_space_committed: 75.
num_space_uncommitted: 0.
num_chunks_returned_to_freelist: 0.
num_chunks_taken_from_freelist: 10.
num_chunk_merges: 0.
num_chunk_splits: 5.
num_chunks_enlarged: 2.
num_inconsistent_stats: 0.

CodeHeap 'non-profiled nmethods': size=120000Kb used=61Kb max_used=61Kb free=119938Kb
 bounds [0x0000021da5260000, 0x0000021da54d0000, 0x0000021dac790000]
CodeHeap 'profiled nmethods': size=120000Kb used=203Kb max_used=203Kb free=119796Kb
 bounds [0x0000021d9d790000, 0x0000021d9da00000, 0x0000021da4cc0000]
CodeHeap 'non-nmethods': size=5760Kb used=1069Kb max_used=1082Kb free=4690Kb
 bounds [0x0000021da4cc0000, 0x0000021da4f30000, 0x0000021da5260000]
 total_blobs=528 nmethods=189 adapters=254
 compilation: enabled
              stopped_count=0, restarted_count=0
 full_count=0

Compilation events (20 events):
Event: 0.286 Thread 0x0000021db3e16060 nmethod 175 0x0000021da526dc10 code [0x0000021da526dda0, 0x0000021da526deb8]
Event: 0.287 Thread 0x0000021db3c85180  180       3       java.lang.String::indexOf (29 bytes)
Event: 0.288 Thread 0x0000021db3c85180 nmethod 180 0x0000021d9d7bec10 code [0x0000021d9d7bede0, 0x0000021d9d7bf078]
Event: 0.288 Thread 0x0000021db3c85180  181       3       java.lang.StringLatin1::indexOf (36 bytes)
Event: 0.288 Thread 0x0000021db3c85180 nmethod 181 0x0000021d9d7bf190 code [0x0000021d9d7bf360, 0x0000021d9d7bf798]
Event: 0.288 Thread 0x0000021db3c85180  182       3       java.lang.invoke.MemberName::testAllFlags (7 bytes)
Event: 0.288 Thread 0x0000021db3c85180 nmethod 182 0x0000021d9d7bf910 code [0x0000021d9d7bfaa0, 0x0000021d9d7bfc78]
Event: 0.288 Thread 0x0000021db3c85180  184       3       jdk.internal.org.objectweb.asm.SymbolTable::addConstantUtf8 (98 bytes)
Event: 0.289 Thread 0x0000021db3c85180 nmethod 184 0x0000021d9d7bfd10 code [0x0000021d9d7bff40, 0x0000021d9d7c0538]
Event: 0.289 Thread 0x0000021db3c85180  183       1       java.lang.Class::getModule (5 bytes)
Event: 0.289 Thread 0x0000021db3c85180 nmethod 183 0x0000021da526e390 code [0x0000021da526e520, 0x0000021da526e5f8]
Event: 0.289 Thread 0x0000021db3c85180  186       3       java.lang.String::substring (58 bytes)
Event: 0.290 Thread 0x0000021db3c85180 nmethod 186 0x0000021d9d7c0890 code [0x0000021d9d7c0a80, 0x0000021d9d7c0f28]
Event: 0.290 Thread 0x0000021db3c85180  187       3       java.lang.String::checkBoundsBeginEnd (63 bytes)
Event: 0.290 Thread 0x0000021db3c85180 nmethod 187 0x0000021d9d7c1110 code [0x0000021d9d7c13a0, 0x0000021d9d7c1c78]
Event: 0.294 Thread 0x0000021db3c82fb0 nmethod 169 0x0000021da526e690 code [0x0000021da526e860, 0x0000021da526ef38]
Event: 0.303 Thread 0x0000021db3c85180  188       3       java.lang.AbstractStringBuilder::append (77 bytes)
Event: 0.304 Thread 0x0000021db3c85180 nmethod 188 0x0000021d9d7c2010 code [0x0000021d9d7c2220, 0x0000021d9d7c28a8]
Event: 0.304 Thread 0x0000021db3c85180  189       3       java.io.WinNTFileSystem::isSlash (18 bytes)
Event: 0.304 Thread 0x0000021db3c85180 nmethod 189 0x0000021d9d7c2b10 code [0x0000021d9d7c2ca0, 0x0000021d9d7c2e38]

GC Heap History (0 events):
No events

Dll operation events (3 events):
Event: 0.033 Loaded shared library c:\Users\ACER\.vscode\extensions\redhat.java-1.22.1-win32-x64\jre\17.0.8.1-win32-x86_64\bin\java.dll
Event: 0.292 Loaded shared library c:\Users\ACER\.vscode\extensions\redhat.java-1.22.1-win32-x64\jre\17.0.8.1-win32-x86_64\bin\zip.dll
Event: 0.299 Loaded shared library C:\Users\ACER\.vscode\extensions\redhat.java-1.22.1-win32-x64\jre\17.0.8.1-win32-x86_64\bin\instrument.dll

Deoptimization events (0 events):
No events

Classes unloaded (0 events):
No events

Classes redefined (0 events):
No events

Internal exceptions (1 events):
Event: 0.259 Thread 0x0000021d9ab19510 Exception <a 'java/lang/NoSuchMethodError'{0x00000000eacb2690}: 'void java.lang.invoke.DirectMethodHandle$Holder.invokeStatic(java.lang.Object, java.lang.Object, java.lang.Object)'> (0x00000000eacb2690) 
thrown [s\src\hotspot\share\interpreter\linkResolver.cpp, line 759]

VM Operations (2 events):
Event: 0.266 Executing VM operation: HandshakeAllThreads
Event: 0.266 Executing VM operation: HandshakeAllThreads done

Events (20 events):
Event: 0.302 loading class java/util/zip/ZipFile done
Event: 0.302 loading class java/util/zip/ZipFile$1
Event: 0.302 loading class jdk/internal/access/JavaUtilZipFileAccess
Event: 0.302 loading class jdk/internal/access/JavaUtilZipFileAccess done
Event: 0.302 loading class java/util/zip/ZipFile$1 done
Event: 0.302 loading class sun/net/www/protocol/jar/Handler
Event: 0.303 loading class sun/net/www/protocol/jar/Handler done
Event: 0.303 loading class jdk/internal/loader/URLClassPath$JarLoader$1
Event: 0.303 loading class jdk/internal/loader/URLClassPath$JarLoader$1 done
Event: 0.303 loading class jdk/internal/loader/FileURLMapper
Event: 0.303 loading class jdk/internal/loader/FileURLMapper done
Event: 0.303 loading class java/util/jar/JarFile
Event: 0.304 loading class java/util/jar/JarFile done
Event: 0.304 loading class java/util/jar/JavaUtilJarAccessImpl
Event: 0.304 loading class jdk/internal/access/JavaUtilJarAccess
Event: 0.304 loading class jdk/internal/access/JavaUtilJarAccess done
Event: 0.304 loading class java/util/jar/JavaUtilJarAccessImpl done
Event: 0.304 loading class java/lang/Runtime$Version
Event: 0.304 loading class java/lang/Runtime$Version done
Event: 0.304 loading class java/util/zip/ZipFile$CleanableResource


Dynamic libraries:
0x00007ff759180000 - 0x00007ff75918e000 	c:\Users\ACER\.vscode\extensions\redhat.java-1.22.1-win32-x64\jre\17.0.8.1-win32-x86_64\bin\java.exe
0x00007ff907f90000 - 0x00007ff9081a4000 	C:\WINDOWS\SYSTEM32\ntdll.dll
0x00007ff907780000 - 0x00007ff907844000 	C:\WINDOWS\System32\KERNEL32.DLL
0x00007ff905500000 - 0x00007ff9058a4000 	C:\WINDOWS\System32\KERNELBASE.dll
0x00007ff905970000 - 0x00007ff905a81000 	C:\WINDOWS\System32\ucrtbase.dll
0x00007ff8ff8c0000 - 0x00007ff8ff8d7000 	c:\Users\ACER\.vscode\extensions\redhat.java-1.22.1-win32-x64\jre\17.0.8.1-win32-x86_64\bin\jli.dll
0x00007ff8fd8f0000 - 0x00007ff8fd909000 	c:\Users\ACER\.vscode\extensions\redhat.java-1.22.1-win32-x64\jre\17.0.8.1-win32-x86_64\bin\VCRUNTIME140.dll
0x00007ff907010000 - 0x00007ff9071be000 	C:\WINDOWS\System32\USER32.dll
0x00007ff9054d0000 - 0x00007ff9054f6000 	C:\WINDOWS\System32\win32u.dll
0x00007ff906360000 - 0x00007ff906389000 	C:\WINDOWS\System32\GDI32.dll
0x00007ff905c00000 - 0x00007ff905d18000 	C:\WINDOWS\System32\gdi32full.dll
0x00007ff905340000 - 0x00007ff9053da000 	C:\WINDOWS\System32\msvcp_win.dll
0x00007ff8f51b0000 - 0x00007ff8f5443000 	C:\WINDOWS\WinSxS\amd64_microsoft.windows.common-controls_6595b64144ccf1df_6.0.22621.2215_none_270d72677387dfc3\COMCTL32.dll
0x00007ff907aa0000 - 0x00007ff907b47000 	C:\WINDOWS\System32\msvcrt.dll
0x00007ff9071d0000 - 0x00007ff907201000 	C:\WINDOWS\System32\IMM32.DLL
0x00007ff8dbf80000 - 0x00007ff8dbf8c000 	c:\Users\ACER\.vscode\extensions\redhat.java-1.22.1-win32-x64\jre\17.0.8.1-win32-x86_64\bin\vcruntime140_1.dll
0x00007ff8cc950000 - 0x00007ff8cc9e1000 	c:\Users\ACER\.vscode\extensions\redhat.java-1.22.1-win32-x64\jre\17.0.8.1-win32-x86_64\bin\msvcp140.dll
0x00007ff883c90000 - 0x00007ff8848dc000 	c:\Users\ACER\.vscode\extensions\redhat.java-1.22.1-win32-x64\jre\17.0.8.1-win32-x86_64\bin\server\jvm.dll
0x00007ff9079f0000 - 0x00007ff907aa0000 	C:\WINDOWS\System32\ADVAPI32.dll
0x00007ff9062b0000 - 0x00007ff906356000 	C:\WINDOWS\System32\sechost.dll
0x00007ff9065c0000 - 0x00007ff9066d7000 	C:\WINDOWS\System32\RPCRT4.dll
0x00007ff8e0d40000 - 0x00007ff8e0d49000 	C:\WINDOWS\SYSTEM32\WSOCK32.dll
0x00007ff8fdb30000 - 0x00007ff8fdb64000 	C:\WINDOWS\SYSTEM32\WINMM.dll
0x00007ff905210000 - 0x00007ff90525d000 	C:\WINDOWS\SYSTEM32\POWRPROF.dll
0x00007ff8fda70000 - 0x00007ff8fda7a000 	C:\WINDOWS\SYSTEM32\VERSION.dll
0x00007ff905d40000 - 0x00007ff905db1000 	C:\WINDOWS\System32\WS2_32.dll
0x00007ff905040000 - 0x00007ff905053000 	C:\WINDOWS\SYSTEM32\UMPDC.dll
0x00007ff904340000 - 0x00007ff904358000 	C:\WINDOWS\SYSTEM32\kernel.appcore.dll
0x00007ff8d90b0000 - 0x00007ff8d90ba000 	c:\Users\ACER\.vscode\extensions\redhat.java-1.22.1-win32-x64\jre\17.0.8.1-win32-x86_64\bin\jimage.dll
0x00007ff902da0000 - 0x00007ff902fce000 	C:\WINDOWS\SYSTEM32\DBGHELP.DLL
0x00007ff9072c0000 - 0x00007ff90764a000 	C:\WINDOWS\System32\combase.dll
0x00007ff906f30000 - 0x00007ff907007000 	C:\WINDOWS\System32\OLEAUT32.dll
0x00007ff8e6760000 - 0x00007ff8e6792000 	C:\WINDOWS\SYSTEM32\dbgcore.DLL
0x00007ff9053e0000 - 0x00007ff90545a000 	C:\WINDOWS\System32\bcryptPrimitives.dll
0x00007ff8d90a0000 - 0x00007ff8d90ae000 	c:\Users\ACER\.vscode\extensions\redhat.java-1.22.1-win32-x64\jre\17.0.8.1-win32-x86_64\bin\instrument.dll
0x00007ff8d9070000 - 0x00007ff8d9095000 	c:\Users\ACER\.vscode\extensions\redhat.java-1.22.1-win32-x64\jre\17.0.8.1-win32-x86_64\bin\java.dll
0x00007ff8d9010000 - 0x00007ff8d9028000 	c:\Users\ACER\.vscode\extensions\redhat.java-1.22.1-win32-x64\jre\17.0.8.1-win32-x86_64\bin\zip.dll
0x00007ff9066f0000 - 0x00007ff906f13000 	C:\WINDOWS\System32\SHELL32.dll
0x00007ff9032d0000 - 0x00007ff903bba000 	C:\WINDOWS\SYSTEM32\windows.storage.dll
0x00007ff903190000 - 0x00007ff9032ce000 	C:\WINDOWS\SYSTEM32\wintypes.dll
0x00007ff9064c0000 - 0x00007ff9065b3000 	C:\WINDOWS\System32\SHCORE.dll
0x00007ff907b50000 - 0x00007ff907bae000 	C:\WINDOWS\System32\shlwapi.dll
0x00007ff905270000 - 0x00007ff905296000 	C:\WINDOWS\SYSTEM32\profapi.dll

dbghelp: loaded successfully - version: 4.0.5 - missing functions: none
symbol engine: initialized successfully - sym options: 0x614 - pdb path: .;c:\Users\ACER\.vscode\extensions\redhat.java-1.22.1-win32-x64\jre\17.0.8.1-win32-x86_64\bin;C:\WINDOWS\SYSTEM32;C:\WINDOWS\WinSxS\amd64_microsoft.windows.common-controls_6595b64144ccf1df_6.0.22621.2215_none_270d72677387dfc3;c:\Users\ACER\.vscode\extensions\redhat.java-1.22.1-win32-x64\jre\17.0.8.1-win32-x86_64\bin\server

VM Arguments:
jvm_args: --add-modules=ALL-SYSTEM --add-opens=java.base/java.util=ALL-UNNAMED --add-opens=java.base/java.lang=ALL-UNNAMED --add-opens=java.base/sun.nio.fs=ALL-UNNAMED -Declipse.application=org.eclipse.jdt.ls.core.id1 -Dosgi.bundles.defaultStartLevel=4 -Declipse.product=org.eclipse.jdt.ls.core.product -Djava.import.generatesMetadataFilesAtProjectRoot=false -Dfile.encoding=utf8 -XX:+UseParallelGC -XX:GCTimeRatio=4 -XX:AdaptiveSizePolicyWeight=90 -Dsun.zip.disableMemoryMapping=true -Xmx1G -Xms100m -Xlog:disable -javaagent:c:\Users\ACER\.vscode\extensions\redhat.java-1.22.1-win32-x64\lombok\lombok-1.18.28.jar 
java_command: c:\Users\ACER\.vscode\extensions\redhat.java-1.22.1-win32-x64\server\plugins\org.eclipse.equinox.launcher_1.6.500.v20230717-2134.jar -configuration c:\Users\ACER\AppData\Roaming\Code\User\globalStorage\redhat.java\1.22.1\config_ss_win -data c:\Users\ACER\AppData\Roaming\Code\User\workspaceStorage\fc8769e14906d27e59db6c9fcb0649d3\redhat.java\ss_ws
java_class_path (initial): c:\Users\ACER\.vscode\extensions\redhat.java-1.22.1-win32-x64\server\plugins\org.eclipse.equinox.launcher_1.6.500.v20230717-2134.jar
Launcher Type: SUN_STANDARD

[Global flags]
    uintx AdaptiveSizePolicyWeight                 = 90                                        {product} {command line}
     intx CICompilerCount                          = 4                                         {product} {ergonomic}
    uintx GCTimeRatio                              = 4                                         {product} {command line}
   size_t InitialHeapSize                          = 104857600                                 {product} {command line}
   size_t MaxHeapSize                              = 1073741824                                {product} {command line}
   size_t MaxNewSize                               = 357564416                                 {product} {ergonomic}
   size_t MinHeapDeltaBytes                        = 524288                                    {product} {ergonomic}
   size_t MinHeapSize                              = 104857600                                 {product} {command line}
   size_t NewSize                                  = 34603008                                  {product} {ergonomic}
    uintx NonNMethodCodeHeapSize                   = 5839372                                {pd product} {ergonomic}
    uintx NonProfiledCodeHeapSize                  = 122909434                              {pd product} {ergonomic}
   size_t OldSize                                  = 70254592                                  {product} {ergonomic}
    uintx ProfiledCodeHeapSize                     = 122909434                              {pd product} {ergonomic}
    uintx ReservedCodeCacheSize                    = 251658240                              {pd product} {ergonomic}
     bool SegmentedCodeCache                       = true                                      {product} {ergonomic}
   size_t SoftMaxHeapSize                          = 1073741824                             {manageable} {ergonomic}
     bool UseCompressedClassPointers               = true                           {product lp64_product} {ergonomic}
     bool UseCompressedOops                        = true                           {product lp64_product} {ergonomic}
     bool UseLargePagesIndividualAllocation        = false                                  {pd product} {ergonomic}
     bool UseParallelGC                            = true                                      {product} {command line}

Logging:
Log output configuration:
 #0: stdout all=off uptime,level,tags
 #1: stderr all=off uptime,level,tags

Environment Variables:
JAVA_HOME=C:\Program Files\Java\jdk-17
PATH=C:\Program Files\Common Files\Oracle\Java\javapath;C:\Program Files (x86)\Common Files\Oracle\Java\javapath;C:\Program Files (x86)\VMware\VMware Workstation\bin\;C:\ProgramData\Oracle\Java\javapath;C:\Windows\system32;C:\Windows;C:\Windows\System32\Wbem;C:\Windows\System32\WindowsPowerShell\v1.0\;C:\Windows\System32\OpenSSH\;C:\Program Files\NVIDIA Corporation\NVIDIA NvDLISR;C:\WINDOWS\system32;C:\WINDOWS;C:\WINDOWS\System32\Wbem;C:\WINDOWS\System32\WindowsPowerShell\v1.0\;C:\WINDOWS\System32\OpenSSH\;C:\Program Files\dotnet\;C:\Program Files\Microsoft SQL Server\130\Tools\Binn\;C:\Program Files\Microsoft SQL Server\Client SDK\ODBC\170\Tools\Binn\;C:\Program Files\Microsoft SQL Server\150\Tools\Binn\;C:\Program Files\Git\cmd;C:\WINDOWS\system32;C:\WINDOWS;C:\WINDOWS\System32\Wbem;C:\WINDOWS\System32\WindowsPowerShell\v1.0\;C:\WINDOWS\System32\OpenSSH\;D:\wamp64\bin\php\php8.1.0;C:\ProgramData\ComposerSetup\bin;C:\cmder;D:\wamp64\bin\php\php8.2.0;C:\Program Files\nodejs\;C:\apache-maven-3.6.0\bin;C:\Gradle\gradle-8.2.1\bin;C:\Users\ACER\AppData\Local\Programs\Python\Python311\Scripts\;C:\Users\ACER\AppData\Local\Programs\Python\Python311\;C:\Users\ACER\AppData\Local\Microsoft\WindowsApps;C:\Users\ACER\.dotnet\tools;C:\Users\ACER\AppData\Local\Programs\Microsoft VS Code\bin;C:\Users\ACER\AppData\Local\Android\Sdk\platform-tools;C:\Users\ACER\AppData\Roaming\Composer\vendor\bin;D:\wamp64\bin\php\php8.0.13;C:\Program Files\JetBrains\PhpStorm 2022.3.3\bin;;C:\Users\ACER\Downloads\cmder\bin;C:\Users\ACER\AppData\Roaming\npm
USERNAME=ACER
OS=Windows_NT
PROCESSOR_IDENTIFIER=AMD64 Family 23 Model 104 Stepping 1, AuthenticAMD
TMP=C:\Users\ACER\AppData\Local\Temp
TEMP=C:\Users\ACER\AppData\Local\Temp



---------------  S Y S T E M  ---------------

OS:
 Windows 11 , 64 bit Build 22621 (10.0.22621.2215)
OS uptime: 0 days 23:58 hours

CPU: total 12 (initial active 12) (12 cores per cpu, 2 threads per core) family 23 model 104 stepping 1 microcode 0x0, cx8, cmov, fxsr, ht, mmx, 3dnowpref, sse, sse2, sse3, ssse3, sse4a, sse4.1, sse4.2, popcnt, lzcnt, tsc, tscinvbit, avx, avx2, aes, clmul, bmi1, bmi2, adx, sha, fma, vzeroupper, clflush, clflushopt
Processor Information for all 12 processors :
  Max Mhz: 2100, Current Mhz: 2100, Mhz Limit: 2100

Memory: 4k page, system-wide physical 7514M (948M free)
TotalPageFile size 19802M (AvailPageFile size 5M)
current process WorkingSet (physical memory assigned to process): 31M, peak: 31M
current process commit charge ("private bytes"): 190M, peak: 190M

vm_info: OpenJDK 64-Bit Server VM (17.0.8.1+1) for windows-amd64 JRE (17.0.8.1+1), built on Aug 23 2023 15:29:17 by "admin" with MS VC++ 16.7 (VS2019)

END.
