#
# There is insufficient memory for the Java Runtime Environment to continue.
# Native memory allocation (malloc) failed to allocate 2144048 bytes for Chunk::new
# Possible reasons:
#   The system is out of physical RAM or swap space
#   The process is running with CompressedOops enabled, and the Java Heap may be blocking the growth of the native heap
# Possible solutions:
#   Reduce memory load on the system
#   Increase physical memory or swap space
#   Check if swap backing store is full
#   Decrease Java heap size (-Xmx/-Xms)
#   Decrease number of Java threads
#   Decrease Java thread stack sizes (-Xss)
#   Set larger code cache with -XX:ReservedCodeCacheSize=
#   JVM is running with Unscaled Compressed Oops mode in which the Java heap is
#     placed in the first 4GB address space. The Java Heap base address is the
#     maximum limit for the native heap growth. Please use -XX:HeapBaseMinAddress
#     to set the Java Heap base and to place the Java Heap above 4GB virtual address.
# This output file may be truncated or incomplete.
#
#  Out of Memory Error (arena.cpp:189), pid=18868, tid=16492
#
# JRE version: OpenJDK Runtime Environment Temurin-17.0.8.1+1 (17.0.8.1+1) (build 17.0.8.1+1)
# Java VM: OpenJDK 64-Bit Server VM Temurin-17.0.8.1+1 (17.0.8.1+1, mixed mode, tiered, compressed oops, compressed class ptrs, parallel gc, windows-amd64)
# No core dump will be written. Minidumps are not enabled by default on client versions of Windows
#

---------------  S U M M A R Y ------------

Command Line: --add-modules=ALL-SYSTEM --add-opens=java.base/java.util=ALL-UNNAMED --add-opens=java.base/java.lang=ALL-UNNAMED --add-opens=java.base/sun.nio.fs=ALL-UNNAMED -Declipse.application=org.eclipse.jdt.ls.core.id1 -Dosgi.bundles.defaultStartLevel=4 -Declipse.product=org.eclipse.jdt.ls.core.product -Djava.import.generatesMetadataFilesAtProjectRoot=false -DDetectVMInstallationsJob.disabled=true -Dfile.encoding=utf8 -XX:+UseParallelGC -XX:GCTimeRatio=4 -XX:AdaptiveSizePolicyWeight=90 -Dsun.zip.disableMemoryMapping=true -Xmx1G -Xms100m -Xlog:disable -javaagent:c:\Users\ACER\.vscode\extensions\redhat.java-1.24.0-win32-x64\lombok\lombok-1.18.30.jar -XX:+HeapDumpOnOutOfMemoryError -XX:HeapDumpPath=c:\Users\ACER\AppData\Roaming\Code\User\workspaceStorage\fc8769e14906d27e59db6c9fcb0649d3\redhat.java -Daether.dependencyCollector.impl=bf c:\Users\ACER\.vscode\extensions\redhat.java-1.24.0-win32-x64\server\plugins\org.eclipse.equinox.launcher_1.6.500.v20230717-2134.jar -configuration c:\Users\ACER\AppData\Roaming\Code\User\globalStorage\redhat.java\1.24.0\config_win -data c:\Users\ACER\AppData\Roaming\Code\User\workspaceStorage\fc8769e14906d27e59db6c9fcb0649d3\redhat.java\jdt_ws --stdio

Host: AMD Ryzen 5 5500U with Radeon Graphics         , 12 cores, 7G,  Windows 11 , 64 bit Build 22621 (10.0.22621.2428)
Time: Mon Nov  6 08:36:06 2023 SE Asia Standard Time elapsed time: 4298.155258 seconds (0d 1h 11m 38s)

---------------  T H R E A D  ---------------

Current thread (0x000001b1c6815330):  JavaThread "C2 CompilerThread0" daemon [_thread_in_native, id=16492, stack(0x000000771e700000,0x000000771e800000)]


Current CompileTask:
C2:4298155 37349       4       lombok.eclipse.handlers.HandleEqualsAndHashCode::createEquals (2766 bytes)

Stack: [0x000000771e700000,0x000000771e800000]
Native frames: (J=compiled Java code, j=interpreted, Vv=VM code, C=native code)
V  [jvm.dll+0x678b0a]
V  [jvm.dll+0x835e84]
V  [jvm.dll+0x83762e]
V  [jvm.dll+0x837c93]
V  [jvm.dll+0x24746f]
V  [jvm.dll+0xac20c]
V  [jvm.dll+0xac7dc]
V  [jvm.dll+0x365ca7]
V  [jvm.dll+0x3301a1]
V  [jvm.dll+0x32f64a]
V  [jvm.dll+0x219bf1]
V  [jvm.dll+0x219011]
V  [jvm.dll+0x1a534d]
V  [jvm.dll+0x228d8a]
V  [jvm.dll+0x226dcc]
V  [jvm.dll+0x7ec09b]
V  [jvm.dll+0x7e64ca]
V  [jvm.dll+0x677955]
C  [ucrtbase.dll+0x29363]
C  [KERNEL32.DLL+0x1257d]
C  [ntdll.dll+0x5aa78]


---------------  P R O C E S S  ---------------

Threads class SMR info:
_java_thread_list=0x000001b1cc5a0450, length=50, elements={
0x000001b1ab96eef0, 0x000001b1c1722020, 0x000001b1c1723090, 0x000001b1c172c2a0,
0x000001b1c172cb70, 0x000001b1c172d440, 0x000001b1c172e4b0, 0x000001b1c6815330,
0x000001b1c682b780, 0x000001b1c688bf50, 0x000001b1c6989880, 0x000001b1c6b41090,
0x000001b1c84500f0, 0x000001b1c8741790, 0x000001b1c8742350, 0x000001b1c8385da0,
0x000001b1c82ca810, 0x000001b1c82c7a80, 0x000001b1c82c7060, 0x000001b1c82c7570,
0x000001b1ca5d8a50, 0x000001b1ca5d7b20, 0x000001b1ca5d2510, 0x000001b1ca5d8540,
0x000001b1ca5d8030, 0x000001b1ca5d52a0, 0x000001b1da230a70, 0x000001b1da22be80,
0x000001b1da22c390, 0x000001b1ccf9d130, 0x000001b1ca5d6bf0, 0x000001b1ca5d3440,
0x000001b1ca5d4370, 0x000001b1ca5d4880, 0x000001b1ca5d7100, 0x000001b1ca5d4d90,
0x000001b1ca5d5cc0, 0x000001b1ccf9db50, 0x000001b1ccf9a3a0, 0x000001b1ccf9bcf0,
0x000001b1cb31f680, 0x000001b1cb3214e0, 0x000001b1cb31e240, 0x000001b1cb322410,
0x000001b1cb322920, 0x000001b1cb323850, 0x000001b1ccf9b7e0, 0x000001b1ccf9e570,
0x000001b1ccf9c710, 0x000001b1ccf99e90
}

Java Threads: ( => current thread )
  0x000001b1ab96eef0 JavaThread "main" [_thread_blocked, id=15772, stack(0x000000771de00000,0x000000771df00000)]
  0x000001b1c1722020 JavaThread "Reference Handler" daemon [_thread_blocked, id=2012, stack(0x000000771e100000,0x000000771e200000)]
  0x000001b1c1723090 JavaThread "Finalizer" daemon [_thread_blocked, id=15024, stack(0x000000771e200000,0x000000771e300000)]
  0x000001b1c172c2a0 JavaThread "Signal Dispatcher" daemon [_thread_blocked, id=7692, stack(0x000000771e300000,0x000000771e400000)]
  0x000001b1c172cb70 JavaThread "Attach Listener" daemon [_thread_blocked, id=11224, stack(0x000000771e400000,0x000000771e500000)]
  0x000001b1c172d440 JavaThread "Service Thread" daemon [_thread_blocked, id=3856, stack(0x000000771e500000,0x000000771e600000)]
  0x000001b1c172e4b0 JavaThread "Monitor Deflation Thread" daemon [_thread_blocked, id=5108, stack(0x000000771e600000,0x000000771e700000)]
=>0x000001b1c6815330 JavaThread "C2 CompilerThread0" daemon [_thread_in_native, id=16492, stack(0x000000771e700000,0x000000771e800000)]
  0x000001b1c682b780 JavaThread "C1 CompilerThread0" daemon [_thread_blocked, id=13848, stack(0x000000771e800000,0x000000771e900000)]
  0x000001b1c688bf50 JavaThread "Sweeper thread" daemon [_thread_blocked, id=8164, stack(0x000000771e900000,0x000000771ea00000)]
  0x000001b1c6989880 JavaThread "Common-Cleaner" daemon [_thread_blocked, id=5380, stack(0x000000771ea00000,0x000000771eb00000)]
  0x000001b1c6b41090 JavaThread "Notification Thread" daemon [_thread_blocked, id=1880, stack(0x000000771eb00000,0x000000771ec00000)]
  0x000001b1c84500f0 JavaThread "Active Thread: Equinox Container: ac30cbce-dd57-4eef-9677-90943e0681d6" [_thread_blocked, id=8784, stack(0x000000771f300000,0x000000771f400000)]
  0x000001b1c8741790 JavaThread "Framework Event Dispatcher: Equinox Container: ac30cbce-dd57-4eef-9677-90943e0681d6" daemon [_thread_blocked, id=2884, stack(0x000000771f400000,0x000000771f500000)]
  0x000001b1c8742350 JavaThread "Start Level: Equinox Container: ac30cbce-dd57-4eef-9677-90943e0681d6" daemon [_thread_blocked, id=13064, stack(0x000000771f500000,0x000000771f600000)]
  0x000001b1c8385da0 JavaThread "Bundle File Closer" daemon [_thread_blocked, id=15076, stack(0x000000771f700000,0x000000771f800000)]
  0x000001b1c82ca810 JavaThread "SCR Component Actor" daemon [_thread_blocked, id=19744, stack(0x000000771f800000,0x000000771f900000)]
  0x000001b1c82c7a80 JavaThread "Worker-JM" [_thread_blocked, id=19772, stack(0x000000771fc00000,0x000000771fd00000)]
  0x000001b1c82c7060 JavaThread "Java indexing" daemon [_thread_blocked, id=20396, stack(0x0000007720000000,0x0000007720100000)]
  0x000001b1c82c7570 JavaThread "JNA Cleaner" daemon [_thread_blocked, id=20424, stack(0x0000007720300000,0x0000007720400000)]
  0x000001b1ca5d8a50 JavaThread "pool-2-thread-1" [_thread_blocked, id=20428, stack(0x0000007720400000,0x0000007720500000)]
  0x000001b1ca5d7b20 JavaThread "WorkspaceEventsHandler" [_thread_blocked, id=20432, stack(0x0000007720500000,0x0000007720600000)]
  0x000001b1ca5d2510 JavaThread "pool-1-thread-1" [_thread_in_native, id=20436, stack(0x0000007720600000,0x0000007720700000)]
  0x000001b1ca5d8540 JavaThread "Timer-0" [_thread_blocked, id=20476, stack(0x0000007720900000,0x0000007720a00000)]
  0x000001b1ca5d8030 JavaThread "Timer-1" [_thread_blocked, id=6468, stack(0x0000007720a00000,0x0000007720b00000)]
  0x000001b1ca5d52a0 JavaThread "ForkJoinPool.commonPool-worker-9" daemon [_thread_blocked, id=5344, stack(0x0000007721400000,0x0000007721500000)]
  0x000001b1da230a70 JavaThread "Java Debug Server" daemon [_thread_in_native, id=19536, stack(0x0000007720200000,0x0000007720300000)]
  0x000001b1da22be80 JavaThread "RxSchedulerPurge-1" daemon [_thread_blocked, id=9848, stack(0x0000007720b00000,0x0000007720c00000)]
  0x000001b1da22c390 JavaThread "RxCachedWorkerPoolEvictor-1" daemon [_thread_blocked, id=13612, stack(0x0000007721700000,0x0000007721800000)]
  0x000001b1ccf9d130 JavaThread "ForkJoinPool.commonPool-worker-13" daemon [_thread_blocked, id=5004, stack(0x000000771dd00000,0x000000771de00000)]
  0x000001b1ca5d6bf0 JavaThread "pool-4-thread-9" [_thread_in_native, id=3696, stack(0x000000771fd00000,0x000000771fe00000)]
  0x000001b1ca5d3440 JavaThread "RxNewThreadScheduler-25" daemon [_thread_blocked, id=19560, stack(0x000000771fe00000,0x000000771ff00000)]
  0x000001b1ca5d4370 JavaThread "process reaper (pid 1976)" daemon [_thread_in_native, id=5056, stack(0x000000771d710000,0x000000771d730000)]
  0x000001b1ca5d4880 JavaThread "ForkJoinPool.commonPool-worker-18" daemon [_thread_blocked, id=16560, stack(0x000000771ff00000,0x0000007720000000)]
  0x000001b1ca5d7100 JavaThread "ForkJoinPool.commonPool-worker-20" daemon [_thread_blocked, id=19468, stack(0x0000007720800000,0x0000007720900000)]
  0x000001b1ca5d4d90 JavaThread "ForkJoinPool.commonPool-worker-21" daemon [_thread_blocked, id=11408, stack(0x0000007720c00000,0x0000007720d00000)]
  0x000001b1ca5d5cc0 JavaThread "Worker-45" [_thread_blocked, id=12872, stack(0x0000007720f00000,0x0000007721000000)]
  0x000001b1ccf9db50 JavaThread "ForkJoinPool.commonPool-worker-22" daemon [_thread_blocked, id=9456, stack(0x0000007720e00000,0x0000007720f00000)]
  0x000001b1ccf9a3a0 JavaThread "ForkJoinPool.commonPool-worker-23" daemon [_thread_blocked, id=20284, stack(0x0000007721100000,0x0000007721200000)]
  0x000001b1ccf9bcf0 JavaThread "Worker-51" [_thread_blocked, id=13512, stack(0x0000007721600000,0x0000007721700000)]
  0x000001b1cb31f680 JavaThread "ForkJoinPool.commonPool-worker-24" daemon [_thread_in_native, id=14676, stack(0x000000771db00000,0x000000771dc00000)]
  0x000001b1cb3214e0 JavaThread "ForkJoinPool.commonPool-worker-25" daemon [_thread_blocked, id=1900, stack(0x000000771dc00000,0x000000771dd00000)]
  0x000001b1cb31e240 JavaThread "ForkJoinPool.commonPool-worker-26" daemon [_thread_blocked, id=14512, stack(0x000000771fb00000,0x000000771fc00000)]
  0x000001b1cb322410 JavaThread "ForkJoinPool.commonPool-worker-27" daemon [_thread_blocked, id=10212, stack(0x0000007720100000,0x0000007720200000)]
  0x000001b1cb322920 JavaThread "Worker-53" [_thread_blocked, id=2736, stack(0x0000007720700000,0x0000007720800000)]
  0x000001b1cb323850 JavaThread "Worker-54" [_thread_blocked, id=1232, stack(0x0000007720d00000,0x0000007720e00000)]
  0x000001b1ccf9b7e0 JavaThread "Worker-55" [_thread_blocked, id=2464, stack(0x0000007721000000,0x0000007721100000)]
  0x000001b1ccf9e570 JavaThread "Worker-56" [_thread_blocked, id=13892, stack(0x0000007721200000,0x0000007721300000)]
  0x000001b1ccf9c710 JavaThread "pool-1-thread-15" [_thread_blocked, id=15852, stack(0x0000007721300000,0x0000007721400000)]
  0x000001b1ccf99e90 JavaThread "Worker-57" [_thread_blocked, id=5104, stack(0x0000007721500000,0x0000007721600000)]

Other Threads:
  0x000001b1c67f2860 VMThread "VM Thread" [stack: 0x000000771e000000,0x000000771e100000] [id=16316]
  0x000001b1c6b41570 WatcherThread [stack: 0x000000771ec00000,0x000000771ed00000] [id=10040]
  0x000001b1ab986490 GCTaskThread "GC Thread#0" [stack: 0x000000771df00000,0x000000771e000000] [id=18288]
  0x000001b1c8478430 GCTaskThread "GC Thread#1" [stack: 0x000000771ed00000,0x000000771ee00000] [id=9808]
  0x000001b1c84786f0 GCTaskThread "GC Thread#2" [stack: 0x000000771ee00000,0x000000771ef00000] [id=14672]
  0x000001b1c848d000 GCTaskThread "GC Thread#3" [stack: 0x000000771ef00000,0x000000771f000000] [id=4824]
  0x000001b1c848d2c0 GCTaskThread "GC Thread#4" [stack: 0x000000771f000000,0x000000771f100000] [id=10304]
  0x000001b1c855f620 GCTaskThread "GC Thread#5" [stack: 0x000000771f100000,0x000000771f200000] [id=11852]
  0x000001b1c855f8e0 GCTaskThread "GC Thread#6" [stack: 0x000000771f200000,0x000000771f300000] [id=15336]
  0x000001b1c8940b80 GCTaskThread "GC Thread#7" [stack: 0x000000771f600000,0x000000771f700000] [id=13200]
  0x000001b1c8294c20 GCTaskThread "GC Thread#8" [stack: 0x000000771f900000,0x000000771fa00000] [id=19748]
  0x000001b1c86a3320 GCTaskThread "GC Thread#9" [stack: 0x000000771fa00000,0x000000771fb00000] [id=19752]

Threads with active compile tasks:
C2 CompilerThread0  4298196 37349       4       lombok.eclipse.handlers.HandleEqualsAndHashCode::createEquals (2766 bytes)

VM state: not at safepoint (normal execution)

VM Mutex/Monitor currently owned by a thread: None

Heap address: 0x00000000c0000000, size: 1024 MB, Compressed Oops mode: 32-bit

CDS archive(s) not mapped
Compressed class space mapped at: 0x0000000100000000-0x0000000140000000, reserved size: 1073741824
Narrow klass base: 0x0000000000000000, Narrow klass shift: 3, Narrow klass range: 0x140000000

GC Precious Log:
 CPUs: 12 total, 12 available
 Memory: 7514M
 Large Page Support: Disabled
 NUMA Support: Disabled
 Compressed Oops: Enabled (32-bit)
 Alignments: Space 512K, Generation 512K, Heap 2M
 Heap Min Capacity: 100M
 Heap Initial Capacity: 100M
 Heap Max Capacity: 1G
 Pre-touch: Disabled
 Parallel Workers: 10

Heap:
 PSYoungGen      total 14848K, used 6474K [0x00000000eab00000, 0x00000000ebf80000, 0x0000000100000000)
  eden space 13824K, 39% used [0x00000000eab00000,0x00000000eb058568,0x00000000eb880000)
  from space 1024K, 97% used [0x00000000ebc80000,0x00000000ebd7a400,0x00000000ebd80000)
  to   space 3584K, 0% used [0x00000000eb880000,0x00000000eb880000,0x00000000ebc00000)
 ParOldGen       total 311296K, used 280581K [0x00000000c0000000, 0x00000000d3000000, 0x00000000eab00000)
  object space 311296K, 90% used [0x00000000c0000000,0x00000000d1201638,0x00000000d3000000)
 Metaspace       used 108586K, committed 109888K, reserved 1179648K
  class space    used 11182K, committed 11776K, reserved 1048576K

Card table byte_map: [0x000001b1befa0000,0x000001b1bf1b0000] _byte_map_base: 0x000001b1be9a0000

Marking Bits: (ParMarkBitMap*) 0x00007ff82f2783a0
 Begin Bits: [0x000001b1bf310000, 0x000001b1c0310000)
 End Bits:   [0x000001b1c0310000, 0x000001b1c1310000)

Polling page: 0x000001b1aba20000

Metaspace:

Usage:
  Non-class:     95.12 MB used.
      Class:     10.92 MB used.
       Both:    106.04 MB used.

Virtual space:
  Non-class space:      128.00 MB reserved,      95.81 MB ( 75%) committed,  2 nodes.
      Class space:        1.00 GB reserved,      11.50 MB (  1%) committed,  1 nodes.
             Both:        1.12 GB reserved,     107.31 MB (  9%) committed. 

Chunk freelists:
   Non-Class:  15.88 MB
       Class:  4.51 MB
        Both:  20.39 MB

MaxMetaspaceSize: unlimited
CompressedClassSpaceSize: 1.00 GB
Initial GC threshold: 21.00 MB
Current GC threshold: 178.69 MB
CDS: off
MetaspaceReclaimPolicy: balanced
 - commit_granule_bytes: 65536.
 - commit_granule_words: 8192.
 - virtual_space_node_default_size: 8388608.
 - enlarge_chunks_in_place: 1.
 - new_chunks_are_fully_committed: 0.
 - uncommit_free_chunks: 1.
 - use_allocation_guard: 0.
 - handle_deallocations: 1.


Internal statistics:

num_allocs_failed_limit: 9.
num_arena_births: 1120.
num_arena_deaths: 358.
num_vsnodes_births: 3.
num_vsnodes_deaths: 0.
num_space_committed: 1717.
num_space_uncommitted: 0.
num_chunks_returned_to_freelist: 428.
num_chunks_taken_from_freelist: 5954.
num_chunk_merges: 162.
num_chunk_splits: 3544.
num_chunks_enlarged: 1987.
num_inconsistent_stats: 0.

CodeHeap 'non-profiled nmethods': size=120000Kb used=36613Kb max_used=36820Kb free=83386Kb
 bounds [0x000001b1b7880000, 0x000001b1b9c90000, 0x000001b1bedb0000]
CodeHeap 'profiled nmethods': size=120000Kb used=42408Kb max_used=42815Kb free=77591Kb
 bounds [0x000001b1afdb0000, 0x000001b1b27b0000, 0x000001b1b72e0000]
CodeHeap 'non-nmethods': size=5760Kb used=1466Kb max_used=1573Kb free=4293Kb
 bounds [0x000001b1b72e0000, 0x000001b1b7550000, 0x000001b1b7880000]
 total_blobs=22641 nmethods=21826 adapters=726
 compilation: enabled
              stopped_count=0, restarted_count=0
 full_count=0

Compilation events (20 events):
Event: 4292.348 Thread 0x000001b1c6815330 nmethod 37339 0x000001b1b9b36a10 code [0x000001b1b9b36bc0, 0x000001b1b9b36ef8]
Event: 4292.639 Thread 0x000001b1c682b780 37340       3       org.eclipse.jdt.internal.compiler.parser.Parser::markEnclosingMemberWithLocalOrFunctionalType (242 bytes)
Event: 4292.640 Thread 0x000001b1c682b780 nmethod 37340 0x000001b1b08b1990 code [0x000001b1b08b1c00, 0x000001b1b08b2a38]
Event: 4293.171 Thread 0x000001b1c6815330 37341       4       org.eclipse.jdt.internal.compiler.ast.MethodDeclaration::resolveStatements (974 bytes)
Event: 4293.198 Thread 0x000001b1c6815330 nmethod 37341 0x000001b1b8847c10 code [0x000001b1b8847e60, 0x000001b1b8848d10]
Event: 4293.452 Thread 0x000001b1c682b780 37342   !   3       org.eclipse.jdt.internal.core.search.indexing.IndexNamesRegistry::save (257 bytes)
Event: 4293.461 Thread 0x000001b1c682b780 nmethod 37342 0x000001b1b0d77890 code [0x000001b1b0d77c20, 0x000001b1b0d79158]
Event: 4293.721 Thread 0x000001b1c6815330 37343   !   4       org.eclipse.jdt.internal.compiler.lookup.TypeVariableBinding::substituteInferenceVariable (266 bytes)
Event: 4293.723 Thread 0x000001b1c6815330 nmethod 37343 0x000001b1b81c9890 code [0x000001b1b81c9a20, 0x000001b1b81c9b58]
Event: 4294.417 Thread 0x000001b1c682b780 37344       3       org.eclipse.jdt.internal.core.index.Index::queryDocumentNames (117 bytes)
Event: 4294.418 Thread 0x000001b1c682b780 nmethod 37344 0x000001b1b0b04e10 code [0x000001b1b0b05020, 0x000001b1b0b05788]
Event: 4294.754 Thread 0x000001b1c682b780 37345       3       org.eclipse.jdt.internal.core.index.DiskIndex::addDocumentNames (222 bytes)
Event: 4294.756 Thread 0x000001b1c682b780 nmethod 37345 0x000001b1b1942e10 code [0x000001b1b1943080, 0x000001b1b1943a38]
Event: 4295.914 Thread 0x000001b1c6815330 37346 %     4       org.eclipse.jdt.internal.core.index.Index::queryDocumentNames @ 82 (117 bytes)
Event: 4295.920 Thread 0x000001b1c6815330 nmethod 37346% 0x000001b1b9b36410 code [0x000001b1b9b365a0, 0x000001b1b9b368b8]
Event: 4296.424 Thread 0x000001b1c682b780 37347       3       org.eclipse.core.internal.utils.KeyedHashSet::getByKey (113 bytes)
Event: 4296.425 Thread 0x000001b1c682b780 nmethod 37347 0x000001b1aff45b10 code [0x000001b1aff45d60, 0x000001b1aff46668]
Event: 4297.364 Thread 0x000001b1c6815330 37348   !   4       org.eclipse.jdt.internal.compiler.lookup.SourceTypeBinding::fields (376 bytes)
Event: 4297.380 Thread 0x000001b1c6815330 nmethod 37348 0x000001b1b98b3e90 code [0x000001b1b98b4080, 0x000001b1b98b47e0]
Event: 4297.726 Thread 0x000001b1c6815330 37349       4       lombok.eclipse.handlers.HandleEqualsAndHashCode::createEquals (2766 bytes)

GC Heap History (20 events):
Event: 4297.091 GC heap before
{Heap before GC invocations=26191 (full 521):
 PSYoungGen      total 22016K, used 21199K [0x00000000eab00000, 0x00000000ecb00000, 0x0000000100000000)
  eden space 13824K, 100% used [0x00000000eab00000,0x00000000eb880000,0x00000000eb880000)
  from space 8192K, 90% used [0x00000000ec080000,0x00000000ec7b3c00,0x00000000ec880000)
  to   space 8192K, 0% used [0x00000000eb880000,0x00000000eb880000,0x00000000ec080000)
 ParOldGen       total 311296K, used 261936K [0x00000000c0000000, 0x00000000d3000000, 0x00000000eab00000)
  object space 311296K, 84% used [0x00000000c0000000,0x00000000cffcc260,0x00000000d3000000)
 Metaspace       used 108586K, committed 109888K, reserved 1179648K
  class space    used 11182K, committed 11776K, reserved 1048576K
}
Event: 4297.100 GC heap after
{Heap after GC invocations=26191 (full 521):
 PSYoungGen      total 17408K, used 3504K [0x00000000eab00000, 0x00000000ec500000, 0x0000000100000000)
  eden space 13824K, 0% used [0x00000000eab00000,0x00000000eab00000,0x00000000eb880000)
  from space 3584K, 97% used [0x00000000eb880000,0x00000000ebbec008,0x00000000ebc00000)
  to   space 5120K, 0% used [0x00000000ec000000,0x00000000ec000000,0x00000000ec500000)
 ParOldGen       total 311296K, used 269118K [0x00000000c0000000, 0x00000000d3000000, 0x00000000eab00000)
  object space 311296K, 86% used [0x00000000c0000000,0x00000000d06cfb18,0x00000000d3000000)
 Metaspace       used 108586K, committed 109888K, reserved 1179648K
  class space    used 11182K, committed 11776K, reserved 1048576K
}
Event: 4297.179 GC heap before
{Heap before GC invocations=26192 (full 521):
 PSYoungGen      total 17408K, used 17328K [0x00000000eab00000, 0x00000000ec500000, 0x0000000100000000)
  eden space 13824K, 100% used [0x00000000eab00000,0x00000000eb880000,0x00000000eb880000)
  from space 3584K, 97% used [0x00000000eb880000,0x00000000ebbec008,0x00000000ebc00000)
  to   space 5120K, 0% used [0x00000000ec000000,0x00000000ec000000,0x00000000ec500000)
 ParOldGen       total 311296K, used 269118K [0x00000000c0000000, 0x00000000d3000000, 0x00000000eab00000)
  object space 311296K, 86% used [0x00000000c0000000,0x00000000d06cfb18,0x00000000d3000000)
 Metaspace       used 108586K, committed 109888K, reserved 1179648K
  class space    used 11182K, committed 11776K, reserved 1048576K
}
Event: 4297.185 GC heap after
{Heap after GC invocations=26192 (full 521):
 PSYoungGen      total 15872K, used 1856K [0x00000000eab00000, 0x00000000ec200000, 0x0000000100000000)
  eden space 13824K, 0% used [0x00000000eab00000,0x00000000eab00000,0x00000000eb880000)
  from space 2048K, 90% used [0x00000000ec000000,0x00000000ec1d0008,0x00000000ec200000)
  to   space 3072K, 0% used [0x00000000ebc00000,0x00000000ebc00000,0x00000000ebf00000)
 ParOldGen       total 311296K, used 271934K [0x00000000c0000000, 0x00000000d3000000, 0x00000000eab00000)
  object space 311296K, 87% used [0x00000000c0000000,0x00000000d098fb60,0x00000000d3000000)
 Metaspace       used 108586K, committed 109888K, reserved 1179648K
  class space    used 11182K, committed 11776K, reserved 1048576K
}
Event: 4297.264 GC heap before
{Heap before GC invocations=26193 (full 521):
 PSYoungGen      total 15872K, used 15680K [0x00000000eab00000, 0x00000000ec200000, 0x0000000100000000)
  eden space 13824K, 100% used [0x00000000eab00000,0x00000000eb880000,0x00000000eb880000)
  from space 2048K, 90% used [0x00000000ec000000,0x00000000ec1d0008,0x00000000ec200000)
  to   space 3072K, 0% used [0x00000000ebc00000,0x00000000ebc00000,0x00000000ebf00000)
 ParOldGen       total 311296K, used 271934K [0x00000000c0000000, 0x00000000d3000000, 0x00000000eab00000)
  object space 311296K, 87% used [0x00000000c0000000,0x00000000d098fb60,0x00000000d3000000)
 Metaspace       used 108586K, committed 109888K, reserved 1179648K
  class space    used 11182K, committed 11776K, reserved 1048576K
}
Event: 4297.269 GC heap after
{Heap after GC invocations=26193 (full 521):
 PSYoungGen      total 16896K, used 1056K [0x00000000eab00000, 0x00000000ec080000, 0x0000000100000000)
  eden space 13824K, 0% used [0x00000000eab00000,0x00000000eab00000,0x00000000eb880000)
  from space 3072K, 34% used [0x00000000ebc00000,0x00000000ebd08008,0x00000000ebf00000)
  to   space 1536K, 0% used [0x00000000ebf00000,0x00000000ebf00000,0x00000000ec080000)
 ParOldGen       total 311296K, used 273618K [0x00000000c0000000, 0x00000000d3000000, 0x00000000eab00000)
  object space 311296K, 87% used [0x00000000c0000000,0x00000000d0b34bb8,0x00000000d3000000)
 Metaspace       used 108586K, committed 109888K, reserved 1179648K
  class space    used 11182K, committed 11776K, reserved 1048576K
}
Event: 4297.373 GC heap before
{Heap before GC invocations=26194 (full 521):
 PSYoungGen      total 16896K, used 14880K [0x00000000eab00000, 0x00000000ec080000, 0x0000000100000000)
  eden space 13824K, 100% used [0x00000000eab00000,0x00000000eb880000,0x00000000eb880000)
  from space 3072K, 34% used [0x00000000ebc00000,0x00000000ebd08008,0x00000000ebf00000)
  to   space 1536K, 0% used [0x00000000ebf00000,0x00000000ebf00000,0x00000000ec080000)
 ParOldGen       total 311296K, used 273618K [0x00000000c0000000, 0x00000000d3000000, 0x00000000eab00000)
  object space 311296K, 87% used [0x00000000c0000000,0x00000000d0b34bb8,0x00000000d3000000)
 Metaspace       used 108586K, committed 109888K, reserved 1179648K
  class space    used 11182K, committed 11776K, reserved 1048576K
}
Event: 4297.376 GC heap after
{Heap after GC invocations=26194 (full 521):
 PSYoungGen      total 15360K, used 1504K [0x00000000eab00000, 0x00000000ec080000, 0x0000000100000000)
  eden space 13824K, 0% used [0x00000000eab00000,0x00000000eab00000,0x00000000eb880000)
  from space 1536K, 97% used [0x00000000ebf00000,0x00000000ec078008,0x00000000ec080000)
  to   space 3072K, 0% used [0x00000000eba80000,0x00000000eba80000,0x00000000ebd80000)
 ParOldGen       total 311296K, used 274611K [0x00000000c0000000, 0x00000000d3000000, 0x00000000eab00000)
  object space 311296K, 88% used [0x00000000c0000000,0x00000000d0c2cc20,0x00000000d3000000)
 Metaspace       used 108586K, committed 109888K, reserved 1179648K
  class space    used 11182K, committed 11776K, reserved 1048576K
}
Event: 4297.522 GC heap before
{Heap before GC invocations=26195 (full 521):
 PSYoungGen      total 15360K, used 15327K [0x00000000eab00000, 0x00000000ec080000, 0x0000000100000000)
  eden space 13824K, 99% used [0x00000000eab00000,0x00000000eb87ff70,0x00000000eb880000)
  from space 1536K, 97% used [0x00000000ebf00000,0x00000000ec078008,0x00000000ec080000)
  to   space 3072K, 0% used [0x00000000eba80000,0x00000000eba80000,0x00000000ebd80000)
 ParOldGen       total 311296K, used 274611K [0x00000000c0000000, 0x00000000d3000000, 0x00000000eab00000)
  object space 311296K, 88% used [0x00000000c0000000,0x00000000d0c2cc20,0x00000000d3000000)
 Metaspace       used 108586K, committed 109888K, reserved 1179648K
  class space    used 11182K, committed 11776K, reserved 1048576K
}
Event: 4297.525 GC heap after
{Heap after GC invocations=26195 (full 521):
 PSYoungGen      total 16896K, used 1216K [0x00000000eab00000, 0x00000000ebf80000, 0x0000000100000000)
  eden space 13824K, 0% used [0x00000000eab00000,0x00000000eab00000,0x00000000eb880000)
  from space 3072K, 39% used [0x00000000eba80000,0x00000000ebbb0008,0x00000000ebd80000)
  to   space 2048K, 0% used [0x00000000ebd80000,0x00000000ebd80000,0x00000000ebf80000)
 ParOldGen       total 311296K, used 276080K [0x00000000c0000000, 0x00000000d3000000, 0x00000000eab00000)
  object space 311296K, 88% used [0x00000000c0000000,0x00000000d0d9c140,0x00000000d3000000)
 Metaspace       used 108586K, committed 109888K, reserved 1179648K
  class space    used 11182K, committed 11776K, reserved 1048576K
}
Event: 4297.631 GC heap before
{Heap before GC invocations=26196 (full 521):
 PSYoungGen      total 16896K, used 15040K [0x00000000eab00000, 0x00000000ebf80000, 0x0000000100000000)
  eden space 13824K, 100% used [0x00000000eab00000,0x00000000eb880000,0x00000000eb880000)
  from space 3072K, 39% used [0x00000000eba80000,0x00000000ebbb0008,0x00000000ebd80000)
  to   space 2048K, 0% used [0x00000000ebd80000,0x00000000ebd80000,0x00000000ebf80000)
 ParOldGen       total 311296K, used 276080K [0x00000000c0000000, 0x00000000d3000000, 0x00000000eab00000)
  object space 311296K, 88% used [0x00000000c0000000,0x00000000d0d9c140,0x00000000d3000000)
 Metaspace       used 108586K, committed 109888K, reserved 1179648K
  class space    used 11182K, committed 11776K, reserved 1048576K
}
Event: 4297.633 GC heap after
{Heap after GC invocations=26196 (full 521):
 PSYoungGen      total 14336K, used 329K [0x00000000eab00000, 0x00000000ebe00000, 0x0000000100000000)
  eden space 13824K, 0% used [0x00000000eab00000,0x00000000eab00000,0x00000000eb880000)
  from space 512K, 64% used [0x00000000ebd80000,0x00000000ebdd2400,0x00000000ebe00000)
  to   space 1024K, 0% used [0x00000000ebc00000,0x00000000ebc00000,0x00000000ebd00000)
 ParOldGen       total 311296K, used 277000K [0x00000000c0000000, 0x00000000d3000000, 0x00000000eab00000)
  object space 311296K, 88% used [0x00000000c0000000,0x00000000d0e821f0,0x00000000d3000000)
 Metaspace       used 108586K, committed 109888K, reserved 1179648K
  class space    used 11182K, committed 11776K, reserved 1048576K
}
Event: 4297.804 GC heap before
{Heap before GC invocations=26197 (full 521):
 PSYoungGen      total 14336K, used 14153K [0x00000000eab00000, 0x00000000ebe00000, 0x0000000100000000)
  eden space 13824K, 100% used [0x00000000eab00000,0x00000000eb880000,0x00000000eb880000)
  from space 512K, 64% used [0x00000000ebd80000,0x00000000ebdd2400,0x00000000ebe00000)
  to   space 1024K, 0% used [0x00000000ebc00000,0x00000000ebc00000,0x00000000ebd00000)
 ParOldGen       total 311296K, used 277000K [0x00000000c0000000, 0x00000000d3000000, 0x00000000eab00000)
  object space 311296K, 88% used [0x00000000c0000000,0x00000000d0e821f0,0x00000000d3000000)
 Metaspace       used 108586K, committed 109888K, reserved 1179648K
  class space    used 11182K, committed 11776K, reserved 1048576K
}
Event: 4297.806 GC heap after
{Heap after GC invocations=26197 (full 521):
 PSYoungGen      total 14848K, used 1024K [0x00000000eab00000, 0x00000000ebe00000, 0x0000000100000000)
  eden space 13824K, 0% used [0x00000000eab00000,0x00000000eab00000,0x00000000eb880000)
  from space 1024K, 100% used [0x00000000ebc00000,0x00000000ebd00000,0x00000000ebd00000)
  to   space 1024K, 0% used [0x00000000ebd00000,0x00000000ebd00000,0x00000000ebe00000)
 ParOldGen       total 311296K, used 277699K [0x00000000c0000000, 0x00000000d3000000, 0x00000000eab00000)
  object space 311296K, 89% used [0x00000000c0000000,0x00000000d0f30c98,0x00000000d3000000)
 Metaspace       used 108586K, committed 109888K, reserved 1179648K
  class space    used 11182K, committed 11776K, reserved 1048576K
}
Event: 4297.898 GC heap before
{Heap before GC invocations=26198 (full 521):
 PSYoungGen      total 14848K, used 14848K [0x00000000eab00000, 0x00000000ebe00000, 0x0000000100000000)
  eden space 13824K, 100% used [0x00000000eab00000,0x00000000eb880000,0x00000000eb880000)
  from space 1024K, 100% used [0x00000000ebc00000,0x00000000ebd00000,0x00000000ebd00000)
  to   space 1024K, 0% used [0x00000000ebd00000,0x00000000ebd00000,0x00000000ebe00000)
 ParOldGen       total 311296K, used 277699K [0x00000000c0000000, 0x00000000d3000000, 0x00000000eab00000)
  object space 311296K, 89% used [0x00000000c0000000,0x00000000d0f30c98,0x00000000d3000000)
 Metaspace       used 108586K, committed 109888K, reserved 1179648K
  class space    used 11182K, committed 11776K, reserved 1048576K
}
Event: 4297.901 GC heap after
{Heap after GC invocations=26198 (full 521):
 PSYoungGen      total 14336K, used 425K [0x00000000eab00000, 0x00000000ebd80000, 0x0000000100000000)
  eden space 13824K, 0% used [0x00000000eab00000,0x00000000eab00000,0x00000000eb880000)
  from space 512K, 83% used [0x00000000ebd00000,0x00000000ebd6a400,0x00000000ebd80000)
  to   space 1024K, 0% used [0x00000000ebb80000,0x00000000ebb80000,0x00000000ebc80000)
 ParOldGen       total 311296K, used 278728K [0x00000000c0000000, 0x00000000d3000000, 0x00000000eab00000)
  object space 311296K, 89% used [0x00000000c0000000,0x00000000d1032130,0x00000000d3000000)
 Metaspace       used 108586K, committed 109888K, reserved 1179648K
  class space    used 11182K, committed 11776K, reserved 1048576K
}
Event: 4298.035 GC heap before
{Heap before GC invocations=26199 (full 521):
 PSYoungGen      total 14336K, used 14249K [0x00000000eab00000, 0x00000000ebd80000, 0x0000000100000000)
  eden space 13824K, 100% used [0x00000000eab00000,0x00000000eb880000,0x00000000eb880000)
  from space 512K, 83% used [0x00000000ebd00000,0x00000000ebd6a400,0x00000000ebd80000)
  to   space 1024K, 0% used [0x00000000ebb80000,0x00000000ebb80000,0x00000000ebc80000)
 ParOldGen       total 311296K, used 278728K [0x00000000c0000000, 0x00000000d3000000, 0x00000000eab00000)
  object space 311296K, 89% used [0x00000000c0000000,0x00000000d1032130,0x00000000d3000000)
 Metaspace       used 108586K, committed 109888K, reserved 1179648K
  class space    used 11182K, committed 11776K, reserved 1048576K
}
Event: 4298.037 GC heap after
{Heap after GC invocations=26199 (full 521):
 PSYoungGen      total 14848K, used 1001K [0x00000000eab00000, 0x00000000ebd80000, 0x0000000100000000)
  eden space 13824K, 0% used [0x00000000eab00000,0x00000000eab00000,0x00000000eb880000)
  from space 1024K, 97% used [0x00000000ebb80000,0x00000000ebc7a400,0x00000000ebc80000)
  to   space 1024K, 0% used [0x00000000ebc80000,0x00000000ebc80000,0x00000000ebd80000)
 ParOldGen       total 311296K, used 278736K [0x00000000c0000000, 0x00000000d3000000, 0x00000000eab00000)
  object space 311296K, 89% used [0x00000000c0000000,0x00000000d1034130,0x00000000d3000000)
 Metaspace       used 108586K, committed 109888K, reserved 1179648K
  class space    used 11182K, committed 11776K, reserved 1048576K
}
Event: 4298.140 GC heap before
{Heap before GC invocations=26200 (full 521):
 PSYoungGen      total 14848K, used 14825K [0x00000000eab00000, 0x00000000ebd80000, 0x0000000100000000)
  eden space 13824K, 100% used [0x00000000eab00000,0x00000000eb880000,0x00000000eb880000)
  from space 1024K, 97% used [0x00000000ebb80000,0x00000000ebc7a400,0x00000000ebc80000)
  to   space 1024K, 0% used [0x00000000ebc80000,0x00000000ebc80000,0x00000000ebd80000)
 ParOldGen       total 311296K, used 278736K [0x00000000c0000000, 0x00000000d3000000, 0x00000000eab00000)
  object space 311296K, 89% used [0x00000000c0000000,0x00000000d1034130,0x00000000d3000000)
 Metaspace       used 108586K, committed 109888K, reserved 1179648K
  class space    used 11182K, committed 11776K, reserved 1048576K
}
Event: 4298.142 GC heap after
{Heap after GC invocations=26200 (full 521):
 PSYoungGen      total 14848K, used 1001K [0x00000000eab00000, 0x00000000ebf80000, 0x0000000100000000)
  eden space 13824K, 0% used [0x00000000eab00000,0x00000000eab00000,0x00000000eb880000)
  from space 1024K, 97% used [0x00000000ebc80000,0x00000000ebd7a400,0x00000000ebd80000)
  to   space 3584K, 0% used [0x00000000eb880000,0x00000000eb880000,0x00000000ebc00000)
 ParOldGen       total 311296K, used 280581K [0x00000000c0000000, 0x00000000d3000000, 0x00000000eab00000)
  object space 311296K, 90% used [0x00000000c0000000,0x00000000d1201638,0x00000000d3000000)
 Metaspace       used 108586K, committed 109888K, reserved 1179648K
  class space    used 11182K, committed 11776K, reserved 1048576K
}

Dll operation events (14 events):
Event: 0.014 Loaded shared library c:\Users\ACER\.vscode\extensions\redhat.java-1.24.0-win32-x64\jre\17.0.8.1-win32-x86_64\bin\java.dll
Event: 0.246 Loaded shared library c:\Users\ACER\.vscode\extensions\redhat.java-1.24.0-win32-x64\jre\17.0.8.1-win32-x86_64\bin\zip.dll
Event: 0.250 Loaded shared library C:\Users\ACER\.vscode\extensions\redhat.java-1.24.0-win32-x64\jre\17.0.8.1-win32-x86_64\bin\instrument.dll
Event: 0.267 Loaded shared library C:\Users\ACER\.vscode\extensions\redhat.java-1.24.0-win32-x64\jre\17.0.8.1-win32-x86_64\bin\net.dll
Event: 0.271 Loaded shared library C:\Users\ACER\.vscode\extensions\redhat.java-1.24.0-win32-x64\jre\17.0.8.1-win32-x86_64\bin\nio.dll
Event: 0.281 Loaded shared library C:\Users\ACER\.vscode\extensions\redhat.java-1.24.0-win32-x64\jre\17.0.8.1-win32-x86_64\bin\zip.dll
Event: 0.305 Loaded shared library C:\Users\ACER\.vscode\extensions\redhat.java-1.24.0-win32-x64\jre\17.0.8.1-win32-x86_64\bin\jimage.dll
Event: 0.384 Loaded shared library c:\Users\ACER\.vscode\extensions\redhat.java-1.24.0-win32-x64\jre\17.0.8.1-win32-x86_64\bin\verify.dll
Event: 4.748 Loaded shared library C:\Users\ACER\AppData\Roaming\Code\User\globalStorage\redhat.java\1.24.0\config_win\org.eclipse.equinox.launcher\org.eclipse.equinox.launcher.win32.win32.x86_64_1.2.700.v20221108-1024\eclipse_11801.dll
Event: 14.401 Loaded shared library C:\Users\ACER\AppData\Local\Temp\jna-2003023\jna13262474881061402490.dll
Event: 15.938 Loaded shared library C:\Users\ACER\.vscode\extensions\redhat.java-1.24.0-win32-x64\jre\17.0.8.1-win32-x86_64\bin\sunmscapi.dll
Event: 23.989 Loaded shared library C:\Users\ACER\.gradle\native\68d5fa5c4cc2d200863cafc0d521ce42e7d3e7ee720ec0a83991735586a16f82\windows-amd64\native-platform.dll
Event: 28.613 Loaded shared library C:\Users\ACER\.vscode\extensions\redhat.java-1.24.0-win32-x64\jre\17.0.8.1-win32-x86_64\bin\management.dll
Event: 28.637 Loaded shared library C:\Users\ACER\.vscode\extensions\redhat.java-1.24.0-win32-x64\jre\17.0.8.1-win32-x86_64\bin\management_ext.dll

Deoptimization events (20 events):
Event: 4284.309 Thread 0x000001b1ca5d2510 Uncommon trap: trap_request=0xffffff45 fr.pc=0x000001b1b98dcbd4 relative=0x0000000000000ef4
Event: 4284.309 Thread 0x000001b1ca5d2510 Uncommon trap: reason=unstable_if action=reinterpret pc=0x000001b1b98dcbd4 method=org.eclipse.jdt.ls.core.internal.handlers.CompletionHandler$3.isCanceled()Z @ 15 c2
Event: 4284.309 Thread 0x000001b1ca5d2510 DEOPT PACKING pc=0x000001b1b98dcbd4 sp=0x00000077206fe070
Event: 4284.309 Thread 0x000001b1ca5d2510 DEOPT UNPACKING pc=0x000001b1b73366a3 sp=0x00000077206fdf78 mode 2
Event: 4284.309 Thread 0x000001b1ca5d2510 Uncommon trap: trap_request=0xffffff45 fr.pc=0x000001b1b9c719dc relative=0x0000000000004afc
Event: 4284.310 Thread 0x000001b1ca5d2510 Uncommon trap: reason=unstable_if action=reinterpret pc=0x000001b1b9c719dc method=org.eclipse.jdt.ls.core.internal.handlers.CompletionHandler.completion(Lorg/eclipse/lsp4j/CompletionParams;Lorg/eclipse/core/runtime/IProgressMonitor;)Lorg/eclipse/lsp4j/jso
Event: 4284.310 Thread 0x000001b1ca5d2510 DEOPT PACKING pc=0x000001b1b9c719dc sp=0x00000077206fef60
Event: 4284.310 Thread 0x000001b1ca5d2510 DEOPT UNPACKING pc=0x000001b1b73366a3 sp=0x00000077206fef48 mode 2
Event: 4284.324 Thread 0x000001b1ca5d7b20 Uncommon trap: trap_request=0xffffff45 fr.pc=0x000001b1b84508ac relative=0x000000000000114c
Event: 4284.324 Thread 0x000001b1ca5d7b20 Uncommon trap: reason=unstable_if action=reinterpret pc=0x000001b1b84508ac method=org.eclipse.jdt.internal.compiler.util.CharDeduplication$CacheReference.get()Ljava/lang/Object; @ 9 c2
Event: 4284.324 Thread 0x000001b1ca5d7b20 DEOPT PACKING pc=0x000001b1b84508ac sp=0x00000077205fd820
Event: 4284.324 Thread 0x000001b1ca5d7b20 DEOPT UNPACKING pc=0x000001b1b73366a3 sp=0x00000077205fd6a8 mode 2
Event: 4284.479 Thread 0x000001b1ccf9bcf0 Uncommon trap: trap_request=0xffffff45 fr.pc=0x000001b1b7a5c97c relative=0x000000000000219c
Event: 4284.479 Thread 0x000001b1ccf9bcf0 Uncommon trap: reason=unstable_if action=reinterpret pc=0x000001b1b7a5c97c method=org.eclipse.core.internal.localstore.FileSystemResourceManager.read(Lorg/eclipse/core/resources/IFile;ZLorg/eclipse/core/runtime/IProgressMonitor;)Ljava/io/InputStream; @ 12
Event: 4284.479 Thread 0x000001b1ccf9bcf0 DEOPT PACKING pc=0x000001b1b7a5c97c sp=0x00000077216fdce0
Event: 4284.480 Thread 0x000001b1ccf9bcf0 DEOPT UNPACKING pc=0x000001b1b73366a3 sp=0x00000077216fdc40 mode 2
Event: 4292.289 Thread 0x000001b1ccf9db50 Uncommon trap: trap_request=0xffffffde fr.pc=0x000001b1b8b02e08 relative=0x00000000000001e8
Event: 4292.289 Thread 0x000001b1ccf9db50 Uncommon trap: reason=class_check action=maybe_recompile pc=0x000001b1b8b02e08 method=org.eclipse.jdt.internal.compiler.SourceElementNotifier.visitIfNeeded(Lorg/eclipse/jdt/internal/compiler/ast/AbstractMethodDeclaration;)V @ 82 c2
Event: 4292.289 Thread 0x000001b1ccf9db50 DEOPT PACKING pc=0x000001b1b8b02e08 sp=0x0000007720efdfa0
Event: 4292.289 Thread 0x000001b1ccf9db50 DEOPT UNPACKING pc=0x000001b1b73366a3 sp=0x0000007720efdf30 mode 2

Classes unloaded (20 events):
Event: 2250.723 Thread 0x000001b1c67f2860 Unloading class 0x0000000100800c00 'java/lang/invoke/LambdaForm$MH+0x0000000100800c00'
Event: 2250.723 Thread 0x000001b1c67f2860 Unloading class 0x0000000100802800 'java/lang/invoke/LambdaForm$MH+0x0000000100802800'
Event: 2250.723 Thread 0x000001b1c67f2860 Unloading class 0x0000000100a08400 'java/lang/invoke/LambdaForm$MH+0x0000000100a08400'
Event: 2250.723 Thread 0x000001b1c67f2860 Unloading class 0x0000000100a0ac00 'java/lang/invoke/LambdaForm$MH+0x0000000100a0ac00'
Event: 2250.723 Thread 0x000001b1c67f2860 Unloading class 0x00000001008d9000 'java/lang/invoke/LambdaForm$MH+0x00000001008d9000'
Event: 2250.723 Thread 0x000001b1c67f2860 Unloading class 0x0000000100621400 'java/lang/invoke/LambdaForm$MH+0x0000000100621400'
Event: 2250.723 Thread 0x000001b1c67f2860 Unloading class 0x0000000100271800 'java/lang/invoke/LambdaForm$MH+0x0000000100271800'
Event: 2250.723 Thread 0x000001b1c67f2860 Unloading class 0x0000000100271000 'java/lang/invoke/LambdaForm$MH+0x0000000100271000'
Event: 3006.210 Thread 0x000001b1c67f2860 Unloading class 0x000000010021c400 'java/lang/invoke/LambdaForm$MH+0x000000010021c400'
Event: 3006.210 Thread 0x000001b1c67f2860 Unloading class 0x000000010021c000 'java/lang/invoke/LambdaForm$MH+0x000000010021c000'
Event: 3006.210 Thread 0x000001b1c67f2860 Unloading class 0x000000010021bc00 'java/lang/invoke/LambdaForm$MH+0x000000010021bc00'
Event: 3152.634 Thread 0x000001b1c67f2860 Unloading class 0x000000010021b800 'java/lang/invoke/LambdaForm$MH+0x000000010021b800'
Event: 3152.634 Thread 0x000001b1c67f2860 Unloading class 0x0000000100199c00 'java/lang/invoke/LambdaForm$MH+0x0000000100199c00'
Event: 3152.634 Thread 0x000001b1c67f2860 Unloading class 0x0000000100199400 'java/lang/invoke/LambdaForm$MH+0x0000000100199400'
Event: 3152.634 Thread 0x000001b1c67f2860 Unloading class 0x0000000100199000 'java/lang/invoke/LambdaForm$MH+0x0000000100199000'
Event: 3152.634 Thread 0x000001b1c67f2860 Unloading class 0x0000000100198c00 'java/lang/invoke/LambdaForm$MH+0x0000000100198c00'
Event: 3152.634 Thread 0x000001b1c67f2860 Unloading class 0x0000000100198800 'java/lang/invoke/LambdaForm$MH+0x0000000100198800'
Event: 3152.634 Thread 0x000001b1c67f2860 Unloading class 0x0000000100198000 'java/lang/invoke/LambdaForm$MH+0x0000000100198000'
Event: 3378.226 Thread 0x000001b1c67f2860 Unloading class 0x0000000100b70800 'jdk/internal/reflect/GeneratedConstructorAccessor84'
Event: 3378.226 Thread 0x000001b1c67f2860 Unloading class 0x0000000100a10000 'jdk/internal/reflect/GeneratedConstructorAccessor82'

Classes redefined (0 events):
No events

Internal exceptions (20 events):
Event: 4246.790 Thread 0x000001b1ca5d4d90 Exception <a 'java/lang/ClassNotFoundException'{0x00000000eaeecb90}: sun/net/www/protocol/jdt/Handler> (0x00000000eaeecb90) 
thrown [s\src\hotspot\share\classfile\systemDictionary.cpp, line 256]
Event: 4246.790 Thread 0x000001b1ca5d4d90 Exception <a 'java/lang/ClassNotFoundException'{0x00000000eaeeef00}: sun/net/www/protocol/jdt/Handler> (0x00000000eaeeef00) 
thrown [s\src\hotspot\share\classfile\systemDictionary.cpp, line 256]
Event: 4251.592 Thread 0x000001b1c82c7060 Exception <a 'sun/nio/fs/WindowsException'{0x00000000eab8e000}> (0x00000000eab8e000) 
thrown [s\src\hotspot\share\prims\jni.cpp, line 516]
Event: 4252.396 Thread 0x000001b1c82c7060 Exception <a 'sun/nio/fs/WindowsException'{0x00000000eac2c110}> (0x00000000eac2c110) 
thrown [s\src\hotspot\share\prims\jni.cpp, line 516]
Event: 4254.810 Thread 0x000001b1ccf9a3a0 Exception <a 'java/lang/ArrayIndexOutOfBoundsException'{0x00000000eabd12c0}: Index -1 out of bounds for length 2> (0x00000000eabd12c0) 
thrown [s\src\hotspot\share\interpreter\interpreterRuntime.cpp, line 428]
Event: 4260.342 Thread 0x000001b1c82c7060 Exception <a 'sun/nio/fs/WindowsException'{0x00000000eacf17b8}> (0x00000000eacf17b8) 
thrown [s\src\hotspot\share\prims\jni.cpp, line 516]
Event: 4261.268 Thread 0x000001b1c82c7060 Exception <a 'sun/nio/fs/WindowsException'{0x00000000ead1d598}> (0x00000000ead1d598) 
thrown [s\src\hotspot\share\prims\jni.cpp, line 516]
Event: 4265.317 Thread 0x000001b1c82c7060 Exception <a 'sun/nio/fs/WindowsException'{0x00000000eab27468}> (0x00000000eab27468) 
thrown [s\src\hotspot\share\prims\jni.cpp, line 516]
Event: 4266.134 Thread 0x000001b1c82c7060 Exception <a 'sun/nio/fs/WindowsException'{0x00000000eacd5080}> (0x00000000eacd5080) 
thrown [s\src\hotspot\share\prims\jni.cpp, line 516]
Event: 4270.410 Thread 0x000001b1c82c7060 Exception <a 'sun/nio/fs/WindowsException'{0x00000000eaf74aa8}> (0x00000000eaf74aa8) 
thrown [s\src\hotspot\share\prims\jni.cpp, line 516]
Event: 4271.234 Thread 0x000001b1c82c7060 Exception <a 'sun/nio/fs/WindowsException'{0x00000000eb040b28}> (0x00000000eb040b28) 
thrown [s\src\hotspot\share\prims\jni.cpp, line 516]
Event: 4279.731 Thread 0x000001b1c82c7060 Exception <a 'sun/nio/fs/WindowsException'{0x00000000eab00838}> (0x00000000eab00838) 
thrown [s\src\hotspot\share\prims\jni.cpp, line 516]
Event: 4281.318 Thread 0x000001b1c82c7060 Exception <a 'sun/nio/fs/WindowsException'{0x00000000eacc9d50}> (0x00000000eacc9d50) 
thrown [s\src\hotspot\share\prims\jni.cpp, line 516]
Event: 4284.324 Thread 0x000001b1ca5d7b20 Implicit null exception at 0x000001b1b844fc9d to 0x000001b1b845085c
Event: 4284.480 Thread 0x000001b1c82c7060 Exception <a 'sun/nio/fs/WindowsException'{0x00000000eb6381a8}> (0x00000000eb6381a8) 
thrown [s\src\hotspot\share\prims\jni.cpp, line 516]
Event: 4286.093 Thread 0x000001b1c82c7060 Exception <a 'sun/nio/fs/WindowsException'{0x00000000eaec3e68}> (0x00000000eaec3e68) 
thrown [s\src\hotspot\share\prims\jni.cpp, line 516]
Event: 4293.180 Thread 0x000001b1c82c7060 Exception <a 'sun/nio/fs/WindowsException'{0x00000000eabdb698}> (0x00000000eabdb698) 
thrown [s\src\hotspot\share\prims\jni.cpp, line 516]
Event: 4294.048 Thread 0x000001b1c82c7060 Exception <a 'sun/nio/fs/WindowsException'{0x00000000eab3e410}> (0x00000000eab3e410) 
thrown [s\src\hotspot\share\prims\jni.cpp, line 516]
Event: 4296.458 Thread 0x000001b1c82c7060 Exception <a 'sun/nio/fs/WindowsException'{0x00000000ead93e48}> (0x00000000ead93e48) 
thrown [s\src\hotspot\share\prims\jni.cpp, line 516]
Event: 4297.323 Thread 0x000001b1c82c7060 Exception <a 'sun/nio/fs/WindowsException'{0x00000000eae42a70}> (0x00000000eae42a70) 
thrown [s\src\hotspot\share\prims\jni.cpp, line 516]

VM Operations (20 events):
Event: 4297.091 Executing VM operation: ParallelGCFailedAllocation
Event: 4297.100 Executing VM operation: ParallelGCFailedAllocation done
Event: 4297.179 Executing VM operation: ParallelGCFailedAllocation
Event: 4297.185 Executing VM operation: ParallelGCFailedAllocation done
Event: 4297.264 Executing VM operation: ParallelGCFailedAllocation
Event: 4297.270 Executing VM operation: ParallelGCFailedAllocation done
Event: 4297.372 Executing VM operation: ParallelGCFailedAllocation
Event: 4297.376 Executing VM operation: ParallelGCFailedAllocation done
Event: 4297.521 Executing VM operation: ParallelGCFailedAllocation
Event: 4297.525 Executing VM operation: ParallelGCFailedAllocation done
Event: 4297.631 Executing VM operation: ParallelGCFailedAllocation
Event: 4297.634 Executing VM operation: ParallelGCFailedAllocation done
Event: 4297.804 Executing VM operation: ParallelGCFailedAllocation
Event: 4297.806 Executing VM operation: ParallelGCFailedAllocation done
Event: 4297.898 Executing VM operation: ParallelGCFailedAllocation
Event: 4297.901 Executing VM operation: ParallelGCFailedAllocation done
Event: 4298.035 Executing VM operation: ParallelGCFailedAllocation
Event: 4298.037 Executing VM operation: ParallelGCFailedAllocation done
Event: 4298.140 Executing VM operation: ParallelGCFailedAllocation
Event: 4298.142 Executing VM operation: ParallelGCFailedAllocation done

Events (20 events):
Event: 4279.679 loading class jdk/internal/module/IllegalAccessLogger
Event: 4279.679 loading class jdk/internal/module/IllegalAccessLogger done
Event: 4279.680 Thread 0x000001b1ccf9a8b0 Thread added: 0x000001b1ccf9a8b0
Event: 4279.695 Thread 0x000001b1ccf9a8b0 Thread exited: 0x000001b1ccf9a8b0
Event: 4284.586 loading class jdk/internal/module/IllegalAccessLogger
Event: 4284.586 loading class jdk/internal/module/IllegalAccessLogger done
Event: 4284.587 Thread 0x000001b1ccf9adc0 Thread added: 0x000001b1ccf9adc0
Event: 4284.607 Thread 0x000001b1ccf9adc0 Thread exited: 0x000001b1ccf9adc0
Event: 4288.239 loading class jdk/internal/module/IllegalAccessLogger
Event: 4288.239 loading class jdk/internal/module/IllegalAccessLogger done
Event: 4288.239 Thread 0x000001b1ccf9a8b0 Thread added: 0x000001b1ccf9a8b0
Event: 4288.279 Thread 0x000001b1ccf9a8b0 Thread exited: 0x000001b1ccf9a8b0
Event: 4293.409 loading class jdk/internal/module/IllegalAccessLogger
Event: 4293.409 loading class jdk/internal/module/IllegalAccessLogger done
Event: 4293.410 Thread 0x000001b1ccf9adc0 Thread added: 0x000001b1ccf9adc0
Event: 4293.426 Thread 0x000001b1ccf9adc0 Thread exited: 0x000001b1ccf9adc0
Event: 4296.777 loading class jdk/internal/module/IllegalAccessLogger
Event: 4296.777 loading class jdk/internal/module/IllegalAccessLogger done
Event: 4296.777 Thread 0x000001b1ccf9adc0 Thread added: 0x000001b1ccf9adc0
Event: 4296.786 Thread 0x000001b1ccf9adc0 Thread exited: 0x000001b1ccf9adc0


Dynamic libraries:
0x00007ff7b7860000 - 0x00007ff7b786e000 	c:\Users\ACER\.vscode\extensions\redhat.java-1.24.0-win32-x64\jre\17.0.8.1-win32-x86_64\bin\java.exe
0x00007ff892df0000 - 0x00007ff893007000 	C:\WINDOWS\SYSTEM32\ntdll.dll
0x00007ff892950000 - 0x00007ff892a14000 	C:\WINDOWS\System32\KERNEL32.DLL
0x00007ff8904c0000 - 0x00007ff890866000 	C:\WINDOWS\System32\KERNELBASE.dll
0x00007ff890170000 - 0x00007ff890281000 	C:\WINDOWS\System32\ucrtbase.dll
0x00007ff866220000 - 0x00007ff866237000 	c:\Users\ACER\.vscode\extensions\redhat.java-1.24.0-win32-x64\jre\17.0.8.1-win32-x86_64\bin\jli.dll
0x00007ff890ed0000 - 0x00007ff89107d000 	C:\WINDOWS\System32\USER32.dll
0x00007ff8908f0000 - 0x00007ff890916000 	C:\WINDOWS\System32\win32u.dll
0x00007ff891540000 - 0x00007ff891569000 	C:\WINDOWS\System32\GDI32.dll
0x00007ff890290000 - 0x00007ff8903a8000 	C:\WINDOWS\System32\gdi32full.dll
0x00007ff8903b0000 - 0x00007ff89044a000 	C:\WINDOWS\System32\msvcp_win.dll
0x00007ff863d40000 - 0x00007ff863d59000 	c:\Users\ACER\.vscode\extensions\redhat.java-1.24.0-win32-x64\jre\17.0.8.1-win32-x86_64\bin\VCRUNTIME140.dll
0x00007ff87e9b0000 - 0x00007ff87ec43000 	C:\WINDOWS\WinSxS\amd64_microsoft.windows.common-controls_6595b64144ccf1df_6.0.22621.2361_none_2712ced57382f843\COMCTL32.dll
0x00007ff892360000 - 0x00007ff892407000 	C:\WINDOWS\System32\msvcrt.dll
0x00007ff892320000 - 0x00007ff892351000 	C:\WINDOWS\System32\IMM32.DLL
0x00007ff87beb0000 - 0x00007ff87bebc000 	c:\Users\ACER\.vscode\extensions\redhat.java-1.24.0-win32-x64\jre\17.0.8.1-win32-x86_64\bin\vcruntime140_1.dll
0x00007ff84e580000 - 0x00007ff84e611000 	c:\Users\ACER\.vscode\extensions\redhat.java-1.24.0-win32-x64\jre\17.0.8.1-win32-x86_64\bin\msvcp140.dll
0x00007ff82e6f0000 - 0x00007ff82f33c000 	c:\Users\ACER\.vscode\extensions\redhat.java-1.24.0-win32-x64\jre\17.0.8.1-win32-x86_64\bin\server\jvm.dll
0x00007ff891080000 - 0x00007ff891130000 	C:\WINDOWS\System32\ADVAPI32.dll
0x00007ff890e20000 - 0x00007ff890ec6000 	C:\WINDOWS\System32\sechost.dll
0x00007ff892420000 - 0x00007ff892537000 	C:\WINDOWS\System32\RPCRT4.dll
0x00007ff878720000 - 0x00007ff878729000 	C:\WINDOWS\SYSTEM32\WSOCK32.dll
0x00007ff890be0000 - 0x00007ff890c51000 	C:\WINDOWS\System32\WS2_32.dll
0x00007ff888560000 - 0x00007ff888594000 	C:\WINDOWS\SYSTEM32\WINMM.dll
0x00007ff886c00000 - 0x00007ff886c0a000 	C:\WINDOWS\SYSTEM32\VERSION.dll
0x00007ff88ff90000 - 0x00007ff88ffdd000 	C:\WINDOWS\SYSTEM32\POWRPROF.dll
0x00007ff88fe70000 - 0x00007ff88fe83000 	C:\WINDOWS\SYSTEM32\UMPDC.dll
0x00007ff88f1b0000 - 0x00007ff88f1c8000 	C:\WINDOWS\SYSTEM32\kernel.appcore.dll
0x00007ff87bd50000 - 0x00007ff87bd5a000 	c:\Users\ACER\.vscode\extensions\redhat.java-1.24.0-win32-x64\jre\17.0.8.1-win32-x86_64\bin\jimage.dll
0x00007ff88db90000 - 0x00007ff88ddbe000 	C:\WINDOWS\SYSTEM32\DBGHELP.DLL
0x00007ff892540000 - 0x00007ff8928ca000 	C:\WINDOWS\System32\combase.dll
0x00007ff892cd0000 - 0x00007ff892da7000 	C:\WINDOWS\System32\OLEAUT32.dll
0x00007ff8733e0000 - 0x00007ff873412000 	C:\WINDOWS\SYSTEM32\dbgcore.DLL
0x00007ff890870000 - 0x00007ff8908ea000 	C:\WINDOWS\System32\bcryptPrimitives.dll
0x00007ff87b8f0000 - 0x00007ff87b8fe000 	c:\Users\ACER\.vscode\extensions\redhat.java-1.24.0-win32-x64\jre\17.0.8.1-win32-x86_64\bin\instrument.dll
0x00007ff8589c0000 - 0x00007ff8589e5000 	c:\Users\ACER\.vscode\extensions\redhat.java-1.24.0-win32-x64\jre\17.0.8.1-win32-x86_64\bin\java.dll
0x00007ff863440000 - 0x00007ff863458000 	c:\Users\ACER\.vscode\extensions\redhat.java-1.24.0-win32-x64\jre\17.0.8.1-win32-x86_64\bin\zip.dll
0x00007ff891640000 - 0x00007ff891e98000 	C:\WINDOWS\System32\SHELL32.dll
0x00007ff88e0d0000 - 0x00007ff88e9c2000 	C:\WINDOWS\SYSTEM32\windows.storage.dll
0x00007ff88df90000 - 0x00007ff88e0ce000 	C:\WINDOWS\SYSTEM32\wintypes.dll
0x00007ff891440000 - 0x00007ff891533000 	C:\WINDOWS\System32\SHCORE.dll
0x00007ff8915e0000 - 0x00007ff89163e000 	C:\WINDOWS\System32\shlwapi.dll
0x00007ff8900a0000 - 0x00007ff8900c6000 	C:\WINDOWS\SYSTEM32\profapi.dll
0x00007ff8608a0000 - 0x00007ff8608b9000 	C:\Users\ACER\.vscode\extensions\redhat.java-1.24.0-win32-x64\jre\17.0.8.1-win32-x86_64\bin\net.dll
0x00007ff888b10000 - 0x00007ff888c47000 	C:\WINDOWS\SYSTEM32\WINHTTP.dll
0x00007ff88f630000 - 0x00007ff88f699000 	C:\WINDOWS\system32\mswsock.dll
0x00007ff867eb0000 - 0x00007ff867ec5000 	C:\Users\ACER\.vscode\extensions\redhat.java-1.24.0-win32-x64\jre\17.0.8.1-win32-x86_64\bin\nio.dll
0x00007ff87b470000 - 0x00007ff87b480000 	c:\Users\ACER\.vscode\extensions\redhat.java-1.24.0-win32-x64\jre\17.0.8.1-win32-x86_64\bin\verify.dll
0x00007ff8582f0000 - 0x00007ff85832e000 	C:\Users\ACER\AppData\Roaming\Code\User\globalStorage\redhat.java\1.24.0\config_win\org.eclipse.equinox.launcher\org.eclipse.equinox.launcher.win32.win32.x86_64_1.2.700.v20221108-1024\eclipse_11801.dll
0x00007ff892a30000 - 0x00007ff892bcf000 	C:\WINDOWS\System32\ole32.dll
0x00007ff88f880000 - 0x00007ff88f89b000 	C:\WINDOWS\SYSTEM32\CRYPTSP.dll
0x00007ff88f110000 - 0x00007ff88f145000 	C:\WINDOWS\system32\rsaenh.dll
0x00007ff88f720000 - 0x00007ff88f74c000 	C:\WINDOWS\SYSTEM32\USERENV.dll
0x00007ff88fa20000 - 0x00007ff88fa48000 	C:\WINDOWS\SYSTEM32\bcrypt.dll
0x00007ff88f8a0000 - 0x00007ff88f8ac000 	C:\WINDOWS\SYSTEM32\CRYPTBASE.dll
0x00007ff88ec70000 - 0x00007ff88ec9d000 	C:\WINDOWS\SYSTEM32\IPHLPAPI.DLL
0x00007ff891570000 - 0x00007ff891579000 	C:\WINDOWS\System32\NSI.dll
0x00007ff888af0000 - 0x00007ff888b09000 	C:\WINDOWS\SYSTEM32\dhcpcsvc6.DLL
0x00007ff888ad0000 - 0x00007ff888aef000 	C:\WINDOWS\SYSTEM32\dhcpcsvc.DLL
0x00007ff88eca0000 - 0x00007ff88ed99000 	C:\WINDOWS\SYSTEM32\DNSAPI.dll
0x00007ff84aee0000 - 0x00007ff84af25000 	C:\Users\ACER\AppData\Local\Temp\jna-2003023\jna13262474881061402490.dll
0x00007ff890da0000 - 0x00007ff890da8000 	C:\WINDOWS\System32\PSAPI.DLL
0x00007ff8792d0000 - 0x00007ff8792de000 	C:\Users\ACER\.vscode\extensions\redhat.java-1.24.0-win32-x64\jre\17.0.8.1-win32-x86_64\bin\sunmscapi.dll
0x00007ff890920000 - 0x00007ff890a86000 	C:\WINDOWS\System32\CRYPT32.dll
0x00007ff88f9f0000 - 0x00007ff88fa1d000 	C:\WINDOWS\SYSTEM32\ncrypt.dll
0x00007ff88f9b0000 - 0x00007ff88f9e7000 	C:\WINDOWS\SYSTEM32\NTASN1.dll
0x00007ff884c90000 - 0x00007ff884c9a000 	C:\Windows\System32\rasadhlp.dll
0x00007ff8884d0000 - 0x00007ff888554000 	C:\WINDOWS\System32\fwpuclnt.dll
0x00007ff861b00000 - 0x00007ff861b27000 	C:\Users\ACER\.gradle\native\68d5fa5c4cc2d200863cafc0d521ce42e7d3e7ee720ec0a83991735586a16f82\windows-amd64\native-platform.dll
0x00007ff87b4d0000 - 0x00007ff87b4d9000 	C:\Users\ACER\.vscode\extensions\redhat.java-1.24.0-win32-x64\jre\17.0.8.1-win32-x86_64\bin\management.dll
0x00007ff87b4c0000 - 0x00007ff87b4cb000 	C:\Users\ACER\.vscode\extensions\redhat.java-1.24.0-win32-x64\jre\17.0.8.1-win32-x86_64\bin\management_ext.dll
0x00007ff88b020000 - 0x00007ff88b028000 	C:\WINDOWS\system32\wshunix.dll

dbghelp: loaded successfully - version: 4.0.5 - missing functions: none
symbol engine: initialized successfully - sym options: 0x614 - pdb path: .;c:\Users\ACER\.vscode\extensions\redhat.java-1.24.0-win32-x64\jre\17.0.8.1-win32-x86_64\bin;C:\WINDOWS\SYSTEM32;C:\WINDOWS\WinSxS\amd64_microsoft.windows.common-controls_6595b64144ccf1df_6.0.22621.2361_none_2712ced57382f843;c:\Users\ACER\.vscode\extensions\redhat.java-1.24.0-win32-x64\jre\17.0.8.1-win32-x86_64\bin\server;C:\Users\ACER\AppData\Roaming\Code\User\globalStorage\redhat.java\1.24.0\config_win\org.eclipse.equinox.launcher\org.eclipse.equinox.launcher.win32.win32.x86_64_1.2.700.v20221108-1024;C:\Users\ACER\AppData\Local\Temp\jna-2003023;C:\Users\ACER\.gradle\native\68d5fa5c4cc2d200863cafc0d521ce42e7d3e7ee720ec0a83991735586a16f82\windows-amd64

VM Arguments:
jvm_args: --add-modules=ALL-SYSTEM --add-opens=java.base/java.util=ALL-UNNAMED --add-opens=java.base/java.lang=ALL-UNNAMED --add-opens=java.base/sun.nio.fs=ALL-UNNAMED -Declipse.application=org.eclipse.jdt.ls.core.id1 -Dosgi.bundles.defaultStartLevel=4 -Declipse.product=org.eclipse.jdt.ls.core.product -Djava.import.generatesMetadataFilesAtProjectRoot=false -DDetectVMInstallationsJob.disabled=true -Dfile.encoding=utf8 -XX:+UseParallelGC -XX:GCTimeRatio=4 -XX:AdaptiveSizePolicyWeight=90 -Dsun.zip.disableMemoryMapping=true -Xmx1G -Xms100m -Xlog:disable -javaagent:c:\Users\ACER\.vscode\extensions\redhat.java-1.24.0-win32-x64\lombok\lombok-1.18.30.jar -XX:+HeapDumpOnOutOfMemoryError -XX:HeapDumpPath=c:\Users\ACER\AppData\Roaming\Code\User\workspaceStorage\fc8769e14906d27e59db6c9fcb0649d3\redhat.java -Daether.dependencyCollector.impl=bf 
java_command: c:\Users\ACER\.vscode\extensions\redhat.java-1.24.0-win32-x64\server\plugins\org.eclipse.equinox.launcher_1.6.500.v20230717-2134.jar -configuration c:\Users\ACER\AppData\Roaming\Code\User\globalStorage\redhat.java\1.24.0\config_win -data c:\Users\ACER\AppData\Roaming\Code\User\workspaceStorage\fc8769e14906d27e59db6c9fcb0649d3\redhat.java\jdt_ws --stdio
java_class_path (initial): c:\Users\ACER\.vscode\extensions\redhat.java-1.24.0-win32-x64\server\plugins\org.eclipse.equinox.launcher_1.6.500.v20230717-2134.jar
Launcher Type: SUN_STANDARD

[Global flags]
    uintx AdaptiveSizePolicyWeight                 = 90                                        {product} {command line}
     intx CICompilerCount                          = 4                                         {product} {ergonomic}
    uintx GCTimeRatio                              = 4                                         {product} {command line}
     bool HeapDumpOnOutOfMemoryError               = true                                   {manageable} {command line}
    ccstr HeapDumpPath                             = c:\Users\ACER\AppData\Roaming\Code\User\workspaceStorage\fc8769e14906d27e59db6c9fcb0649d3\redhat.java         {manageable} {command line}
   size_t InitialHeapSize                          = 104857600                                 {product} {command line}
   size_t MaxHeapSize                              = 1073741824                                {product} {command line}
   size_t MaxNewSize                               = 357564416                                 {product} {ergonomic}
   size_t MinHeapDeltaBytes                        = 524288                                    {product} {ergonomic}
   size_t MinHeapSize                              = 104857600                                 {product} {command line}
   size_t NewSize                                  = 34603008                                  {product} {ergonomic}
    uintx NonNMethodCodeHeapSize                   = 5839372                                {pd product} {ergonomic}
    uintx NonProfiledCodeHeapSize                  = 122909434                              {pd product} {ergonomic}
   size_t OldSize                                  = 70254592                                  {product} {ergonomic}
    uintx ProfiledCodeHeapSize                     = 122909434                              {pd product} {ergonomic}
    uintx ReservedCodeCacheSize                    = 251658240                              {pd product} {ergonomic}
     bool SegmentedCodeCache                       = true                                      {product} {ergonomic}
   size_t SoftMaxHeapSize                          = 1073741824                             {manageable} {ergonomic}
     bool UseCompressedClassPointers               = true                           {product lp64_product} {ergonomic}
     bool UseCompressedOops                        = true                           {product lp64_product} {ergonomic}
     bool UseLargePagesIndividualAllocation        = false                                  {pd product} {ergonomic}
     bool UseParallelGC                            = true                                      {product} {command line}

Logging:
Log output configuration:
 #0: stdout all=off uptime,level,tags
 #1: stderr all=off uptime,level,tags

Environment Variables:
JAVA_HOME=C:\Program Files\Java\jdk-17
PATH=C:\Users\ACER\AppData\Local\Programs\Python\Python311\Scripts\;C:\Users\ACER\AppData\Local\Programs\Python\Python311\;C:\Program Files (x86)\VMware\VMware Workstation\bin\;C:\Windows\system32;C:\Windows;C:\Windows\System32\Wbem;C:\Windows\System32\WindowsPowerShell\v1.0\;C:\Windows\System32\OpenSSH\;C:\Program Files\NVIDIA Corporation\NVIDIA NvDLISR;C:\WINDOWS\system32;C:\WINDOWS;C:\WINDOWS\System32\Wbem;C:\WINDOWS\System32\WindowsPowerShell\v1.0\;C:\WINDOWS\System32\OpenSSH\;C:\Program Files\dotnet\;C:\Program Files\Microsoft SQL Server\130\Tools\Binn\;C:\Program Files\Microsoft SQL Server\Client SDK\ODBC\170\Tools\Binn\;C:\Program Files\Microsoft SQL Server\150\Tools\Binn\;C:\Program Files\Git\cmd;C:\WINDOWS\system32;C:\WINDOWS;C:\WINDOWS\System32\Wbem;C:\WINDOWS\System32\WindowsPowerShell\v1.0\;C:\WINDOWS\System32\OpenSSH\;D:\wamp64\bin\php\php8.1.0;C:\ProgramData\ComposerSetup\bin;C:\cmder;D:\wamp64\bin\php\php8.2.0;C:\apache-maven-3.6.0\bin;C:\Gradle\gradle-8.2.1\bin;C:\ProgramData\chocolatey\bin;C:\Program Files\nodejs\;C:\Users\ACER\AppData\Local\Android\Sdk\platform-tools;C:\Users\ACER\AppData\Local\Android\Sdk\emulator;C:\Program Files\Java\jdk-17\bin;C:\Program Files\Cloudflare\Cloudflare WARP\;C:\Users\ACER\AppData\Local\Microsoft\WindowsApps;C:\Users\ACER\.dotnet\tools;C:\Users\ACER\AppData\Local\Programs\Microsoft VS Code\bin;C:\Users\ACER\AppData\Local\Android\Sdk\platform-tools;C:\Users\ACER\AppData\Roaming\Composer\vendor\bin;D:\wamp64\bin\php\php8.0.13;C:\Program Files\JetBrains\PhpStorm 2022.3.3\bin;;C:\Users\ACER\Downloads\cmder\bin;C:\Users\ACER\AppData\Roaming\npm;C:\Users\ACER\AppData\Local\Android\Sdk\emulator;C:\Program Files\Java\jdk-17\bin;
USERNAME=ACER
OS=Windows_NT
PROCESSOR_IDENTIFIER=AMD64 Family 23 Model 104 Stepping 1, AuthenticAMD
TMP=C:\Users\ACER\AppData\Local\Temp
TEMP=C:\Users\ACER\AppData\Local\Temp



---------------  S Y S T E M  ---------------

OS:
 Windows 11 , 64 bit Build 22621 (10.0.22621.2428)
OS uptime: 1 days 9:51 hours

CPU: total 12 (initial active 12) (12 cores per cpu, 2 threads per core) family 23 model 104 stepping 1 microcode 0x0, cx8, cmov, fxsr, ht, mmx, 3dnowpref, sse, sse2, sse3, ssse3, sse4a, sse4.1, sse4.2, popcnt, lzcnt, tsc, tscinvbit, avx, avx2, aes, clmul, bmi1, bmi2, adx, sha, fma, vzeroupper, clflush, clflushopt
Processor Information for all 12 processors :
  Max Mhz: 2100, Current Mhz: 2100, Mhz Limit: 2100

Memory: 4k page, system-wide physical 7514M (394M free)
TotalPageFile size 19802M (AvailPageFile size 4M)
current process WorkingSet (physical memory assigned to process): 535M, peak: 692M
current process commit charge ("private bytes"): 705M, peak: 1072M

vm_info: OpenJDK 64-Bit Server VM (17.0.8.1+1) for windows-amd64 JRE (17.0.8.1+1), built on Aug 23 2023 15:29:17 by "admin" with MS VC++ 16.7 (VS2019)

END.
