#
# There is insufficient memory for the Java Runtime Environment to continue.
# Native memory allocation (mmap) failed to map 178257920 bytes for G1 virtual space
# Possible reasons:
#   The system is out of physical RAM or swap space
#   The process is running with CompressedOops enabled, and the Java Heap may be blocking the growth of the native heap
# Possible solutions:
#   Reduce memory load on the system
#   Increase physical memory or swap space
#   Check if swap backing store is full
#   Decrease Java heap size (-Xmx/-Xms)
#   Decrease number of Java threads
#   Decrease Java thread stack sizes (-Xss)
#   Set larger code cache with -XX:ReservedCodeCacheSize=
#   JVM is running with Unscaled Compressed Oops mode in which the Java heap is
#     placed in the first 4GB address space. The Java Heap base address is the
#     maximum limit for the native heap growth. Please use -XX:HeapBaseMinAddress
#     to set the Java Heap base and to place the Java Heap above 4GB virtual address.
# This output file may be truncated or incomplete.
#
#  Out of Memory Error (os_windows.cpp:3550), pid=4308, tid=8568
#
# JRE version: Java(TM) SE Runtime Environment (17.0.7+8) (build 17.0.7+8-LTS-224)
# Java VM: Java HotSpot(TM) 64-Bit Server VM (17.0.7+8-LTS-224, mixed mode, sharing, tiered, compressed oops, compressed class ptrs, g1 gc, windows-amd64)
# No core dump will be written. Minidumps are not enabled by default on client versions of Windows
#

---------------  S U M M A R Y ------------

Command Line: -Dcom.sun.management.jmxremote -Dcom.sun.management.jmxremote.port=55759 -Dcom.sun.management.jmxremote.authenticate=false -Dcom.sun.management.jmxremote.ssl=false -Dspring.jmx.enabled=true -Djava.rmi.server.hostname=localhost -Dspring.application.admin.enabled=true -Dspring.boot.project.name=demo -XX:+ShowCodeDetailsInExceptionMessages com.chatapp.ChatApplication

Host: AMD Ryzen 5 5500U with Radeon Graphics         , 12 cores, 7G,  Windows 11 , 64 bit Build 22621 (10.0.22621.2215)
Time: Mon Oct  9 13:21:02 2023 SE Asia Standard Time elapsed time: 324.275767 seconds (0d 0h 5m 24s)

---------------  T H R E A D  ---------------

Current thread (0x0000021d3bd67390):  VMThread "VM Thread" [stack: 0x000000b8e4c00000,0x000000b8e4d00000] [id=8568]

Stack: [0x000000b8e4c00000,0x000000b8e4d00000]
Native frames: (J=compiled Java code, j=interpreted, Vv=VM code, C=native code)
V  [jvm.dll+0x676a4a]
V  [jvm.dll+0x7d74f4]
V  [jvm.dll+0x7d8c9e]
V  [jvm.dll+0x7d9303]
V  [jvm.dll+0x2452c5]
V  [jvm.dll+0x6738f9]
V  [jvm.dll+0x668232]
V  [jvm.dll+0x302826]
V  [jvm.dll+0x309da6]
V  [jvm.dll+0x35952e]
V  [jvm.dll+0x35975f]
V  [jvm.dll+0x2d9a38]
V  [jvm.dll+0x2d7e45]
V  [jvm.dll+0x2d744c]
V  [jvm.dll+0x31ab1b]
V  [jvm.dll+0x7ddb0b]
V  [jvm.dll+0x7de844]
V  [jvm.dll+0x7ded5d]
V  [jvm.dll+0x7df134]
V  [jvm.dll+0x7df200]
V  [jvm.dll+0x78759a]
V  [jvm.dll+0x675875]
C  [ucrtbase.dll+0x29363]
C  [KERNEL32.DLL+0x1257d]
C  [ntdll.dll+0x5aa68]

VM_Operation (0x000000b8e43ff000): G1CollectForAllocation, mode: safepoint, requested by thread 0x0000021d4008d230


---------------  P R O C E S S  ---------------

Threads class SMR info:
_java_thread_list=0x0000021d3dc58ce0, length=20, elements={
0x0000021d3bd6c290, 0x0000021d3bd6cf00, 0x0000021d3bd806b0, 0x0000021d3bd82070,
0x0000021d3bd82e30, 0x0000021d3bd837e0, 0x0000021d3bd8a9a0, 0x0000021d3bd90980,
0x0000021d3bdb9390, 0x0000021d3c8ace50, 0x0000021d3ca63610, 0x0000021d3d3057d0,
0x0000021d3d359470, 0x0000021d3d118900, 0x0000021d3e292360, 0x0000021d40088060,
0x0000021d4008ba20, 0x0000021d4008c3c0, 0x0000021d4008d230, 0x0000021d40089870
}

Java Threads: ( => current thread )
  0x0000021d3bd6c290 JavaThread "Reference Handler" daemon [_thread_blocked, id=1580, stack(0x000000b8e4d00000,0x000000b8e4e00000)]
  0x0000021d3bd6cf00 JavaThread "Finalizer" daemon [_thread_blocked, id=2924, stack(0x000000b8e4e00000,0x000000b8e4f00000)]
  0x0000021d3bd806b0 JavaThread "Signal Dispatcher" daemon [_thread_blocked, id=9632, stack(0x000000b8e4f00000,0x000000b8e5000000)]
  0x0000021d3bd82070 JavaThread "Attach Listener" daemon [_thread_blocked, id=14720, stack(0x000000b8e5000000,0x000000b8e5100000)]
  0x0000021d3bd82e30 JavaThread "Service Thread" daemon [_thread_blocked, id=22488, stack(0x000000b8e5100000,0x000000b8e5200000)]
  0x0000021d3bd837e0 JavaThread "Monitor Deflation Thread" daemon [_thread_blocked, id=19496, stack(0x000000b8e5200000,0x000000b8e5300000)]
  0x0000021d3bd8a9a0 JavaThread "C2 CompilerThread0" daemon [_thread_blocked, id=21920, stack(0x000000b8e5300000,0x000000b8e5400000)]
  0x0000021d3bd90980 JavaThread "C1 CompilerThread0" daemon [_thread_blocked, id=23000, stack(0x000000b8e5400000,0x000000b8e5500000)]
  0x0000021d3bdb9390 JavaThread "Sweeper thread" daemon [_thread_blocked, id=10936, stack(0x000000b8e5500000,0x000000b8e5600000)]
  0x0000021d3c8ace50 JavaThread "Common-Cleaner" daemon [_thread_blocked, id=6904, stack(0x000000b8e5600000,0x000000b8e5700000)]
  0x0000021d3ca63610 JavaThread "Notification Thread" daemon [_thread_blocked, id=19136, stack(0x000000b8e5800000,0x000000b8e5900000)]
  0x0000021d3d3057d0 JavaThread "RMI TCP Accept-0" daemon [_thread_in_native, id=9220, stack(0x000000b8e5900000,0x000000b8e5a00000)]
  0x0000021d3d359470 JavaThread "RMI TCP Accept-55759" daemon [_thread_in_native, id=14060, stack(0x000000b8e5a00000,0x000000b8e5b00000)]
  0x0000021d3d118900 JavaThread "RMI TCP Accept-0" daemon [_thread_in_native, id=14352, stack(0x000000b8e5b00000,0x000000b8e5c00000)]
  0x0000021d3e292360 JavaThread "mysql-cj-abandoned-connection-cleanup" daemon [_thread_blocked, id=14780, stack(0x000000b8e6900000,0x000000b8e6a00000)]
  0x0000021d40088060 JavaThread "Live Reload Server" daemon [_thread_in_native, id=5452, stack(0x000000b8e7600000,0x000000b8e7700000)]
  0x0000021d4008ba20 JavaThread "DestroyJavaVM" [_thread_blocked, id=21752, stack(0x000000b8e4600000,0x000000b8e4700000)]
  0x0000021d4008c3c0 JavaThread "Thread-5" [_thread_blocked, id=16812, stack(0x000000b8e4400000,0x000000b8e4500000)]
  0x0000021d4008d230 JavaThread "File Watcher" daemon [_thread_blocked, id=6132, stack(0x000000b8e4300000,0x000000b8e4400000)]
  0x0000021d40089870 JavaThread "File Watcher" daemon [_thread_blocked, id=21308, stack(0x000000b8e4500000,0x000000b8e4600000)]

Other Threads:
=>0x0000021d3bd67390 VMThread "VM Thread" [stack: 0x000000b8e4c00000,0x000000b8e4d00000] [id=8568]
  0x0000021d1de281c0 WatcherThread [stack: 0x000000b8e5c00000,0x000000b8e5d00000] [id=876]
  0x0000021d1de08230 GCTaskThread "GC Thread#0" [stack: 0x000000b8e4700000,0x000000b8e4800000] [id=15768]
  0x0000021d3dd1e7e0 GCTaskThread "GC Thread#1" [stack: 0x000000b8e5e00000,0x000000b8e5f00000] [id=15220]
  0x0000021d3e1de0a0 GCTaskThread "GC Thread#2" [stack: 0x000000b8e5f00000,0x000000b8e6000000] [id=18452]
  0x0000021d3d355050 GCTaskThread "GC Thread#3" [stack: 0x000000b8e6000000,0x000000b8e6100000] [id=18380]
  0x0000021d3d90e180 GCTaskThread "GC Thread#4" [stack: 0x000000b8e6100000,0x000000b8e6200000] [id=10212]
  0x0000021d3d90e430 GCTaskThread "GC Thread#5" [stack: 0x000000b8e6200000,0x000000b8e6300000] [id=2828]
  0x0000021d3e2e0b70 GCTaskThread "GC Thread#6" [stack: 0x000000b8e6300000,0x000000b8e6400000] [id=20876]
  0x0000021d3de7baf0 GCTaskThread "GC Thread#7" [stack: 0x000000b8e6400000,0x000000b8e6500000] [id=19736]
  0x0000021d3e274fb0 GCTaskThread "GC Thread#8" [stack: 0x000000b8e6800000,0x000000b8e6900000] [id=7148]
  0x0000021d3f5e5ad0 GCTaskThread "GC Thread#9" [stack: 0x000000b8e6a00000,0x000000b8e6b00000] [id=19696]
  0x0000021d1de17c70 ConcurrentGCThread "G1 Main Marker" [stack: 0x000000b8e4800000,0x000000b8e4900000] [id=17692]
  0x0000021d1de18680 ConcurrentGCThread "G1 Conc#0" [stack: 0x000000b8e4900000,0x000000b8e4a00000] [id=8640]
  0x0000021d3e08e520 ConcurrentGCThread "G1 Conc#1" [stack: 0x000000b8e6b00000,0x000000b8e6c00000] [id=13624]
  0x0000021d3e08e7d0 ConcurrentGCThread "G1 Conc#2" [stack: 0x000000b8e6c00000,0x000000b8e6d00000] [id=3204]
  0x0000021d3bc20710 ConcurrentGCThread "G1 Refine#0" [stack: 0x000000b8e4a00000,0x000000b8e4b00000] [id=4592]
  0x0000021d3dc9c3c0 ConcurrentGCThread "G1 Refine#1" [stack: 0x000000b8e6500000,0x000000b8e6600000] [id=4892]
  0x0000021d3bc21130 ConcurrentGCThread "G1 Service" [stack: 0x000000b8e4b00000,0x000000b8e4c00000] [id=13040]

Threads with active compile tasks:

VM state: at safepoint (normal execution)

VM Mutex/Monitor currently owned by a thread:  ([mutex/lock_event])
[0x0000021d1bc4a2f0] Threads_lock - owner thread: 0x0000021d3bd67390
[0x0000021d1bc4b4f0] Heap_lock - owner thread: 0x0000021d4008d230

Heap address: 0x000000008a800000, size: 1880 MB, Compressed Oops mode: 32-bit

CDS archive(s) mapped at: [0x0000000800000000-0x0000000800bd0000-0x0000000800bd0000), size 12386304, SharedBaseAddress: 0x0000000800000000, ArchiveRelocationMode: 0.
Compressed class space mapped at: 0x0000000800c00000-0x0000000840c00000, reserved size: 1073741824
Narrow klass base: 0x0000000800000000, Narrow klass shift: 0, Narrow klass range: 0x100000000

GC Precious Log:
 CPUs: 12 total, 12 available
 Memory: 7514M
 Large Page Support: Disabled
 NUMA Support: Disabled
 Compressed Oops: Enabled (32-bit)
 Heap Region Size: 1M
 Heap Min Capacity: 8M
 Heap Initial Capacity: 118M
 Heap Max Capacity: 1880M
 Pre-touch: Disabled
 Parallel Workers: 10
 Concurrent Workers: 3
 Concurrent Refinement Workers: 10
 Periodic GC: Disabled

Heap:
 garbage-first heap   total 120832K, used 55889K [0x000000008a800000, 0x0000000100000000)
  region size 1024K, 1 young (1024K), 1 survivors (1024K)
 Metaspace       used 81194K, committed 81920K, reserved 1122304K
  class space    used 10699K, committed 11072K, reserved 1048576K

Heap Regions: E=young(eden), S=young(survivor), O=old, HS=humongous(starts), HC=humongous(continues), CS=collection set, F=free, OA=open archive, CA=closed archive, TAMS=top-at-mark-start (previous, next)
|   0|0x000000008a800000, 0x000000008a900000, 0x000000008a900000|100%|HS|  |TAMS 0x000000008a900000, 0x000000008a900000| Complete 
|   1|0x000000008a900000, 0x000000008aa00000, 0x000000008aa00000|100%|HS|  |TAMS 0x000000008aa00000, 0x000000008aa00000| Complete 
|   2|0x000000008aa00000, 0x000000008ab00000, 0x000000008ab00000|100%| O|  |TAMS 0x000000008ab00000, 0x000000008ab00000| Untracked 
|   3|0x000000008ab00000, 0x000000008abfffd0, 0x000000008ac00000| 99%| O|  |TAMS 0x000000008abfffd0, 0x000000008abfffd0| Untracked 
|   4|0x000000008ac00000, 0x000000008ad00000, 0x000000008ad00000|100%| O|  |TAMS 0x000000008ad00000, 0x000000008ad00000| Untracked 
|   5|0x000000008ad00000, 0x000000008ae00000, 0x000000008ae00000|100%| O|  |TAMS 0x000000008ae00000, 0x000000008ae00000| Untracked 
|   6|0x000000008ae00000, 0x000000008af00000, 0x000000008af00000|100%| O|  |TAMS 0x000000008af00000, 0x000000008af00000| Untracked 
|   7|0x000000008af00000, 0x000000008b000000, 0x000000008b000000|100%| O|  |TAMS 0x000000008b000000, 0x000000008b000000| Untracked 
|   8|0x000000008b000000, 0x000000008b0ffff8, 0x000000008b100000| 99%| O|  |TAMS 0x000000008b0ffff8, 0x000000008b0ffff8| Untracked 
|   9|0x000000008b100000, 0x000000008b200000, 0x000000008b200000|100%| O|  |TAMS 0x000000008b200000, 0x000000008b200000| Untracked 
|  10|0x000000008b200000, 0x000000008b2ffff0, 0x000000008b300000| 99%| O|  |TAMS 0x000000008b2ffff0, 0x000000008b2ffff0| Untracked 
|  11|0x000000008b300000, 0x000000008b400000, 0x000000008b400000|100%| O|  |TAMS 0x000000008b400000, 0x000000008b400000| Untracked 
|  12|0x000000008b400000, 0x000000008b4ffff8, 0x000000008b500000| 99%| O|  |TAMS 0x000000008b4ffff8, 0x000000008b4ffff8| Untracked 
|  13|0x000000008b500000, 0x000000008b5fffd0, 0x000000008b600000| 99%| O|  |TAMS 0x000000008b5fffd0, 0x000000008b5fffd0| Untracked 
|  14|0x000000008b600000, 0x000000008b6fffe8, 0x000000008b700000| 99%| O|  |TAMS 0x000000008b6fffe8, 0x000000008b6fffe8| Untracked 
|  15|0x000000008b700000, 0x000000008b7ffdb8, 0x000000008b800000| 99%| O|  |TAMS 0x000000008b7ffdb8, 0x000000008b7ffdb8| Untracked 
|  16|0x000000008b800000, 0x000000008b8ffff0, 0x000000008b900000| 99%| O|  |TAMS 0x000000008b8ffff0, 0x000000008b8ffff0| Untracked 
|  17|0x000000008b900000, 0x000000008b9fcf98, 0x000000008ba00000| 98%| O|  |TAMS 0x000000008b9fcf98, 0x000000008b9fcf98| Untracked 
|  18|0x000000008ba00000, 0x000000008baffff0, 0x000000008bb00000| 99%| O|  |TAMS 0x000000008baffff0, 0x000000008baffff0| Untracked 
|  19|0x000000008bb00000, 0x000000008bbffff0, 0x000000008bc00000| 99%| O|  |TAMS 0x000000008bbffff0, 0x000000008bbffff0| Untracked 
|  20|0x000000008bc00000, 0x000000008bd00000, 0x000000008bd00000|100%| O|  |TAMS 0x000000008bd00000, 0x000000008bd00000| Untracked 
|  21|0x000000008bd00000, 0x000000008bdffff0, 0x000000008be00000| 99%| O|  |TAMS 0x000000008bdffff0, 0x000000008bdffff0| Untracked 
|  22|0x000000008be00000, 0x000000008beffff8, 0x000000008bf00000| 99%| O|  |TAMS 0x000000008beffff8, 0x000000008beffff8| Untracked 
|  23|0x000000008bf00000, 0x000000008c000000, 0x000000008c000000|100%| O|  |TAMS 0x000000008c000000, 0x000000008c000000| Untracked 
|  24|0x000000008c000000, 0x000000008c0fffc0, 0x000000008c100000| 99%| O|  |TAMS 0x000000008c0fffc0, 0x000000008c0fffc0| Untracked 
|  25|0x000000008c100000, 0x000000008c200000, 0x000000008c200000|100%| O|  |TAMS 0x000000008c200000, 0x000000008c200000| Untracked 
|  26|0x000000008c200000, 0x000000008c2ffff8, 0x000000008c300000| 99%| O|  |TAMS 0x000000008c2ffff8, 0x000000008c2ffff8| Untracked 
|  27|0x000000008c300000, 0x000000008c3fffe8, 0x000000008c400000| 99%| O|  |TAMS 0x000000008c3fffe8, 0x000000008c3fffe8| Untracked 
|  28|0x000000008c400000, 0x000000008c4fffd0, 0x000000008c500000| 99%| O|  |TAMS 0x000000008c4fffd0, 0x000000008c4fffd0| Untracked 
|  29|0x000000008c500000, 0x000000008c600000, 0x000000008c600000|100%| O|  |TAMS 0x000000008c600000, 0x000000008c600000| Untracked 
|  30|0x000000008c600000, 0x000000008c700000, 0x000000008c700000|100%| O|  |TAMS 0x000000008c600000, 0x000000008c700000| Untracked 
|  31|0x000000008c700000, 0x000000008c800000, 0x000000008c800000|100%| O|  |TAMS 0x000000008c800000, 0x000000008c800000| Untracked 
|  32|0x000000008c800000, 0x000000008c895558, 0x000000008c900000| 58%| O|  |TAMS 0x000000008c895558, 0x000000008c895558| Untracked 
|  33|0x000000008c900000, 0x000000008c9a2f08, 0x000000008ca00000| 63%| O|  |TAMS 0x000000008c9a2f08, 0x000000008c9a2f08| Untracked 
|  34|0x000000008ca00000, 0x000000008cafffb0, 0x000000008cb00000| 99%| O|  |TAMS 0x000000008cafffb0, 0x000000008cafffb0| Untracked 
|  35|0x000000008cb00000, 0x000000008cbfffe8, 0x000000008cc00000| 99%| O|  |TAMS 0x000000008cbfffe8, 0x000000008cbfffe8| Untracked 
|  36|0x000000008cc00000, 0x000000008cc79c40, 0x000000008cd00000| 47%| O|  |TAMS 0x000000008cc79c40, 0x000000008cc79c40| Untracked 
|  37|0x000000008cd00000, 0x000000008ce00000, 0x000000008ce00000|100%| O|  |TAMS 0x000000008ce00000, 0x000000008ce00000| Untracked 
|  38|0x000000008ce00000, 0x000000008ce63ac0, 0x000000008cf00000| 38%| O|  |TAMS 0x000000008ce63ac0, 0x000000008ce63ac0| Untracked 
|  39|0x000000008cf00000, 0x000000008cf00000, 0x000000008d000000|  0%| F|  |TAMS 0x000000008cf00000, 0x000000008cf00000| Untracked 
|  40|0x000000008d000000, 0x000000008d100000, 0x000000008d100000|100%| O|  |TAMS 0x000000008d100000, 0x000000008d100000| Untracked 
|  41|0x000000008d100000, 0x000000008d200000, 0x000000008d200000|100%| O|  |TAMS 0x000000008d200000, 0x000000008d200000| Untracked 
|  42|0x000000008d200000, 0x000000008d300000, 0x000000008d300000|100%| O|  |TAMS 0x000000008d300000, 0x000000008d300000| Untracked 
|  43|0x000000008d300000, 0x000000008d400000, 0x000000008d400000|100%| O|  |TAMS 0x000000008d400000, 0x000000008d400000| Untracked 
|  44|0x000000008d400000, 0x000000008d500000, 0x000000008d500000|100%| O|  |TAMS 0x000000008d500000, 0x000000008d500000| Untracked 
|  45|0x000000008d500000, 0x000000008d600000, 0x000000008d600000|100%| O|  |TAMS 0x000000008d600000, 0x000000008d600000| Untracked 
|  46|0x000000008d600000, 0x000000008d700000, 0x000000008d700000|100%| O|  |TAMS 0x000000008d700000, 0x000000008d700000| Untracked 
|  47|0x000000008d700000, 0x000000008d800000, 0x000000008d800000|100%| O|  |TAMS 0x000000008d800000, 0x000000008d800000| Untracked 
|  48|0x000000008d800000, 0x000000008d900000, 0x000000008d900000|100%| O|  |TAMS 0x000000008d900000, 0x000000008d900000| Untracked 
|  49|0x000000008d900000, 0x000000008da00000, 0x000000008da00000|100%| O|  |TAMS 0x000000008da00000, 0x000000008da00000| Untracked 
|  50|0x000000008da00000, 0x000000008db00000, 0x000000008db00000|100%| O|  |TAMS 0x000000008db00000, 0x000000008db00000| Untracked 
|  51|0x000000008db00000, 0x000000008dc00000, 0x000000008dc00000|100%| O|  |TAMS 0x000000008dc00000, 0x000000008dc00000| Untracked 
|  52|0x000000008dc00000, 0x000000008dd00000, 0x000000008dd00000|100%| O|  |TAMS 0x000000008dcba600, 0x000000008dd00000| Untracked 
|  53|0x000000008dd00000, 0x000000008de00000, 0x000000008de00000|100%| O|  |TAMS 0x000000008dd00000, 0x000000008de00000| Untracked 
|  54|0x000000008de00000, 0x000000008df00000, 0x000000008df00000|100%| O|  |TAMS 0x000000008de00000, 0x000000008df00000| Untracked 
|  55|0x000000008df00000, 0x000000008e000000, 0x000000008e000000|100%| O|  |TAMS 0x000000008df00000, 0x000000008e000000| Untracked 
|  56|0x000000008e000000, 0x000000008e0d5a00, 0x000000008e100000| 83%| O|  |TAMS 0x000000008e000000, 0x000000008e0d5a00| Untracked 
|  57|0x000000008e100000, 0x000000008e100000, 0x000000008e200000|  0%| F|  |TAMS 0x000000008e100000, 0x000000008e100000| Untracked 
|  58|0x000000008e200000, 0x000000008e200000, 0x000000008e300000|  0%| F|  |TAMS 0x000000008e200000, 0x000000008e200000| Untracked 
|  59|0x000000008e300000, 0x000000008e300000, 0x000000008e400000|  0%| F|  |TAMS 0x000000008e300000, 0x000000008e300000| Untracked 
|  60|0x000000008e400000, 0x000000008e400000, 0x000000008e500000|  0%| F|  |TAMS 0x000000008e400000, 0x000000008e400000| Untracked 
|  61|0x000000008e500000, 0x000000008e500000, 0x000000008e600000|  0%| F|  |TAMS 0x000000008e500000, 0x000000008e500000| Untracked 
|  62|0x000000008e600000, 0x000000008e600000, 0x000000008e700000|  0%| F|  |TAMS 0x000000008e600000, 0x000000008e600000| Untracked 
|  63|0x000000008e700000, 0x000000008e700000, 0x000000008e800000|  0%| F|  |TAMS 0x000000008e700000, 0x000000008e700000| Untracked 
|  64|0x000000008e800000, 0x000000008e800000, 0x000000008e900000|  0%| F|  |TAMS 0x000000008e800000, 0x000000008e800000| Untracked 
|  65|0x000000008e900000, 0x000000008e900000, 0x000000008ea00000|  0%| F|  |TAMS 0x000000008e900000, 0x000000008e900000| Untracked 
|  66|0x000000008ea00000, 0x000000008ea00000, 0x000000008eb00000|  0%| F|  |TAMS 0x000000008ea00000, 0x000000008ea00000| Untracked 
|  67|0x000000008eb00000, 0x000000008eb00000, 0x000000008ec00000|  0%| F|  |TAMS 0x000000008eb00000, 0x000000008eb00000| Untracked 
|  68|0x000000008ec00000, 0x000000008ec00000, 0x000000008ed00000|  0%| F|  |TAMS 0x000000008ec00000, 0x000000008ec00000| Untracked 
|  69|0x000000008ed00000, 0x000000008ed00000, 0x000000008ee00000|  0%| F|  |TAMS 0x000000008ed00000, 0x000000008ed00000| Untracked 
|  70|0x000000008ee00000, 0x000000008ee00000, 0x000000008ef00000|  0%| F|  |TAMS 0x000000008ee00000, 0x000000008ee00000| Untracked 
|  71|0x000000008ef00000, 0x000000008ef00000, 0x000000008f000000|  0%| F|  |TAMS 0x000000008ef00000, 0x000000008ef00000| Untracked 
|  72|0x000000008f000000, 0x000000008f000000, 0x000000008f100000|  0%| F|  |TAMS 0x000000008f000000, 0x000000008f000000| Untracked 
|  73|0x000000008f100000, 0x000000008f100000, 0x000000008f200000|  0%| F|  |TAMS 0x000000008f100000, 0x000000008f100000| Untracked 
|  74|0x000000008f200000, 0x000000008f200000, 0x000000008f300000|  0%| F|  |TAMS 0x000000008f200000, 0x000000008f200000| Untracked 
|  75|0x000000008f300000, 0x000000008f3ac5d0, 0x000000008f400000| 67%| S|CS|TAMS 0x000000008f300000, 0x000000008f300000| Complete 
|  76|0x000000008f400000, 0x000000008f400000, 0x000000008f500000|  0%| F|  |TAMS 0x000000008f400000, 0x000000008f400000| Untracked 
|  77|0x000000008f500000, 0x000000008f500000, 0x000000008f600000|  0%| F|  |TAMS 0x000000008f500000, 0x000000008f500000| Untracked 
|  78|0x000000008f600000, 0x000000008f600000, 0x000000008f700000|  0%| F|  |TAMS 0x000000008f600000, 0x000000008f600000| Untracked 
|  79|0x000000008f700000, 0x000000008f700000, 0x000000008f800000|  0%| F|  |TAMS 0x000000008f700000, 0x000000008f700000| Untracked 
|  80|0x000000008f800000, 0x000000008f800000, 0x000000008f900000|  0%| F|  |TAMS 0x000000008f800000, 0x000000008f800000| Untracked 
|  81|0x000000008f900000, 0x000000008f900000, 0x000000008fa00000|  0%| F|  |TAMS 0x000000008f900000, 0x000000008f900000| Untracked 
|  82|0x000000008fa00000, 0x000000008fa00000, 0x000000008fb00000|  0%| F|  |TAMS 0x000000008fa00000, 0x000000008fa00000| Untracked 
|  83|0x000000008fb00000, 0x000000008fb00000, 0x000000008fc00000|  0%| F|  |TAMS 0x000000008fb00000, 0x000000008fb00000| Untracked 
|  84|0x000000008fc00000, 0x000000008fc00000, 0x000000008fd00000|  0%| F|  |TAMS 0x000000008fc00000, 0x000000008fc00000| Untracked 
|  85|0x000000008fd00000, 0x000000008fd00000, 0x000000008fe00000|  0%| F|  |TAMS 0x000000008fd00000, 0x000000008fd00000| Untracked 
|  86|0x000000008fe00000, 0x000000008fe00000, 0x000000008ff00000|  0%| F|  |TAMS 0x000000008fe00000, 0x000000008fe00000| Untracked 
|  87|0x000000008ff00000, 0x000000008ff00000, 0x0000000090000000|  0%| F|  |TAMS 0x000000008ff00000, 0x000000008ff00000| Untracked 
|  88|0x0000000090000000, 0x0000000090000000, 0x0000000090100000|  0%| F|  |TAMS 0x0000000090000000, 0x0000000090000000| Untracked 
|  89|0x0000000090100000, 0x0000000090100000, 0x0000000090200000|  0%| F|  |TAMS 0x0000000090100000, 0x0000000090100000| Untracked 
|  90|0x0000000090200000, 0x0000000090200000, 0x0000000090300000|  0%| F|  |TAMS 0x0000000090200000, 0x0000000090200000| Untracked 
|  91|0x0000000090300000, 0x0000000090300000, 0x0000000090400000|  0%| F|  |TAMS 0x0000000090300000, 0x0000000090300000| Untracked 
|  92|0x0000000090400000, 0x0000000090400000, 0x0000000090500000|  0%| F|  |TAMS 0x0000000090400000, 0x0000000090400000| Untracked 
|  93|0x0000000090500000, 0x0000000090500000, 0x0000000090600000|  0%| F|  |TAMS 0x0000000090500000, 0x0000000090500000| Untracked 
|  94|0x0000000090600000, 0x0000000090600000, 0x0000000090700000|  0%| F|  |TAMS 0x0000000090600000, 0x0000000090600000| Untracked 
|  95|0x0000000090700000, 0x0000000090700000, 0x0000000090800000|  0%| F|  |TAMS 0x0000000090700000, 0x0000000090700000| Untracked 
|  96|0x0000000090800000, 0x0000000090800000, 0x0000000090900000|  0%| F|  |TAMS 0x0000000090800000, 0x0000000090800000| Untracked 
|  97|0x0000000090900000, 0x0000000090900000, 0x0000000090a00000|  0%| F|  |TAMS 0x0000000090900000, 0x0000000090900000| Untracked 
|  98|0x0000000090a00000, 0x0000000090a00000, 0x0000000090b00000|  0%| F|  |TAMS 0x0000000090a00000, 0x0000000090a00000| Untracked 
|  99|0x0000000090b00000, 0x0000000090b00000, 0x0000000090c00000|  0%| F|  |TAMS 0x0000000090b00000, 0x0000000090b00000| Untracked 
| 100|0x0000000090c00000, 0x0000000090c00000, 0x0000000090d00000|  0%| F|  |TAMS 0x0000000090c00000, 0x0000000090c00000| Untracked 
| 101|0x0000000090d00000, 0x0000000090d00000, 0x0000000090e00000|  0%| F|  |TAMS 0x0000000090d00000, 0x0000000090d00000| Untracked 
| 102|0x0000000090e00000, 0x0000000090e00000, 0x0000000090f00000|  0%| F|  |TAMS 0x0000000090e00000, 0x0000000090e00000| Untracked 
| 103|0x0000000090f00000, 0x0000000090f00000, 0x0000000091000000|  0%| F|  |TAMS 0x0000000090f00000, 0x0000000090f00000| Untracked 
| 104|0x0000000091000000, 0x0000000091000000, 0x0000000091100000|  0%| F|  |TAMS 0x0000000091000000, 0x0000000091000000| Untracked 
| 105|0x0000000091100000, 0x0000000091100000, 0x0000000091200000|  0%| F|  |TAMS 0x0000000091100000, 0x0000000091100000| Untracked 
| 106|0x0000000091200000, 0x0000000091200000, 0x0000000091300000|  0%| F|  |TAMS 0x0000000091200000, 0x0000000091200000| Untracked 
| 107|0x0000000091300000, 0x0000000091300000, 0x0000000091400000|  0%| F|  |TAMS 0x0000000091300000, 0x0000000091300000| Untracked 
| 108|0x0000000091400000, 0x0000000091400000, 0x0000000091500000|  0%| F|  |TAMS 0x0000000091400000, 0x0000000091400000| Untracked 
| 109|0x0000000091500000, 0x0000000091500000, 0x0000000091600000|  0%| F|  |TAMS 0x0000000091500000, 0x0000000091500000| Untracked 
| 110|0x0000000091600000, 0x0000000091600000, 0x0000000091700000|  0%| F|  |TAMS 0x0000000091600000, 0x0000000091600000| Untracked 
| 111|0x0000000091700000, 0x0000000091700000, 0x0000000091800000|  0%| F|  |TAMS 0x0000000091700000, 0x0000000091700000| Untracked 
| 112|0x0000000091800000, 0x0000000091800000, 0x0000000091900000|  0%| F|  |TAMS 0x0000000091800000, 0x0000000091800000| Untracked 
| 113|0x0000000091900000, 0x0000000091900000, 0x0000000091a00000|  0%| F|  |TAMS 0x0000000091900000, 0x0000000091900000| Untracked 
| 114|0x0000000091a00000, 0x0000000091a00000, 0x0000000091b00000|  0%| F|  |TAMS 0x0000000091a00000, 0x0000000091a00000| Untracked 
| 115|0x0000000091b00000, 0x0000000091b00000, 0x0000000091c00000|  0%| F|  |TAMS 0x0000000091b00000, 0x0000000091b00000| Untracked 
| 116|0x0000000091c00000, 0x0000000091c00000, 0x0000000091d00000|  0%| F|  |TAMS 0x0000000091c00000, 0x0000000091c00000| Untracked 
| 117|0x0000000091d00000, 0x0000000091d00000, 0x0000000091e00000|  0%| F|  |TAMS 0x0000000091d00000, 0x0000000091d00000| Untracked 

Card table byte_map: [0x0000021d34f10000,0x0000021d352c0000] _byte_map_base: 0x0000021d34abc000

Marking Bits (Prev, Next): (CMBitMap*) 0x0000021d1de08840, (CMBitMap*) 0x0000021d1de08880
 Prev Bits: [0x0000021d35670000, 0x0000021d373d0000)
 Next Bits: [0x0000021d373d0000, 0x0000021d39130000)

Polling page: 0x0000021d1bcd0000

Metaspace:

Usage:
  Non-class:     68.84 MB used.
      Class:     10.45 MB used.
       Both:     79.29 MB used.

Virtual space:
  Non-class space:       72.00 MB reserved,      69.19 MB ( 96%) committed,  9 nodes.
      Class space:        1.00 GB reserved,      10.81 MB (  1%) committed,  1 nodes.
             Both:        1.07 GB reserved,      80.00 MB (  7%) committed. 

Chunk freelists:
   Non-Class:  2.86 MB
       Class:  1.22 MB
        Both:  4.07 MB

MaxMetaspaceSize: unlimited
CompressedClassSpaceSize: 1.00 GB
Initial GC threshold: 21.00 MB
Current GC threshold: 132.31 MB
CDS: on
MetaspaceReclaimPolicy: balanced
 - commit_granule_bytes: 65536.
 - commit_granule_words: 8192.
 - virtual_space_node_default_size: 1048576.
 - enlarge_chunks_in_place: 1.
 - new_chunks_are_fully_committed: 0.
 - uncommit_free_chunks: 1.
 - use_allocation_guard: 0.
 - handle_deallocations: 1.


Internal statistics:

num_allocs_failed_limit: 6.
num_arena_births: 1000.
num_arena_deaths: 8.
num_vsnodes_births: 10.
num_vsnodes_deaths: 0.
num_space_committed: 1280.
num_space_uncommitted: 0.
num_chunks_returned_to_freelist: 18.
num_chunks_taken_from_freelist: 3974.
num_chunk_merges: 7.
num_chunk_splits: 2784.
num_chunks_enlarged: 2053.
num_purges: 6.
num_inconsistent_stats: 0.

CodeHeap 'non-profiled nmethods': size=120000Kb used=6928Kb max_used=6928Kb free=113071Kb
 bounds [0x0000021d2d0d0000, 0x0000021d2d7a0000, 0x0000021d34600000]
CodeHeap 'profiled nmethods': size=120000Kb used=18907Kb max_used=18907Kb free=101092Kb
 bounds [0x0000021d25600000, 0x0000021d26880000, 0x0000021d2cb30000]
CodeHeap 'non-nmethods': size=5760Kb used=1390Kb max_used=1446Kb free=4369Kb
 bounds [0x0000021d2cb30000, 0x0000021d2cda0000, 0x0000021d2d0d0000]
 total_blobs=10815 nmethods=10088 adapters=637
 compilation: enabled
              stopped_count=0, restarted_count=0
 full_count=0

Compilation events (20 events):
Event: 295.526 Thread 0x0000021d3bd90980 11496       1       ch.qos.logback.classic.spi.StackTraceElementProxy::getClassPackagingData (5 bytes)
Event: 295.526 Thread 0x0000021d3bd90980 nmethod 11496 0x0000021d2d78d510 code [0x0000021d2d78d6a0, 0x0000021d2d78d778]
Event: 295.526 Thread 0x0000021d3bd90980 11497       1       ch.qos.logback.classic.spi.ClassPackagingData::isExact (5 bytes)
Event: 295.526 Thread 0x0000021d3bd90980 nmethod 11497 0x0000021d2d78d810 code [0x0000021d2d78d9a0, 0x0000021d2d78da78]
Event: 295.527 Thread 0x0000021d3bd90980 11498       1       ch.qos.logback.classic.spi.ClassPackagingData::getCodeLocation (5 bytes)
Event: 295.527 Thread 0x0000021d3bd90980 nmethod 11498 0x0000021d2d78db10 code [0x0000021d2d78dca0, 0x0000021d2d78dd78]
Event: 295.527 Thread 0x0000021d3bd90980 11499       1       ch.qos.logback.classic.spi.ClassPackagingData::getVersion (5 bytes)
Event: 295.527 Thread 0x0000021d3bd90980 nmethod 11499 0x0000021d2d78de10 code [0x0000021d2d78dfa0, 0x0000021d2d78e078]
Event: 295.530 Thread 0x0000021d3bd8a9a0 nmethod 11403 0x0000021d2d78e110 code [0x0000021d2d78e2a0, 0x0000021d2d78ea68]
Event: 295.530 Thread 0x0000021d3bd8a9a0 11414       4       java.util.concurrent.locks.ReentrantLock::<init> (16 bytes)
Event: 295.531 Thread 0x0000021d3bd8a9a0 nmethod 11414 0x0000021d2d78ec10 code [0x0000021d2d78eda0, 0x0000021d2d78ef38]
Event: 295.531 Thread 0x0000021d3bd8a9a0 11405       4       jdk.internal.org.objectweb.asm.MethodWriter::visitLdcInsn (215 bytes)
Event: 295.538 Thread 0x0000021d3bd8a9a0 nmethod 11405 0x0000021d2d78f010 code [0x0000021d2d78f1e0, 0x0000021d2d78fa68]
Event: 295.538 Thread 0x0000021d3bd8a9a0 11406       4       jdk.internal.org.objectweb.asm.SymbolTable::addConstant (330 bytes)
Event: 295.541 Thread 0x0000021d3bd8a9a0 nmethod 11406 0x0000021d2d790010 code [0x0000021d2d790200, 0x0000021d2d790490]
Event: 295.541 Thread 0x0000021d3bd8a9a0 11466       4       java.util.stream.FindOps::makeRef (14 bytes)
Event: 295.541 Thread 0x0000021d3bd8a9a0 nmethod 11466 0x0000021d2d790790 code [0x0000021d2d790900, 0x0000021d2d790978]
Event: 295.550 Thread 0x0000021d438e7320 nmethod 11407 0x0000021d2d790a90 code [0x0000021d2d790d00, 0x0000021d2d792110]
Event: 301.784 Thread 0x0000021d3bd8a9a0 11500       4       org.springframework.boot.devtools.filewatch.FileSnapshot::equals (110 bytes)
Event: 301.789 Thread 0x0000021d3bd8a9a0 nmethod 11500 0x0000021d2d793110 code [0x0000021d2d7932e0, 0x0000021d2d793a18]

GC Heap History (20 events):
Event: 291.966 GC heap after
{Heap after GC invocations=42 (full 1):
 garbage-first heap   total 89088K, used 42473K [0x000000008a800000, 0x0000000100000000)
  region size 1024K, 4 young (4096K), 4 survivors (4096K)
 Metaspace       used 78344K, committed 78976K, reserved 1122304K
  class space    used 10476K, committed 10816K, reserved 1048576K
}
Event: 292.296 GC heap before
{Heap before GC invocations=43 (full 1):
 garbage-first heap   total 89088K, used 70121K [0x000000008a800000, 0x0000000100000000)
  region size 1024K, 31 young (31744K), 4 survivors (4096K)
 Metaspace       used 78826K, committed 79552K, reserved 1122304K
  class space    used 10504K, committed 10880K, reserved 1048576K
}
Event: 292.302 GC heap after
{Heap after GC invocations=44 (full 1):
 garbage-first heap   total 89088K, used 44723K [0x000000008a800000, 0x0000000100000000)
  region size 1024K, 4 young (4096K), 4 survivors (4096K)
 Metaspace       used 78826K, committed 79552K, reserved 1122304K
  class space    used 10504K, committed 10880K, reserved 1048576K
}
Event: 292.430 GC heap before
{Heap before GC invocations=44 (full 1):
 garbage-first heap   total 89088K, used 70323K [0x000000008a800000, 0x0000000100000000)
  region size 1024K, 29 young (29696K), 4 survivors (4096K)
 Metaspace       used 79060K, committed 79744K, reserved 1122304K
  class space    used 10520K, committed 10880K, reserved 1048576K
}
Event: 292.440 GC heap after
{Heap after GC invocations=45 (full 1):
 garbage-first heap   total 89088K, used 46045K [0x000000008a800000, 0x0000000100000000)
  region size 1024K, 2 young (2048K), 2 survivors (2048K)
 Metaspace       used 79060K, committed 79744K, reserved 1122304K
  class space    used 10520K, committed 10880K, reserved 1048576K
}
Event: 294.098 GC heap before
{Heap before GC invocations=46 (full 1):
 garbage-first heap   total 97280K, used 69597K [0x000000008a800000, 0x0000000100000000)
  region size 1024K, 25 young (25600K), 2 survivors (2048K)
 Metaspace       used 79486K, committed 80256K, reserved 1122304K
  class space    used 10567K, committed 10944K, reserved 1048576K
}
Event: 294.100 GC heap after
{Heap after GC invocations=47 (full 1):
 garbage-first heap   total 97280K, used 46364K [0x000000008a800000, 0x0000000100000000)
  region size 1024K, 2 young (2048K), 2 survivors (2048K)
 Metaspace       used 79486K, committed 80256K, reserved 1122304K
  class space    used 10567K, committed 10944K, reserved 1048576K
}
Event: 294.509 GC heap before
{Heap before GC invocations=47 (full 1):
 garbage-first heap   total 97280K, used 76060K [0x000000008a800000, 0x0000000100000000)
  region size 1024K, 32 young (32768K), 2 survivors (2048K)
 Metaspace       used 79741K, committed 80448K, reserved 1122304K
  class space    used 10611K, committed 10944K, reserved 1048576K
}
Event: 294.513 GC heap after
{Heap after GC invocations=48 (full 1):
 garbage-first heap   total 97280K, used 48755K [0x000000008a800000, 0x0000000100000000)
  region size 1024K, 4 young (4096K), 4 survivors (4096K)
 Metaspace       used 79741K, committed 80448K, reserved 1122304K
  class space    used 10611K, committed 10944K, reserved 1048576K
}
Event: 294.837 GC heap before
{Heap before GC invocations=49 (full 1):
 garbage-first heap   total 97280K, used 77427K [0x000000008a800000, 0x0000000100000000)
  region size 1024K, 32 young (32768K), 4 survivors (4096K)
 Metaspace       used 80085K, committed 80832K, reserved 1122304K
  class space    used 10636K, committed 11008K, reserved 1048576K
}
Event: 294.848 GC heap after
{Heap after GC invocations=50 (full 1):
 garbage-first heap   total 116736K, used 50537K [0x000000008a800000, 0x0000000100000000)
  region size 1024K, 3 young (3072K), 3 survivors (3072K)
 Metaspace       used 80085K, committed 80832K, reserved 1122304K
  class space    used 10636K, committed 11008K, reserved 1048576K
}
Event: 294.872 GC heap before
{Heap before GC invocations=50 (full 1):
 garbage-first heap   total 116736K, used 52585K [0x000000008a800000, 0x0000000100000000)
  region size 1024K, 5 young (5120K), 3 survivors (3072K)
 Metaspace       used 80086K, committed 80832K, reserved 1122304K
  class space    used 10636K, committed 11008K, reserved 1048576K
}
Event: 294.874 GC heap after
{Heap after GC invocations=51 (full 1):
 garbage-first heap   total 116736K, used 50733K [0x000000008a800000, 0x0000000100000000)
  region size 1024K, 1 young (1024K), 1 survivors (1024K)
 Metaspace       used 80086K, committed 80832K, reserved 1122304K
  class space    used 10636K, committed 11008K, reserved 1048576K
}
Event: 295.157 GC heap before
{Heap before GC invocations=51 (full 1):
 garbage-first heap   total 116736K, used 91693K [0x000000008a800000, 0x0000000100000000)
  region size 1024K, 41 young (41984K), 1 survivors (1024K)
 Metaspace       used 80446K, committed 81152K, reserved 1122304K
  class space    used 10661K, committed 11008K, reserved 1048576K
}
Event: 295.159 GC heap after
{Heap after GC invocations=52 (full 1):
 garbage-first heap   total 116736K, used 52133K [0x000000008a800000, 0x0000000100000000)
  region size 1024K, 2 young (2048K), 2 survivors (2048K)
 Metaspace       used 80446K, committed 81152K, reserved 1122304K
  class space    used 10661K, committed 11008K, reserved 1048576K
}
Event: 295.412 GC heap before
{Heap before GC invocations=53 (full 1):
 garbage-first heap   total 116736K, used 93093K [0x000000008a800000, 0x0000000100000000)
  region size 1024K, 42 young (43008K), 2 survivors (2048K)
 Metaspace       used 80998K, committed 81728K, reserved 1122304K
  class space    used 10689K, committed 11072K, reserved 1048576K
}
Event: 295.416 GC heap after
{Heap after GC invocations=54 (full 1):
 garbage-first heap   total 116736K, used 55292K [0x000000008a800000, 0x0000000100000000)
  region size 1024K, 5 young (5120K), 5 survivors (5120K)
 Metaspace       used 80998K, committed 81728K, reserved 1122304K
  class space    used 10689K, committed 11072K, reserved 1048576K
}
Event: 295.417 GC heap before
{Heap before GC invocations=54 (full 1):
 garbage-first heap   total 116736K, used 56316K [0x000000008a800000, 0x0000000100000000)
  region size 1024K, 6 young (6144K), 5 survivors (5120K)
 Metaspace       used 80998K, committed 81728K, reserved 1122304K
  class space    used 10689K, committed 11072K, reserved 1048576K
}
Event: 295.420 GC heap after
{Heap after GC invocations=55 (full 1):
 garbage-first heap   total 116736K, used 55661K [0x000000008a800000, 0x0000000100000000)
  region size 1024K, 1 young (1024K), 1 survivors (1024K)
 Metaspace       used 80998K, committed 81728K, reserved 1122304K
  class space    used 10689K, committed 11072K, reserved 1048576K
}
Event: 324.247 GC heap before
{Heap before GC invocations=55 (full 1):
 garbage-first heap   total 116736K, used 93549K [0x000000008a800000, 0x0000000100000000)
  region size 1024K, 38 young (38912K), 1 survivors (1024K)
 Metaspace       used 81194K, committed 81920K, reserved 1122304K
  class space    used 10699K, committed 11072K, reserved 1048576K
}

Deoptimization events (20 events):
Event: 295.352 Thread 0x0000021d4008e570 DEOPT PACKING pc=0x0000021d2d767538 sp=0x000000b8e45f9940
Event: 295.352 Thread 0x0000021d4008e570 DEOPT UNPACKING pc=0x0000021d2cb823a3 sp=0x000000b8e45f98f8 mode 2
Event: 295.493 Thread 0x0000021d4008e570 Uncommon trap: trap_request=0xffffffbe fr.pc=0x0000021d2d77fa38 relative=0x0000000000000198
Event: 295.493 Thread 0x0000021d4008e570 Uncommon trap: reason=profile_predicate action=maybe_recompile pc=0x0000021d2d77fa38 method=java.util.LinkedHashMap.valuesToArray([Ljava/lang/Object;)[Ljava/lang/Object; @ 12 c2
Event: 295.493 Thread 0x0000021d4008e570 DEOPT PACKING pc=0x0000021d2d77fa38 sp=0x000000b8e45fbfe0
Event: 295.493 Thread 0x0000021d4008e570 DEOPT UNPACKING pc=0x0000021d2cb823a3 sp=0x000000b8e45fbf98 mode 2
Event: 295.494 Thread 0x0000021d4008e570 Uncommon trap: trap_request=0xffffffbe fr.pc=0x0000021d2d77fa38 relative=0x0000000000000198
Event: 295.494 Thread 0x0000021d4008e570 Uncommon trap: reason=profile_predicate action=maybe_recompile pc=0x0000021d2d77fa38 method=java.util.LinkedHashMap.valuesToArray([Ljava/lang/Object;)[Ljava/lang/Object; @ 12 c2
Event: 295.494 Thread 0x0000021d4008e570 DEOPT PACKING pc=0x0000021d2d77fa38 sp=0x000000b8e45fd450
Event: 295.494 Thread 0x0000021d4008e570 DEOPT UNPACKING pc=0x0000021d2cb823a3 sp=0x000000b8e45fd408 mode 2
Event: 295.494 Thread 0x0000021d4008e570 Uncommon trap: trap_request=0xffffffbe fr.pc=0x0000021d2d77fa38 relative=0x0000000000000198
Event: 295.494 Thread 0x0000021d4008e570 Uncommon trap: reason=profile_predicate action=maybe_recompile pc=0x0000021d2d77fa38 method=java.util.LinkedHashMap.valuesToArray([Ljava/lang/Object;)[Ljava/lang/Object; @ 12 c2
Event: 295.494 Thread 0x0000021d4008e570 DEOPT PACKING pc=0x0000021d2d77fa38 sp=0x000000b8e45fce00
Event: 295.494 Thread 0x0000021d4008e570 DEOPT UNPACKING pc=0x0000021d2cb823a3 sp=0x000000b8e45fcdb8 mode 2
Event: 295.495 Thread 0x0000021d4008e570 Uncommon trap: trap_request=0xffffffbe fr.pc=0x0000021d2d77fa38 relative=0x0000000000000198
Event: 295.495 Thread 0x0000021d4008e570 Uncommon trap: reason=profile_predicate action=maybe_recompile pc=0x0000021d2d77fa38 method=java.util.LinkedHashMap.valuesToArray([Ljava/lang/Object;)[Ljava/lang/Object; @ 12 c2
Event: 295.495 Thread 0x0000021d4008e570 DEOPT PACKING pc=0x0000021d2d77fa38 sp=0x000000b8e45fd450
Event: 295.495 Thread 0x0000021d4008e570 DEOPT UNPACKING pc=0x0000021d2cb823a3 sp=0x000000b8e45fd408 mode 2
Event: 295.503 Thread 0x0000021d4008e570 DEOPT PACKING pc=0x0000021d263aa371 sp=0x000000b8e45fe110
Event: 295.503 Thread 0x0000021d4008e570 DEOPT UNPACKING pc=0x0000021d2cb82b43 sp=0x000000b8e45fd5b8 mode 0

Classes unloaded (4 events):
Event: 70.798 Thread 0x0000021d3bd67390 Unloading class 0x0000000801544800 'jdk/internal/reflect/GeneratedSerializationConstructorAccessor7'
Event: 70.798 Thread 0x0000021d3bd67390 Unloading class 0x0000000801544000 'jdk/internal/reflect/GeneratedSerializationConstructorAccessor6'
Event: 70.798 Thread 0x0000021d3bd67390 Unloading class 0x0000000801538400 'jdk/internal/reflect/GeneratedSerializationConstructorAccessor5'
Event: 70.798 Thread 0x0000021d3bd67390 Unloading class 0x0000000801538000 'jdk/internal/reflect/GeneratedSerializationConstructorAccessor4'

Classes redefined (0 events):
No events

Internal exceptions (20 events):
Event: 294.771 Thread 0x0000021d4008e570 Exception <a 'java/lang/NoClassDefFoundError'{0x000000008f5a7bb0}: org/flywaydb/core/Flyway> (0x000000008f5a7bb0) 
thrown [s\open\src\hotspot\share\oops\constantPool.cpp, line 835]
Event: 294.771 Thread 0x0000021d4008e570 Exception <a 'java/lang/NoClassDefFoundError'{0x000000008f5a8200}: liquibase/integration/spring/SpringLiquibase> (0x000000008f5a8200) 
thrown [s\open\src\hotspot\share\oops\constantPool.cpp, line 835]
Event: 294.773 Thread 0x0000021d4008e570 Exception <a 'java/lang/NoClassDefFoundError'{0x000000008f5dce88}: org/springframework/batch/core/repository/JobRepository> (0x000000008f5dce88) 
thrown [s\open\src\hotspot\share\oops\constantPool.cpp, line 835]
Event: 294.773 Thread 0x0000021d4008e570 Exception <a 'java/lang/NoClassDefFoundError'{0x000000008f5dd4d0}: org/quartz/Scheduler> (0x000000008f5dd4d0) 
thrown [s\open\src\hotspot\share\oops\constantPool.cpp, line 835]
Event: 294.773 Thread 0x0000021d4008e570 Exception <a 'java/lang/NoClassDefFoundError'{0x000000008f5ddb40}: org/springframework/session/jdbc/JdbcIndexedSessionRepository> (0x000000008f5ddb40) 
thrown [s\open\src\hotspot\share\oops\constantPool.cpp, line 835]
Event: 294.775 Thread 0x0000021d4008e570 Exception <a 'java/lang/NoClassDefFoundError'{0x000000008f44fbf8}: org/jooq/DSLContext> (0x000000008f44fbf8) 
thrown [s\open\src\hotspot\share\oops\constantPool.cpp, line 835]
Event: 294.824 Thread 0x0000021d4008e570 Exception <a 'sun/nio/fs/WindowsException'{0x000000008eba2cd8}> (0x000000008eba2cd8) 
thrown [s\open\src\hotspot\share\prims\jni.cpp, line 516]
Event: 294.824 Thread 0x0000021d4008e570 Exception <a 'sun/nio/fs/WindowsException'{0x000000008eba32d0}> (0x000000008eba32d0) 
thrown [s\open\src\hotspot\share\prims\jni.cpp, line 516]
Event: 294.824 Thread 0x0000021d4008e570 Exception <a 'sun/nio/fs/WindowsException'{0x000000008eba39a8}> (0x000000008eba39a8) 
thrown [s\open\src\hotspot\share\prims\jni.cpp, line 516]
Event: 294.852 Thread 0x0000021d4008e570 Exception <a 'java/io/FileNotFoundException'{0x0000000091d23260}> (0x0000000091d23260) 
thrown [s\open\src\hotspot\share\prims\jni.cpp, line 516]
Event: 294.853 Thread 0x0000021d4008e570 Exception <a 'java/io/FileNotFoundException'{0x0000000091d24818}> (0x0000000091d24818) 
thrown [s\open\src\hotspot\share\prims\jni.cpp, line 516]
Event: 294.853 Thread 0x0000021d4008e570 Exception <a 'java/io/FileNotFoundException'{0x0000000091d25e08}> (0x0000000091d25e08) 
thrown [s\open\src\hotspot\share\prims\jni.cpp, line 516]
Event: 295.376 Thread 0x0000021d4008e570 Exception <a 'java/io/FileNotFoundException'{0x000000008f6e6e18}> (0x000000008f6e6e18) 
thrown [s\open\src\hotspot\share\prims\jni.cpp, line 516]
Event: 295.500 Thread 0x0000021d4008e570 Exception <a 'java/lang/reflect/InvocationTargetException'{0x00000000901ff4f8}> (0x00000000901ff4f8) 
thrown [s\open\src\hotspot\share\runtime\reflection.cpp, line 1121]
Event: 295.506 Thread 0x0000021d4008f8b0 Exception <a 'java/io/IOException'{0x00000000900a3740}> (0x00000000900a3740) 
thrown [s\open\src\hotspot\share\prims\jni.cpp, line 516]
Event: 295.507 Thread 0x0000021d4008f8b0 Exception <a 'java/io/IOException'{0x00000000900a4280}> (0x00000000900a4280) 
thrown [s\open\src\hotspot\share\prims\jni.cpp, line 516]
Event: 295.509 Thread 0x0000021d4008f8b0 Exception <a 'java/net/SocketException'{0x00000000900ae838}: Connection reset by peer: shutdown> (0x00000000900ae838) 
thrown [s\open\src\hotspot\share\prims\jni.cpp, line 535]
Event: 295.514 Thread 0x0000021d40088ed0 Exception <a 'java/lang/InterruptedException'{0x000000008ff067e0}: sleep interrupted> (0x000000008ff067e0) 
thrown [s\open\src\hotspot\share\prims\jvm.cpp, line 3070]
Event: 295.521 Thread 0x0000021d4008e570 Exception <a 'java/lang/NoClassDefFoundError'{0x000000008ff4f8f0}: liquibase/exception/ChangeLogParseException> (0x000000008ff4f8f0) 
thrown [s\open\src\hotspot\share\classfile\systemDictionary.cpp, line 245]
Event: 295.532 Thread 0x0000021d4008e570 Exception <a 'java/lang/reflect/InvocationTargetException'{0x000000008ffab810}> (0x000000008ffab810) 
thrown [s\open\src\hotspot\share\runtime\reflection.cpp, line 1121]

VM Operations (20 events):
Event: 294.549 Executing VM operation: G1Concurrent done
Event: 294.558 Executing VM operation: G1Concurrent
Event: 294.566 Executing VM operation: G1Concurrent done
Event: 294.837 Executing VM operation: G1CollectForAllocation
Event: 294.848 Executing VM operation: G1CollectForAllocation done
Event: 294.872 Executing VM operation: G1CollectForAllocation
Event: 294.874 Executing VM operation: G1CollectForAllocation done
Event: 295.157 Executing VM operation: G1CollectForAllocation
Event: 295.159 Executing VM operation: G1CollectForAllocation done
Event: 295.188 Executing VM operation: G1Concurrent
Event: 295.192 Executing VM operation: G1Concurrent done
Event: 295.202 Executing VM operation: G1Concurrent
Event: 295.203 Executing VM operation: G1Concurrent done
Event: 295.412 Executing VM operation: G1CollectForAllocation
Event: 295.416 Executing VM operation: G1CollectForAllocation done
Event: 295.417 Executing VM operation: G1CollectForAllocation
Event: 295.420 Executing VM operation: G1CollectForAllocation done
Event: 296.434 Executing VM operation: Cleanup
Event: 296.434 Executing VM operation: Cleanup done
Event: 324.247 Executing VM operation: G1CollectForAllocation

Events (20 events):
Event: 294.085 Thread 0x0000021d438e9690 Thread exited: 0x0000021d438e9690
Event: 294.085 Thread 0x0000021d4008e570 Thread added: 0x0000021d4008e570
Event: 294.104 Thread 0x0000021d438e7320 Thread added: 0x0000021d438e7320
Event: 294.247 Thread 0x0000021d4008ea40 Thread added: 0x0000021d4008ea40
Event: 294.280 Thread 0x0000021d4008ea40 Thread exited: 0x0000021d4008ea40
Event: 294.931 Thread 0x0000021d4008abb0 Thread added: 0x0000021d4008abb0
Event: 295.048 Thread 0x0000021d4008ea40 Thread added: 0x0000021d4008ea40
Event: 295.377 Thread 0x0000021d4008ef10 Thread added: 0x0000021d4008ef10
Event: 295.378 Thread 0x0000021d4008f3e0 Thread added: 0x0000021d4008f3e0
Event: 295.378 Thread 0x0000021d40088ed0 Thread added: 0x0000021d40088ed0
Event: 295.504 Thread 0x0000021d4008f8b0 Thread added: 0x0000021d4008f8b0
Event: 295.504 Thread 0x0000021d4008ea40 Thread exited: 0x0000021d4008ea40
Event: 295.504 Thread 0x0000021d4008abb0 Thread exited: 0x0000021d4008abb0
Event: 295.510 Thread 0x0000021d4008f8b0 Thread exited: 0x0000021d4008f8b0
Event: 295.514 Thread 0x0000021d4008f3e0 Thread exited: 0x0000021d4008f3e0
Event: 295.514 Thread 0x0000021d4008ef10 Thread exited: 0x0000021d4008ef10
Event: 295.514 Thread 0x0000021d40088ed0 Thread exited: 0x0000021d40088ed0
Event: 295.533 Thread 0x0000021d4008e570 Thread exited: 0x0000021d4008e570
Event: 295.534 Thread 0x0000021d40089870 Thread added: 0x0000021d40089870
Event: 300.555 Thread 0x0000021d438e7320 Thread exited: 0x0000021d438e7320


Dynamic libraries:
0x00007ff7a17c0000 - 0x00007ff7a17d0000 	C:\Program Files\Java\jdk-17\bin\java.exe
0x00007ffcec370000 - 0x00007ffcec584000 	C:\WINDOWS\SYSTEM32\ntdll.dll
0x00007ffcea490000 - 0x00007ffcea554000 	C:\WINDOWS\System32\KERNEL32.DLL
0x00007ffce9d50000 - 0x00007ffcea0f4000 	C:\WINDOWS\System32\KERNELBASE.dll
0x00007ffce9840000 - 0x00007ffce9951000 	C:\WINDOWS\System32\ucrtbase.dll
0x00007ffcc90e0000 - 0x00007ffcc90f9000 	C:\Program Files\Java\jdk-17\bin\jli.dll
0x00007ffce4950000 - 0x00007ffce496b000 	C:\Program Files\Java\jdk-17\bin\VCRUNTIME140.dll
0x00007ffcea7e0000 - 0x00007ffcea890000 	C:\WINDOWS\System32\ADVAPI32.dll
0x00007ffceb6b0000 - 0x00007ffceb757000 	C:\WINDOWS\System32\msvcrt.dll
0x00007ffceb760000 - 0x00007ffceb806000 	C:\WINDOWS\System32\sechost.dll
0x00007ffcec210000 - 0x00007ffcec327000 	C:\WINDOWS\System32\RPCRT4.dll
0x00007ffcea250000 - 0x00007ffcea3fe000 	C:\WINDOWS\System32\USER32.dll
0x00007ffce9a80000 - 0x00007ffce9aa6000 	C:\WINDOWS\System32\win32u.dll
0x00007ffceac10000 - 0x00007ffceac39000 	C:\WINDOWS\System32\GDI32.dll
0x00007ffcd9550000 - 0x00007ffcd97e3000 	C:\WINDOWS\WinSxS\amd64_microsoft.windows.common-controls_6595b64144ccf1df_6.0.22621.2215_none_270d72677387dfc3\COMCTL32.dll
0x00007ffce9960000 - 0x00007ffce9a78000 	C:\WINDOWS\System32\gdi32full.dll
0x00007ffce9720000 - 0x00007ffce97ba000 	C:\WINDOWS\System32\msvcp_win.dll
0x00007ffce01d0000 - 0x00007ffce01da000 	C:\WINDOWS\SYSTEM32\VERSION.dll
0x00007ffcea5c0000 - 0x00007ffcea5f1000 	C:\WINDOWS\System32\IMM32.DLL
0x00007ffcd1e50000 - 0x00007ffcd1e5c000 	C:\Program Files\Java\jdk-17\bin\vcruntime140_1.dll
0x00007ffc90500000 - 0x00007ffc9058e000 	C:\Program Files\Java\jdk-17\bin\msvcp140.dll
0x00007ffc8f920000 - 0x00007ffc904fd000 	C:\Program Files\Java\jdk-17\bin\server\jvm.dll
0x00007ffcea400000 - 0x00007ffcea408000 	C:\WINDOWS\System32\PSAPI.DLL
0x00007ffcc7120000 - 0x00007ffcc7129000 	C:\WINDOWS\SYSTEM32\WSOCK32.dll
0x00007ffce1b60000 - 0x00007ffce1b94000 	C:\WINDOWS\SYSTEM32\WINMM.dll
0x00007ffcea410000 - 0x00007ffcea481000 	C:\WINDOWS\System32\WS2_32.dll
0x00007ffce86e0000 - 0x00007ffce86f8000 	C:\WINDOWS\SYSTEM32\kernel.appcore.dll
0x00007ffcd1b60000 - 0x00007ffcd1b6a000 	C:\Program Files\Java\jdk-17\bin\jimage.dll
0x00007ffce7130000 - 0x00007ffce735e000 	C:\WINDOWS\SYSTEM32\DBGHELP.DLL
0x00007ffceb900000 - 0x00007ffcebc8a000 	C:\WINDOWS\System32\combase.dll
0x00007ffcebca0000 - 0x00007ffcebd77000 	C:\WINDOWS\System32\OLEAUT32.dll
0x00007ffccc130000 - 0x00007ffccc162000 	C:\WINDOWS\SYSTEM32\dbgcore.DLL
0x00007ffce97c0000 - 0x00007ffce983a000 	C:\WINDOWS\System32\bcryptPrimitives.dll
0x00007ffc98a20000 - 0x00007ffc98a45000 	C:\Program Files\Java\jdk-17\bin\java.dll
0x00007ffc96d50000 - 0x00007ffc96e27000 	C:\Program Files\Java\jdk-17\bin\jsvml.dll
0x00007ffcead80000 - 0x00007ffceb5a3000 	C:\WINDOWS\System32\SHELL32.dll
0x00007ffce76b0000 - 0x00007ffce7f9a000 	C:\WINDOWS\SYSTEM32\windows.storage.dll
0x00007ffce7570000 - 0x00007ffce76ae000 	C:\WINDOWS\SYSTEM32\wintypes.dll
0x00007ffceb5b0000 - 0x00007ffceb6a3000 	C:\WINDOWS\System32\SHCORE.dll
0x00007ffcea890000 - 0x00007ffcea8ee000 	C:\WINDOWS\System32\shlwapi.dll
0x00007ffce9650000 - 0x00007ffce9676000 	C:\WINDOWS\SYSTEM32\profapi.dll
0x00007ffcb4170000 - 0x00007ffcb4189000 	C:\Program Files\Java\jdk-17\bin\net.dll
0x00007ffce29c0000 - 0x00007ffce2af7000 	C:\WINDOWS\SYSTEM32\WINHTTP.dll
0x00007ffce8bf0000 - 0x00007ffce8c59000 	C:\WINDOWS\system32\mswsock.dll
0x00007ffc96d30000 - 0x00007ffc96d46000 	C:\Program Files\Java\jdk-17\bin\nio.dll
0x00007ffc90640000 - 0x00007ffc90658000 	C:\Program Files\Java\jdk-17\bin\zip.dll
0x00007ffccefb0000 - 0x00007ffccefba000 	C:\Program Files\Java\jdk-17\bin\management.dll
0x00007ffcceee0000 - 0x00007ffcceeeb000 	C:\Program Files\Java\jdk-17\bin\management_ext.dll
0x00007ffcbd5a0000 - 0x00007ffcbd5b7000 	C:\WINDOWS\system32\napinsp.dll
0x00007ffcbbca0000 - 0x00007ffcbbcbb000 	C:\WINDOWS\system32\pnrpnsp.dll
0x00007ffce8270000 - 0x00007ffce8362000 	C:\WINDOWS\SYSTEM32\DNSAPI.dll
0x00007ffce8200000 - 0x00007ffce822d000 	C:\WINDOWS\SYSTEM32\IPHLPAPI.DLL
0x00007ffcebc90000 - 0x00007ffcebc99000 	C:\WINDOWS\System32\NSI.dll
0x00007ffcbbc80000 - 0x00007ffcbbc91000 	C:\WINDOWS\System32\winrnr.dll
0x00007ffccf660000 - 0x00007ffccf675000 	C:\WINDOWS\system32\wshbth.dll
0x00007ffcbbc50000 - 0x00007ffcbbc71000 	C:\WINDOWS\system32\nlansp_c.dll
0x00007ffce0180000 - 0x00007ffce018a000 	C:\Windows\System32\rasadhlp.dll
0x00007ffce1ad0000 - 0x00007ffce1b54000 	C:\WINDOWS\System32\fwpuclnt.dll
0x00007ffce8e50000 - 0x00007ffce8e6b000 	C:\WINDOWS\SYSTEM32\CRYPTSP.dll
0x00007ffce8700000 - 0x00007ffce8735000 	C:\WINDOWS\system32\rsaenh.dll
0x00007ffce8ce0000 - 0x00007ffce8d0c000 	C:\WINDOWS\SYSTEM32\USERENV.dll
0x00007ffce8fe0000 - 0x00007ffce9008000 	C:\WINDOWS\SYSTEM32\bcrypt.dll
0x00007ffce8e40000 - 0x00007ffce8e4c000 	C:\WINDOWS\SYSTEM32\CRYPTBASE.dll
0x00007ffce2d90000 - 0x00007ffce2da9000 	C:\WINDOWS\SYSTEM32\dhcpcsvc6.DLL
0x00007ffce2d70000 - 0x00007ffce2d8f000 	C:\WINDOWS\SYSTEM32\dhcpcsvc.DLL
0x00007ffc90630000 - 0x00007ffc90640000 	C:\Program Files\Java\jdk-17\bin\verify.dll
0x00007ffcb3a80000 - 0x00007ffcb3a8d000 	C:\Program Files\Java\jdk-17\bin\sunmscapi.dll
0x00007ffce9b20000 - 0x00007ffce9c86000 	C:\WINDOWS\System32\CRYPT32.dll
0x00007ffce8fb0000 - 0x00007ffce8fde000 	C:\WINDOWS\SYSTEM32\ncrypt.dll
0x00007ffce8f70000 - 0x00007ffce8fa7000 	C:\WINDOWS\SYSTEM32\NTASN1.dll
0x00007ffcb3690000 - 0x00007ffcb3698000 	C:\WINDOWS\system32\wshunix.dll

dbghelp: loaded successfully - version: 4.0.5 - missing functions: none
symbol engine: initialized successfully - sym options: 0x614 - pdb path: .;C:\Program Files\Java\jdk-17\bin;C:\WINDOWS\SYSTEM32;C:\WINDOWS\WinSxS\amd64_microsoft.windows.common-controls_6595b64144ccf1df_6.0.22621.2215_none_270d72677387dfc3;C:\Program Files\Java\jdk-17\bin\server

VM Arguments:
jvm_args: -Dcom.sun.management.jmxremote -Dcom.sun.management.jmxremote.port=55759 -Dcom.sun.management.jmxremote.authenticate=false -Dcom.sun.management.jmxremote.ssl=false -Dspring.jmx.enabled=true -Djava.rmi.server.hostname=localhost -Dspring.application.admin.enabled=true -Dspring.boot.project.name=demo -XX:+ShowCodeDetailsInExceptionMessages 
java_command: com.chatapp.ChatApplication
java_class_path (initial): C:\Users\ACER\OneDrive\My tnh\backend-tdc-networking.git\bin\main;C:\Users\ACER\OneDrive\My tnh\backend-tdc-networking.git\bin\test;C:\Users\ACER\OneDrive\My tnh\backend-tdc-networking.git\bin\default;C:\Users\ACER\.gradle\caches\modules-2\files-2.1\org.projectlombok\lombok\1.18.28\a2ff5da8bcd8b1b26f36b806ced63213362c6dcc\lombok-1.18.28.jar;C:\Users\ACER\.gradle\caches\modules-2\files-2.1\org.springframework.boot\spring-boot-starter-data-jpa\3.1.3\f0a12154dd3ecee15f6b0ad9cc8025cb600cbbfc\spring-boot-starter-data-jpa-3.1.3.jar;C:\Users\ACER\.gradle\caches\modules-2\files-2.1\org.springframework.boot\spring-boot-starter-security\3.1.3\b447ab41a6b07c983276cee15b7bbe589b9ce752\spring-boot-starter-security-3.1.3.jar;C:\Users\ACER\.gradle\caches\modules-2\files-2.1\org.springframework.boot\spring-boot-starter-validation\3.1.3\fdf58f7fb49600f02dec49549bc629d2ae9c6de0\spring-boot-starter-validation-3.1.3.jar;C:\Users\ACER\.gradle\caches\modules-2\files-2.1\org.springframework.boot\spring-boot-starter-websocket\3.1.3\85741de46961afd30b9825efd9a5ebac7aa2efb4\spring-boot-starter-websocket-3.1.3.jar;C:\Users\ACER\.gradle\caches\modules-2\files-2.1\org.springframework.boot\spring-boot-starter-web\3.1.3\d4326db157b4cf73647ae69b588de0dc65cb702\spring-boot-starter-web-3.1.3.jar;C:\Users\ACER\.gradle\caches\modules-2\files-2.1\io.jsonwebtoken\jjwt\0.9.1\54d2abfc3e63a28824d35bf600d6a5d627da681a\jjwt-0.9.1.jar;C:\Users\ACER\.gradle\caches\modules-2\files-2.1\org.modelmapper\modelmapper\3.1.1\6636e94590e9d98e5e7db7e4fafcc15e9390e18d\modelmapper-3.1.1.jar;C:\Users\ACER\.gradle\caches\modules-2\files-2.1\commons-io\commons-io\2.13.0\8bb2bc9b4df17e2411533a0708a69f983bf5e83b\commons-io-2.13.0.jar;C:\Users\ACER\.gradle\caches\modules-2\files-2.1\javax.xml.bind\jaxb-api\2.3.1\8531ad5ac454cc2deb9d4d32c40c4d7451939b5d\jaxb-api-2.3.1.jar;C:\Users\ACER\.gradle\caches\modules-2\files-2.1\com.google.firebase\firebase-admin\9.2.0\92f5b2f4da778efcd82c9421a0eccae70b
Launcher Type: SUN_STANDARD

[Global flags]
     intx CICompilerCount                          = 4                                         {product} {ergonomic}
     uint ConcGCThreads                            = 3                                         {product} {ergonomic}
     uint G1ConcRefinementThreads                  = 10                                        {product} {ergonomic}
   size_t G1HeapRegionSize                         = 1048576                                   {product} {ergonomic}
    uintx GCDrainStackTargetSize                   = 64                                        {product} {ergonomic}
   size_t InitialHeapSize                          = 123731968                                 {product} {ergonomic}
     bool ManagementServer                         = true                                      {product} {command line}
   size_t MarkStackSize                            = 4194304                                   {product} {ergonomic}
   size_t MaxHeapSize                              = 1971322880                                {product} {ergonomic}
   size_t MaxNewSize                               = 1182793728                                {product} {ergonomic}
   size_t MinHeapDeltaBytes                        = 1048576                                   {product} {ergonomic}
   size_t MinHeapSize                              = 8388608                                   {product} {ergonomic}
    uintx NonNMethodCodeHeapSize                   = 5839372                                {pd product} {ergonomic}
    uintx NonProfiledCodeHeapSize                  = 122909434                              {pd product} {ergonomic}
    uintx ProfiledCodeHeapSize                     = 122909434                              {pd product} {ergonomic}
    uintx ReservedCodeCacheSize                    = 251658240                              {pd product} {ergonomic}
     bool SegmentedCodeCache                       = true                                      {product} {ergonomic}
     bool ShowCodeDetailsInExceptionMessages       = true                                   {manageable} {command line}
   size_t SoftMaxHeapSize                          = 1971322880                             {manageable} {ergonomic}
     bool UseCompressedClassPointers               = true                           {product lp64_product} {ergonomic}
     bool UseCompressedOops                        = true                           {product lp64_product} {ergonomic}
     bool UseG1GC                                  = true                                      {product} {ergonomic}
     bool UseLargePagesIndividualAllocation        = false                                  {pd product} {ergonomic}

Logging:
Log output configuration:
 #0: stdout all=warning uptime,level,tags
 #1: stderr all=off uptime,level,tags

Environment Variables:
JAVA_HOME=C:\Program Files\Java\jdk-17
PATH=C:\Users\ACER\bin;C:\Program Files\Git\mingw64\bin;C:\Program Files\Git\usr\local\bin;C:\Program Files\Git\usr\bin;C:\Program Files\Git\usr\bin;C:\Program Files\Git\mingw64\bin;C:\Program Files\Git\usr\bin;C:\Users\ACER\bin;C:\Users\ACER\AppData\Local\Programs\Python\Python311\Scripts;C:\Users\ACER\AppData\Local\Programs\Python\Python311;C:\Program Files\Common Files\Oracle\Java\javapath;C:\Program Files (x86)\Common Files\Oracle\Java\javapath;C:\Program Files (x86)\VMware\VMware Workstation\bin;C:\ProgramData\Oracle\Java\javapath;C:\Windows\system32;C:\Windows;C:\Windows\System32\Wbem;C:\Windows\System32\WindowsPowerShell\v1.0;C:\Windows\System32\OpenSSH;C:\Program Files\NVIDIA Corporation\NVIDIA NvDLISR;C:\WINDOWS\system32;C:\WINDOWS;C:\WINDOWS\System32\Wbem;C:\WINDOWS\System32\WindowsPowerShell\v1.0;C:\WINDOWS\System32\OpenSSH;C:\Program Files\dotnet;C:\Program Files\Microsoft SQL Server\130\Tools\Binn;C:\Program Files\Microsoft SQL Server\Client SDK\ODBC\170\Tools\Binn;C:\Program Files\Microsoft SQL Server\150\Tools\Binn;C:\Program Files\Git\cmd;C:\WINDOWS\system32;C:\WINDOWS;C:\WINDOWS\System32\Wbem;C:\WINDOWS\System32\WindowsPowerShell\v1.0;C:\WINDOWS\System32\OpenSSH;D:\wamp64\bin\php\php8.1.0;C:\ProgramData\ComposerSetup\bin;C:\cmder;D:\wamp64\bin\php\php8.2.0;C:\apache-maven-3.6.0\bin;C:\Gradle\gradle-8.2.1\bin;C:\Program Files\nodejs;C:\ProgramData\chocolatey\bin;C:\Users\ACER\AppData\Local\Microsoft\WindowsApps;C:\Users\ACER\.dotnet\tools;C:\Users\ACER\AppData\Local\Programs\Microsoft VS Code\bin;C:\Users\ACER\AppData\Local\Android\Sdk\platform-tools;C:\Users\ACER\AppData\Roaming\Composer\vendor\bin;D:\wamp64\bin\php\php8.0.13;C:\Program Files\JetBrains\PhpStorm 2022.3.3\bin;C:\Users\ACER\Downloads\cmder\bin;C:\Users\ACER\AppData\Roaming\npm;C:\Program Files\Git\usr\bin\vendor_perl;C:\Program Files\Git\usr\bin\core_perl
USERNAME=ACER
SHELL=C:\Program Files\Git\usr\bin\bash.exe
DISPLAY=needs-to-be-defined
LANG=en_US.UTF-8
OS=Windows_NT
PROCESSOR_IDENTIFIER=AMD64 Family 23 Model 104 Stepping 1, AuthenticAMD



---------------  S Y S T E M  ---------------

OS:
 Windows 11 , 64 bit Build 22621 (10.0.22621.2215)
OS uptime: 0 days 6:04 hours

CPU: total 12 (initial active 12) (12 cores per cpu, 2 threads per core) family 23 model 104 stepping 1 microcode 0x0, cx8, cmov, fxsr, ht, mmx, 3dnowpref, sse, sse2, sse3, ssse3, sse4a, sse4.1, sse4.2, popcnt, lzcnt, tsc, tscinvbit, avx, avx2, aes, clmul, bmi1, bmi2, adx, sha, fma, vzeroupper, clflush, clflushopt

Memory: 4k page, system-wide physical 7514M (574M free)
TotalPageFile size 19802M (AvailPageFile size 107M)
current process WorkingSet (physical memory assigned to process): 285M, peak: 330M
current process commit charge ("private bytes"): 369M, peak: 539M

vm_info: Java HotSpot(TM) 64-Bit Server VM (17.0.7+8-LTS-224) for windows-amd64 JRE (17.0.7+8-LTS-224), built on Feb 28 2023 23:03:02 by "mach5one" with MS VC++ 17.1 (VS2022)

END.
