#
# There is insufficient memory for the Java Runtime Environment to continue.
# Native memory allocation (malloc) failed to allocate 1176976 bytes for Chunk::new
# Possible reasons:
#   The system is out of physical RAM or swap space
#   The process is running with CompressedOops enabled, and the Java Heap may be blocking the growth of the native heap
# Possible solutions:
#   Reduce memory load on the system
#   Increase physical memory or swap space
#   Check if swap backing store is full
#   Decrease Java heap size (-Xmx/-Xms)
#   Decrease number of Java threads
#   Decrease Java thread stack sizes (-Xss)
#   Set larger code cache with -XX:ReservedCodeCacheSize=
#   JVM is running with Unscaled Compressed Oops mode in which the Java heap is
#     placed in the first 4GB address space. The Java Heap base address is the
#     maximum limit for the native heap growth. Please use -XX:HeapBaseMinAddress
#     to set the Java Heap base and to place the Java Heap above 4GB virtual address.
# This output file may be truncated or incomplete.
#
#  Out of Memory Error (arena.cpp:189), pid=20972, tid=20552
#
# JRE version: OpenJDK Runtime Environment Temurin-17.0.8.1+1 (17.0.8.1+1) (build 17.0.8.1+1)
# Java VM: OpenJDK 64-Bit Server VM Temurin-17.0.8.1+1 (17.0.8.1+1, mixed mode, tiered, compressed oops, compressed class ptrs, parallel gc, windows-amd64)
# No core dump will be written. Minidumps are not enabled by default on client versions of Windows
#

---------------  S U M M A R Y ------------

Command Line: --add-modules=ALL-SYSTEM --add-opens=java.base/java.util=ALL-UNNAMED --add-opens=java.base/java.lang=ALL-UNNAMED --add-opens=java.base/sun.nio.fs=ALL-UNNAMED -Declipse.application=org.eclipse.jdt.ls.core.id1 -Dosgi.bundles.defaultStartLevel=4 -Declipse.product=org.eclipse.jdt.ls.core.product -Djava.import.generatesMetadataFilesAtProjectRoot=false -Dfile.encoding=utf8 -XX:+UseParallelGC -XX:GCTimeRatio=4 -XX:AdaptiveSizePolicyWeight=90 -Dsun.zip.disableMemoryMapping=true -Xmx1G -Xms100m -Xlog:disable -javaagent:c:\Users\ACER\.vscode\extensions\redhat.java-1.22.1-win32-x64\lombok\lombok-1.18.28.jar c:\Users\ACER\.vscode\extensions\redhat.java-1.22.1-win32-x64\server\plugins\org.eclipse.equinox.launcher_1.6.500.v20230717-2134.jar -configuration c:\Users\ACER\AppData\Roaming\Code\User\globalStorage\redhat.java\1.22.1\config_ss_win -data c:\Users\ACER\AppData\Roaming\Code\User\workspaceStorage\fc8769e14906d27e59db6c9fcb0649d3\redhat.java\ss_ws

Host: AMD Ryzen 5 5500U with Radeon Graphics         , 12 cores, 7G,  Windows 11 , 64 bit Build 22621 (10.0.22621.2215)
Time: Wed Sep 27 07:27:38 2023 SE Asia Standard Time elapsed time: 20.309007 seconds (0d 0h 0m 20s)

---------------  T H R E A D  ---------------

Current thread (0x00000271ded65070):  JavaThread "C2 CompilerThread0" daemon [_thread_in_native, id=20552, stack(0x000000c70f700000,0x000000c70f800000)]


Current CompileTask:
C2:  20309 7220       4       org.eclipse.jdt.internal.compiler.lookup.LookupEnvironment::getTypeFromSignature (376 bytes)

Stack: [0x000000c70f700000,0x000000c70f800000]
Native frames: (J=compiled Java code, j=interpreted, Vv=VM code, C=native code)
V  [jvm.dll+0x678b0a]
V  [jvm.dll+0x835e84]
V  [jvm.dll+0x83762e]
V  [jvm.dll+0x837c93]
V  [jvm.dll+0x24746f]
V  [jvm.dll+0xac20c]
V  [jvm.dll+0xac7dc]
V  [jvm.dll+0x365c52]
V  [jvm.dll+0x1bd012]
V  [jvm.dll+0x219d49]
V  [jvm.dll+0x219011]
V  [jvm.dll+0x1a534d]
V  [jvm.dll+0x228d8a]
V  [jvm.dll+0x226dcc]
V  [jvm.dll+0x7ec09b]
V  [jvm.dll+0x7e64ca]
V  [jvm.dll+0x677955]
C  [ucrtbase.dll+0x29363]
C  [KERNEL32.DLL+0x1257d]
C  [ntdll.dll+0x5aa68]


---------------  P R O C E S S  ---------------

Threads class SMR info:
_java_thread_list=0x00000271ed2139e0, length=34, elements={
0x00000271c5bbb3e0, 0x00000271c5c6eac0, 0x00000271d9a290c0, 0x00000271ded5df20,
0x00000271ded5e9f0, 0x00000271ded60360, 0x00000271ded60f20, 0x00000271ded65070,
0x00000271ded731c0, 0x00000271ded743a0, 0x00000271dee59490, 0x00000271df055030,
0x00000271e0b80660, 0x00000271e0d16f00, 0x00000271e0cf3690, 0x00000271e0f13690,
0x00000271e0d64eb0, 0x00000271e0d63a70, 0x00000271e0d63050, 0x00000271e0d63f80,
0x00000271e0d649a0, 0x00000271e0d64490, 0x00000271e0d61c10, 0x00000271e0d62120,
0x00000271e0d62b40, 0x00000271e0d62630, 0x00000271e1585130, 0x00000271e1588df0,
0x00000271e1581980, 0x00000271e1582dc0, 0x00000271e1581e90, 0x00000271e11015d0,
0x00000271e1104050, 0x00000271e15823a0
}

Java Threads: ( => current thread )
  0x00000271c5bbb3e0 JavaThread "main" [_thread_blocked, id=21876, stack(0x000000c70ee00000,0x000000c70ef00000)]
  0x00000271c5c6eac0 JavaThread "Reference Handler" daemon [_thread_blocked, id=22444, stack(0x000000c70f100000,0x000000c70f200000)]
  0x00000271d9a290c0 JavaThread "Finalizer" daemon [_thread_blocked, id=8784, stack(0x000000c70f200000,0x000000c70f300000)]
  0x00000271ded5df20 JavaThread "Signal Dispatcher" daemon [_thread_blocked, id=10112, stack(0x000000c70f300000,0x000000c70f400000)]
  0x00000271ded5e9f0 JavaThread "Attach Listener" daemon [_thread_blocked, id=24156, stack(0x000000c70f400000,0x000000c70f500000)]
  0x00000271ded60360 JavaThread "Service Thread" daemon [_thread_blocked, id=21852, stack(0x000000c70f500000,0x000000c70f600000)]
  0x00000271ded60f20 JavaThread "Monitor Deflation Thread" daemon [_thread_blocked, id=2832, stack(0x000000c70f600000,0x000000c70f700000)]
=>0x00000271ded65070 JavaThread "C2 CompilerThread0" daemon [_thread_in_native, id=20552, stack(0x000000c70f700000,0x000000c70f800000)]
  0x00000271ded731c0 JavaThread "C1 CompilerThread0" daemon [_thread_blocked, id=23664, stack(0x000000c70f800000,0x000000c70f900000)]
  0x00000271ded743a0 JavaThread "Sweeper thread" daemon [_thread_blocked, id=23820, stack(0x000000c70f900000,0x000000c70fa00000)]
  0x00000271dee59490 JavaThread "Common-Cleaner" daemon [_thread_blocked, id=24504, stack(0x000000c70fa00000,0x000000c70fb00000)]
  0x00000271df055030 JavaThread "Notification Thread" daemon [_thread_blocked, id=23252, stack(0x000000c70fb00000,0x000000c70fc00000)]
  0x00000271e0b80660 JavaThread "Active Thread: Equinox Container: 5a8a4f15-a723-4af5-a4ac-ce95f19d85b6" [_thread_blocked, id=2316, stack(0x000000c710400000,0x000000c710500000)]
  0x00000271e0d16f00 JavaThread "Framework Event Dispatcher: Equinox Container: 5a8a4f15-a723-4af5-a4ac-ce95f19d85b6" daemon [_thread_blocked, id=24448, stack(0x000000c710500000,0x000000c710600000)]
  0x00000271e0cf3690 JavaThread "Start Level: Equinox Container: 5a8a4f15-a723-4af5-a4ac-ce95f19d85b6" daemon [_thread_blocked, id=2732, stack(0x000000c710600000,0x000000c710700000)]
  0x00000271e0f13690 JavaThread "SCR Component Actor" daemon [_thread_blocked, id=12088, stack(0x000000c710700000,0x000000c710800000)]
  0x00000271e0d64eb0 JavaThread "Worker-JM" [_thread_blocked, id=7804, stack(0x000000c710900000,0x000000c710a00000)]
  0x00000271e0d63a70 JavaThread "Worker-0" [_thread_blocked, id=13012, stack(0x000000c710c00000,0x000000c710d00000)]
  0x00000271e0d63050 JavaThread "Worker-1" [_thread_blocked, id=2936, stack(0x000000c710d00000,0x000000c710e00000)]
  0x00000271e0d63f80 JavaThread "Worker-2" [_thread_blocked, id=5276, stack(0x000000c710f00000,0x000000c711000000)]
  0x00000271e0d649a0 JavaThread "JNA Cleaner" daemon [_thread_blocked, id=15448, stack(0x000000c710e00000,0x000000c710f00000)]
  0x00000271e0d64490 JavaThread "pool-2-thread-1" [_thread_blocked, id=20308, stack(0x000000c711000000,0x000000c711100000)]
  0x00000271e0d61c10 JavaThread "WorkspaceEventsHandler" [_thread_blocked, id=19468, stack(0x000000c711200000,0x000000c711300000)]
  0x00000271e0d62120 JavaThread "pool-1-thread-1" [_thread_in_native, id=22284, stack(0x000000c711300000,0x000000c711400000)]
  0x00000271e0d62b40 JavaThread "ForkJoinPool.commonPool-worker-1" daemon [_thread_blocked, id=15348, stack(0x000000c711400000,0x000000c711500000)]
  0x00000271e0d62630 JavaThread "ForkJoinPool.commonPool-worker-2" daemon [_thread_blocked, id=22176, stack(0x000000c711500000,0x000000c711600000)]
  0x00000271e1585130 JavaThread "ForkJoinPool.commonPool-worker-3" daemon [_thread_blocked, id=18576, stack(0x000000c711600000,0x000000c711700000)]
  0x00000271e1588df0 JavaThread "ForkJoinPool.commonPool-worker-4" daemon [_thread_blocked, id=21404, stack(0x000000c711700000,0x000000c711800000)]
  0x00000271e1581980 JavaThread "ForkJoinPool.commonPool-worker-5" daemon [_thread_blocked, id=18616, stack(0x000000c711800000,0x000000c711900000)]
  0x00000271e1582dc0 JavaThread "ForkJoinPool.commonPool-worker-6" daemon [_thread_blocked, id=23616, stack(0x000000c711900000,0x000000c711a00000)]
  0x00000271e1581e90 JavaThread "ForkJoinPool.commonPool-worker-7" daemon [_thread_blocked, id=17940, stack(0x000000c711a00000,0x000000c711b00000)]
  0x00000271e11015d0 JavaThread "C2 CompilerThread1" daemon [_thread_in_native, id=5588, stack(0x000000c710800000,0x000000c710900000)]
  0x00000271e1104050 JavaThread "C2 CompilerThread2" daemon [_thread_in_native, id=6292, stack(0x000000c711100000,0x000000c711200000)]
  0x00000271e15823a0 JavaThread "pool-1-thread-2" [_thread_blocked, id=24572, stack(0x000000c711b00000,0x000000c711c00000)]

Other Threads:
  0x00000271c5c44340 VMThread "VM Thread" [stack: 0x000000c70f000000,0x000000c70f100000] [id=21548]
  0x00000271df04d890 WatcherThread [stack: 0x000000c70fc00000,0x000000c70fd00000] [id=15620]
  0x00000271c5bd0460 GCTaskThread "GC Thread#0" [stack: 0x000000c70ef00000,0x000000c70f000000] [id=13668]
  0x00000271e09f34f0 GCTaskThread "GC Thread#1" [stack: 0x000000c70fd00000,0x000000c70fe00000] [id=24460]
  0x00000271e0837970 GCTaskThread "GC Thread#2" [stack: 0x000000c70fe00000,0x000000c70ff00000] [id=24544]
  0x00000271e04caf30 GCTaskThread "GC Thread#3" [stack: 0x000000c70ff00000,0x000000c710000000] [id=24548]
  0x00000271e04cb1f0 GCTaskThread "GC Thread#4" [stack: 0x000000c710000000,0x000000c710100000] [id=17648]
  0x00000271e0807060 GCTaskThread "GC Thread#5" [stack: 0x000000c710100000,0x000000c710200000] [id=4088]
  0x00000271e0807320 GCTaskThread "GC Thread#6" [stack: 0x000000c710200000,0x000000c710300000] [id=18580]
  0x00000271e08f6530 GCTaskThread "GC Thread#7" [stack: 0x000000c710300000,0x000000c710400000] [id=12660]
  0x00000271e0c7b190 GCTaskThread "GC Thread#8" [stack: 0x000000c710a00000,0x000000c710b00000] [id=1648]
  0x00000271e0f442b0 GCTaskThread "GC Thread#9" [stack: 0x000000c710b00000,0x000000c710c00000] [id=10180]

Threads with active compile tasks:
C2 CompilerThread0    20333 7220       4       org.eclipse.jdt.internal.compiler.lookup.LookupEnvironment::getTypeFromSignature (376 bytes)
C2 CompilerThread1    20333 6967       4       org.eclipse.jdt.internal.compiler.lookup.BinaryTypeBinding::createMethod (1717 bytes)
C2 CompilerThread2    20333 7303       4       java.lang.Class::getField0 (99 bytes)

VM state: not at safepoint (normal execution)

VM Mutex/Monitor currently owned by a thread: None

Heap address: 0x00000000c0000000, size: 1024 MB, Compressed Oops mode: 32-bit

CDS archive(s) not mapped
Compressed class space mapped at: 0x0000000100000000-0x0000000140000000, reserved size: 1073741824
Narrow klass base: 0x0000000000000000, Narrow klass shift: 3, Narrow klass range: 0x140000000

GC Precious Log:
 CPUs: 12 total, 12 available
 Memory: 7514M
 Large Page Support: Disabled
 NUMA Support: Disabled
 Compressed Oops: Enabled (32-bit)
 Alignments: Space 512K, Generation 512K, Heap 2M
 Heap Min Capacity: 100M
 Heap Initial Capacity: 100M
 Heap Max Capacity: 1G
 Pre-touch: Disabled
 Parallel Workers: 10

Heap:
 PSYoungGen      total 21504K, used 2355K [0x00000000eab00000, 0x00000000ec200000, 0x0000000100000000)
  eden space 19456K, 1% used [0x00000000eab00000,0x00000000eab4cc48,0x00000000ebe00000)
  from space 2048K, 100% used [0x00000000ec000000,0x00000000ec200000,0x00000000ec200000)
  to   space 1536K, 0% used [0x00000000ebe80000,0x00000000ebe80000,0x00000000ec000000)
 ParOldGen       total 68608K, used 43180K [0x00000000c0000000, 0x00000000c4300000, 0x00000000eab00000)
  object space 68608K, 62% used [0x00000000c0000000,0x00000000c2a2b148,0x00000000c4300000)
 Metaspace       used 51833K, committed 52736K, reserved 1114112K
  class space    used 5179K, committed 5632K, reserved 1048576K

Card table byte_map: [0x00000271c5580000,0x00000271c5790000] _byte_map_base: 0x00000271c4f80000

Marking Bits: (ParMarkBitMap*) 0x00007ffb2a6283a0
 Begin Bits: [0x00000271d7830000, 0x00000271d8830000)
 End Bits:   [0x00000271d8830000, 0x00000271d9830000)

Polling page: 0x00000271c5370000

Metaspace:

Usage:
  Non-class:     45.56 MB used.
      Class:      5.06 MB used.
       Both:     50.62 MB used.

Virtual space:
  Non-class space:       64.00 MB reserved,      46.00 MB ( 72%) committed,  1 nodes.
      Class space:        1.00 GB reserved,       5.50 MB ( <1%) committed,  1 nodes.
             Both:        1.06 GB reserved,      51.50 MB (  5%) committed. 

Chunk freelists:
   Non-Class:  1.56 MB
       Class:  10.48 MB
        Both:  12.04 MB

MaxMetaspaceSize: unlimited
CompressedClassSpaceSize: 1.00 GB
Initial GC threshold: 21.00 MB
Current GC threshold: 58.38 MB
CDS: off
MetaspaceReclaimPolicy: balanced
 - commit_granule_bytes: 65536.
 - commit_granule_words: 8192.
 - virtual_space_node_default_size: 8388608.
 - enlarge_chunks_in_place: 1.
 - new_chunks_are_fully_committed: 0.
 - uncommit_free_chunks: 1.
 - use_allocation_guard: 0.
 - handle_deallocations: 1.


Internal statistics:

num_allocs_failed_limit: 6.
num_arena_births: 448.
num_arena_deaths: 14.
num_vsnodes_births: 2.
num_vsnodes_deaths: 0.
num_space_committed: 824.
num_space_uncommitted: 0.
num_chunks_returned_to_freelist: 20.
num_chunks_taken_from_freelist: 2332.
num_chunk_merges: 11.
num_chunk_splits: 1487.
num_chunks_enlarged: 927.
num_inconsistent_stats: 0.

CodeHeap 'non-profiled nmethods': size=120000Kb used=3519Kb max_used=3519Kb free=116481Kb
 bounds [0x00000271d0300000, 0x00000271d0670000, 0x00000271d7830000]
CodeHeap 'profiled nmethods': size=120000Kb used=14627Kb max_used=14627Kb free=105372Kb
 bounds [0x00000271c8830000, 0x00000271c9680000, 0x00000271cfd60000]
CodeHeap 'non-nmethods': size=5760Kb used=1339Kb max_used=1389Kb free=4420Kb
 bounds [0x00000271cfd60000, 0x00000271cffd0000, 0x00000271d0300000]
 total_blobs=7227 nmethods=6552 adapters=586
 compilation: enabled
              stopped_count=0, restarted_count=0
 full_count=0

Compilation events (20 events):
Event: 20.258 Thread 0x00000271ded731c0 7351       3       org.eclipse.jface.text.AbstractDocument::containsPositionCategory (17 bytes)
Event: 20.258 Thread 0x00000271ded731c0 nmethod 7351 0x00000271c966c490 code [0x00000271c966c640, 0x00000271c966c868]
Event: 20.258 Thread 0x00000271ded731c0 7344       3       org.eclipse.jface.text.GapTextStore::<init> (87 bytes)
Event: 20.259 Thread 0x00000271ded731c0 nmethod 7344 0x00000271c966c910 code [0x00000271c966cb40, 0x00000271c966d2b8]
Event: 20.259 Thread 0x00000271ded731c0 7345       3       org.eclipse.jface.text.CopyOnWriteTextStore::<init> (36 bytes)
Event: 20.259 Thread 0x00000271ded731c0 nmethod 7345 0x00000271c966d510 code [0x00000271c966d720, 0x00000271c966dd18]
Event: 20.259 Thread 0x00000271ded731c0 7352       3       java.util.regex.Pattern$BnM::optimize (179 bytes)
Event: 20.260 Thread 0x00000271ded731c0 nmethod 7352 0x00000271c966e010 code [0x00000271c966e260, 0x00000271c966eea8]
Event: 20.260 Thread 0x00000271ded731c0 7346       3       org.eclipse.jface.text.AbstractLineTracker::<init> (45 bytes)
Event: 20.260 Thread 0x00000271ded731c0 nmethod 7346 0x00000271c966f290 code [0x00000271c966f480, 0x00000271c966fb28]
Event: 20.260 Thread 0x00000271ded731c0 7353   !   3       org.eclipse.jdt.internal.core.JavaElement::exists (10 bytes)
Event: 20.261 Thread 0x00000271ded731c0 nmethod 7353 0x00000271c966fd90 code [0x00000271c966ff40, 0x00000271c9670228]
Event: 20.262 Thread 0x00000271ded731c0 7354       3       org.eclipse.jdt.core.Signature::getTypeErasure (206 bytes)
Event: 20.263 Thread 0x00000271ded731c0 nmethod 7354 0x00000271c9670310 code [0x00000271c9670580, 0x00000271c9671178]
Event: 20.263 Thread 0x00000271ded731c0 7355       3       org.eclipse.jdt.internal.core.SourceMethod::isConstructor (32 bytes)
Event: 20.264 Thread 0x00000271ded731c0 nmethod 7355 0x00000271c9671590 code [0x00000271c9671780, 0x00000271c9671e78]
Event: 20.265 Thread 0x00000271ded731c0 7357       3       java.util.regex.Pattern::group0 (1097 bytes)
Event: 20.274 Thread 0x00000271ded731c0 nmethod 7357 0x00000271c9672010 code [0x00000271c9672800, 0x00000271c9676f58]
Event: 20.283 Thread 0x00000271ded731c0 7362       2       org.eclipse.lsp4j.jsonrpc.json.adapters.CollectionTypeAdapter::write (10 bytes)
Event: 20.283 Thread 0x00000271ded731c0 nmethod 7362 0x00000271c9678990 code [0x00000271c9678b40, 0x00000271c9678ca8]

GC Heap History (20 events):
Event: 9.567 GC heap before
{Heap before GC invocations=23 (full 2):
 PSYoungGen      total 24064K, used 23549K [0x00000000eab00000, 0x00000000ec500000, 0x0000000100000000)
  eden space 21504K, 100% used [0x00000000eab00000,0x00000000ec000000,0x00000000ec000000)
  from space 2560K, 79% used [0x00000000ec280000,0x00000000ec47f6a0,0x00000000ec500000)
  to   space 2560K, 0% used [0x00000000ec000000,0x00000000ec000000,0x00000000ec280000)
 ParOldGen       total 68608K, used 31384K [0x00000000c0000000, 0x00000000c4300000, 0x00000000eab00000)
  object space 68608K, 45% used [0x00000000c0000000,0x00000000c1ea60c0,0x00000000c4300000)
 Metaspace       used 46401K, committed 47168K, reserved 1114112K
  class space    used 4659K, committed 4992K, reserved 1048576K
}
Event: 9.569 GC heap after
{Heap after GC invocations=23 (full 2):
 PSYoungGen      total 22528K, used 752K [0x00000000eab00000, 0x00000000ec300000, 0x0000000100000000)
  eden space 21504K, 0% used [0x00000000eab00000,0x00000000eab00000,0x00000000ec000000)
  from space 1024K, 73% used [0x00000000ec000000,0x00000000ec0bc010,0x00000000ec100000)
  to   space 1536K, 0% used [0x00000000ec180000,0x00000000ec180000,0x00000000ec300000)
 ParOldGen       total 68608K, used 32205K [0x00000000c0000000, 0x00000000c4300000, 0x00000000eab00000)
  object space 68608K, 46% used [0x00000000c0000000,0x00000000c1f737a0,0x00000000c4300000)
 Metaspace       used 46401K, committed 47168K, reserved 1114112K
  class space    used 4659K, committed 4992K, reserved 1048576K
}
Event: 17.030 GC heap before
{Heap before GC invocations=24 (full 2):
 PSYoungGen      total 22528K, used 22256K [0x00000000eab00000, 0x00000000ec300000, 0x0000000100000000)
  eden space 21504K, 100% used [0x00000000eab00000,0x00000000ec000000,0x00000000ec000000)
  from space 1024K, 73% used [0x00000000ec000000,0x00000000ec0bc010,0x00000000ec100000)
  to   space 1536K, 0% used [0x00000000ec180000,0x00000000ec180000,0x00000000ec300000)
 ParOldGen       total 68608K, used 32205K [0x00000000c0000000, 0x00000000c4300000, 0x00000000eab00000)
  object space 68608K, 46% used [0x00000000c0000000,0x00000000c1f737a0,0x00000000c4300000)
 Metaspace       used 48364K, committed 49152K, reserved 1114112K
  class space    used 4854K, committed 5184K, reserved 1048576K
}
Event: 17.032 GC heap after
{Heap after GC invocations=24 (full 2):
 PSYoungGen      total 21504K, used 1536K [0x00000000eab00000, 0x00000000ec600000, 0x0000000100000000)
  eden space 19968K, 0% used [0x00000000eab00000,0x00000000eab00000,0x00000000ebe80000)
  from space 1536K, 100% used [0x00000000ec180000,0x00000000ec300000,0x00000000ec300000)
  to   space 3072K, 0% used [0x00000000ebe80000,0x00000000ebe80000,0x00000000ec180000)
 ParOldGen       total 68608K, used 33230K [0x00000000c0000000, 0x00000000c4300000, 0x00000000eab00000)
  object space 68608K, 48% used [0x00000000c0000000,0x00000000c2073860,0x00000000c4300000)
 Metaspace       used 48364K, committed 49152K, reserved 1114112K
  class space    used 4854K, committed 5184K, reserved 1048576K
}
Event: 17.476 GC heap before
{Heap before GC invocations=25 (full 2):
 PSYoungGen      total 21504K, used 21495K [0x00000000eab00000, 0x00000000ec600000, 0x0000000100000000)
  eden space 19968K, 99% used [0x00000000eab00000,0x00000000ebe7dc98,0x00000000ebe80000)
  from space 1536K, 100% used [0x00000000ec180000,0x00000000ec300000,0x00000000ec300000)
  to   space 3072K, 0% used [0x00000000ebe80000,0x00000000ebe80000,0x00000000ec180000)
 ParOldGen       total 68608K, used 33230K [0x00000000c0000000, 0x00000000c4300000, 0x00000000eab00000)
  object space 68608K, 48% used [0x00000000c0000000,0x00000000c2073860,0x00000000c4300000)
 Metaspace       used 49572K, committed 50368K, reserved 1114112K
  class space    used 5006K, committed 5376K, reserved 1048576K
}
Event: 17.479 GC heap after
{Heap after GC invocations=25 (full 2):
 PSYoungGen      total 22016K, used 1984K [0x00000000eab00000, 0x00000000ec380000, 0x0000000100000000)
  eden space 19968K, 0% used [0x00000000eab00000,0x00000000eab00000,0x00000000ebe80000)
  from space 2048K, 96% used [0x00000000ebe80000,0x00000000ec070020,0x00000000ec080000)
  to   space 2560K, 0% used [0x00000000ec100000,0x00000000ec100000,0x00000000ec380000)
 ParOldGen       total 68608K, used 34769K [0x00000000c0000000, 0x00000000c4300000, 0x00000000eab00000)
  object space 68608K, 50% used [0x00000000c0000000,0x00000000c21f45b8,0x00000000c4300000)
 Metaspace       used 49572K, committed 50368K, reserved 1114112K
  class space    used 5006K, committed 5376K, reserved 1048576K
}
Event: 17.941 GC heap before
{Heap before GC invocations=26 (full 2):
 PSYoungGen      total 22016K, used 21952K [0x00000000eab00000, 0x00000000ec380000, 0x0000000100000000)
  eden space 19968K, 100% used [0x00000000eab00000,0x00000000ebe80000,0x00000000ebe80000)
  from space 2048K, 96% used [0x00000000ebe80000,0x00000000ec070020,0x00000000ec080000)
  to   space 2560K, 0% used [0x00000000ec100000,0x00000000ec100000,0x00000000ec380000)
 ParOldGen       total 68608K, used 34769K [0x00000000c0000000, 0x00000000c4300000, 0x00000000eab00000)
  object space 68608K, 50% used [0x00000000c0000000,0x00000000c21f45b8,0x00000000c4300000)
 Metaspace       used 50416K, committed 51136K, reserved 1114112K
  class space    used 5103K, committed 5440K, reserved 1048576K
}
Event: 17.943 GC heap after
{Heap after GC invocations=26 (full 2):
 PSYoungGen      total 20992K, used 597K [0x00000000eab00000, 0x00000000ec200000, 0x0000000100000000)
  eden space 19968K, 0% used [0x00000000eab00000,0x00000000eab00000,0x00000000ebe80000)
  from space 1024K, 58% used [0x00000000ec100000,0x00000000ec195418,0x00000000ec200000)
  to   space 1536K, 0% used [0x00000000ebf00000,0x00000000ebf00000,0x00000000ec080000)
 ParOldGen       total 68608K, used 36563K [0x00000000c0000000, 0x00000000c4300000, 0x00000000eab00000)
  object space 68608K, 53% used [0x00000000c0000000,0x00000000c23b4fd8,0x00000000c4300000)
 Metaspace       used 50416K, committed 51136K, reserved 1114112K
  class space    used 5103K, committed 5440K, reserved 1048576K
}
Event: 18.194 GC heap before
{Heap before GC invocations=27 (full 2):
 PSYoungGen      total 20992K, used 20565K [0x00000000eab00000, 0x00000000ec200000, 0x0000000100000000)
  eden space 19968K, 100% used [0x00000000eab00000,0x00000000ebe80000,0x00000000ebe80000)
  from space 1024K, 58% used [0x00000000ec100000,0x00000000ec195418,0x00000000ec200000)
  to   space 1536K, 0% used [0x00000000ebf00000,0x00000000ebf00000,0x00000000ec080000)
 ParOldGen       total 68608K, used 36563K [0x00000000c0000000, 0x00000000c4300000, 0x00000000eab00000)
  object space 68608K, 53% used [0x00000000c0000000,0x00000000c23b4fd8,0x00000000c4300000)
 Metaspace       used 50531K, committed 51264K, reserved 1114112K
  class space    used 5104K, committed 5440K, reserved 1048576K
}
Event: 18.197 GC heap after
{Heap after GC invocations=27 (full 2):
 PSYoungGen      total 21504K, used 1104K [0x00000000eab00000, 0x00000000ec180000, 0x0000000100000000)
  eden space 19968K, 0% used [0x00000000eab00000,0x00000000eab00000,0x00000000ebe80000)
  from space 1536K, 71% used [0x00000000ebf00000,0x00000000ec014010,0x00000000ec080000)
  to   space 1024K, 0% used [0x00000000ec080000,0x00000000ec080000,0x00000000ec180000)
 ParOldGen       total 68608K, used 37107K [0x00000000c0000000, 0x00000000c4300000, 0x00000000eab00000)
  object space 68608K, 54% used [0x00000000c0000000,0x00000000c243cc20,0x00000000c4300000)
 Metaspace       used 50531K, committed 51264K, reserved 1114112K
  class space    used 5104K, committed 5440K, reserved 1048576K
}
Event: 18.467 GC heap before
{Heap before GC invocations=28 (full 2):
 PSYoungGen      total 21504K, used 21072K [0x00000000eab00000, 0x00000000ec180000, 0x0000000100000000)
  eden space 19968K, 99% used [0x00000000eab00000,0x00000000ebe7fff8,0x00000000ebe80000)
  from space 1536K, 71% used [0x00000000ebf00000,0x00000000ec014010,0x00000000ec080000)
  to   space 1024K, 0% used [0x00000000ec080000,0x00000000ec080000,0x00000000ec180000)
 ParOldGen       total 68608K, used 37107K [0x00000000c0000000, 0x00000000c4300000, 0x00000000eab00000)
  object space 68608K, 54% used [0x00000000c0000000,0x00000000c243cc20,0x00000000c4300000)
 Metaspace       used 50666K, committed 51456K, reserved 1114112K
  class space    used 5108K, committed 5440K, reserved 1048576K
}
Event: 18.470 GC heap after
{Heap after GC invocations=28 (full 2):
 PSYoungGen      total 20480K, used 1008K [0x00000000eab00000, 0x00000000ec380000, 0x0000000100000000)
  eden space 19456K, 0% used [0x00000000eab00000,0x00000000eab00000,0x00000000ebe00000)
  from space 1024K, 98% used [0x00000000ec080000,0x00000000ec17c010,0x00000000ec180000)
  to   space 2560K, 0% used [0x00000000ebe00000,0x00000000ebe00000,0x00000000ec080000)
 ParOldGen       total 68608K, used 38286K [0x00000000c0000000, 0x00000000c4300000, 0x00000000eab00000)
  object space 68608K, 55% used [0x00000000c0000000,0x00000000c2563960,0x00000000c4300000)
 Metaspace       used 50666K, committed 51456K, reserved 1114112K
  class space    used 5108K, committed 5440K, reserved 1048576K
}
Event: 18.993 GC heap before
{Heap before GC invocations=29 (full 2):
 PSYoungGen      total 20480K, used 20464K [0x00000000eab00000, 0x00000000ec380000, 0x0000000100000000)
  eden space 19456K, 100% used [0x00000000eab00000,0x00000000ebe00000,0x00000000ebe00000)
  from space 1024K, 98% used [0x00000000ec080000,0x00000000ec17c010,0x00000000ec180000)
  to   space 2560K, 0% used [0x00000000ebe00000,0x00000000ebe00000,0x00000000ec080000)
 ParOldGen       total 68608K, used 38286K [0x00000000c0000000, 0x00000000c4300000, 0x00000000eab00000)
  object space 68608K, 55% used [0x00000000c0000000,0x00000000c2563960,0x00000000c4300000)
 Metaspace       used 50819K, committed 51584K, reserved 1114112K
  class space    used 5109K, committed 5440K, reserved 1048576K
}
Event: 18.995 GC heap after
{Heap after GC invocations=29 (full 2):
 PSYoungGen      total 22016K, used 2032K [0x00000000eab00000, 0x00000000ec300000, 0x0000000100000000)
  eden space 19456K, 0% used [0x00000000eab00000,0x00000000eab00000,0x00000000ebe00000)
  from space 2560K, 79% used [0x00000000ebe00000,0x00000000ebffc030,0x00000000ec080000)
  to   space 2560K, 0% used [0x00000000ec080000,0x00000000ec080000,0x00000000ec300000)
 ParOldGen       total 68608K, used 39257K [0x00000000c0000000, 0x00000000c4300000, 0x00000000eab00000)
  object space 68608K, 57% used [0x00000000c0000000,0x00000000c26566a0,0x00000000c4300000)
 Metaspace       used 50819K, committed 51584K, reserved 1114112K
  class space    used 5109K, committed 5440K, reserved 1048576K
}
Event: 19.358 GC heap before
{Heap before GC invocations=30 (full 2):
 PSYoungGen      total 22016K, used 21488K [0x00000000eab00000, 0x00000000ec300000, 0x0000000100000000)
  eden space 19456K, 100% used [0x00000000eab00000,0x00000000ebe00000,0x00000000ebe00000)
  from space 2560K, 79% used [0x00000000ebe00000,0x00000000ebffc030,0x00000000ec080000)
  to   space 2560K, 0% used [0x00000000ec080000,0x00000000ec080000,0x00000000ec300000)
 ParOldGen       total 68608K, used 39257K [0x00000000c0000000, 0x00000000c4300000, 0x00000000eab00000)
  object space 68608K, 57% used [0x00000000c0000000,0x00000000c26566a0,0x00000000c4300000)
 Metaspace       used 51196K, committed 51968K, reserved 1114112K
  class space    used 5133K, committed 5504K, reserved 1048576K
}
Event: 19.360 GC heap after
{Heap after GC invocations=30 (full 2):
 PSYoungGen      total 20480K, used 928K [0x00000000eab00000, 0x00000000ec180000, 0x0000000100000000)
  eden space 19456K, 0% used [0x00000000eab00000,0x00000000eab00000,0x00000000ebe00000)
  from space 1024K, 90% used [0x00000000ec080000,0x00000000ec168000,0x00000000ec180000)
  to   space 1536K, 0% used [0x00000000ebe80000,0x00000000ebe80000,0x00000000ec000000)
 ParOldGen       total 68608K, used 41121K [0x00000000c0000000, 0x00000000c4300000, 0x00000000eab00000)
  object space 68608K, 59% used [0x00000000c0000000,0x00000000c2828710,0x00000000c4300000)
 Metaspace       used 51196K, committed 51968K, reserved 1114112K
  class space    used 5133K, committed 5504K, reserved 1048576K
}
Event: 19.707 GC heap before
{Heap before GC invocations=31 (full 2):
 PSYoungGen      total 20480K, used 20384K [0x00000000eab00000, 0x00000000ec180000, 0x0000000100000000)
  eden space 19456K, 100% used [0x00000000eab00000,0x00000000ebe00000,0x00000000ebe00000)
  from space 1024K, 90% used [0x00000000ec080000,0x00000000ec168000,0x00000000ec180000)
  to   space 1536K, 0% used [0x00000000ebe80000,0x00000000ebe80000,0x00000000ec000000)
 ParOldGen       total 68608K, used 41121K [0x00000000c0000000, 0x00000000c4300000, 0x00000000eab00000)
  object space 68608K, 59% used [0x00000000c0000000,0x00000000c2828710,0x00000000c4300000)
 Metaspace       used 51671K, committed 52608K, reserved 1114112K
  class space    used 5179K, committed 5632K, reserved 1048576K
}
Event: 19.709 GC heap after
{Heap after GC invocations=31 (full 2):
 PSYoungGen      total 20992K, used 1440K [0x00000000eab00000, 0x00000000ec200000, 0x0000000100000000)
  eden space 19456K, 0% used [0x00000000eab00000,0x00000000eab00000,0x00000000ebe00000)
  from space 1536K, 93% used [0x00000000ebe80000,0x00000000ebfe8020,0x00000000ec000000)
  to   space 2048K, 0% used [0x00000000ec000000,0x00000000ec000000,0x00000000ec200000)
 ParOldGen       total 68608K, used 41756K [0x00000000c0000000, 0x00000000c4300000, 0x00000000eab00000)
  object space 68608K, 60% used [0x00000000c0000000,0x00000000c28c73b0,0x00000000c4300000)
 Metaspace       used 51671K, committed 52608K, reserved 1114112K
  class space    used 5179K, committed 5632K, reserved 1048576K
}
Event: 20.267 GC heap before
{Heap before GC invocations=32 (full 2):
 PSYoungGen      total 20992K, used 20896K [0x00000000eab00000, 0x00000000ec200000, 0x0000000100000000)
  eden space 19456K, 100% used [0x00000000eab00000,0x00000000ebe00000,0x00000000ebe00000)
  from space 1536K, 93% used [0x00000000ebe80000,0x00000000ebfe8020,0x00000000ec000000)
  to   space 2048K, 0% used [0x00000000ec000000,0x00000000ec000000,0x00000000ec200000)
 ParOldGen       total 68608K, used 41756K [0x00000000c0000000, 0x00000000c4300000, 0x00000000eab00000)
  object space 68608K, 60% used [0x00000000c0000000,0x00000000c28c73b0,0x00000000c4300000)
 Metaspace       used 51833K, committed 52736K, reserved 1114112K
  class space    used 5179K, committed 5632K, reserved 1048576K
}
Event: 20.270 GC heap after
{Heap after GC invocations=32 (full 2):
 PSYoungGen      total 21504K, used 2048K [0x00000000eab00000, 0x00000000ec200000, 0x0000000100000000)
  eden space 19456K, 0% used [0x00000000eab00000,0x00000000eab00000,0x00000000ebe00000)
  from space 2048K, 100% used [0x00000000ec000000,0x00000000ec200000,0x00000000ec200000)
  to   space 1536K, 0% used [0x00000000ebe80000,0x00000000ebe80000,0x00000000ec000000)
 ParOldGen       total 68608K, used 43180K [0x00000000c0000000, 0x00000000c4300000, 0x00000000eab00000)
  object space 68608K, 62% used [0x00000000c0000000,0x00000000c2a2b148,0x00000000c4300000)
 Metaspace       used 51833K, committed 52736K, reserved 1114112K
  class space    used 5179K, committed 5632K, reserved 1048576K
}

Dll operation events (10 events):
Event: 0.016 Loaded shared library c:\Users\ACER\.vscode\extensions\redhat.java-1.22.1-win32-x64\jre\17.0.8.1-win32-x86_64\bin\java.dll
Event: 0.210 Loaded shared library c:\Users\ACER\.vscode\extensions\redhat.java-1.22.1-win32-x64\jre\17.0.8.1-win32-x86_64\bin\zip.dll
Event: 0.219 Loaded shared library C:\Users\ACER\.vscode\extensions\redhat.java-1.22.1-win32-x64\jre\17.0.8.1-win32-x86_64\bin\instrument.dll
Event: 0.239 Loaded shared library C:\Users\ACER\.vscode\extensions\redhat.java-1.22.1-win32-x64\jre\17.0.8.1-win32-x86_64\bin\net.dll
Event: 0.242 Loaded shared library C:\Users\ACER\.vscode\extensions\redhat.java-1.22.1-win32-x64\jre\17.0.8.1-win32-x86_64\bin\nio.dll
Event: 0.259 Loaded shared library C:\Users\ACER\.vscode\extensions\redhat.java-1.22.1-win32-x64\jre\17.0.8.1-win32-x86_64\bin\zip.dll
Event: 0.292 Loaded shared library C:\Users\ACER\.vscode\extensions\redhat.java-1.22.1-win32-x64\jre\17.0.8.1-win32-x86_64\bin\jimage.dll
Event: 0.383 Loaded shared library c:\Users\ACER\.vscode\extensions\redhat.java-1.22.1-win32-x64\jre\17.0.8.1-win32-x86_64\bin\verify.dll
Event: 1.986 Loaded shared library C:\Users\ACER\AppData\Roaming\Code\User\globalStorage\redhat.java\1.22.1\config_ss_win\org.eclipse.equinox.launcher\org.eclipse.equinox.launcher.win32.win32.x86_64_1.2.700.v20221108-1024\eclipse_11801.dll
Event: 4.839 Loaded shared library C:\Users\ACER\AppData\Local\Temp\jna-2003023\jna3805381804842879750.dll

Deoptimization events (20 events):
Event: 19.682 Thread 0x00000271e1582dc0 DEOPT PACKING pc=0x00000271c92ea668 sp=0x000000c7119fbb70
Event: 19.682 Thread 0x00000271e1582dc0 DEOPT UNPACKING pc=0x00000271cfdb6e43 sp=0x000000c7119fb070 mode 0
Event: 19.704 Thread 0x00000271e1588df0 Uncommon trap: trap_request=0xffffffde fr.pc=0x00000271d045f714 relative=0x0000000000000234
Event: 19.704 Thread 0x00000271e1588df0 Uncommon trap: reason=class_check action=maybe_recompile pc=0x00000271d045f714 method=java.util.ArrayList$ArrayListSpliterator.tryAdvance(Ljava/util/function/Consumer;)Z @ 48 c2
Event: 19.704 Thread 0x00000271e1588df0 DEOPT PACKING pc=0x00000271d045f714 sp=0x000000c7117fe6b0
Event: 19.704 Thread 0x00000271e1588df0 DEOPT UNPACKING pc=0x00000271cfdb66a3 sp=0x000000c7117fe640 mode 2
Event: 19.744 Thread 0x00000271e1582dc0 DEOPT PACKING pc=0x00000271c88f48dd sp=0x000000c7119fd860
Event: 19.744 Thread 0x00000271e1582dc0 DEOPT UNPACKING pc=0x00000271cfdb6e43 sp=0x000000c7119fcd30 mode 0
Event: 19.758 Thread 0x00000271e1582dc0 DEOPT PACKING pc=0x00000271c89562a3 sp=0x000000c7119fe0d0
Event: 19.758 Thread 0x00000271e1582dc0 DEOPT UNPACKING pc=0x00000271cfdb6e43 sp=0x000000c7119fd5e0 mode 0
Event: 19.784 Thread 0x00000271e1582dc0 DEOPT PACKING pc=0x00000271c92ea668 sp=0x000000c7119fbeb0
Event: 19.784 Thread 0x00000271e1582dc0 DEOPT UNPACKING pc=0x00000271cfdb6e43 sp=0x000000c7119fb3b0 mode 0
Event: 19.797 Thread 0x00000271e1582dc0 DEOPT PACKING pc=0x00000271c92ea668 sp=0x000000c7119fbcb0
Event: 19.797 Thread 0x00000271e1582dc0 DEOPT UNPACKING pc=0x00000271cfdb6e43 sp=0x000000c7119fb1b0 mode 0
Event: 20.012 Thread 0x00000271e1582dc0 DEOPT PACKING pc=0x00000271c90a4f83 sp=0x000000c7119fe570
Event: 20.012 Thread 0x00000271e1582dc0 DEOPT UNPACKING pc=0x00000271cfdb6e43 sp=0x000000c7119fdac8 mode 0
Event: 20.256 Thread 0x00000271e1582dc0 DEOPT PACKING pc=0x00000271c90a4f83 sp=0x000000c7119fdfe0
Event: 20.256 Thread 0x00000271e1582dc0 DEOPT UNPACKING pc=0x00000271cfdb6e43 sp=0x000000c7119fd538 mode 0
Event: 20.262 Thread 0x00000271e1582dc0 DEOPT PACKING pc=0x00000271c92a133d sp=0x000000c7119fe020
Event: 20.262 Thread 0x00000271e1582dc0 DEOPT UNPACKING pc=0x00000271cfdb6e43 sp=0x000000c7119fd430 mode 0

Classes unloaded (7 events):
Event: 3.266 Thread 0x00000271c5c44340 Unloading class 0x0000000100219400 'java/lang/invoke/LambdaForm$MH+0x0000000100219400'
Event: 3.266 Thread 0x00000271c5c44340 Unloading class 0x0000000100219000 'java/lang/invoke/LambdaForm$MH+0x0000000100219000'
Event: 3.266 Thread 0x00000271c5c44340 Unloading class 0x0000000100218c00 'java/lang/invoke/LambdaForm$MH+0x0000000100218c00'
Event: 3.266 Thread 0x00000271c5c44340 Unloading class 0x0000000100218800 'java/lang/invoke/LambdaForm$MH+0x0000000100218800'
Event: 3.266 Thread 0x00000271c5c44340 Unloading class 0x0000000100218400 'java/lang/invoke/LambdaForm$BMH+0x0000000100218400'
Event: 3.266 Thread 0x00000271c5c44340 Unloading class 0x0000000100218000 'java/lang/invoke/LambdaForm$DMH+0x0000000100218000'
Event: 3.266 Thread 0x00000271c5c44340 Unloading class 0x0000000100214400 'java/lang/invoke/LambdaForm$DMH+0x0000000100214400'

Classes redefined (0 events):
No events

Internal exceptions (20 events):
Event: 19.767 Thread 0x00000271e0d63f80 Exception <a 'java/lang/NullPointerException'{0x00000000eaef4930}> (0x00000000eaef4930) 
thrown [s\src\hotspot\share\interpreter\linkResolver.cpp, line 1350]
Event: 19.774 Thread 0x00000271e1582dc0 Exception <a 'java/lang/NullPointerException'{0x00000000eaf9a8d8}> (0x00000000eaf9a8d8) 
thrown [s\src\hotspot\share\interpreter\linkResolver.cpp, line 1350]
Event: 19.774 Thread 0x00000271e1582dc0 Exception <a 'java/lang/NullPointerException'{0x00000000eaf9b6c0}> (0x00000000eaf9b6c0) 
thrown [s\src\hotspot\share\interpreter\linkResolver.cpp, line 1350]
Event: 19.774 Thread 0x00000271e1582dc0 Exception <a 'java/lang/NullPointerException'{0x00000000eaf9c880}> (0x00000000eaf9c880) 
thrown [s\src\hotspot\share\interpreter\linkResolver.cpp, line 1350]
Event: 19.774 Thread 0x00000271e1582dc0 Exception <a 'java/lang/NullPointerException'{0x00000000eaf9d130}> (0x00000000eaf9d130) 
thrown [s\src\hotspot\share\interpreter\linkResolver.cpp, line 1350]
Event: 19.774 Thread 0x00000271e1582dc0 Exception <a 'java/lang/NullPointerException'{0x00000000eaf9d8a8}> (0x00000000eaf9d8a8) 
thrown [s\src\hotspot\share\interpreter\linkResolver.cpp, line 1350]
Event: 19.774 Thread 0x00000271e1582dc0 Exception <a 'java/lang/NullPointerException'{0x00000000eaf9de38}> (0x00000000eaf9de38) 
thrown [s\src\hotspot\share\interpreter\linkResolver.cpp, line 1350]
Event: 19.774 Thread 0x00000271e1582dc0 Exception <a 'java/lang/NullPointerException'{0x00000000eaf9eb20}> (0x00000000eaf9eb20) 
thrown [s\src\hotspot\share\interpreter\linkResolver.cpp, line 1350]
Event: 19.774 Thread 0x00000271e1582dc0 Exception <a 'java/lang/NullPointerException'{0x00000000eaf9f0c8}> (0x00000000eaf9f0c8) 
thrown [s\src\hotspot\share\interpreter\linkResolver.cpp, line 1350]
Event: 19.774 Thread 0x00000271e1582dc0 Exception <a 'java/lang/NullPointerException'{0x00000000eafa0928}> (0x00000000eafa0928) 
thrown [s\src\hotspot\share\interpreter\linkResolver.cpp, line 1350]
Event: 19.774 Thread 0x00000271e1582dc0 Exception <a 'java/lang/NullPointerException'{0x00000000eafa1390}> (0x00000000eafa1390) 
thrown [s\src\hotspot\share\interpreter\linkResolver.cpp, line 1350]
Event: 19.782 Thread 0x00000271e1582dc0 Exception <a 'java/lang/NullPointerException'{0x00000000eafea730}> (0x00000000eafea730) 
thrown [s\src\hotspot\share\interpreter\linkResolver.cpp, line 1350]
Event: 19.782 Thread 0x00000271e1582dc0 Exception <a 'java/lang/NullPointerException'{0x00000000eafec570}> (0x00000000eafec570) 
thrown [s\src\hotspot\share\interpreter\linkResolver.cpp, line 1350]
Event: 19.796 Thread 0x00000271e1582dc0 Exception <a 'java/lang/NullPointerException'{0x00000000eb3a56f0}> (0x00000000eb3a56f0) 
thrown [s\src\hotspot\share\interpreter\linkResolver.cpp, line 1350]
Event: 19.796 Thread 0x00000271e1582dc0 Exception <a 'java/lang/NullPointerException'{0x00000000eb3a6cc8}> (0x00000000eb3a6cc8) 
thrown [s\src\hotspot\share\interpreter\linkResolver.cpp, line 1350]
Event: 19.812 Thread 0x00000271e1582dc0 Exception <a 'java/lang/NullPointerException'{0x00000000eb53cfe0}> (0x00000000eb53cfe0) 
thrown [s\src\hotspot\share\interpreter\linkResolver.cpp, line 1350]
Event: 19.812 Thread 0x00000271e1582dc0 Exception <a 'java/lang/NullPointerException'{0x00000000eb53dcd0}> (0x00000000eb53dcd0) 
thrown [s\src\hotspot\share\interpreter\linkResolver.cpp, line 1350]
Event: 19.844 Thread 0x00000271e1582dc0 Exception <a 'java/lang/NullPointerException'{0x00000000eb85c240}> (0x00000000eb85c240) 
thrown [s\src\hotspot\share\interpreter\linkResolver.cpp, line 1350]
Event: 19.844 Thread 0x00000271e1582dc0 Exception <a 'java/lang/NullPointerException'{0x00000000eb85ccd0}> (0x00000000eb85ccd0) 
thrown [s\src\hotspot\share\interpreter\linkResolver.cpp, line 1350]
Event: 20.013 Thread 0x00000271e1582dc0 Exception <a 'java/lang/ArrayIndexOutOfBoundsException'{0x00000000eb988e78}> (0x00000000eb988e78) 
thrown [s\src\hotspot\share\runtime\sharedRuntime.cpp, line 628]

VM Operations (20 events):
Event: 17.834 Executing VM operation: ICBufferFull
Event: 17.835 Executing VM operation: ICBufferFull done
Event: 17.861 Executing VM operation: HandshakeAllThreads
Event: 17.861 Executing VM operation: HandshakeAllThreads done
Event: 17.941 Executing VM operation: ParallelGCFailedAllocation
Event: 17.944 Executing VM operation: ParallelGCFailedAllocation done
Event: 18.194 Executing VM operation: ParallelGCFailedAllocation
Event: 18.197 Executing VM operation: ParallelGCFailedAllocation done
Event: 18.467 Executing VM operation: ParallelGCFailedAllocation
Event: 18.470 Executing VM operation: ParallelGCFailedAllocation done
Event: 18.992 Executing VM operation: ParallelGCFailedAllocation
Event: 18.995 Executing VM operation: ParallelGCFailedAllocation done
Event: 19.358 Executing VM operation: ParallelGCFailedAllocation
Event: 19.360 Executing VM operation: ParallelGCFailedAllocation done
Event: 19.383 Executing VM operation: HandshakeAllThreads
Event: 19.383 Executing VM operation: HandshakeAllThreads done
Event: 19.707 Executing VM operation: ParallelGCFailedAllocation
Event: 19.709 Executing VM operation: ParallelGCFailedAllocation done
Event: 20.267 Executing VM operation: ParallelGCFailedAllocation
Event: 20.271 Executing VM operation: ParallelGCFailedAllocation done

Events (20 events):
Event: 17.120 loading class sun/util/logging/resources/logging_en done
Event: 17.120 loading class sun/util/logging/resources/logging_en_US
Event: 17.120 loading class sun/util/logging/resources/logging_en_US done
Event: 17.120 loading class sun/util/logging/resources/logging_en_US
Event: 17.120 loading class sun/util/logging/resources/logging_en_US done
Event: 17.120 loading class java/util/Formatter$DateTime
Event: 17.121 loading class java/util/Formatter$DateTime done
Event: 17.122 loading class java/time/ZonedDateTime$1
Event: 17.123 loading class java/time/ZonedDateTime$1 done
Event: 17.123 loading class java/time/LocalDate$1
Event: 17.123 loading class java/time/LocalDate$1 done
Event: 17.123 loading class java/time/LocalTime$1
Event: 17.124 loading class java/time/LocalTime$1 done
Event: 17.130 loading class java/util/concurrent/CompletableFuture$Signaller
Event: 17.133 loading class java/util/concurrent/CompletableFuture$Signaller done
Event: 17.841 loading class sun/reflect/misc/ReflectUtil
Event: 17.842 loading class sun/reflect/misc/ReflectUtil done
Event: 17.873 Thread 0x00000271ded743a0 flushing nmethod 0x00000271c8f35710
Event: 17.874 Thread 0x00000271ded743a0 flushing nmethod 0x00000271c8f84390
Event: 19.317 Thread 0x00000271e15823a0 Thread added: 0x00000271e15823a0


Dynamic libraries:
0x00007ff6f4ac0000 - 0x00007ff6f4ace000 	c:\Users\ACER\.vscode\extensions\redhat.java-1.22.1-win32-x64\jre\17.0.8.1-win32-x86_64\bin\java.exe
0x00007ffb9c2f0000 - 0x00007ffb9c504000 	C:\WINDOWS\SYSTEM32\ntdll.dll
0x00007ffb9bcf0000 - 0x00007ffb9bdb4000 	C:\WINDOWS\System32\KERNEL32.DLL
0x00007ffb996d0000 - 0x00007ffb99a74000 	C:\WINDOWS\System32\KERNELBASE.dll
0x00007ffb99ba0000 - 0x00007ffb99cb1000 	C:\WINDOWS\System32\ucrtbase.dll
0x00007ffb91ca0000 - 0x00007ffb91cb9000 	c:\Users\ACER\.vscode\extensions\redhat.java-1.22.1-win32-x64\jre\17.0.8.1-win32-x86_64\bin\VCRUNTIME140.dll
0x00007ffb85620000 - 0x00007ffb85637000 	c:\Users\ACER\.vscode\extensions\redhat.java-1.22.1-win32-x64\jre\17.0.8.1-win32-x86_64\bin\jli.dll
0x00007ffb9b390000 - 0x00007ffb9b53e000 	C:\WINDOWS\System32\USER32.dll
0x00007ffb996a0000 - 0x00007ffb996c6000 	C:\WINDOWS\System32\win32u.dll
0x00007ffb9a870000 - 0x00007ffb9a899000 	C:\WINDOWS\System32\GDI32.dll
0x00007ffb99a80000 - 0x00007ffb99b98000 	C:\WINDOWS\System32\gdi32full.dll
0x00007ffb89570000 - 0x00007ffb89803000 	C:\WINDOWS\WinSxS\amd64_microsoft.windows.common-controls_6595b64144ccf1df_6.0.22621.2215_none_270d72677387dfc3\COMCTL32.dll
0x00007ffb99cc0000 - 0x00007ffb99d5a000 	C:\WINDOWS\System32\msvcp_win.dll
0x00007ffb9be20000 - 0x00007ffb9bec7000 	C:\WINDOWS\System32\msvcrt.dll
0x00007ffb9bcb0000 - 0x00007ffb9bce1000 	C:\WINDOWS\System32\IMM32.DLL
0x00007ffb966c0000 - 0x00007ffb966cc000 	c:\Users\ACER\.vscode\extensions\redhat.java-1.22.1-win32-x64\jre\17.0.8.1-win32-x86_64\bin\vcruntime140_1.dll
0x00007ffb84980000 - 0x00007ffb84a11000 	c:\Users\ACER\.vscode\extensions\redhat.java-1.22.1-win32-x64\jre\17.0.8.1-win32-x86_64\bin\msvcp140.dll
0x00007ffb29aa0000 - 0x00007ffb2a6ec000 	c:\Users\ACER\.vscode\extensions\redhat.java-1.22.1-win32-x64\jre\17.0.8.1-win32-x86_64\bin\server\jvm.dll
0x00007ffb9bed0000 - 0x00007ffb9bf80000 	C:\WINDOWS\System32\ADVAPI32.dll
0x00007ffb9b2d0000 - 0x00007ffb9b376000 	C:\WINDOWS\System32\sechost.dll
0x00007ffb9b560000 - 0x00007ffb9b677000 	C:\WINDOWS\System32\RPCRT4.dll
0x00007ffb7bd90000 - 0x00007ffb7bd99000 	C:\WINDOWS\SYSTEM32\WSOCK32.dll
0x00007ffb993c0000 - 0x00007ffb9940d000 	C:\WINDOWS\SYSTEM32\POWRPROF.dll
0x00007ffb9b250000 - 0x00007ffb9b2c1000 	C:\WINDOWS\System32\WS2_32.dll
0x00007ffb91dd0000 - 0x00007ffb91e04000 	C:\WINDOWS\SYSTEM32\WINMM.dll
0x00007ffb91d90000 - 0x00007ffb91d9a000 	C:\WINDOWS\SYSTEM32\VERSION.dll
0x00007ffb993a0000 - 0x00007ffb993b3000 	C:\WINDOWS\SYSTEM32\UMPDC.dll
0x00007ffb986a0000 - 0x00007ffb986b8000 	C:\WINDOWS\SYSTEM32\kernel.appcore.dll
0x00007ffb93e70000 - 0x00007ffb93e7a000 	c:\Users\ACER\.vscode\extensions\redhat.java-1.22.1-win32-x64\jre\17.0.8.1-win32-x86_64\bin\jimage.dll
0x00007ffb96fc0000 - 0x00007ffb971ee000 	C:\WINDOWS\SYSTEM32\DBGHELP.DLL
0x00007ffb9b780000 - 0x00007ffb9bb0a000 	C:\WINDOWS\System32\combase.dll
0x00007ffb9bf80000 - 0x00007ffb9c057000 	C:\WINDOWS\System32\OLEAUT32.dll
0x00007ffb7d510000 - 0x00007ffb7d542000 	C:\WINDOWS\SYSTEM32\dbgcore.DLL
0x00007ffb99e90000 - 0x00007ffb99f0a000 	C:\WINDOWS\System32\bcryptPrimitives.dll
0x00007ffb91c90000 - 0x00007ffb91c9e000 	c:\Users\ACER\.vscode\extensions\redhat.java-1.22.1-win32-x64\jre\17.0.8.1-win32-x86_64\bin\instrument.dll
0x00007ffb84950000 - 0x00007ffb84975000 	c:\Users\ACER\.vscode\extensions\redhat.java-1.22.1-win32-x64\jre\17.0.8.1-win32-x86_64\bin\java.dll
0x00007ffb85320000 - 0x00007ffb85338000 	c:\Users\ACER\.vscode\extensions\redhat.java-1.22.1-win32-x64\jre\17.0.8.1-win32-x86_64\bin\zip.dll
0x00007ffb9a8a0000 - 0x00007ffb9b0c3000 	C:\WINDOWS\System32\SHELL32.dll
0x00007ffb97630000 - 0x00007ffb97f1a000 	C:\WINDOWS\SYSTEM32\windows.storage.dll
0x00007ffb974f0000 - 0x00007ffb9762e000 	C:\WINDOWS\SYSTEM32\wintypes.dll
0x00007ffb9a5b0000 - 0x00007ffb9a6a3000 	C:\WINDOWS\System32\SHCORE.dll
0x00007ffb9a080000 - 0x00007ffb9a0de000 	C:\WINDOWS\System32\shlwapi.dll
0x00007ffb995d0000 - 0x00007ffb995f6000 	C:\WINDOWS\SYSTEM32\profapi.dll
0x00007ffb83520000 - 0x00007ffb83539000 	C:\Users\ACER\.vscode\extensions\redhat.java-1.22.1-win32-x64\jre\17.0.8.1-win32-x86_64\bin\net.dll
0x00007ffb92960000 - 0x00007ffb92a97000 	C:\WINDOWS\SYSTEM32\WINHTTP.dll
0x00007ffb98b70000 - 0x00007ffb98bd9000 	C:\WINDOWS\system32\mswsock.dll
0x00007ffb83260000 - 0x00007ffb83275000 	C:\Users\ACER\.vscode\extensions\redhat.java-1.22.1-win32-x64\jre\17.0.8.1-win32-x86_64\bin\nio.dll
0x00007ffb89cf0000 - 0x00007ffb89d00000 	c:\Users\ACER\.vscode\extensions\redhat.java-1.22.1-win32-x64\jre\17.0.8.1-win32-x86_64\bin\verify.dll
0x00007ffb84910000 - 0x00007ffb8494e000 	C:\Users\ACER\AppData\Roaming\Code\User\globalStorage\redhat.java\1.22.1\config_ss_win\org.eclipse.equinox.launcher\org.eclipse.equinox.launcher.win32.win32.x86_64_1.2.700.v20221108-1024\eclipse_11801.dll
0x00007ffb9bb10000 - 0x00007ffb9bcae000 	C:\WINDOWS\System32\ole32.dll
0x00007ffb98dd0000 - 0x00007ffb98deb000 	C:\WINDOWS\SYSTEM32\CRYPTSP.dll
0x00007ffb98660000 - 0x00007ffb98695000 	C:\WINDOWS\system32\rsaenh.dll
0x00007ffb98c60000 - 0x00007ffb98c8c000 	C:\WINDOWS\SYSTEM32\USERENV.dll
0x00007ffb98f60000 - 0x00007ffb98f88000 	C:\WINDOWS\SYSTEM32\bcrypt.dll
0x00007ffb98dc0000 - 0x00007ffb98dcc000 	C:\WINDOWS\SYSTEM32\CRYPTBASE.dll
0x00007ffb981c0000 - 0x00007ffb981ed000 	C:\WINDOWS\SYSTEM32\IPHLPAPI.DLL
0x00007ffb9b550000 - 0x00007ffb9b559000 	C:\WINDOWS\System32\NSI.dll
0x00007ffb92940000 - 0x00007ffb92959000 	C:\WINDOWS\SYSTEM32\dhcpcsvc6.DLL
0x00007ffb92920000 - 0x00007ffb9293f000 	C:\WINDOWS\SYSTEM32\dhcpcsvc.DLL
0x00007ffb981f0000 - 0x00007ffb982e2000 	C:\WINDOWS\SYSTEM32\DNSAPI.dll
0x00007ffb76200000 - 0x00007ffb76245000 	C:\Users\ACER\AppData\Local\Temp\jna-2003023\jna3805381804842879750.dll
0x00007ffb9b380000 - 0x00007ffb9b388000 	C:\WINDOWS\System32\PSAPI.DLL

dbghelp: loaded successfully - version: 4.0.5 - missing functions: none
symbol engine: initialized successfully - sym options: 0x614 - pdb path: .;c:\Users\ACER\.vscode\extensions\redhat.java-1.22.1-win32-x64\jre\17.0.8.1-win32-x86_64\bin;C:\WINDOWS\SYSTEM32;C:\WINDOWS\WinSxS\amd64_microsoft.windows.common-controls_6595b64144ccf1df_6.0.22621.2215_none_270d72677387dfc3;c:\Users\ACER\.vscode\extensions\redhat.java-1.22.1-win32-x64\jre\17.0.8.1-win32-x86_64\bin\server;C:\Users\ACER\AppData\Roaming\Code\User\globalStorage\redhat.java\1.22.1\config_ss_win\org.eclipse.equinox.launcher\org.eclipse.equinox.launcher.win32.win32.x86_64_1.2.700.v20221108-1024;C:\Users\ACER\AppData\Local\Temp\jna-2003023

VM Arguments:
jvm_args: --add-modules=ALL-SYSTEM --add-opens=java.base/java.util=ALL-UNNAMED --add-opens=java.base/java.lang=ALL-UNNAMED --add-opens=java.base/sun.nio.fs=ALL-UNNAMED -Declipse.application=org.eclipse.jdt.ls.core.id1 -Dosgi.bundles.defaultStartLevel=4 -Declipse.product=org.eclipse.jdt.ls.core.product -Djava.import.generatesMetadataFilesAtProjectRoot=false -Dfile.encoding=utf8 -XX:+UseParallelGC -XX:GCTimeRatio=4 -XX:AdaptiveSizePolicyWeight=90 -Dsun.zip.disableMemoryMapping=true -Xmx1G -Xms100m -Xlog:disable -javaagent:c:\Users\ACER\.vscode\extensions\redhat.java-1.22.1-win32-x64\lombok\lombok-1.18.28.jar 
java_command: c:\Users\ACER\.vscode\extensions\redhat.java-1.22.1-win32-x64\server\plugins\org.eclipse.equinox.launcher_1.6.500.v20230717-2134.jar -configuration c:\Users\ACER\AppData\Roaming\Code\User\globalStorage\redhat.java\1.22.1\config_ss_win -data c:\Users\ACER\AppData\Roaming\Code\User\workspaceStorage\fc8769e14906d27e59db6c9fcb0649d3\redhat.java\ss_ws
java_class_path (initial): c:\Users\ACER\.vscode\extensions\redhat.java-1.22.1-win32-x64\server\plugins\org.eclipse.equinox.launcher_1.6.500.v20230717-2134.jar
Launcher Type: SUN_STANDARD

[Global flags]
    uintx AdaptiveSizePolicyWeight                 = 90                                        {product} {command line}
     intx CICompilerCount                          = 4                                         {product} {ergonomic}
    uintx GCTimeRatio                              = 4                                         {product} {command line}
   size_t InitialHeapSize                          = 104857600                                 {product} {command line}
   size_t MaxHeapSize                              = 1073741824                                {product} {command line}
   size_t MaxNewSize                               = 357564416                                 {product} {ergonomic}
   size_t MinHeapDeltaBytes                        = 524288                                    {product} {ergonomic}
   size_t MinHeapSize                              = 104857600                                 {product} {command line}
   size_t NewSize                                  = 34603008                                  {product} {ergonomic}
    uintx NonNMethodCodeHeapSize                   = 5839372                                {pd product} {ergonomic}
    uintx NonProfiledCodeHeapSize                  = 122909434                              {pd product} {ergonomic}
   size_t OldSize                                  = 70254592                                  {product} {ergonomic}
    uintx ProfiledCodeHeapSize                     = 122909434                              {pd product} {ergonomic}
    uintx ReservedCodeCacheSize                    = 251658240                              {pd product} {ergonomic}
     bool SegmentedCodeCache                       = true                                      {product} {ergonomic}
   size_t SoftMaxHeapSize                          = 1073741824                             {manageable} {ergonomic}
     bool UseCompressedClassPointers               = true                           {product lp64_product} {ergonomic}
     bool UseCompressedOops                        = true                           {product lp64_product} {ergonomic}
     bool UseLargePagesIndividualAllocation        = false                                  {pd product} {ergonomic}
     bool UseParallelGC                            = true                                      {product} {command line}

Logging:
Log output configuration:
 #0: stdout all=off uptime,level,tags
 #1: stderr all=off uptime,level,tags

Environment Variables:
JAVA_HOME=C:\Program Files\Java\jdk-17
PATH=C:\Program Files\Common Files\Oracle\Java\javapath;C:\Program Files (x86)\Common Files\Oracle\Java\javapath;C:\Program Files (x86)\VMware\VMware Workstation\bin\;C:\ProgramData\Oracle\Java\javapath;C:\Windows\system32;C:\Windows;C:\Windows\System32\Wbem;C:\Windows\System32\WindowsPowerShell\v1.0\;C:\Windows\System32\OpenSSH\;C:\Program Files\NVIDIA Corporation\NVIDIA NvDLISR;C:\WINDOWS\system32;C:\WINDOWS;C:\WINDOWS\System32\Wbem;C:\WINDOWS\System32\WindowsPowerShell\v1.0\;C:\WINDOWS\System32\OpenSSH\;C:\Program Files\dotnet\;C:\Program Files\Microsoft SQL Server\130\Tools\Binn\;C:\Program Files\Microsoft SQL Server\Client SDK\ODBC\170\Tools\Binn\;C:\Program Files\Microsoft SQL Server\150\Tools\Binn\;C:\Program Files\Git\cmd;C:\WINDOWS\system32;C:\WINDOWS;C:\WINDOWS\System32\Wbem;C:\WINDOWS\System32\WindowsPowerShell\v1.0\;C:\WINDOWS\System32\OpenSSH\;D:\wamp64\bin\php\php8.1.0;C:\ProgramData\ComposerSetup\bin;C:\cmder;D:\wamp64\bin\php\php8.2.0;C:\Program Files\nodejs\;C:\apache-maven-3.6.0\bin;C:\Gradle\gradle-8.2.1\bin;C:\Users\ACER\AppData\Local\Programs\Python\Python311\Scripts\;C:\Users\ACER\AppData\Local\Programs\Python\Python311\;C:\Users\ACER\AppData\Local\Microsoft\WindowsApps;C:\Users\ACER\.dotnet\tools;C:\Users\ACER\AppData\Local\Programs\Microsoft VS Code\bin;C:\Users\ACER\AppData\Local\Android\Sdk\platform-tools;C:\Users\ACER\AppData\Roaming\Composer\vendor\bin;D:\wamp64\bin\php\php8.0.13;C:\Program Files\JetBrains\PhpStorm 2022.3.3\bin;;C:\Users\ACER\Downloads\cmder\bin;C:\Users\ACER\AppData\Roaming\npm
USERNAME=ACER
OS=Windows_NT
PROCESSOR_IDENTIFIER=AMD64 Family 23 Model 104 Stepping 1, AuthenticAMD
TMP=C:\Users\ACER\AppData\Local\Temp
TEMP=C:\Users\ACER\AppData\Local\Temp



---------------  S Y S T E M  ---------------

OS:
 Windows 11 , 64 bit Build 22621 (10.0.22621.2215)
OS uptime: 0 days 11:46 hours

CPU: total 12 (initial active 12) (12 cores per cpu, 2 threads per core) family 23 model 104 stepping 1 microcode 0x0, cx8, cmov, fxsr, ht, mmx, 3dnowpref, sse, sse2, sse3, ssse3, sse4a, sse4.1, sse4.2, popcnt, lzcnt, tsc, tscinvbit, avx, avx2, aes, clmul, bmi1, bmi2, adx, sha, fma, vzeroupper, clflush, clflushopt
Processor Information for all 12 processors :
  Max Mhz: 2100, Current Mhz: 2100, Mhz Limit: 2100

Memory: 4k page, system-wide physical 7514M (230M free)
TotalPageFile size 19802M (AvailPageFile size 0M)
current process WorkingSet (physical memory assigned to process): 262M, peak: 262M
current process commit charge ("private bytes"): 335M, peak: 339M

vm_info: OpenJDK 64-Bit Server VM (17.0.8.1+1) for windows-amd64 JRE (17.0.8.1+1), built on Aug 23 2023 15:29:17 by "admin" with MS VC++ 16.7 (VS2019)

END.
